[2024-11-27T11:49:00.895-0500] {local_task_job_runner.py:123} INFO - ::group::Pre task execution logs
[2024-11-27T11:49:00.903-0500] {taskinstance.py:2613} INFO - Dependencies all met for dep_context=non-requeueable deps ti=<TaskInstance: sensor_sleep.wait_sleep scheduled__2024-11-27T16:46:00+00:00 [queued]>
[2024-11-27T11:49:00.907-0500] {taskinstance.py:2613} INFO - Dependencies all met for dep_context=requeueable deps ti=<TaskInstance: sensor_sleep.wait_sleep scheduled__2024-11-27T16:46:00+00:00 [queued]>
[2024-11-27T11:49:00.907-0500] {taskinstance.py:2866} INFO - Starting attempt 1 of 1
[2024-11-27T11:49:00.919-0500] {taskinstance.py:2889} INFO - Executing <Task(TimeDeltaSensor): wait_sleep> on 2024-11-27 16:46:00+00:00
[2024-11-27T11:49:00.926-0500] {logging_mixin.py:190} WARNING - /home/vanaprastha/anaconda3/lib/python3.12/site-packages/airflow/task/task_runner/standard_task_runner.py:70 DeprecationWarning: This process (pid=27886) is multi-threaded, use of fork() may lead to deadlocks in the child.
[2024-11-27T11:49:00.926-0500] {standard_task_runner.py:104} INFO - Running: ['airflow', 'tasks', 'run', 'sensor_sleep', 'wait_sleep', 'scheduled__2024-11-27T16:46:00+00:00', '--job-id', '37', '--raw', '--subdir', 'DAGS_FOLDER/PART 3/Sensor/sensor_sleep.py', '--cfg-path', '/tmp/tmpmm3j_a1e']
[2024-11-27T11:49:00.927-0500] {standard_task_runner.py:105} INFO - Job 37: Subtask wait_sleep
[2024-11-27T11:49:00.927-0500] {standard_task_runner.py:72} INFO - Started process 27893 to run task
[2024-11-27T11:49:00.954-0500] {task_command.py:467} INFO - Running <TaskInstance: sensor_sleep.wait_sleep scheduled__2024-11-27T16:46:00+00:00 [running]> on host VanaPrastha
[2024-11-27T11:49:01.000-0500] {taskinstance.py:3132} INFO - Exporting env vars: AIRFLOW_CTX_DAG_OWNER='airflow' AIRFLOW_CTX_DAG_ID='sensor_sleep' AIRFLOW_CTX_TASK_ID='wait_sleep' AIRFLOW_CTX_EXECUTION_DATE='2024-11-27T16:46:00+00:00' AIRFLOW_CTX_TRY_NUMBER='1' AIRFLOW_CTX_DAG_RUN_ID='scheduled__2024-11-27T16:46:00+00:00'
[2024-11-27T11:49:01.001-0500] {logging_mixin.py:190} INFO - Task instance is in running state
[2024-11-27T11:49:01.001-0500] {logging_mixin.py:190} INFO -  Previous state of the Task instance: queued
[2024-11-27T11:49:01.001-0500] {logging_mixin.py:190} INFO - Current task name:wait_sleep state:running start_date:2024-11-27 16:49:00.903732+00:00
[2024-11-27T11:49:01.001-0500] {logging_mixin.py:190} INFO - Dag name:sensor_sleep and current dag run status:running
[2024-11-27T11:49:01.002-0500] {taskinstance.py:731} INFO - ::endgroup::
[2024-11-27T11:49:01.002-0500] {time_delta.py:51} INFO - Checking if the time (2024-11-27 16:47:30+00:00) has come
[2024-11-27T11:49:01.003-0500] {base.py:336} INFO - Success criteria met. Exiting.
[2024-11-27T11:49:01.006-0500] {taskinstance.py:340} INFO - ::group::Post task execution logs
[2024-11-27T11:49:01.006-0500] {taskinstance.py:352} INFO - Marking task as SUCCESS. dag_id=sensor_sleep, task_id=wait_sleep, run_id=scheduled__2024-11-27T16:46:00+00:00, execution_date=20241127T164600, start_date=20241127T164900, end_date=20241127T164901
[2024-11-27T11:49:01.016-0500] {logging_mixin.py:190} INFO - Task instance in success state
[2024-11-27T11:49:01.017-0500] {logging_mixin.py:190} INFO -  Previous state of the Task instance: running
[2024-11-27T11:49:01.017-0500] {logging_mixin.py:190} INFO - Dag name:sensor_sleep queued_at:2024-11-27 16:48:57.895318+00:00
[2024-11-27T11:49:01.017-0500] {logging_mixin.py:190} INFO - Task hostname:VanaPrastha operator:TimeDeltaSensor
[2024-11-27T11:49:01.061-0500] {local_task_job_runner.py:266} INFO - Task exited with return code 0
[2024-11-27T11:49:01.077-0500] {taskinstance.py:3895} INFO - 0 downstream tasks scheduled from follow-on schedule check
[2024-11-27T11:49:01.078-0500] {local_task_job_runner.py:245} INFO - ::endgroup::
