[2024-11-27T12:00:43.268-0500] {processor.py:186} INFO - Started process (PID=29448) to work on /home/vanaprastha/airflow/dags/PART 3/Xcom/xcom_with_return_and_current_context.py
[2024-11-27T12:00:43.268-0500] {processor.py:914} INFO - Processing file /home/vanaprastha/airflow/dags/PART 3/Xcom/xcom_with_return_and_current_context.py for tasks to queue
[2024-11-27T12:00:43.270-0500] {logging_mixin.py:190} INFO - [2024-11-27T12:00:43.269-0500] {dagbag.py:588} INFO - Filling up the DagBag from /home/vanaprastha/airflow/dags/PART 3/Xcom/xcom_with_return_and_current_context.py
[2024-11-27T12:00:43.275-0500] {processor.py:925} INFO - DAG(s) 'xcom_with_return_and_current_context' retrieved from /home/vanaprastha/airflow/dags/PART 3/Xcom/xcom_with_return_and_current_context.py
[2024-11-27T12:00:43.348-0500] {logging_mixin.py:190} INFO - [2024-11-27T12:00:43.347-0500] {override.py:1911} INFO - Created Permission View: can edit on DAG:xcom_with_return_and_current_context
[2024-11-27T12:00:43.362-0500] {logging_mixin.py:190} INFO - [2024-11-27T12:00:43.362-0500] {override.py:1911} INFO - Created Permission View: can delete on DAG:xcom_with_return_and_current_context
[2024-11-27T12:00:43.371-0500] {logging_mixin.py:190} INFO - [2024-11-27T12:00:43.371-0500] {override.py:1911} INFO - Created Permission View: can read on DAG:xcom_with_return_and_current_context
[2024-11-27T12:00:43.388-0500] {logging_mixin.py:190} INFO - [2024-11-27T12:00:43.388-0500] {override.py:1911} INFO - Created Permission View: can delete on DAG Run:xcom_with_return_and_current_context
[2024-11-27T12:00:43.399-0500] {logging_mixin.py:190} INFO - [2024-11-27T12:00:43.399-0500] {override.py:1911} INFO - Created Permission View: menu access on DAG Run:xcom_with_return_and_current_context
[2024-11-27T12:00:43.410-0500] {logging_mixin.py:190} INFO - [2024-11-27T12:00:43.410-0500] {override.py:1911} INFO - Created Permission View: can create on DAG Run:xcom_with_return_and_current_context
[2024-11-27T12:00:43.420-0500] {logging_mixin.py:190} INFO - [2024-11-27T12:00:43.419-0500] {override.py:1911} INFO - Created Permission View: can read on DAG Run:xcom_with_return_and_current_context
[2024-11-27T12:00:43.420-0500] {logging_mixin.py:190} INFO - [2024-11-27T12:00:43.420-0500] {dag.py:3239} INFO - Sync 1 DAGs
[2024-11-27T12:00:43.426-0500] {logging_mixin.py:190} INFO - [2024-11-27T12:00:43.426-0500] {dag.py:3262} INFO - Creating ORM DAG for xcom_with_return_and_current_context
[2024-11-27T12:00:43.431-0500] {logging_mixin.py:190} INFO - [2024-11-27T12:00:43.431-0500] {dag.py:4180} INFO - Setting next_dagrun for xcom_with_return_and_current_context to None, run_after=None
[2024-11-27T12:00:43.561-0500] {processor.py:208} INFO - Processing /home/vanaprastha/airflow/dags/PART 3/Xcom/xcom_with_return_and_current_context.py took 0.296 seconds
[2024-11-27T12:01:57.642-0500] {processor.py:186} INFO - Started process (PID=29630) to work on /home/vanaprastha/airflow/dags/PART 3/Xcom/xcom_with_return_and_current_context.py
[2024-11-27T12:01:57.661-0500] {processor.py:914} INFO - Processing file /home/vanaprastha/airflow/dags/PART 3/Xcom/xcom_with_return_and_current_context.py for tasks to queue
[2024-11-27T12:01:57.662-0500] {logging_mixin.py:190} INFO - [2024-11-27T12:01:57.662-0500] {dagbag.py:588} INFO - Filling up the DagBag from /home/vanaprastha/airflow/dags/PART 3/Xcom/xcom_with_return_and_current_context.py
[2024-11-27T12:01:57.669-0500] {processor.py:925} INFO - DAG(s) 'xcom_with_return_and_current_context' retrieved from /home/vanaprastha/airflow/dags/PART 3/Xcom/xcom_with_return_and_current_context.py
[2024-11-27T12:01:57.680-0500] {logging_mixin.py:190} INFO - [2024-11-27T12:01:57.680-0500] {dag.py:3239} INFO - Sync 1 DAGs
[2024-11-27T12:01:57.693-0500] {logging_mixin.py:190} INFO - [2024-11-27T12:01:57.693-0500] {dag.py:4180} INFO - Setting next_dagrun for xcom_with_return_and_current_context to None, run_after=None
[2024-11-27T12:01:57.820-0500] {processor.py:208} INFO - Processing /home/vanaprastha/airflow/dags/PART 3/Xcom/xcom_with_return_and_current_context.py took 0.183 seconds
[2024-11-27T12:02:47.380-0500] {processor.py:186} INFO - Started process (PID=29688) to work on /home/vanaprastha/airflow/dags/PART 3/Xcom/xcom_with_return_and_current_context.py
[2024-11-27T12:02:47.381-0500] {processor.py:914} INFO - Processing file /home/vanaprastha/airflow/dags/PART 3/Xcom/xcom_with_return_and_current_context.py for tasks to queue
[2024-11-27T12:02:47.383-0500] {logging_mixin.py:190} INFO - [2024-11-27T12:02:47.383-0500] {dagbag.py:588} INFO - Filling up the DagBag from /home/vanaprastha/airflow/dags/PART 3/Xcom/xcom_with_return_and_current_context.py
[2024-11-27T12:02:47.391-0500] {processor.py:925} INFO - DAG(s) 'xcom_with_return_and_current_context' retrieved from /home/vanaprastha/airflow/dags/PART 3/Xcom/xcom_with_return_and_current_context.py
[2024-11-27T12:02:47.402-0500] {logging_mixin.py:190} INFO - [2024-11-27T12:02:47.401-0500] {dag.py:3239} INFO - Sync 1 DAGs
[2024-11-27T12:02:47.513-0500] {logging_mixin.py:190} INFO - [2024-11-27T12:02:47.513-0500] {dag.py:4180} INFO - Setting next_dagrun for xcom_with_return_and_current_context to None, run_after=None
[2024-11-27T12:02:47.552-0500] {processor.py:208} INFO - Processing /home/vanaprastha/airflow/dags/PART 3/Xcom/xcom_with_return_and_current_context.py took 0.177 seconds
[2024-11-27T12:03:14.916-0500] {processor.py:186} INFO - Started process (PID=29734) to work on /home/vanaprastha/airflow/dags/PART 3/Xcom/xcom_with_return_and_current_context.py
[2024-11-27T12:03:14.917-0500] {processor.py:914} INFO - Processing file /home/vanaprastha/airflow/dags/PART 3/Xcom/xcom_with_return_and_current_context.py for tasks to queue
[2024-11-27T12:03:14.918-0500] {logging_mixin.py:190} INFO - [2024-11-27T12:03:14.918-0500] {dagbag.py:588} INFO - Filling up the DagBag from /home/vanaprastha/airflow/dags/PART 3/Xcom/xcom_with_return_and_current_context.py
[2024-11-27T12:03:14.923-0500] {processor.py:925} INFO - DAG(s) 'xcom_with_return_and_current_context' retrieved from /home/vanaprastha/airflow/dags/PART 3/Xcom/xcom_with_return_and_current_context.py
[2024-11-27T12:03:14.935-0500] {logging_mixin.py:190} INFO - [2024-11-27T12:03:14.935-0500] {dag.py:3239} INFO - Sync 1 DAGs
[2024-11-27T12:03:14.947-0500] {logging_mixin.py:190} INFO - [2024-11-27T12:03:14.946-0500] {dag.py:4180} INFO - Setting next_dagrun for xcom_with_return_and_current_context to None, run_after=None
[2024-11-27T12:03:14.963-0500] {processor.py:208} INFO - Processing /home/vanaprastha/airflow/dags/PART 3/Xcom/xcom_with_return_and_current_context.py took 0.050 seconds
[2024-11-27T12:04:32.137-0500] {processor.py:186} INFO - Started process (PID=30134) to work on /home/vanaprastha/airflow/dags/PART 3/Xcom/xcom_with_return_and_current_context.py
[2024-11-27T12:04:32.156-0500] {processor.py:914} INFO - Processing file /home/vanaprastha/airflow/dags/PART 3/Xcom/xcom_with_return_and_current_context.py for tasks to queue
[2024-11-27T12:04:32.160-0500] {logging_mixin.py:190} INFO - [2024-11-27T12:04:32.159-0500] {dagbag.py:588} INFO - Filling up the DagBag from /home/vanaprastha/airflow/dags/PART 3/Xcom/xcom_with_return_and_current_context.py
[2024-11-27T12:04:32.169-0500] {processor.py:925} INFO - DAG(s) 'xcom_with_return_and_current_context' retrieved from /home/vanaprastha/airflow/dags/PART 3/Xcom/xcom_with_return_and_current_context.py
[2024-11-27T12:04:32.178-0500] {logging_mixin.py:190} INFO - [2024-11-27T12:04:32.178-0500] {dag.py:3239} INFO - Sync 1 DAGs
[2024-11-27T12:04:32.188-0500] {logging_mixin.py:190} INFO - [2024-11-27T12:04:32.188-0500] {dag.py:4180} INFO - Setting next_dagrun for xcom_with_return_and_current_context to None, run_after=None
[2024-11-27T12:04:32.306-0500] {processor.py:208} INFO - Processing /home/vanaprastha/airflow/dags/PART 3/Xcom/xcom_with_return_and_current_context.py took 0.173 seconds
[2024-11-27T12:05:22.974-0500] {processor.py:186} INFO - Started process (PID=30903) to work on /home/vanaprastha/airflow/dags/PART 3/Xcom/xcom_with_return_and_current_context.py
[2024-11-27T12:05:22.975-0500] {processor.py:914} INFO - Processing file /home/vanaprastha/airflow/dags/PART 3/Xcom/xcom_with_return_and_current_context.py for tasks to queue
[2024-11-27T12:05:22.978-0500] {logging_mixin.py:190} INFO - [2024-11-27T12:05:22.977-0500] {dagbag.py:588} INFO - Filling up the DagBag from /home/vanaprastha/airflow/dags/PART 3/Xcom/xcom_with_return_and_current_context.py
[2024-11-27T12:05:22.985-0500] {processor.py:925} INFO - DAG(s) 'xcom_with_return_and_current_context' retrieved from /home/vanaprastha/airflow/dags/PART 3/Xcom/xcom_with_return_and_current_context.py
[2024-11-27T12:05:22.995-0500] {logging_mixin.py:190} INFO - [2024-11-27T12:05:22.994-0500] {dag.py:3239} INFO - Sync 1 DAGs
[2024-11-27T12:05:23.116-0500] {logging_mixin.py:190} INFO - [2024-11-27T12:05:23.116-0500] {dag.py:4180} INFO - Setting next_dagrun for xcom_with_return_and_current_context to None, run_after=None
[2024-11-27T12:05:23.133-0500] {processor.py:208} INFO - Processing /home/vanaprastha/airflow/dags/PART 3/Xcom/xcom_with_return_and_current_context.py took 0.164 seconds
[2024-11-27T12:06:12.767-0500] {processor.py:186} INFO - Started process (PID=31033) to work on /home/vanaprastha/airflow/dags/PART 3/Xcom/xcom_with_return_and_current_context.py
[2024-11-27T12:06:12.786-0500] {processor.py:914} INFO - Processing file /home/vanaprastha/airflow/dags/PART 3/Xcom/xcom_with_return_and_current_context.py for tasks to queue
[2024-11-27T12:06:12.789-0500] {logging_mixin.py:190} INFO - [2024-11-27T12:06:12.788-0500] {dagbag.py:588} INFO - Filling up the DagBag from /home/vanaprastha/airflow/dags/PART 3/Xcom/xcom_with_return_and_current_context.py
[2024-11-27T12:06:12.800-0500] {processor.py:925} INFO - DAG(s) 'xcom_with_return_and_current_context' retrieved from /home/vanaprastha/airflow/dags/PART 3/Xcom/xcom_with_return_and_current_context.py
[2024-11-27T12:06:12.809-0500] {logging_mixin.py:190} INFO - [2024-11-27T12:06:12.809-0500] {dag.py:3239} INFO - Sync 1 DAGs
[2024-11-27T12:06:12.820-0500] {logging_mixin.py:190} INFO - [2024-11-27T12:06:12.820-0500] {dag.py:4180} INFO - Setting next_dagrun for xcom_with_return_and_current_context to None, run_after=None
[2024-11-27T12:06:12.930-0500] {processor.py:208} INFO - Processing /home/vanaprastha/airflow/dags/PART 3/Xcom/xcom_with_return_and_current_context.py took 0.170 seconds
[2024-11-27T12:07:04.989-0500] {processor.py:186} INFO - Started process (PID=31615) to work on /home/vanaprastha/airflow/dags/PART 3/Xcom/xcom_with_return_and_current_context.py
[2024-11-27T12:07:04.990-0500] {processor.py:914} INFO - Processing file /home/vanaprastha/airflow/dags/PART 3/Xcom/xcom_with_return_and_current_context.py for tasks to queue
[2024-11-27T12:07:04.992-0500] {logging_mixin.py:190} INFO - [2024-11-27T12:07:04.992-0500] {dagbag.py:588} INFO - Filling up the DagBag from /home/vanaprastha/airflow/dags/PART 3/Xcom/xcom_with_return_and_current_context.py
[2024-11-27T12:07:04.999-0500] {processor.py:925} INFO - DAG(s) 'xcom_with_return_and_current_context' retrieved from /home/vanaprastha/airflow/dags/PART 3/Xcom/xcom_with_return_and_current_context.py
[2024-11-27T12:07:05.008-0500] {logging_mixin.py:190} INFO - [2024-11-27T12:07:05.008-0500] {dag.py:3239} INFO - Sync 1 DAGs
[2024-11-27T12:07:05.129-0500] {logging_mixin.py:190} INFO - [2024-11-27T12:07:05.129-0500] {dag.py:4180} INFO - Setting next_dagrun for xcom_with_return_and_current_context to None, run_after=None
[2024-11-27T12:07:05.163-0500] {processor.py:208} INFO - Processing /home/vanaprastha/airflow/dags/PART 3/Xcom/xcom_with_return_and_current_context.py took 0.180 seconds
[2024-11-27T12:07:56.928-0500] {processor.py:186} INFO - Started process (PID=31770) to work on /home/vanaprastha/airflow/dags/PART 3/Xcom/xcom_with_return_and_current_context.py
[2024-11-27T12:07:56.947-0500] {processor.py:914} INFO - Processing file /home/vanaprastha/airflow/dags/PART 3/Xcom/xcom_with_return_and_current_context.py for tasks to queue
[2024-11-27T12:07:56.949-0500] {logging_mixin.py:190} INFO - [2024-11-27T12:07:56.949-0500] {dagbag.py:588} INFO - Filling up the DagBag from /home/vanaprastha/airflow/dags/PART 3/Xcom/xcom_with_return_and_current_context.py
[2024-11-27T12:07:56.957-0500] {processor.py:925} INFO - DAG(s) 'xcom_with_return_and_current_context' retrieved from /home/vanaprastha/airflow/dags/PART 3/Xcom/xcom_with_return_and_current_context.py
[2024-11-27T12:07:56.966-0500] {logging_mixin.py:190} INFO - [2024-11-27T12:07:56.965-0500] {dag.py:3239} INFO - Sync 1 DAGs
[2024-11-27T12:07:56.977-0500] {logging_mixin.py:190} INFO - [2024-11-27T12:07:56.977-0500] {dag.py:4180} INFO - Setting next_dagrun for xcom_with_return_and_current_context to None, run_after=None
[2024-11-27T12:07:56.994-0500] {processor.py:208} INFO - Processing /home/vanaprastha/airflow/dags/PART 3/Xcom/xcom_with_return_and_current_context.py took 0.069 seconds
[2024-11-27T12:08:45.619-0500] {processor.py:186} INFO - Started process (PID=31850) to work on /home/vanaprastha/airflow/dags/PART 3/Xcom/xcom_with_return_and_current_context.py
[2024-11-27T12:08:45.638-0500] {processor.py:914} INFO - Processing file /home/vanaprastha/airflow/dags/PART 3/Xcom/xcom_with_return_and_current_context.py for tasks to queue
[2024-11-27T12:08:45.640-0500] {logging_mixin.py:190} INFO - [2024-11-27T12:08:45.640-0500] {dagbag.py:588} INFO - Filling up the DagBag from /home/vanaprastha/airflow/dags/PART 3/Xcom/xcom_with_return_and_current_context.py
[2024-11-27T12:08:45.646-0500] {processor.py:925} INFO - DAG(s) 'xcom_with_return_and_current_context' retrieved from /home/vanaprastha/airflow/dags/PART 3/Xcom/xcom_with_return_and_current_context.py
[2024-11-27T12:08:45.658-0500] {logging_mixin.py:190} INFO - [2024-11-27T12:08:45.657-0500] {dag.py:3239} INFO - Sync 1 DAGs
[2024-11-27T12:08:45.672-0500] {logging_mixin.py:190} INFO - [2024-11-27T12:08:45.672-0500] {dag.py:4180} INFO - Setting next_dagrun for xcom_with_return_and_current_context to None, run_after=None
[2024-11-27T12:08:45.688-0500] {processor.py:208} INFO - Processing /home/vanaprastha/airflow/dags/PART 3/Xcom/xcom_with_return_and_current_context.py took 0.074 seconds
[2024-11-27T12:09:33.280-0500] {processor.py:186} INFO - Started process (PID=31941) to work on /home/vanaprastha/airflow/dags/PART 3/Xcom/xcom_with_return_and_current_context.py
[2024-11-27T12:09:33.280-0500] {processor.py:914} INFO - Processing file /home/vanaprastha/airflow/dags/PART 3/Xcom/xcom_with_return_and_current_context.py for tasks to queue
[2024-11-27T12:09:33.283-0500] {logging_mixin.py:190} INFO - [2024-11-27T12:09:33.282-0500] {dagbag.py:588} INFO - Filling up the DagBag from /home/vanaprastha/airflow/dags/PART 3/Xcom/xcom_with_return_and_current_context.py
[2024-11-27T12:09:33.288-0500] {processor.py:925} INFO - DAG(s) 'xcom_with_return_and_current_context' retrieved from /home/vanaprastha/airflow/dags/PART 3/Xcom/xcom_with_return_and_current_context.py
[2024-11-27T12:09:33.297-0500] {logging_mixin.py:190} INFO - [2024-11-27T12:09:33.297-0500] {dag.py:3239} INFO - Sync 1 DAGs
[2024-11-27T12:09:33.308-0500] {logging_mixin.py:190} INFO - [2024-11-27T12:09:33.307-0500] {dag.py:4180} INFO - Setting next_dagrun for xcom_with_return_and_current_context to None, run_after=None
[2024-11-27T12:09:33.325-0500] {processor.py:208} INFO - Processing /home/vanaprastha/airflow/dags/PART 3/Xcom/xcom_with_return_and_current_context.py took 0.049 seconds
[2024-11-27T12:10:18.726-0500] {processor.py:186} INFO - Started process (PID=32022) to work on /home/vanaprastha/airflow/dags/PART 3/Xcom/xcom_with_return_and_current_context.py
[2024-11-27T12:10:18.745-0500] {processor.py:914} INFO - Processing file /home/vanaprastha/airflow/dags/PART 3/Xcom/xcom_with_return_and_current_context.py for tasks to queue
[2024-11-27T12:10:18.747-0500] {logging_mixin.py:190} INFO - [2024-11-27T12:10:18.746-0500] {dagbag.py:588} INFO - Filling up the DagBag from /home/vanaprastha/airflow/dags/PART 3/Xcom/xcom_with_return_and_current_context.py
[2024-11-27T12:10:18.753-0500] {processor.py:925} INFO - DAG(s) 'xcom_with_return_and_current_context' retrieved from /home/vanaprastha/airflow/dags/PART 3/Xcom/xcom_with_return_and_current_context.py
[2024-11-27T12:10:18.763-0500] {logging_mixin.py:190} INFO - [2024-11-27T12:10:18.763-0500] {dag.py:3239} INFO - Sync 1 DAGs
[2024-11-27T12:10:18.774-0500] {logging_mixin.py:190} INFO - [2024-11-27T12:10:18.774-0500] {dag.py:4180} INFO - Setting next_dagrun for xcom_with_return_and_current_context to None, run_after=None
[2024-11-27T12:10:18.790-0500] {processor.py:208} INFO - Processing /home/vanaprastha/airflow/dags/PART 3/Xcom/xcom_with_return_and_current_context.py took 0.068 seconds
[2024-11-27T12:11:02.912-0500] {processor.py:186} INFO - Started process (PID=32085) to work on /home/vanaprastha/airflow/dags/PART 3/Xcom/xcom_with_return_and_current_context.py
[2024-11-27T12:11:02.932-0500] {processor.py:914} INFO - Processing file /home/vanaprastha/airflow/dags/PART 3/Xcom/xcom_with_return_and_current_context.py for tasks to queue
[2024-11-27T12:11:02.935-0500] {logging_mixin.py:190} INFO - [2024-11-27T12:11:02.934-0500] {dagbag.py:588} INFO - Filling up the DagBag from /home/vanaprastha/airflow/dags/PART 3/Xcom/xcom_with_return_and_current_context.py
[2024-11-27T12:11:02.946-0500] {processor.py:925} INFO - DAG(s) 'xcom_with_return_and_current_context' retrieved from /home/vanaprastha/airflow/dags/PART 3/Xcom/xcom_with_return_and_current_context.py
[2024-11-27T12:11:02.955-0500] {logging_mixin.py:190} INFO - [2024-11-27T12:11:02.955-0500] {dag.py:3239} INFO - Sync 1 DAGs
[2024-11-27T12:11:02.965-0500] {logging_mixin.py:190} INFO - [2024-11-27T12:11:02.965-0500] {dag.py:4180} INFO - Setting next_dagrun for xcom_with_return_and_current_context to None, run_after=None
[2024-11-27T12:11:02.981-0500] {processor.py:208} INFO - Processing /home/vanaprastha/airflow/dags/PART 3/Xcom/xcom_with_return_and_current_context.py took 0.073 seconds
[2024-11-27T12:11:48.472-0500] {processor.py:186} INFO - Started process (PID=32145) to work on /home/vanaprastha/airflow/dags/PART 3/Xcom/xcom_with_return_and_current_context.py
[2024-11-27T12:11:48.473-0500] {processor.py:914} INFO - Processing file /home/vanaprastha/airflow/dags/PART 3/Xcom/xcom_with_return_and_current_context.py for tasks to queue
[2024-11-27T12:11:48.474-0500] {logging_mixin.py:190} INFO - [2024-11-27T12:11:48.474-0500] {dagbag.py:588} INFO - Filling up the DagBag from /home/vanaprastha/airflow/dags/PART 3/Xcom/xcom_with_return_and_current_context.py
[2024-11-27T12:11:48.479-0500] {processor.py:925} INFO - DAG(s) 'xcom_with_return_and_current_context' retrieved from /home/vanaprastha/airflow/dags/PART 3/Xcom/xcom_with_return_and_current_context.py
[2024-11-27T12:11:48.488-0500] {logging_mixin.py:190} INFO - [2024-11-27T12:11:48.488-0500] {dag.py:3239} INFO - Sync 1 DAGs
[2024-11-27T12:11:48.499-0500] {logging_mixin.py:190} INFO - [2024-11-27T12:11:48.499-0500] {dag.py:4180} INFO - Setting next_dagrun for xcom_with_return_and_current_context to None, run_after=None
[2024-11-27T12:11:48.515-0500] {processor.py:208} INFO - Processing /home/vanaprastha/airflow/dags/PART 3/Xcom/xcom_with_return_and_current_context.py took 0.045 seconds
[2024-11-27T12:12:32.756-0500] {processor.py:186} INFO - Started process (PID=32236) to work on /home/vanaprastha/airflow/dags/PART 3/Xcom/xcom_with_return_and_current_context.py
[2024-11-27T12:12:32.775-0500] {processor.py:914} INFO - Processing file /home/vanaprastha/airflow/dags/PART 3/Xcom/xcom_with_return_and_current_context.py for tasks to queue
[2024-11-27T12:12:32.779-0500] {logging_mixin.py:190} INFO - [2024-11-27T12:12:32.778-0500] {dagbag.py:588} INFO - Filling up the DagBag from /home/vanaprastha/airflow/dags/PART 3/Xcom/xcom_with_return_and_current_context.py
[2024-11-27T12:12:32.789-0500] {processor.py:925} INFO - DAG(s) 'xcom_with_return_and_current_context' retrieved from /home/vanaprastha/airflow/dags/PART 3/Xcom/xcom_with_return_and_current_context.py
[2024-11-27T12:12:32.798-0500] {logging_mixin.py:190} INFO - [2024-11-27T12:12:32.798-0500] {dag.py:3239} INFO - Sync 1 DAGs
[2024-11-27T12:12:32.808-0500] {logging_mixin.py:190} INFO - [2024-11-27T12:12:32.808-0500] {dag.py:4180} INFO - Setting next_dagrun for xcom_with_return_and_current_context to None, run_after=None
[2024-11-27T12:12:32.824-0500] {processor.py:208} INFO - Processing /home/vanaprastha/airflow/dags/PART 3/Xcom/xcom_with_return_and_current_context.py took 0.072 seconds
[2024-11-27T12:13:18.200-0500] {processor.py:186} INFO - Started process (PID=32290) to work on /home/vanaprastha/airflow/dags/PART 3/Xcom/xcom_with_return_and_current_context.py
[2024-11-27T12:13:18.219-0500] {processor.py:914} INFO - Processing file /home/vanaprastha/airflow/dags/PART 3/Xcom/xcom_with_return_and_current_context.py for tasks to queue
[2024-11-27T12:13:18.220-0500] {logging_mixin.py:190} INFO - [2024-11-27T12:13:18.220-0500] {dagbag.py:588} INFO - Filling up the DagBag from /home/vanaprastha/airflow/dags/PART 3/Xcom/xcom_with_return_and_current_context.py
[2024-11-27T12:13:18.230-0500] {processor.py:925} INFO - DAG(s) 'xcom_with_return_and_current_context' retrieved from /home/vanaprastha/airflow/dags/PART 3/Xcom/xcom_with_return_and_current_context.py
[2024-11-27T12:13:18.243-0500] {logging_mixin.py:190} INFO - [2024-11-27T12:13:18.243-0500] {dag.py:3239} INFO - Sync 1 DAGs
[2024-11-27T12:13:18.260-0500] {logging_mixin.py:190} INFO - [2024-11-27T12:13:18.260-0500] {dag.py:4180} INFO - Setting next_dagrun for xcom_with_return_and_current_context to None, run_after=None
[2024-11-27T12:13:18.293-0500] {processor.py:208} INFO - Processing /home/vanaprastha/airflow/dags/PART 3/Xcom/xcom_with_return_and_current_context.py took 0.095 seconds
[2024-11-27T12:13:48.546-0500] {processor.py:186} INFO - Started process (PID=32346) to work on /home/vanaprastha/airflow/dags/PART 3/Xcom/xcom_with_return_and_current_context.py
[2024-11-27T12:13:48.547-0500] {processor.py:914} INFO - Processing file /home/vanaprastha/airflow/dags/PART 3/Xcom/xcom_with_return_and_current_context.py for tasks to queue
[2024-11-27T12:13:48.549-0500] {logging_mixin.py:190} INFO - [2024-11-27T12:13:48.548-0500] {dagbag.py:588} INFO - Filling up the DagBag from /home/vanaprastha/airflow/dags/PART 3/Xcom/xcom_with_return_and_current_context.py
[2024-11-27T12:13:48.554-0500] {processor.py:925} INFO - DAG(s) 'xcom_with_return_and_current_context' retrieved from /home/vanaprastha/airflow/dags/PART 3/Xcom/xcom_with_return_and_current_context.py
[2024-11-27T12:13:48.566-0500] {logging_mixin.py:190} INFO - [2024-11-27T12:13:48.566-0500] {dag.py:3239} INFO - Sync 1 DAGs
[2024-11-27T12:13:48.576-0500] {logging_mixin.py:190} INFO - [2024-11-27T12:13:48.576-0500] {dag.py:4180} INFO - Setting next_dagrun for xcom_with_return_and_current_context to None, run_after=None
[2024-11-27T12:13:48.592-0500] {processor.py:208} INFO - Processing /home/vanaprastha/airflow/dags/PART 3/Xcom/xcom_with_return_and_current_context.py took 0.051 seconds
[2024-11-27T12:15:16.136-0500] {processor.py:186} INFO - Started process (PID=32541) to work on /home/vanaprastha/airflow/dags/PART 3/Xcom/xcom_with_return_and_current_context.py
[2024-11-27T12:15:16.154-0500] {processor.py:914} INFO - Processing file /home/vanaprastha/airflow/dags/PART 3/Xcom/xcom_with_return_and_current_context.py for tasks to queue
[2024-11-27T12:15:16.158-0500] {logging_mixin.py:190} INFO - [2024-11-27T12:15:16.157-0500] {dagbag.py:588} INFO - Filling up the DagBag from /home/vanaprastha/airflow/dags/PART 3/Xcom/xcom_with_return_and_current_context.py
[2024-11-27T12:15:16.167-0500] {processor.py:925} INFO - DAG(s) 'xcom_with_return_and_current_context' retrieved from /home/vanaprastha/airflow/dags/PART 3/Xcom/xcom_with_return_and_current_context.py
[2024-11-27T12:15:16.175-0500] {logging_mixin.py:190} INFO - [2024-11-27T12:15:16.175-0500] {dag.py:3239} INFO - Sync 1 DAGs
[2024-11-27T12:15:16.187-0500] {logging_mixin.py:190} INFO - [2024-11-27T12:15:16.187-0500] {dag.py:4180} INFO - Setting next_dagrun for xcom_with_return_and_current_context to None, run_after=None
[2024-11-27T12:15:16.307-0500] {processor.py:208} INFO - Processing /home/vanaprastha/airflow/dags/PART 3/Xcom/xcom_with_return_and_current_context.py took 0.175 seconds
[2024-11-27T12:16:21.727-0500] {processor.py:186} INFO - Started process (PID=32616) to work on /home/vanaprastha/airflow/dags/PART 3/Xcom/xcom_with_return_and_current_context.py
[2024-11-27T12:16:21.745-0500] {processor.py:914} INFO - Processing file /home/vanaprastha/airflow/dags/PART 3/Xcom/xcom_with_return_and_current_context.py for tasks to queue
[2024-11-27T12:16:21.747-0500] {logging_mixin.py:190} INFO - [2024-11-27T12:16:21.747-0500] {dagbag.py:588} INFO - Filling up the DagBag from /home/vanaprastha/airflow/dags/PART 3/Xcom/xcom_with_return_and_current_context.py
[2024-11-27T12:16:21.753-0500] {processor.py:925} INFO - DAG(s) 'xcom_with_return_and_current_context' retrieved from /home/vanaprastha/airflow/dags/PART 3/Xcom/xcom_with_return_and_current_context.py
[2024-11-27T12:16:21.763-0500] {logging_mixin.py:190} INFO - [2024-11-27T12:16:21.762-0500] {dag.py:3239} INFO - Sync 1 DAGs
[2024-11-27T12:16:21.774-0500] {logging_mixin.py:190} INFO - [2024-11-27T12:16:21.774-0500] {dag.py:4180} INFO - Setting next_dagrun for xcom_with_return_and_current_context to None, run_after=None
[2024-11-27T12:16:21.791-0500] {processor.py:208} INFO - Processing /home/vanaprastha/airflow/dags/PART 3/Xcom/xcom_with_return_and_current_context.py took 0.068 seconds
[2024-11-27T12:17:18.881-0500] {processor.py:186} INFO - Started process (PID=32695) to work on /home/vanaprastha/airflow/dags/PART 3/Xcom/xcom_with_return_and_current_context.py
[2024-11-27T12:17:18.900-0500] {processor.py:914} INFO - Processing file /home/vanaprastha/airflow/dags/PART 3/Xcom/xcom_with_return_and_current_context.py for tasks to queue
[2024-11-27T12:17:18.904-0500] {logging_mixin.py:190} INFO - [2024-11-27T12:17:18.904-0500] {dagbag.py:588} INFO - Filling up the DagBag from /home/vanaprastha/airflow/dags/PART 3/Xcom/xcom_with_return_and_current_context.py
[2024-11-27T12:17:18.914-0500] {processor.py:925} INFO - DAG(s) 'xcom_with_return_and_current_context' retrieved from /home/vanaprastha/airflow/dags/PART 3/Xcom/xcom_with_return_and_current_context.py
[2024-11-27T12:17:18.923-0500] {logging_mixin.py:190} INFO - [2024-11-27T12:17:18.923-0500] {dag.py:3239} INFO - Sync 1 DAGs
[2024-11-27T12:17:19.030-0500] {logging_mixin.py:190} INFO - [2024-11-27T12:17:19.030-0500] {dag.py:4180} INFO - Setting next_dagrun for xcom_with_return_and_current_context to None, run_after=None
[2024-11-27T12:17:19.066-0500] {processor.py:208} INFO - Processing /home/vanaprastha/airflow/dags/PART 3/Xcom/xcom_with_return_and_current_context.py took 0.191 seconds
[2024-11-27T12:17:46.610-0500] {processor.py:186} INFO - Started process (PID=32742) to work on /home/vanaprastha/airflow/dags/PART 3/Xcom/xcom_with_return_and_current_context.py
[2024-11-27T12:17:46.610-0500] {processor.py:914} INFO - Processing file /home/vanaprastha/airflow/dags/PART 3/Xcom/xcom_with_return_and_current_context.py for tasks to queue
[2024-11-27T12:17:46.612-0500] {logging_mixin.py:190} INFO - [2024-11-27T12:17:46.611-0500] {dagbag.py:588} INFO - Filling up the DagBag from /home/vanaprastha/airflow/dags/PART 3/Xcom/xcom_with_return_and_current_context.py
[2024-11-27T12:17:46.616-0500] {processor.py:925} INFO - DAG(s) 'xcom_with_return_and_current_context' retrieved from /home/vanaprastha/airflow/dags/PART 3/Xcom/xcom_with_return_and_current_context.py
[2024-11-27T12:17:46.628-0500] {logging_mixin.py:190} INFO - [2024-11-27T12:17:46.628-0500] {dag.py:3239} INFO - Sync 1 DAGs
[2024-11-27T12:17:46.638-0500] {logging_mixin.py:190} INFO - [2024-11-27T12:17:46.638-0500] {dag.py:4180} INFO - Setting next_dagrun for xcom_with_return_and_current_context to None, run_after=None
[2024-11-27T12:17:46.655-0500] {processor.py:208} INFO - Processing /home/vanaprastha/airflow/dags/PART 3/Xcom/xcom_with_return_and_current_context.py took 0.048 seconds
[2024-11-27T12:19:21.661-0500] {processor.py:186} INFO - Started process (PID=32962) to work on /home/vanaprastha/airflow/dags/PART 3/Xcom/xcom_with_return_and_current_context.py
[2024-11-27T12:19:21.680-0500] {processor.py:914} INFO - Processing file /home/vanaprastha/airflow/dags/PART 3/Xcom/xcom_with_return_and_current_context.py for tasks to queue
[2024-11-27T12:19:21.683-0500] {logging_mixin.py:190} INFO - [2024-11-27T12:19:21.682-0500] {dagbag.py:588} INFO - Filling up the DagBag from /home/vanaprastha/airflow/dags/PART 3/Xcom/xcom_with_return_and_current_context.py
[2024-11-27T12:19:21.691-0500] {processor.py:925} INFO - DAG(s) 'xcom_with_return_and_current_context' retrieved from /home/vanaprastha/airflow/dags/PART 3/Xcom/xcom_with_return_and_current_context.py
[2024-11-27T12:19:21.700-0500] {logging_mixin.py:190} INFO - [2024-11-27T12:19:21.700-0500] {dag.py:3239} INFO - Sync 1 DAGs
[2024-11-27T12:19:21.711-0500] {logging_mixin.py:190} INFO - [2024-11-27T12:19:21.711-0500] {dag.py:4180} INFO - Setting next_dagrun for xcom_with_return_and_current_context to None, run_after=None
[2024-11-27T12:19:21.846-0500] {processor.py:208} INFO - Processing /home/vanaprastha/airflow/dags/PART 3/Xcom/xcom_with_return_and_current_context.py took 0.188 seconds
[2024-11-27T12:20:34.482-0500] {processor.py:186} INFO - Started process (PID=33047) to work on /home/vanaprastha/airflow/dags/PART 3/Xcom/xcom_with_return_and_current_context.py
[2024-11-27T12:20:34.483-0500] {processor.py:914} INFO - Processing file /home/vanaprastha/airflow/dags/PART 3/Xcom/xcom_with_return_and_current_context.py for tasks to queue
[2024-11-27T12:20:34.485-0500] {logging_mixin.py:190} INFO - [2024-11-27T12:20:34.485-0500] {dagbag.py:588} INFO - Filling up the DagBag from /home/vanaprastha/airflow/dags/PART 3/Xcom/xcom_with_return_and_current_context.py
[2024-11-27T12:20:34.492-0500] {processor.py:925} INFO - DAG(s) 'xcom_with_return_and_current_context' retrieved from /home/vanaprastha/airflow/dags/PART 3/Xcom/xcom_with_return_and_current_context.py
[2024-11-27T12:20:34.501-0500] {logging_mixin.py:190} INFO - [2024-11-27T12:20:34.500-0500] {dag.py:3239} INFO - Sync 1 DAGs
[2024-11-27T12:20:34.512-0500] {logging_mixin.py:190} INFO - [2024-11-27T12:20:34.512-0500] {dag.py:4180} INFO - Setting next_dagrun for xcom_with_return_and_current_context to None, run_after=None
[2024-11-27T12:20:34.527-0500] {processor.py:208} INFO - Processing /home/vanaprastha/airflow/dags/PART 3/Xcom/xcom_with_return_and_current_context.py took 0.053 seconds
[2024-11-27T12:21:30.071-0500] {processor.py:186} INFO - Started process (PID=33110) to work on /home/vanaprastha/airflow/dags/PART 3/Xcom/xcom_with_return_and_current_context.py
[2024-11-27T12:21:30.072-0500] {processor.py:914} INFO - Processing file /home/vanaprastha/airflow/dags/PART 3/Xcom/xcom_with_return_and_current_context.py for tasks to queue
[2024-11-27T12:21:30.073-0500] {logging_mixin.py:190} INFO - [2024-11-27T12:21:30.073-0500] {dagbag.py:588} INFO - Filling up the DagBag from /home/vanaprastha/airflow/dags/PART 3/Xcom/xcom_with_return_and_current_context.py
[2024-11-27T12:21:30.080-0500] {processor.py:925} INFO - DAG(s) 'xcom_with_return_and_current_context' retrieved from /home/vanaprastha/airflow/dags/PART 3/Xcom/xcom_with_return_and_current_context.py
[2024-11-27T12:21:30.088-0500] {logging_mixin.py:190} INFO - [2024-11-27T12:21:30.087-0500] {dag.py:3239} INFO - Sync 1 DAGs
[2024-11-27T12:21:30.099-0500] {logging_mixin.py:190} INFO - [2024-11-27T12:21:30.099-0500] {dag.py:4180} INFO - Setting next_dagrun for xcom_with_return_and_current_context to None, run_after=None
[2024-11-27T12:21:30.244-0500] {processor.py:208} INFO - Processing /home/vanaprastha/airflow/dags/PART 3/Xcom/xcom_with_return_and_current_context.py took 0.176 seconds
