[2024-11-27T11:59:22.253-0500] {processor.py:186} INFO - Started process (PID=29339) to work on /home/vanaprastha/airflow/dags/PART 3/Xcom/xcom_with_current_context.py
[2024-11-27T11:59:22.254-0500] {processor.py:914} INFO - Processing file /home/vanaprastha/airflow/dags/PART 3/Xcom/xcom_with_current_context.py for tasks to queue
[2024-11-27T11:59:22.254-0500] {logging_mixin.py:190} INFO - [2024-11-27T11:59:22.254-0500] {dagbag.py:588} INFO - Filling up the DagBag from /home/vanaprastha/airflow/dags/PART 3/Xcom/xcom_with_current_context.py
[2024-11-27T11:59:22.260-0500] {processor.py:925} INFO - DAG(s) 'xcom_with_current_context' retrieved from /home/vanaprastha/airflow/dags/PART 3/Xcom/xcom_with_current_context.py
[2024-11-27T11:59:22.345-0500] {logging_mixin.py:190} INFO - [2024-11-27T11:59:22.344-0500] {override.py:1911} INFO - Created Permission View: can read on DAG:xcom_with_current_context
[2024-11-27T11:59:22.362-0500] {logging_mixin.py:190} INFO - [2024-11-27T11:59:22.362-0500] {override.py:1911} INFO - Created Permission View: can delete on DAG:xcom_with_current_context
[2024-11-27T11:59:22.374-0500] {logging_mixin.py:190} INFO - [2024-11-27T11:59:22.374-0500] {override.py:1911} INFO - Created Permission View: can edit on DAG:xcom_with_current_context
[2024-11-27T11:59:22.397-0500] {logging_mixin.py:190} INFO - [2024-11-27T11:59:22.396-0500] {override.py:1911} INFO - Created Permission View: can create on DAG Run:xcom_with_current_context
[2024-11-27T11:59:22.408-0500] {logging_mixin.py:190} INFO - [2024-11-27T11:59:22.407-0500] {override.py:1911} INFO - Created Permission View: can read on DAG Run:xcom_with_current_context
[2024-11-27T11:59:22.418-0500] {logging_mixin.py:190} INFO - [2024-11-27T11:59:22.418-0500] {override.py:1911} INFO - Created Permission View: can delete on DAG Run:xcom_with_current_context
[2024-11-27T11:59:22.427-0500] {logging_mixin.py:190} INFO - [2024-11-27T11:59:22.427-0500] {override.py:1911} INFO - Created Permission View: menu access on DAG Run:xcom_with_current_context
[2024-11-27T11:59:22.428-0500] {logging_mixin.py:190} INFO - [2024-11-27T11:59:22.428-0500] {dag.py:3239} INFO - Sync 1 DAGs
[2024-11-27T11:59:22.435-0500] {logging_mixin.py:190} INFO - [2024-11-27T11:59:22.435-0500] {dag.py:3262} INFO - Creating ORM DAG for xcom_with_current_context
[2024-11-27T11:59:22.440-0500] {logging_mixin.py:190} INFO - [2024-11-27T11:59:22.440-0500] {dag.py:4180} INFO - Setting next_dagrun for xcom_with_current_context to None, run_after=None
[2024-11-27T11:59:22.455-0500] {processor.py:208} INFO - Processing /home/vanaprastha/airflow/dags/PART 3/Xcom/xcom_with_current_context.py took 0.205 seconds
[2024-11-27T11:59:59.843-0500] {processor.py:186} INFO - Started process (PID=29383) to work on /home/vanaprastha/airflow/dags/PART 3/Xcom/xcom_with_current_context.py
[2024-11-27T11:59:59.862-0500] {processor.py:914} INFO - Processing file /home/vanaprastha/airflow/dags/PART 3/Xcom/xcom_with_current_context.py for tasks to queue
[2024-11-27T11:59:59.863-0500] {logging_mixin.py:190} INFO - [2024-11-27T11:59:59.863-0500] {dagbag.py:588} INFO - Filling up the DagBag from /home/vanaprastha/airflow/dags/PART 3/Xcom/xcom_with_current_context.py
[2024-11-27T11:59:59.871-0500] {processor.py:925} INFO - DAG(s) 'xcom_with_current_context' retrieved from /home/vanaprastha/airflow/dags/PART 3/Xcom/xcom_with_current_context.py
[2024-11-27T11:59:59.879-0500] {logging_mixin.py:190} INFO - [2024-11-27T11:59:59.879-0500] {dag.py:3239} INFO - Sync 1 DAGs
[2024-11-27T11:59:59.892-0500] {logging_mixin.py:190} INFO - [2024-11-27T11:59:59.892-0500] {dag.py:4180} INFO - Setting next_dagrun for xcom_with_current_context to None, run_after=None
[2024-11-27T11:59:59.910-0500] {processor.py:208} INFO - Processing /home/vanaprastha/airflow/dags/PART 3/Xcom/xcom_with_current_context.py took 0.070 seconds
[2024-11-27T12:00:46.811-0500] {processor.py:186} INFO - Started process (PID=29471) to work on /home/vanaprastha/airflow/dags/PART 3/Xcom/xcom_with_current_context.py
[2024-11-27T12:00:46.813-0500] {processor.py:914} INFO - Processing file /home/vanaprastha/airflow/dags/PART 3/Xcom/xcom_with_current_context.py for tasks to queue
[2024-11-27T12:00:46.815-0500] {logging_mixin.py:190} INFO - [2024-11-27T12:00:46.814-0500] {dagbag.py:588} INFO - Filling up the DagBag from /home/vanaprastha/airflow/dags/PART 3/Xcom/xcom_with_current_context.py
[2024-11-27T12:00:46.820-0500] {processor.py:925} INFO - DAG(s) 'xcom_with_current_context' retrieved from /home/vanaprastha/airflow/dags/PART 3/Xcom/xcom_with_current_context.py
[2024-11-27T12:00:46.832-0500] {logging_mixin.py:190} INFO - [2024-11-27T12:00:46.832-0500] {dag.py:3239} INFO - Sync 1 DAGs
[2024-11-27T12:00:46.845-0500] {logging_mixin.py:190} INFO - [2024-11-27T12:00:46.845-0500] {dag.py:4180} INFO - Setting next_dagrun for xcom_with_current_context to None, run_after=None
[2024-11-27T12:00:46.865-0500] {processor.py:208} INFO - Processing /home/vanaprastha/airflow/dags/PART 3/Xcom/xcom_with_current_context.py took 0.057 seconds
[2024-11-27T12:02:00.600-0500] {processor.py:186} INFO - Started process (PID=29633) to work on /home/vanaprastha/airflow/dags/PART 3/Xcom/xcom_with_current_context.py
[2024-11-27T12:02:00.618-0500] {processor.py:914} INFO - Processing file /home/vanaprastha/airflow/dags/PART 3/Xcom/xcom_with_current_context.py for tasks to queue
[2024-11-27T12:02:00.620-0500] {logging_mixin.py:190} INFO - [2024-11-27T12:02:00.620-0500] {dagbag.py:588} INFO - Filling up the DagBag from /home/vanaprastha/airflow/dags/PART 3/Xcom/xcom_with_current_context.py
[2024-11-27T12:02:00.626-0500] {processor.py:925} INFO - DAG(s) 'xcom_with_current_context' retrieved from /home/vanaprastha/airflow/dags/PART 3/Xcom/xcom_with_current_context.py
[2024-11-27T12:02:00.636-0500] {logging_mixin.py:190} INFO - [2024-11-27T12:02:00.635-0500] {dag.py:3239} INFO - Sync 1 DAGs
[2024-11-27T12:02:00.646-0500] {logging_mixin.py:190} INFO - [2024-11-27T12:02:00.646-0500] {dag.py:4180} INFO - Setting next_dagrun for xcom_with_current_context to None, run_after=None
[2024-11-27T12:02:00.761-0500] {processor.py:208} INFO - Processing /home/vanaprastha/airflow/dags/PART 3/Xcom/xcom_with_current_context.py took 0.167 seconds
[2024-11-27T12:02:51.309-0500] {processor.py:186} INFO - Started process (PID=29691) to work on /home/vanaprastha/airflow/dags/PART 3/Xcom/xcom_with_current_context.py
[2024-11-27T12:02:51.328-0500] {processor.py:914} INFO - Processing file /home/vanaprastha/airflow/dags/PART 3/Xcom/xcom_with_current_context.py for tasks to queue
[2024-11-27T12:02:51.330-0500] {logging_mixin.py:190} INFO - [2024-11-27T12:02:51.330-0500] {dagbag.py:588} INFO - Filling up the DagBag from /home/vanaprastha/airflow/dags/PART 3/Xcom/xcom_with_current_context.py
[2024-11-27T12:02:51.338-0500] {processor.py:925} INFO - DAG(s) 'xcom_with_current_context' retrieved from /home/vanaprastha/airflow/dags/PART 3/Xcom/xcom_with_current_context.py
[2024-11-27T12:02:51.346-0500] {logging_mixin.py:190} INFO - [2024-11-27T12:02:51.346-0500] {dag.py:3239} INFO - Sync 1 DAGs
[2024-11-27T12:02:51.479-0500] {logging_mixin.py:190} INFO - [2024-11-27T12:02:51.479-0500] {dag.py:4180} INFO - Setting next_dagrun for xcom_with_current_context to None, run_after=None
[2024-11-27T12:02:51.516-0500] {processor.py:208} INFO - Processing /home/vanaprastha/airflow/dags/PART 3/Xcom/xcom_with_current_context.py took 0.209 seconds
[2024-11-27T12:03:18.239-0500] {processor.py:186} INFO - Started process (PID=29798) to work on /home/vanaprastha/airflow/dags/PART 3/Xcom/xcom_with_current_context.py
[2024-11-27T12:03:18.239-0500] {processor.py:914} INFO - Processing file /home/vanaprastha/airflow/dags/PART 3/Xcom/xcom_with_current_context.py for tasks to queue
[2024-11-27T12:03:18.241-0500] {logging_mixin.py:190} INFO - [2024-11-27T12:03:18.241-0500] {dagbag.py:588} INFO - Filling up the DagBag from /home/vanaprastha/airflow/dags/PART 3/Xcom/xcom_with_current_context.py
[2024-11-27T12:03:18.251-0500] {processor.py:925} INFO - DAG(s) 'xcom_with_current_context' retrieved from /home/vanaprastha/airflow/dags/PART 3/Xcom/xcom_with_current_context.py
[2024-11-27T12:03:18.269-0500] {logging_mixin.py:190} INFO - [2024-11-27T12:03:18.268-0500] {dag.py:3239} INFO - Sync 1 DAGs
[2024-11-27T12:03:18.284-0500] {logging_mixin.py:190} INFO - [2024-11-27T12:03:18.284-0500] {dag.py:4180} INFO - Setting next_dagrun for xcom_with_current_context to None, run_after=None
[2024-11-27T12:03:18.306-0500] {processor.py:208} INFO - Processing /home/vanaprastha/airflow/dags/PART 3/Xcom/xcom_with_current_context.py took 0.071 seconds
[2024-11-27T12:04:34.949-0500] {processor.py:186} INFO - Started process (PID=30139) to work on /home/vanaprastha/airflow/dags/PART 3/Xcom/xcom_with_current_context.py
[2024-11-27T12:04:34.968-0500] {processor.py:914} INFO - Processing file /home/vanaprastha/airflow/dags/PART 3/Xcom/xcom_with_current_context.py for tasks to queue
[2024-11-27T12:04:34.972-0500] {logging_mixin.py:190} INFO - [2024-11-27T12:04:34.971-0500] {dagbag.py:588} INFO - Filling up the DagBag from /home/vanaprastha/airflow/dags/PART 3/Xcom/xcom_with_current_context.py
[2024-11-27T12:04:34.981-0500] {processor.py:925} INFO - DAG(s) 'xcom_with_current_context' retrieved from /home/vanaprastha/airflow/dags/PART 3/Xcom/xcom_with_current_context.py
[2024-11-27T12:04:34.990-0500] {logging_mixin.py:190} INFO - [2024-11-27T12:04:34.990-0500] {dag.py:3239} INFO - Sync 1 DAGs
[2024-11-27T12:04:35.002-0500] {logging_mixin.py:190} INFO - [2024-11-27T12:04:35.001-0500] {dag.py:4180} INFO - Setting next_dagrun for xcom_with_current_context to None, run_after=None
[2024-11-27T12:04:35.117-0500] {processor.py:208} INFO - Processing /home/vanaprastha/airflow/dags/PART 3/Xcom/xcom_with_current_context.py took 0.171 seconds
[2024-11-27T12:05:25.741-0500] {processor.py:186} INFO - Started process (PID=30907) to work on /home/vanaprastha/airflow/dags/PART 3/Xcom/xcom_with_current_context.py
[2024-11-27T12:05:25.760-0500] {processor.py:914} INFO - Processing file /home/vanaprastha/airflow/dags/PART 3/Xcom/xcom_with_current_context.py for tasks to queue
[2024-11-27T12:05:25.765-0500] {logging_mixin.py:190} INFO - [2024-11-27T12:05:25.764-0500] {dagbag.py:588} INFO - Filling up the DagBag from /home/vanaprastha/airflow/dags/PART 3/Xcom/xcom_with_current_context.py
[2024-11-27T12:05:25.782-0500] {processor.py:925} INFO - DAG(s) 'xcom_with_current_context' retrieved from /home/vanaprastha/airflow/dags/PART 3/Xcom/xcom_with_current_context.py
[2024-11-27T12:05:25.798-0500] {logging_mixin.py:190} INFO - [2024-11-27T12:05:25.798-0500] {dag.py:3239} INFO - Sync 1 DAGs
[2024-11-27T12:05:25.923-0500] {logging_mixin.py:190} INFO - [2024-11-27T12:05:25.923-0500] {dag.py:4180} INFO - Setting next_dagrun for xcom_with_current_context to None, run_after=None
[2024-11-27T12:05:25.960-0500] {processor.py:208} INFO - Processing /home/vanaprastha/airflow/dags/PART 3/Xcom/xcom_with_current_context.py took 0.228 seconds
[2024-11-27T12:06:15.821-0500] {processor.py:186} INFO - Started process (PID=31038) to work on /home/vanaprastha/airflow/dags/PART 3/Xcom/xcom_with_current_context.py
[2024-11-27T12:06:15.840-0500] {processor.py:914} INFO - Processing file /home/vanaprastha/airflow/dags/PART 3/Xcom/xcom_with_current_context.py for tasks to queue
[2024-11-27T12:06:15.845-0500] {logging_mixin.py:190} INFO - [2024-11-27T12:06:15.844-0500] {dagbag.py:588} INFO - Filling up the DagBag from /home/vanaprastha/airflow/dags/PART 3/Xcom/xcom_with_current_context.py
[2024-11-27T12:06:15.857-0500] {processor.py:925} INFO - DAG(s) 'xcom_with_current_context' retrieved from /home/vanaprastha/airflow/dags/PART 3/Xcom/xcom_with_current_context.py
[2024-11-27T12:06:15.866-0500] {logging_mixin.py:190} INFO - [2024-11-27T12:06:15.866-0500] {dag.py:3239} INFO - Sync 1 DAGs
[2024-11-27T12:06:15.876-0500] {logging_mixin.py:190} INFO - [2024-11-27T12:06:15.876-0500] {dag.py:4180} INFO - Setting next_dagrun for xcom_with_current_context to None, run_after=None
[2024-11-27T12:06:15.988-0500] {processor.py:208} INFO - Processing /home/vanaprastha/airflow/dags/PART 3/Xcom/xcom_with_current_context.py took 0.172 seconds
[2024-11-27T12:07:07.015-0500] {processor.py:186} INFO - Started process (PID=31619) to work on /home/vanaprastha/airflow/dags/PART 3/Xcom/xcom_with_current_context.py
[2024-11-27T12:07:07.016-0500] {processor.py:914} INFO - Processing file /home/vanaprastha/airflow/dags/PART 3/Xcom/xcom_with_current_context.py for tasks to queue
[2024-11-27T12:07:07.017-0500] {logging_mixin.py:190} INFO - [2024-11-27T12:07:07.017-0500] {dagbag.py:588} INFO - Filling up the DagBag from /home/vanaprastha/airflow/dags/PART 3/Xcom/xcom_with_current_context.py
[2024-11-27T12:07:07.022-0500] {processor.py:925} INFO - DAG(s) 'xcom_with_current_context' retrieved from /home/vanaprastha/airflow/dags/PART 3/Xcom/xcom_with_current_context.py
[2024-11-27T12:07:07.034-0500] {logging_mixin.py:190} INFO - [2024-11-27T12:07:07.033-0500] {dag.py:3239} INFO - Sync 1 DAGs
[2024-11-27T12:07:07.150-0500] {logging_mixin.py:190} INFO - [2024-11-27T12:07:07.150-0500] {dag.py:4180} INFO - Setting next_dagrun for xcom_with_current_context to None, run_after=None
[2024-11-27T12:07:07.185-0500] {processor.py:208} INFO - Processing /home/vanaprastha/airflow/dags/PART 3/Xcom/xcom_with_current_context.py took 0.173 seconds
[2024-11-27T12:07:59.408-0500] {processor.py:186} INFO - Started process (PID=31774) to work on /home/vanaprastha/airflow/dags/PART 3/Xcom/xcom_with_current_context.py
[2024-11-27T12:07:59.427-0500] {processor.py:914} INFO - Processing file /home/vanaprastha/airflow/dags/PART 3/Xcom/xcom_with_current_context.py for tasks to queue
[2024-11-27T12:07:59.431-0500] {logging_mixin.py:190} INFO - [2024-11-27T12:07:59.430-0500] {dagbag.py:588} INFO - Filling up the DagBag from /home/vanaprastha/airflow/dags/PART 3/Xcom/xcom_with_current_context.py
[2024-11-27T12:07:59.440-0500] {processor.py:925} INFO - DAG(s) 'xcom_with_current_context' retrieved from /home/vanaprastha/airflow/dags/PART 3/Xcom/xcom_with_current_context.py
[2024-11-27T12:07:59.450-0500] {logging_mixin.py:190} INFO - [2024-11-27T12:07:59.450-0500] {dag.py:3239} INFO - Sync 1 DAGs
[2024-11-27T12:07:59.464-0500] {logging_mixin.py:190} INFO - [2024-11-27T12:07:59.464-0500] {dag.py:4180} INFO - Setting next_dagrun for xcom_with_current_context to None, run_after=None
[2024-11-27T12:07:59.481-0500] {processor.py:208} INFO - Processing /home/vanaprastha/airflow/dags/PART 3/Xcom/xcom_with_current_context.py took 0.076 seconds
[2024-11-27T12:08:48.614-0500] {processor.py:186} INFO - Started process (PID=31855) to work on /home/vanaprastha/airflow/dags/PART 3/Xcom/xcom_with_current_context.py
[2024-11-27T12:08:48.633-0500] {processor.py:914} INFO - Processing file /home/vanaprastha/airflow/dags/PART 3/Xcom/xcom_with_current_context.py for tasks to queue
[2024-11-27T12:08:48.636-0500] {logging_mixin.py:190} INFO - [2024-11-27T12:08:48.635-0500] {dagbag.py:588} INFO - Filling up the DagBag from /home/vanaprastha/airflow/dags/PART 3/Xcom/xcom_with_current_context.py
[2024-11-27T12:08:48.646-0500] {processor.py:925} INFO - DAG(s) 'xcom_with_current_context' retrieved from /home/vanaprastha/airflow/dags/PART 3/Xcom/xcom_with_current_context.py
[2024-11-27T12:08:48.656-0500] {logging_mixin.py:190} INFO - [2024-11-27T12:08:48.655-0500] {dag.py:3239} INFO - Sync 1 DAGs
[2024-11-27T12:08:48.666-0500] {logging_mixin.py:190} INFO - [2024-11-27T12:08:48.666-0500] {dag.py:4180} INFO - Setting next_dagrun for xcom_with_current_context to None, run_after=None
[2024-11-27T12:08:48.682-0500] {processor.py:208} INFO - Processing /home/vanaprastha/airflow/dags/PART 3/Xcom/xcom_with_current_context.py took 0.072 seconds
[2024-11-27T12:09:36.450-0500] {processor.py:186} INFO - Started process (PID=31944) to work on /home/vanaprastha/airflow/dags/PART 3/Xcom/xcom_with_current_context.py
[2024-11-27T12:09:36.469-0500] {processor.py:914} INFO - Processing file /home/vanaprastha/airflow/dags/PART 3/Xcom/xcom_with_current_context.py for tasks to queue
[2024-11-27T12:09:36.472-0500] {logging_mixin.py:190} INFO - [2024-11-27T12:09:36.472-0500] {dagbag.py:588} INFO - Filling up the DagBag from /home/vanaprastha/airflow/dags/PART 3/Xcom/xcom_with_current_context.py
[2024-11-27T12:09:36.481-0500] {processor.py:925} INFO - DAG(s) 'xcom_with_current_context' retrieved from /home/vanaprastha/airflow/dags/PART 3/Xcom/xcom_with_current_context.py
[2024-11-27T12:09:36.490-0500] {logging_mixin.py:190} INFO - [2024-11-27T12:09:36.490-0500] {dag.py:3239} INFO - Sync 1 DAGs
[2024-11-27T12:09:36.501-0500] {logging_mixin.py:190} INFO - [2024-11-27T12:09:36.501-0500] {dag.py:4180} INFO - Setting next_dagrun for xcom_with_current_context to None, run_after=None
[2024-11-27T12:09:36.517-0500] {processor.py:208} INFO - Processing /home/vanaprastha/airflow/dags/PART 3/Xcom/xcom_with_current_context.py took 0.070 seconds
[2024-11-27T12:10:21.592-0500] {processor.py:186} INFO - Started process (PID=32034) to work on /home/vanaprastha/airflow/dags/PART 3/Xcom/xcom_with_current_context.py
[2024-11-27T12:10:21.611-0500] {processor.py:914} INFO - Processing file /home/vanaprastha/airflow/dags/PART 3/Xcom/xcom_with_current_context.py for tasks to queue
[2024-11-27T12:10:21.614-0500] {logging_mixin.py:190} INFO - [2024-11-27T12:10:21.613-0500] {dagbag.py:588} INFO - Filling up the DagBag from /home/vanaprastha/airflow/dags/PART 3/Xcom/xcom_with_current_context.py
[2024-11-27T12:10:21.625-0500] {processor.py:925} INFO - DAG(s) 'xcom_with_current_context' retrieved from /home/vanaprastha/airflow/dags/PART 3/Xcom/xcom_with_current_context.py
[2024-11-27T12:10:21.634-0500] {logging_mixin.py:190} INFO - [2024-11-27T12:10:21.634-0500] {dag.py:3239} INFO - Sync 1 DAGs
[2024-11-27T12:10:21.646-0500] {logging_mixin.py:190} INFO - [2024-11-27T12:10:21.645-0500] {dag.py:4180} INFO - Setting next_dagrun for xcom_with_current_context to None, run_after=None
[2024-11-27T12:10:21.661-0500] {processor.py:208} INFO - Processing /home/vanaprastha/airflow/dags/PART 3/Xcom/xcom_with_current_context.py took 0.073 seconds
[2024-11-27T12:11:06.340-0500] {processor.py:186} INFO - Started process (PID=32088) to work on /home/vanaprastha/airflow/dags/PART 3/Xcom/xcom_with_current_context.py
[2024-11-27T12:11:06.359-0500] {processor.py:914} INFO - Processing file /home/vanaprastha/airflow/dags/PART 3/Xcom/xcom_with_current_context.py for tasks to queue
[2024-11-27T12:11:06.363-0500] {logging_mixin.py:190} INFO - [2024-11-27T12:11:06.362-0500] {dagbag.py:588} INFO - Filling up the DagBag from /home/vanaprastha/airflow/dags/PART 3/Xcom/xcom_with_current_context.py
[2024-11-27T12:11:06.372-0500] {processor.py:925} INFO - DAG(s) 'xcom_with_current_context' retrieved from /home/vanaprastha/airflow/dags/PART 3/Xcom/xcom_with_current_context.py
[2024-11-27T12:11:06.381-0500] {logging_mixin.py:190} INFO - [2024-11-27T12:11:06.380-0500] {dag.py:3239} INFO - Sync 1 DAGs
[2024-11-27T12:11:06.392-0500] {logging_mixin.py:190} INFO - [2024-11-27T12:11:06.392-0500] {dag.py:4180} INFO - Setting next_dagrun for xcom_with_current_context to None, run_after=None
[2024-11-27T12:11:06.407-0500] {processor.py:208} INFO - Processing /home/vanaprastha/airflow/dags/PART 3/Xcom/xcom_with_current_context.py took 0.071 seconds
[2024-11-27T12:11:51.094-0500] {processor.py:186} INFO - Started process (PID=32148) to work on /home/vanaprastha/airflow/dags/PART 3/Xcom/xcom_with_current_context.py
[2024-11-27T12:11:51.098-0500] {processor.py:914} INFO - Processing file /home/vanaprastha/airflow/dags/PART 3/Xcom/xcom_with_current_context.py for tasks to queue
[2024-11-27T12:11:51.099-0500] {logging_mixin.py:190} INFO - [2024-11-27T12:11:51.099-0500] {dagbag.py:588} INFO - Filling up the DagBag from /home/vanaprastha/airflow/dags/PART 3/Xcom/xcom_with_current_context.py
[2024-11-27T12:11:51.105-0500] {processor.py:925} INFO - DAG(s) 'xcom_with_current_context' retrieved from /home/vanaprastha/airflow/dags/PART 3/Xcom/xcom_with_current_context.py
[2024-11-27T12:11:51.118-0500] {logging_mixin.py:190} INFO - [2024-11-27T12:11:51.118-0500] {dag.py:3239} INFO - Sync 1 DAGs
[2024-11-27T12:11:51.134-0500] {logging_mixin.py:190} INFO - [2024-11-27T12:11:51.134-0500] {dag.py:4180} INFO - Setting next_dagrun for xcom_with_current_context to None, run_after=None
[2024-11-27T12:11:51.164-0500] {processor.py:208} INFO - Processing /home/vanaprastha/airflow/dags/PART 3/Xcom/xcom_with_current_context.py took 0.074 seconds
[2024-11-27T12:12:35.619-0500] {processor.py:186} INFO - Started process (PID=32239) to work on /home/vanaprastha/airflow/dags/PART 3/Xcom/xcom_with_current_context.py
[2024-11-27T12:12:35.638-0500] {processor.py:914} INFO - Processing file /home/vanaprastha/airflow/dags/PART 3/Xcom/xcom_with_current_context.py for tasks to queue
[2024-11-27T12:12:35.642-0500] {logging_mixin.py:190} INFO - [2024-11-27T12:12:35.641-0500] {dagbag.py:588} INFO - Filling up the DagBag from /home/vanaprastha/airflow/dags/PART 3/Xcom/xcom_with_current_context.py
[2024-11-27T12:12:35.652-0500] {processor.py:925} INFO - DAG(s) 'xcom_with_current_context' retrieved from /home/vanaprastha/airflow/dags/PART 3/Xcom/xcom_with_current_context.py
[2024-11-27T12:12:35.660-0500] {logging_mixin.py:190} INFO - [2024-11-27T12:12:35.660-0500] {dag.py:3239} INFO - Sync 1 DAGs
[2024-11-27T12:12:35.671-0500] {logging_mixin.py:190} INFO - [2024-11-27T12:12:35.671-0500] {dag.py:4180} INFO - Setting next_dagrun for xcom_with_current_context to None, run_after=None
[2024-11-27T12:12:35.687-0500] {processor.py:208} INFO - Processing /home/vanaprastha/airflow/dags/PART 3/Xcom/xcom_with_current_context.py took 0.075 seconds
[2024-11-27T12:13:21.164-0500] {processor.py:186} INFO - Started process (PID=32293) to work on /home/vanaprastha/airflow/dags/PART 3/Xcom/xcom_with_current_context.py
[2024-11-27T12:13:21.183-0500] {processor.py:914} INFO - Processing file /home/vanaprastha/airflow/dags/PART 3/Xcom/xcom_with_current_context.py for tasks to queue
[2024-11-27T12:13:21.184-0500] {logging_mixin.py:190} INFO - [2024-11-27T12:13:21.184-0500] {dagbag.py:588} INFO - Filling up the DagBag from /home/vanaprastha/airflow/dags/PART 3/Xcom/xcom_with_current_context.py
[2024-11-27T12:13:21.193-0500] {processor.py:925} INFO - DAG(s) 'xcom_with_current_context' retrieved from /home/vanaprastha/airflow/dags/PART 3/Xcom/xcom_with_current_context.py
[2024-11-27T12:13:21.214-0500] {logging_mixin.py:190} INFO - [2024-11-27T12:13:21.213-0500] {dag.py:3239} INFO - Sync 1 DAGs
[2024-11-27T12:13:21.229-0500] {logging_mixin.py:190} INFO - [2024-11-27T12:13:21.229-0500] {dag.py:4180} INFO - Setting next_dagrun for xcom_with_current_context to None, run_after=None
[2024-11-27T12:13:21.248-0500] {processor.py:208} INFO - Processing /home/vanaprastha/airflow/dags/PART 3/Xcom/xcom_with_current_context.py took 0.094 seconds
[2024-11-27T12:13:52.062-0500] {processor.py:186} INFO - Started process (PID=32404) to work on /home/vanaprastha/airflow/dags/PART 3/Xcom/xcom_with_current_context.py
[2024-11-27T12:13:52.063-0500] {processor.py:914} INFO - Processing file /home/vanaprastha/airflow/dags/PART 3/Xcom/xcom_with_current_context.py for tasks to queue
[2024-11-27T12:13:52.064-0500] {logging_mixin.py:190} INFO - [2024-11-27T12:13:52.064-0500] {dagbag.py:588} INFO - Filling up the DagBag from /home/vanaprastha/airflow/dags/PART 3/Xcom/xcom_with_current_context.py
[2024-11-27T12:13:52.070-0500] {processor.py:925} INFO - DAG(s) 'xcom_with_current_context' retrieved from /home/vanaprastha/airflow/dags/PART 3/Xcom/xcom_with_current_context.py
[2024-11-27T12:13:52.087-0500] {logging_mixin.py:190} INFO - [2024-11-27T12:13:52.087-0500] {dag.py:3239} INFO - Sync 1 DAGs
[2024-11-27T12:13:52.101-0500] {logging_mixin.py:190} INFO - [2024-11-27T12:13:52.101-0500] {dag.py:4180} INFO - Setting next_dagrun for xcom_with_current_context to None, run_after=None
[2024-11-27T12:13:52.122-0500] {processor.py:208} INFO - Processing /home/vanaprastha/airflow/dags/PART 3/Xcom/xcom_with_current_context.py took 0.066 seconds
[2024-11-27T12:15:19.300-0500] {processor.py:186} INFO - Started process (PID=32544) to work on /home/vanaprastha/airflow/dags/PART 3/Xcom/xcom_with_current_context.py
[2024-11-27T12:15:19.319-0500] {processor.py:914} INFO - Processing file /home/vanaprastha/airflow/dags/PART 3/Xcom/xcom_with_current_context.py for tasks to queue
[2024-11-27T12:15:19.321-0500] {logging_mixin.py:190} INFO - [2024-11-27T12:15:19.320-0500] {dagbag.py:588} INFO - Filling up the DagBag from /home/vanaprastha/airflow/dags/PART 3/Xcom/xcom_with_current_context.py
[2024-11-27T12:15:19.328-0500] {processor.py:925} INFO - DAG(s) 'xcom_with_current_context' retrieved from /home/vanaprastha/airflow/dags/PART 3/Xcom/xcom_with_current_context.py
[2024-11-27T12:15:19.337-0500] {logging_mixin.py:190} INFO - [2024-11-27T12:15:19.337-0500] {dag.py:3239} INFO - Sync 1 DAGs
[2024-11-27T12:15:19.350-0500] {logging_mixin.py:190} INFO - [2024-11-27T12:15:19.350-0500] {dag.py:4180} INFO - Setting next_dagrun for xcom_with_current_context to None, run_after=None
[2024-11-27T12:15:19.501-0500] {processor.py:208} INFO - Processing /home/vanaprastha/airflow/dags/PART 3/Xcom/xcom_with_current_context.py took 0.205 seconds
[2024-11-27T12:16:25.014-0500] {processor.py:186} INFO - Started process (PID=32620) to work on /home/vanaprastha/airflow/dags/PART 3/Xcom/xcom_with_current_context.py
[2024-11-27T12:16:25.033-0500] {processor.py:914} INFO - Processing file /home/vanaprastha/airflow/dags/PART 3/Xcom/xcom_with_current_context.py for tasks to queue
[2024-11-27T12:16:25.035-0500] {logging_mixin.py:190} INFO - [2024-11-27T12:16:25.034-0500] {dagbag.py:588} INFO - Filling up the DagBag from /home/vanaprastha/airflow/dags/PART 3/Xcom/xcom_with_current_context.py
[2024-11-27T12:16:25.042-0500] {processor.py:925} INFO - DAG(s) 'xcom_with_current_context' retrieved from /home/vanaprastha/airflow/dags/PART 3/Xcom/xcom_with_current_context.py
[2024-11-27T12:16:25.052-0500] {logging_mixin.py:190} INFO - [2024-11-27T12:16:25.052-0500] {dag.py:3239} INFO - Sync 1 DAGs
[2024-11-27T12:16:25.066-0500] {logging_mixin.py:190} INFO - [2024-11-27T12:16:25.066-0500] {dag.py:4180} INFO - Setting next_dagrun for xcom_with_current_context to None, run_after=None
[2024-11-27T12:16:25.086-0500] {processor.py:208} INFO - Processing /home/vanaprastha/airflow/dags/PART 3/Xcom/xcom_with_current_context.py took 0.075 seconds
[2024-11-27T12:17:22.622-0500] {processor.py:186} INFO - Started process (PID=32698) to work on /home/vanaprastha/airflow/dags/PART 3/Xcom/xcom_with_current_context.py
[2024-11-27T12:17:22.641-0500] {processor.py:914} INFO - Processing file /home/vanaprastha/airflow/dags/PART 3/Xcom/xcom_with_current_context.py for tasks to queue
[2024-11-27T12:17:22.645-0500] {logging_mixin.py:190} INFO - [2024-11-27T12:17:22.644-0500] {dagbag.py:588} INFO - Filling up the DagBag from /home/vanaprastha/airflow/dags/PART 3/Xcom/xcom_with_current_context.py
[2024-11-27T12:17:22.655-0500] {processor.py:925} INFO - DAG(s) 'xcom_with_current_context' retrieved from /home/vanaprastha/airflow/dags/PART 3/Xcom/xcom_with_current_context.py
[2024-11-27T12:17:22.664-0500] {logging_mixin.py:190} INFO - [2024-11-27T12:17:22.664-0500] {dag.py:3239} INFO - Sync 1 DAGs
[2024-11-27T12:17:22.772-0500] {logging_mixin.py:190} INFO - [2024-11-27T12:17:22.772-0500] {dag.py:4180} INFO - Setting next_dagrun for xcom_with_current_context to None, run_after=None
[2024-11-27T12:17:22.809-0500] {processor.py:208} INFO - Processing /home/vanaprastha/airflow/dags/PART 3/Xcom/xcom_with_current_context.py took 0.191 seconds
[2024-11-27T12:17:50.163-0500] {processor.py:186} INFO - Started process (PID=32802) to work on /home/vanaprastha/airflow/dags/PART 3/Xcom/xcom_with_current_context.py
[2024-11-27T12:17:50.164-0500] {processor.py:914} INFO - Processing file /home/vanaprastha/airflow/dags/PART 3/Xcom/xcom_with_current_context.py for tasks to queue
[2024-11-27T12:17:50.169-0500] {logging_mixin.py:190} INFO - [2024-11-27T12:17:50.169-0500] {dagbag.py:588} INFO - Filling up the DagBag from /home/vanaprastha/airflow/dags/PART 3/Xcom/xcom_with_current_context.py
[2024-11-27T12:17:50.178-0500] {processor.py:925} INFO - DAG(s) 'xcom_with_current_context' retrieved from /home/vanaprastha/airflow/dags/PART 3/Xcom/xcom_with_current_context.py
[2024-11-27T12:17:50.199-0500] {logging_mixin.py:190} INFO - [2024-11-27T12:17:50.199-0500] {dag.py:3239} INFO - Sync 1 DAGs
[2024-11-27T12:17:50.216-0500] {logging_mixin.py:190} INFO - [2024-11-27T12:17:50.216-0500] {dag.py:4180} INFO - Setting next_dagrun for xcom_with_current_context to None, run_after=None
[2024-11-27T12:17:50.246-0500] {processor.py:208} INFO - Processing /home/vanaprastha/airflow/dags/PART 3/Xcom/xcom_with_current_context.py took 0.088 seconds
[2024-11-27T12:19:25.338-0500] {processor.py:186} INFO - Started process (PID=32966) to work on /home/vanaprastha/airflow/dags/PART 3/Xcom/xcom_with_current_context.py
[2024-11-27T12:19:25.357-0500] {processor.py:914} INFO - Processing file /home/vanaprastha/airflow/dags/PART 3/Xcom/xcom_with_current_context.py for tasks to queue
[2024-11-27T12:19:25.359-0500] {logging_mixin.py:190} INFO - [2024-11-27T12:19:25.358-0500] {dagbag.py:588} INFO - Filling up the DagBag from /home/vanaprastha/airflow/dags/PART 3/Xcom/xcom_with_current_context.py
[2024-11-27T12:19:25.364-0500] {processor.py:925} INFO - DAG(s) 'xcom_with_current_context' retrieved from /home/vanaprastha/airflow/dags/PART 3/Xcom/xcom_with_current_context.py
[2024-11-27T12:19:25.375-0500] {logging_mixin.py:190} INFO - [2024-11-27T12:19:25.375-0500] {dag.py:3239} INFO - Sync 1 DAGs
[2024-11-27T12:19:25.389-0500] {logging_mixin.py:190} INFO - [2024-11-27T12:19:25.389-0500] {dag.py:4180} INFO - Setting next_dagrun for xcom_with_current_context to None, run_after=None
[2024-11-27T12:19:25.554-0500] {processor.py:208} INFO - Processing /home/vanaprastha/airflow/dags/PART 3/Xcom/xcom_with_current_context.py took 0.221 seconds
[2024-11-27T12:20:37.026-0500] {processor.py:186} INFO - Started process (PID=33050) to work on /home/vanaprastha/airflow/dags/PART 3/Xcom/xcom_with_current_context.py
[2024-11-27T12:20:37.027-0500] {processor.py:914} INFO - Processing file /home/vanaprastha/airflow/dags/PART 3/Xcom/xcom_with_current_context.py for tasks to queue
[2024-11-27T12:20:37.029-0500] {logging_mixin.py:190} INFO - [2024-11-27T12:20:37.029-0500] {dagbag.py:588} INFO - Filling up the DagBag from /home/vanaprastha/airflow/dags/PART 3/Xcom/xcom_with_current_context.py
[2024-11-27T12:20:37.034-0500] {processor.py:925} INFO - DAG(s) 'xcom_with_current_context' retrieved from /home/vanaprastha/airflow/dags/PART 3/Xcom/xcom_with_current_context.py
[2024-11-27T12:20:37.043-0500] {logging_mixin.py:190} INFO - [2024-11-27T12:20:37.043-0500] {dag.py:3239} INFO - Sync 1 DAGs
[2024-11-27T12:20:37.054-0500] {logging_mixin.py:190} INFO - [2024-11-27T12:20:37.054-0500] {dag.py:4180} INFO - Setting next_dagrun for xcom_with_current_context to None, run_after=None
[2024-11-27T12:20:37.070-0500] {processor.py:208} INFO - Processing /home/vanaprastha/airflow/dags/PART 3/Xcom/xcom_with_current_context.py took 0.048 seconds
