[2024-11-27T11:43:38.340-0500] {processor.py:186} INFO - Started process (PID=27235) to work on /home/vanaprastha/airflow/dags/PART 3/Trigger
Another DAG/sleep_python.py
[2024-11-27T11:43:38.341-0500] {processor.py:914} INFO - Processing file /home/vanaprastha/airflow/dags/PART 3/Trigger
Another DAG/sleep_python.py for tasks to queue
[2024-11-27T11:43:38.342-0500] {logging_mixin.py:190} INFO - [2024-11-27T11:43:38.341-0500] {dagbag.py:588} INFO - Filling up the DagBag from /home/vanaprastha/airflow/dags/PART 3/Trigger
Another DAG/sleep_python.py
[2024-11-27T11:43:38.347-0500] {processor.py:925} INFO - DAG(s) 'sleep_python' retrieved from /home/vanaprastha/airflow/dags/PART 3/Trigger
Another DAG/sleep_python.py
[2024-11-27T11:43:38.403-0500] {logging_mixin.py:190} INFO - [2024-11-27T11:43:38.403-0500] {dag.py:3239} INFO - Sync 1 DAGs
[2024-11-27T11:43:38.413-0500] {logging_mixin.py:190} INFO - [2024-11-27T11:43:38.413-0500] {dag.py:4180} INFO - Setting next_dagrun for sleep_python to None, run_after=None
[2024-11-27T11:43:38.582-0500] {processor.py:208} INFO - Processing /home/vanaprastha/airflow/dags/PART 3/Trigger
Another DAG/sleep_python.py took 0.246 seconds
[2024-11-27T11:44:42.763-0500] {processor.py:186} INFO - Started process (PID=27397) to work on /home/vanaprastha/airflow/dags/PART 3/Trigger
Another DAG/sleep_python.py
[2024-11-27T11:44:42.781-0500] {processor.py:914} INFO - Processing file /home/vanaprastha/airflow/dags/PART 3/Trigger
Another DAG/sleep_python.py for tasks to queue
[2024-11-27T11:44:42.784-0500] {logging_mixin.py:190} INFO - [2024-11-27T11:44:42.784-0500] {dagbag.py:588} INFO - Filling up the DagBag from /home/vanaprastha/airflow/dags/PART 3/Trigger
Another DAG/sleep_python.py
[2024-11-27T11:44:42.794-0500] {processor.py:925} INFO - DAG(s) 'sleep_python' retrieved from /home/vanaprastha/airflow/dags/PART 3/Trigger
Another DAG/sleep_python.py
[2024-11-27T11:44:42.803-0500] {logging_mixin.py:190} INFO - [2024-11-27T11:44:42.803-0500] {dag.py:3239} INFO - Sync 1 DAGs
[2024-11-27T11:44:42.813-0500] {logging_mixin.py:190} INFO - [2024-11-27T11:44:42.813-0500] {dag.py:4180} INFO - Setting next_dagrun for sleep_python to None, run_after=None
[2024-11-27T11:44:42.830-0500] {processor.py:208} INFO - Processing /home/vanaprastha/airflow/dags/PART 3/Trigger
Another DAG/sleep_python.py took 0.075 seconds
[2024-11-27T11:45:20.508-0500] {processor.py:186} INFO - Started process (PID=27445) to work on /home/vanaprastha/airflow/dags/PART 3/Trigger
Another DAG/sleep_python.py
[2024-11-27T11:45:20.509-0500] {processor.py:914} INFO - Processing file /home/vanaprastha/airflow/dags/PART 3/Trigger
Another DAG/sleep_python.py for tasks to queue
[2024-11-27T11:45:20.510-0500] {logging_mixin.py:190} INFO - [2024-11-27T11:45:20.509-0500] {dagbag.py:588} INFO - Filling up the DagBag from /home/vanaprastha/airflow/dags/PART 3/Trigger
Another DAG/sleep_python.py
[2024-11-27T11:45:20.514-0500] {processor.py:925} INFO - DAG(s) 'sleep_python' retrieved from /home/vanaprastha/airflow/dags/PART 3/Trigger
Another DAG/sleep_python.py
[2024-11-27T11:45:20.522-0500] {logging_mixin.py:190} INFO - [2024-11-27T11:45:20.522-0500] {dag.py:3239} INFO - Sync 1 DAGs
[2024-11-27T11:45:20.631-0500] {logging_mixin.py:190} INFO - [2024-11-27T11:45:20.631-0500] {dag.py:4180} INFO - Setting next_dagrun for sleep_python to None, run_after=None
[2024-11-27T11:45:20.666-0500] {processor.py:208} INFO - Processing /home/vanaprastha/airflow/dags/PART 3/Trigger
Another DAG/sleep_python.py took 0.161 seconds
[2024-11-27T11:46:01.062-0500] {processor.py:186} INFO - Started process (PID=27509) to work on /home/vanaprastha/airflow/dags/PART 3/Trigger
Another DAG/sleep_python.py
[2024-11-27T11:46:01.082-0500] {processor.py:914} INFO - Processing file /home/vanaprastha/airflow/dags/PART 3/Trigger
Another DAG/sleep_python.py for tasks to queue
[2024-11-27T11:46:01.083-0500] {logging_mixin.py:190} INFO - [2024-11-27T11:46:01.083-0500] {dagbag.py:588} INFO - Filling up the DagBag from /home/vanaprastha/airflow/dags/PART 3/Trigger
Another DAG/sleep_python.py
[2024-11-27T11:46:01.092-0500] {processor.py:925} INFO - DAG(s) 'sleep_python' retrieved from /home/vanaprastha/airflow/dags/PART 3/Trigger
Another DAG/sleep_python.py
[2024-11-27T11:46:01.100-0500] {logging_mixin.py:190} INFO - [2024-11-27T11:46:01.100-0500] {dag.py:3239} INFO - Sync 1 DAGs
[2024-11-27T11:46:01.112-0500] {logging_mixin.py:190} INFO - [2024-11-27T11:46:01.112-0500] {dag.py:4180} INFO - Setting next_dagrun for sleep_python to None, run_after=None
[2024-11-27T11:46:01.128-0500] {processor.py:208} INFO - Processing /home/vanaprastha/airflow/dags/PART 3/Trigger
Another DAG/sleep_python.py took 0.071 seconds
[2024-11-27T11:46:37.229-0500] {processor.py:186} INFO - Started process (PID=27555) to work on /home/vanaprastha/airflow/dags/PART 3/Trigger
Another DAG/sleep_python.py
[2024-11-27T11:46:37.248-0500] {processor.py:914} INFO - Processing file /home/vanaprastha/airflow/dags/PART 3/Trigger
Another DAG/sleep_python.py for tasks to queue
[2024-11-27T11:46:37.250-0500] {logging_mixin.py:190} INFO - [2024-11-27T11:46:37.249-0500] {dagbag.py:588} INFO - Filling up the DagBag from /home/vanaprastha/airflow/dags/PART 3/Trigger
Another DAG/sleep_python.py
[2024-11-27T11:46:37.260-0500] {processor.py:925} INFO - DAG(s) 'sleep_python' retrieved from /home/vanaprastha/airflow/dags/PART 3/Trigger
Another DAG/sleep_python.py
[2024-11-27T11:46:37.268-0500] {logging_mixin.py:190} INFO - [2024-11-27T11:46:37.268-0500] {dag.py:3239} INFO - Sync 1 DAGs
[2024-11-27T11:46:37.279-0500] {logging_mixin.py:190} INFO - [2024-11-27T11:46:37.279-0500] {dag.py:4180} INFO - Setting next_dagrun for sleep_python to None, run_after=None
[2024-11-27T11:46:37.293-0500] {processor.py:208} INFO - Processing /home/vanaprastha/airflow/dags/PART 3/Trigger
Another DAG/sleep_python.py took 0.069 seconds
[2024-11-27T11:47:09.256-0500] {processor.py:186} INFO - Started process (PID=27661) to work on /home/vanaprastha/airflow/dags/PART 3/Trigger
Another DAG/sleep_python.py
[2024-11-27T11:47:09.256-0500] {processor.py:914} INFO - Processing file /home/vanaprastha/airflow/dags/PART 3/Trigger
Another DAG/sleep_python.py for tasks to queue
[2024-11-27T11:47:09.257-0500] {logging_mixin.py:190} INFO - [2024-11-27T11:47:09.257-0500] {dagbag.py:588} INFO - Filling up the DagBag from /home/vanaprastha/airflow/dags/PART 3/Trigger
Another DAG/sleep_python.py
[2024-11-27T11:47:09.263-0500] {processor.py:925} INFO - DAG(s) 'sleep_python' retrieved from /home/vanaprastha/airflow/dags/PART 3/Trigger
Another DAG/sleep_python.py
[2024-11-27T11:47:09.270-0500] {logging_mixin.py:190} INFO - [2024-11-27T11:47:09.270-0500] {dag.py:3239} INFO - Sync 1 DAGs
[2024-11-27T11:47:09.281-0500] {logging_mixin.py:190} INFO - [2024-11-27T11:47:09.281-0500] {dag.py:4180} INFO - Setting next_dagrun for sleep_python to None, run_after=None
[2024-11-27T11:47:09.297-0500] {processor.py:208} INFO - Processing /home/vanaprastha/airflow/dags/PART 3/Trigger
Another DAG/sleep_python.py took 0.045 seconds
[2024-11-27T11:47:43.858-0500] {processor.py:186} INFO - Started process (PID=27730) to work on /home/vanaprastha/airflow/dags/PART 3/Trigger
Another DAG/sleep_python.py
[2024-11-27T11:47:43.860-0500] {processor.py:914} INFO - Processing file /home/vanaprastha/airflow/dags/PART 3/Trigger
Another DAG/sleep_python.py for tasks to queue
[2024-11-27T11:47:43.861-0500] {logging_mixin.py:190} INFO - [2024-11-27T11:47:43.861-0500] {dagbag.py:588} INFO - Filling up the DagBag from /home/vanaprastha/airflow/dags/PART 3/Trigger
Another DAG/sleep_python.py
[2024-11-27T11:47:43.867-0500] {processor.py:925} INFO - DAG(s) 'sleep_python' retrieved from /home/vanaprastha/airflow/dags/PART 3/Trigger
Another DAG/sleep_python.py
[2024-11-27T11:47:43.874-0500] {logging_mixin.py:190} INFO - [2024-11-27T11:47:43.874-0500] {dag.py:3239} INFO - Sync 1 DAGs
[2024-11-27T11:47:43.885-0500] {logging_mixin.py:190} INFO - [2024-11-27T11:47:43.885-0500] {dag.py:4180} INFO - Setting next_dagrun for sleep_python to None, run_after=None
[2024-11-27T11:47:43.900-0500] {processor.py:208} INFO - Processing /home/vanaprastha/airflow/dags/PART 3/Trigger
Another DAG/sleep_python.py took 0.047 seconds
[2024-11-27T11:47:55.574-0500] {processor.py:186} INFO - Started process (PID=27762) to work on /home/vanaprastha/airflow/dags/PART 3/Trigger
Another DAG/sleep_python.py
[2024-11-27T11:47:55.575-0500] {processor.py:914} INFO - Processing file /home/vanaprastha/airflow/dags/PART 3/Trigger
Another DAG/sleep_python.py for tasks to queue
[2024-11-27T11:47:55.577-0500] {logging_mixin.py:190} INFO - [2024-11-27T11:47:55.576-0500] {dagbag.py:588} INFO - Filling up the DagBag from /home/vanaprastha/airflow/dags/PART 3/Trigger
Another DAG/sleep_python.py
[2024-11-27T11:47:55.583-0500] {processor.py:925} INFO - DAG(s) 'sleep_python' retrieved from /home/vanaprastha/airflow/dags/PART 3/Trigger
Another DAG/sleep_python.py
[2024-11-27T11:47:55.590-0500] {logging_mixin.py:190} INFO - [2024-11-27T11:47:55.590-0500] {dag.py:3239} INFO - Sync 1 DAGs
[2024-11-27T11:47:55.601-0500] {logging_mixin.py:190} INFO - [2024-11-27T11:47:55.601-0500] {dag.py:4180} INFO - Setting next_dagrun for sleep_python to None, run_after=None
[2024-11-27T11:47:55.622-0500] {processor.py:208} INFO - Processing /home/vanaprastha/airflow/dags/PART 3/Trigger
Another DAG/sleep_python.py took 0.051 seconds
[2024-11-27T11:49:37.072-0500] {processor.py:186} INFO - Started process (PID=27928) to work on /home/vanaprastha/airflow/dags/PART 3/Trigger
Another DAG/sleep_python.py
[2024-11-27T11:49:37.092-0500] {processor.py:914} INFO - Processing file /home/vanaprastha/airflow/dags/PART 3/Trigger
Another DAG/sleep_python.py for tasks to queue
[2024-11-27T11:49:37.095-0500] {logging_mixin.py:190} INFO - [2024-11-27T11:49:37.095-0500] {dagbag.py:588} INFO - Filling up the DagBag from /home/vanaprastha/airflow/dags/PART 3/Trigger
Another DAG/sleep_python.py
[2024-11-27T11:49:37.104-0500] {processor.py:925} INFO - DAG(s) 'sleep_python' retrieved from /home/vanaprastha/airflow/dags/PART 3/Trigger
Another DAG/sleep_python.py
[2024-11-27T11:49:37.113-0500] {logging_mixin.py:190} INFO - [2024-11-27T11:49:37.113-0500] {dag.py:3239} INFO - Sync 1 DAGs
[2024-11-27T11:49:37.123-0500] {logging_mixin.py:190} INFO - [2024-11-27T11:49:37.123-0500] {dag.py:4180} INFO - Setting next_dagrun for sleep_python to None, run_after=None
[2024-11-27T11:49:37.235-0500] {processor.py:208} INFO - Processing /home/vanaprastha/airflow/dags/PART 3/Trigger
Another DAG/sleep_python.py took 0.167 seconds
[2024-11-27T11:50:50.046-0500] {processor.py:186} INFO - Started process (PID=28012) to work on /home/vanaprastha/airflow/dags/PART 3/Trigger
Another DAG/sleep_python.py
[2024-11-27T11:50:50.046-0500] {processor.py:914} INFO - Processing file /home/vanaprastha/airflow/dags/PART 3/Trigger
Another DAG/sleep_python.py for tasks to queue
[2024-11-27T11:50:50.048-0500] {logging_mixin.py:190} INFO - [2024-11-27T11:50:50.048-0500] {dagbag.py:588} INFO - Filling up the DagBag from /home/vanaprastha/airflow/dags/PART 3/Trigger
Another DAG/sleep_python.py
[2024-11-27T11:50:50.053-0500] {processor.py:925} INFO - DAG(s) 'sleep_python' retrieved from /home/vanaprastha/airflow/dags/PART 3/Trigger
Another DAG/sleep_python.py
[2024-11-27T11:50:50.061-0500] {logging_mixin.py:190} INFO - [2024-11-27T11:50:50.061-0500] {dag.py:3239} INFO - Sync 1 DAGs
[2024-11-27T11:50:50.072-0500] {logging_mixin.py:190} INFO - [2024-11-27T11:50:50.071-0500] {dag.py:4180} INFO - Setting next_dagrun for sleep_python to None, run_after=None
[2024-11-27T11:50:50.087-0500] {processor.py:208} INFO - Processing /home/vanaprastha/airflow/dags/PART 3/Trigger
Another DAG/sleep_python.py took 0.044 seconds
[2024-11-27T11:51:20.416-0500] {processor.py:186} INFO - Started process (PID=28055) to work on /home/vanaprastha/airflow/dags/PART 3/Trigger
Another DAG/sleep_python.py
[2024-11-27T11:51:20.417-0500] {processor.py:914} INFO - Processing file /home/vanaprastha/airflow/dags/PART 3/Trigger
Another DAG/sleep_python.py for tasks to queue
[2024-11-27T11:51:20.418-0500] {logging_mixin.py:190} INFO - [2024-11-27T11:51:20.418-0500] {dagbag.py:588} INFO - Filling up the DagBag from /home/vanaprastha/airflow/dags/PART 3/Trigger
Another DAG/sleep_python.py
[2024-11-27T11:51:20.422-0500] {processor.py:925} INFO - DAG(s) 'sleep_python' retrieved from /home/vanaprastha/airflow/dags/PART 3/Trigger
Another DAG/sleep_python.py
[2024-11-27T11:51:20.431-0500] {logging_mixin.py:190} INFO - [2024-11-27T11:51:20.430-0500] {dag.py:3239} INFO - Sync 1 DAGs
[2024-11-27T11:51:20.442-0500] {logging_mixin.py:190} INFO - [2024-11-27T11:51:20.442-0500] {dag.py:4180} INFO - Setting next_dagrun for sleep_python to None, run_after=None
[2024-11-27T11:51:20.460-0500] {processor.py:208} INFO - Processing /home/vanaprastha/airflow/dags/PART 3/Trigger
Another DAG/sleep_python.py took 0.046 seconds
[2024-11-27T11:52:30.436-0500] {processor.py:186} INFO - Started process (PID=28210) to work on /home/vanaprastha/airflow/dags/PART 3/Trigger
Another DAG/sleep_python.py
[2024-11-27T11:52:30.455-0500] {processor.py:914} INFO - Processing file /home/vanaprastha/airflow/dags/PART 3/Trigger
Another DAG/sleep_python.py for tasks to queue
[2024-11-27T11:52:30.458-0500] {logging_mixin.py:190} INFO - [2024-11-27T11:52:30.458-0500] {dagbag.py:588} INFO - Filling up the DagBag from /home/vanaprastha/airflow/dags/PART 3/Trigger
Another DAG/sleep_python.py
[2024-11-27T11:52:30.465-0500] {processor.py:925} INFO - DAG(s) 'sleep_python' retrieved from /home/vanaprastha/airflow/dags/PART 3/Trigger
Another DAG/sleep_python.py
[2024-11-27T11:52:30.472-0500] {logging_mixin.py:190} INFO - [2024-11-27T11:52:30.472-0500] {dag.py:3239} INFO - Sync 1 DAGs
[2024-11-27T11:52:30.483-0500] {logging_mixin.py:190} INFO - [2024-11-27T11:52:30.482-0500] {dag.py:4180} INFO - Setting next_dagrun for sleep_python to None, run_after=None
[2024-11-27T11:52:30.593-0500] {processor.py:208} INFO - Processing /home/vanaprastha/airflow/dags/PART 3/Trigger
Another DAG/sleep_python.py took 0.162 seconds
[2024-11-27T11:53:20.741-0500] {processor.py:186} INFO - Started process (PID=28312) to work on /home/vanaprastha/airflow/dags/PART 3/Trigger
Another DAG/sleep_python.py
[2024-11-27T11:53:20.760-0500] {processor.py:914} INFO - Processing file /home/vanaprastha/airflow/dags/PART 3/Trigger
Another DAG/sleep_python.py for tasks to queue
[2024-11-27T11:53:20.762-0500] {logging_mixin.py:190} INFO - [2024-11-27T11:53:20.762-0500] {dagbag.py:588} INFO - Filling up the DagBag from /home/vanaprastha/airflow/dags/PART 3/Trigger
Another DAG/sleep_python.py
[2024-11-27T11:53:20.768-0500] {processor.py:925} INFO - DAG(s) 'sleep_python' retrieved from /home/vanaprastha/airflow/dags/PART 3/Trigger
Another DAG/sleep_python.py
[2024-11-27T11:53:20.779-0500] {logging_mixin.py:190} INFO - [2024-11-27T11:53:20.779-0500] {dag.py:3239} INFO - Sync 1 DAGs
[2024-11-27T11:53:20.796-0500] {logging_mixin.py:190} INFO - [2024-11-27T11:53:20.795-0500] {dag.py:4180} INFO - Setting next_dagrun for sleep_python to None, run_after=None
[2024-11-27T11:53:20.818-0500] {processor.py:208} INFO - Processing /home/vanaprastha/airflow/dags/PART 3/Trigger
Another DAG/sleep_python.py took 0.081 seconds
[2024-11-27T11:54:24.960-0500] {processor.py:186} INFO - Started process (PID=28389) to work on /home/vanaprastha/airflow/dags/PART 3/Trigger
Another DAG/sleep_python.py
[2024-11-27T11:54:24.979-0500] {processor.py:914} INFO - Processing file /home/vanaprastha/airflow/dags/PART 3/Trigger
Another DAG/sleep_python.py for tasks to queue
[2024-11-27T11:54:24.980-0500] {logging_mixin.py:190} INFO - [2024-11-27T11:54:24.980-0500] {dagbag.py:588} INFO - Filling up the DagBag from /home/vanaprastha/airflow/dags/PART 3/Trigger
Another DAG/sleep_python.py
[2024-11-27T11:54:24.987-0500] {processor.py:925} INFO - DAG(s) 'sleep_python' retrieved from /home/vanaprastha/airflow/dags/PART 3/Trigger
Another DAG/sleep_python.py
[2024-11-27T11:54:24.996-0500] {logging_mixin.py:190} INFO - [2024-11-27T11:54:24.996-0500] {dag.py:3239} INFO - Sync 1 DAGs
[2024-11-27T11:54:25.009-0500] {logging_mixin.py:190} INFO - [2024-11-27T11:54:25.009-0500] {dag.py:4180} INFO - Setting next_dagrun for sleep_python to None, run_after=None
[2024-11-27T11:54:25.028-0500] {processor.py:208} INFO - Processing /home/vanaprastha/airflow/dags/PART 3/Trigger
Another DAG/sleep_python.py took 0.071 seconds
[2024-11-27T11:55:34.629-0500] {processor.py:186} INFO - Started process (PID=28950) to work on /home/vanaprastha/airflow/dags/PART 3/Trigger
Another DAG/sleep_python.py
[2024-11-27T11:55:34.638-0500] {processor.py:914} INFO - Processing file /home/vanaprastha/airflow/dags/PART 3/Trigger
Another DAG/sleep_python.py for tasks to queue
[2024-11-27T11:55:34.641-0500] {logging_mixin.py:190} INFO - [2024-11-27T11:55:34.641-0500] {dagbag.py:588} INFO - Filling up the DagBag from /home/vanaprastha/airflow/dags/PART 3/Trigger
Another DAG/sleep_python.py
[2024-11-27T11:55:34.653-0500] {processor.py:925} INFO - DAG(s) 'sleep_python' retrieved from /home/vanaprastha/airflow/dags/PART 3/Trigger
Another DAG/sleep_python.py
[2024-11-27T11:55:34.690-0500] {logging_mixin.py:190} INFO - [2024-11-27T11:55:34.686-0500] {dag.py:3239} INFO - Sync 1 DAGs
[2024-11-27T11:55:34.728-0500] {logging_mixin.py:190} INFO - [2024-11-27T11:55:34.728-0500] {dag.py:4180} INFO - Setting next_dagrun for sleep_python to None, run_after=None
[2024-11-27T11:55:34.960-0500] {processor.py:208} INFO - Processing /home/vanaprastha/airflow/dags/PART 3/Trigger
Another DAG/sleep_python.py took 0.336 seconds
[2024-11-27T11:56:20.558-0500] {processor.py:186} INFO - Started process (PID=29079) to work on /home/vanaprastha/airflow/dags/PART 3/Trigger
Another DAG/sleep_python.py
[2024-11-27T11:56:20.559-0500] {processor.py:914} INFO - Processing file /home/vanaprastha/airflow/dags/PART 3/Trigger
Another DAG/sleep_python.py for tasks to queue
[2024-11-27T11:56:20.561-0500] {logging_mixin.py:190} INFO - [2024-11-27T11:56:20.561-0500] {dagbag.py:588} INFO - Filling up the DagBag from /home/vanaprastha/airflow/dags/PART 3/Trigger
Another DAG/sleep_python.py
[2024-11-27T11:56:20.569-0500] {processor.py:925} INFO - DAG(s) 'sleep_python' retrieved from /home/vanaprastha/airflow/dags/PART 3/Trigger
Another DAG/sleep_python.py
[2024-11-27T11:56:20.581-0500] {logging_mixin.py:190} INFO - [2024-11-27T11:56:20.580-0500] {dag.py:3239} INFO - Sync 1 DAGs
[2024-11-27T11:56:20.714-0500] {logging_mixin.py:190} INFO - [2024-11-27T11:56:20.714-0500] {dag.py:4180} INFO - Setting next_dagrun for sleep_python to None, run_after=None
[2024-11-27T11:56:20.732-0500] {processor.py:208} INFO - Processing /home/vanaprastha/airflow/dags/PART 3/Trigger
Another DAG/sleep_python.py took 0.181 seconds
[2024-11-27T11:57:07.430-0500] {processor.py:186} INFO - Started process (PID=29159) to work on /home/vanaprastha/airflow/dags/PART 3/Trigger
Another DAG/sleep_python.py
[2024-11-27T11:57:07.449-0500] {processor.py:914} INFO - Processing file /home/vanaprastha/airflow/dags/PART 3/Trigger
Another DAG/sleep_python.py for tasks to queue
[2024-11-27T11:57:07.452-0500] {logging_mixin.py:190} INFO - [2024-11-27T11:57:07.451-0500] {dagbag.py:588} INFO - Filling up the DagBag from /home/vanaprastha/airflow/dags/PART 3/Trigger
Another DAG/sleep_python.py
[2024-11-27T11:57:07.459-0500] {processor.py:925} INFO - DAG(s) 'sleep_python' retrieved from /home/vanaprastha/airflow/dags/PART 3/Trigger
Another DAG/sleep_python.py
[2024-11-27T11:57:07.467-0500] {logging_mixin.py:190} INFO - [2024-11-27T11:57:07.467-0500] {dag.py:3239} INFO - Sync 1 DAGs
[2024-11-27T11:57:07.478-0500] {logging_mixin.py:190} INFO - [2024-11-27T11:57:07.478-0500] {dag.py:4180} INFO - Setting next_dagrun for sleep_python to None, run_after=None
[2024-11-27T11:57:07.494-0500] {processor.py:208} INFO - Processing /home/vanaprastha/airflow/dags/PART 3/Trigger
Another DAG/sleep_python.py took 0.068 seconds
[2024-11-27T11:57:49.972-0500] {processor.py:186} INFO - Started process (PID=29234) to work on /home/vanaprastha/airflow/dags/PART 3/Trigger
Another DAG/sleep_python.py
[2024-11-27T11:57:49.992-0500] {processor.py:914} INFO - Processing file /home/vanaprastha/airflow/dags/PART 3/Trigger
Another DAG/sleep_python.py for tasks to queue
[2024-11-27T11:57:49.994-0500] {logging_mixin.py:190} INFO - [2024-11-27T11:57:49.993-0500] {dagbag.py:588} INFO - Filling up the DagBag from /home/vanaprastha/airflow/dags/PART 3/Trigger
Another DAG/sleep_python.py
[2024-11-27T11:57:50.000-0500] {processor.py:925} INFO - DAG(s) 'sleep_python' retrieved from /home/vanaprastha/airflow/dags/PART 3/Trigger
Another DAG/sleep_python.py
[2024-11-27T11:57:50.009-0500] {logging_mixin.py:190} INFO - [2024-11-27T11:57:50.008-0500] {dag.py:3239} INFO - Sync 1 DAGs
[2024-11-27T11:57:50.132-0500] {logging_mixin.py:190} INFO - [2024-11-27T11:57:50.132-0500] {dag.py:4180} INFO - Setting next_dagrun for sleep_python to None, run_after=None
[2024-11-27T11:57:50.169-0500] {processor.py:208} INFO - Processing /home/vanaprastha/airflow/dags/PART 3/Trigger
Another DAG/sleep_python.py took 0.201 seconds
[2024-11-27T11:58:33.413-0500] {processor.py:186} INFO - Started process (PID=29282) to work on /home/vanaprastha/airflow/dags/PART 3/Trigger
Another DAG/sleep_python.py
[2024-11-27T11:58:33.432-0500] {processor.py:914} INFO - Processing file /home/vanaprastha/airflow/dags/PART 3/Trigger
Another DAG/sleep_python.py for tasks to queue
[2024-11-27T11:58:33.435-0500] {logging_mixin.py:190} INFO - [2024-11-27T11:58:33.434-0500] {dagbag.py:588} INFO - Filling up the DagBag from /home/vanaprastha/airflow/dags/PART 3/Trigger
Another DAG/sleep_python.py
[2024-11-27T11:58:33.442-0500] {processor.py:925} INFO - DAG(s) 'sleep_python' retrieved from /home/vanaprastha/airflow/dags/PART 3/Trigger
Another DAG/sleep_python.py
[2024-11-27T11:58:33.450-0500] {logging_mixin.py:190} INFO - [2024-11-27T11:58:33.450-0500] {dag.py:3239} INFO - Sync 1 DAGs
[2024-11-27T11:58:33.460-0500] {logging_mixin.py:190} INFO - [2024-11-27T11:58:33.460-0500] {dag.py:4180} INFO - Setting next_dagrun for sleep_python to None, run_after=None
[2024-11-27T11:58:33.475-0500] {processor.py:208} INFO - Processing /home/vanaprastha/airflow/dags/PART 3/Trigger
Another DAG/sleep_python.py took 0.066 seconds
[2024-11-27T11:59:17.079-0500] {processor.py:186} INFO - Started process (PID=29332) to work on /home/vanaprastha/airflow/dags/PART 3/Trigger
Another DAG/sleep_python.py
[2024-11-27T11:59:17.097-0500] {processor.py:914} INFO - Processing file /home/vanaprastha/airflow/dags/PART 3/Trigger
Another DAG/sleep_python.py for tasks to queue
[2024-11-27T11:59:17.099-0500] {logging_mixin.py:190} INFO - [2024-11-27T11:59:17.099-0500] {dagbag.py:588} INFO - Filling up the DagBag from /home/vanaprastha/airflow/dags/PART 3/Trigger
Another DAG/sleep_python.py
[2024-11-27T11:59:17.106-0500] {processor.py:925} INFO - DAG(s) 'sleep_python' retrieved from /home/vanaprastha/airflow/dags/PART 3/Trigger
Another DAG/sleep_python.py
[2024-11-27T11:59:17.115-0500] {logging_mixin.py:190} INFO - [2024-11-27T11:59:17.115-0500] {dag.py:3239} INFO - Sync 1 DAGs
[2024-11-27T11:59:17.129-0500] {logging_mixin.py:190} INFO - [2024-11-27T11:59:17.129-0500] {dag.py:4180} INFO - Setting next_dagrun for sleep_python to None, run_after=None
[2024-11-27T11:59:17.146-0500] {processor.py:208} INFO - Processing /home/vanaprastha/airflow/dags/PART 3/Trigger
Another DAG/sleep_python.py took 0.072 seconds
[2024-11-27T12:00:05.001-0500] {processor.py:186} INFO - Started process (PID=29389) to work on /home/vanaprastha/airflow/dags/PART 3/Trigger
Another DAG/sleep_python.py
[2024-11-27T12:00:05.020-0500] {processor.py:914} INFO - Processing file /home/vanaprastha/airflow/dags/PART 3/Trigger
Another DAG/sleep_python.py for tasks to queue
[2024-11-27T12:00:05.023-0500] {logging_mixin.py:190} INFO - [2024-11-27T12:00:05.022-0500] {dagbag.py:588} INFO - Filling up the DagBag from /home/vanaprastha/airflow/dags/PART 3/Trigger
Another DAG/sleep_python.py
[2024-11-27T12:00:05.033-0500] {processor.py:925} INFO - DAG(s) 'sleep_python' retrieved from /home/vanaprastha/airflow/dags/PART 3/Trigger
Another DAG/sleep_python.py
[2024-11-27T12:00:05.042-0500] {logging_mixin.py:190} INFO - [2024-11-27T12:00:05.042-0500] {dag.py:3239} INFO - Sync 1 DAGs
[2024-11-27T12:00:05.054-0500] {logging_mixin.py:190} INFO - [2024-11-27T12:00:05.054-0500] {dag.py:4180} INFO - Setting next_dagrun for sleep_python to None, run_after=None
[2024-11-27T12:00:05.072-0500] {processor.py:208} INFO - Processing /home/vanaprastha/airflow/dags/PART 3/Trigger
Another DAG/sleep_python.py took 0.077 seconds
[2024-11-27T12:00:51.813-0500] {processor.py:186} INFO - Started process (PID=29524) to work on /home/vanaprastha/airflow/dags/PART 3/Trigger
Another DAG/sleep_python.py
[2024-11-27T12:00:51.832-0500] {processor.py:914} INFO - Processing file /home/vanaprastha/airflow/dags/PART 3/Trigger
Another DAG/sleep_python.py for tasks to queue
[2024-11-27T12:00:51.835-0500] {logging_mixin.py:190} INFO - [2024-11-27T12:00:51.835-0500] {dagbag.py:588} INFO - Filling up the DagBag from /home/vanaprastha/airflow/dags/PART 3/Trigger
Another DAG/sleep_python.py
[2024-11-27T12:00:51.844-0500] {processor.py:925} INFO - DAG(s) 'sleep_python' retrieved from /home/vanaprastha/airflow/dags/PART 3/Trigger
Another DAG/sleep_python.py
[2024-11-27T12:00:51.852-0500] {logging_mixin.py:190} INFO - [2024-11-27T12:00:51.852-0500] {dag.py:3239} INFO - Sync 1 DAGs
[2024-11-27T12:00:51.862-0500] {logging_mixin.py:190} INFO - [2024-11-27T12:00:51.862-0500] {dag.py:4180} INFO - Setting next_dagrun for sleep_python to None, run_after=None
[2024-11-27T12:00:51.879-0500] {processor.py:208} INFO - Processing /home/vanaprastha/airflow/dags/PART 3/Trigger
Another DAG/sleep_python.py took 0.071 seconds
[2024-11-27T12:02:05.835-0500] {processor.py:186} INFO - Started process (PID=29638) to work on /home/vanaprastha/airflow/dags/PART 3/Trigger
Another DAG/sleep_python.py
[2024-11-27T12:02:05.836-0500] {processor.py:914} INFO - Processing file /home/vanaprastha/airflow/dags/PART 3/Trigger
Another DAG/sleep_python.py for tasks to queue
[2024-11-27T12:02:05.837-0500] {logging_mixin.py:190} INFO - [2024-11-27T12:02:05.837-0500] {dagbag.py:588} INFO - Filling up the DagBag from /home/vanaprastha/airflow/dags/PART 3/Trigger
Another DAG/sleep_python.py
[2024-11-27T12:02:05.841-0500] {processor.py:925} INFO - DAG(s) 'sleep_python' retrieved from /home/vanaprastha/airflow/dags/PART 3/Trigger
Another DAG/sleep_python.py
[2024-11-27T12:02:05.849-0500] {logging_mixin.py:190} INFO - [2024-11-27T12:02:05.848-0500] {dag.py:3239} INFO - Sync 1 DAGs
[2024-11-27T12:02:05.859-0500] {logging_mixin.py:190} INFO - [2024-11-27T12:02:05.859-0500] {dag.py:4180} INFO - Setting next_dagrun for sleep_python to None, run_after=None
[2024-11-27T12:02:05.976-0500] {processor.py:208} INFO - Processing /home/vanaprastha/airflow/dags/PART 3/Trigger
Another DAG/sleep_python.py took 0.144 seconds
[2024-11-27T12:02:56.692-0500] {processor.py:186} INFO - Started process (PID=29698) to work on /home/vanaprastha/airflow/dags/PART 3/Trigger
Another DAG/sleep_python.py
[2024-11-27T12:02:56.692-0500] {processor.py:914} INFO - Processing file /home/vanaprastha/airflow/dags/PART 3/Trigger
Another DAG/sleep_python.py for tasks to queue
[2024-11-27T12:02:56.694-0500] {logging_mixin.py:190} INFO - [2024-11-27T12:02:56.694-0500] {dagbag.py:588} INFO - Filling up the DagBag from /home/vanaprastha/airflow/dags/PART 3/Trigger
Another DAG/sleep_python.py
[2024-11-27T12:02:56.698-0500] {processor.py:925} INFO - DAG(s) 'sleep_python' retrieved from /home/vanaprastha/airflow/dags/PART 3/Trigger
Another DAG/sleep_python.py
[2024-11-27T12:02:56.705-0500] {logging_mixin.py:190} INFO - [2024-11-27T12:02:56.705-0500] {dag.py:3239} INFO - Sync 1 DAGs
[2024-11-27T12:02:56.811-0500] {logging_mixin.py:190} INFO - [2024-11-27T12:02:56.811-0500] {dag.py:4180} INFO - Setting next_dagrun for sleep_python to None, run_after=None
[2024-11-27T12:02:56.849-0500] {processor.py:208} INFO - Processing /home/vanaprastha/airflow/dags/PART 3/Trigger
Another DAG/sleep_python.py took 0.160 seconds
[2024-11-27T12:03:22.268-0500] {processor.py:186} INFO - Started process (PID=29803) to work on /home/vanaprastha/airflow/dags/PART 3/Trigger
Another DAG/sleep_python.py
[2024-11-27T12:03:22.269-0500] {processor.py:914} INFO - Processing file /home/vanaprastha/airflow/dags/PART 3/Trigger
Another DAG/sleep_python.py for tasks to queue
[2024-11-27T12:03:22.271-0500] {logging_mixin.py:190} INFO - [2024-11-27T12:03:22.270-0500] {dagbag.py:588} INFO - Filling up the DagBag from /home/vanaprastha/airflow/dags/PART 3/Trigger
Another DAG/sleep_python.py
[2024-11-27T12:03:22.276-0500] {processor.py:925} INFO - DAG(s) 'sleep_python' retrieved from /home/vanaprastha/airflow/dags/PART 3/Trigger
Another DAG/sleep_python.py
[2024-11-27T12:03:22.284-0500] {logging_mixin.py:190} INFO - [2024-11-27T12:03:22.284-0500] {dag.py:3239} INFO - Sync 1 DAGs
[2024-11-27T12:03:22.295-0500] {logging_mixin.py:190} INFO - [2024-11-27T12:03:22.294-0500] {dag.py:4180} INFO - Setting next_dagrun for sleep_python to None, run_after=None
[2024-11-27T12:03:22.311-0500] {processor.py:208} INFO - Processing /home/vanaprastha/airflow/dags/PART 3/Trigger
Another DAG/sleep_python.py took 0.047 seconds
[2024-11-27T12:04:41.424-0500] {processor.py:186} INFO - Started process (PID=30312) to work on /home/vanaprastha/airflow/dags/PART 3/Trigger
Another DAG/sleep_python.py
[2024-11-27T12:04:41.443-0500] {processor.py:914} INFO - Processing file /home/vanaprastha/airflow/dags/PART 3/Trigger
Another DAG/sleep_python.py for tasks to queue
[2024-11-27T12:04:41.445-0500] {logging_mixin.py:190} INFO - [2024-11-27T12:04:41.444-0500] {dagbag.py:588} INFO - Filling up the DagBag from /home/vanaprastha/airflow/dags/PART 3/Trigger
Another DAG/sleep_python.py
[2024-11-27T12:04:41.455-0500] {processor.py:925} INFO - DAG(s) 'sleep_python' retrieved from /home/vanaprastha/airflow/dags/PART 3/Trigger
Another DAG/sleep_python.py
[2024-11-27T12:04:41.467-0500] {logging_mixin.py:190} INFO - [2024-11-27T12:04:41.466-0500] {dag.py:3239} INFO - Sync 1 DAGs
[2024-11-27T12:04:41.479-0500] {logging_mixin.py:190} INFO - [2024-11-27T12:04:41.479-0500] {dag.py:4180} INFO - Setting next_dagrun for sleep_python to None, run_after=None
[2024-11-27T12:04:41.618-0500] {processor.py:208} INFO - Processing /home/vanaprastha/airflow/dags/PART 3/Trigger
Another DAG/sleep_python.py took 0.198 seconds
[2024-11-27T12:05:31.113-0500] {processor.py:186} INFO - Started process (PID=30914) to work on /home/vanaprastha/airflow/dags/PART 3/Trigger
Another DAG/sleep_python.py
[2024-11-27T12:05:31.132-0500] {processor.py:914} INFO - Processing file /home/vanaprastha/airflow/dags/PART 3/Trigger
Another DAG/sleep_python.py for tasks to queue
[2024-11-27T12:05:31.134-0500] {logging_mixin.py:190} INFO - [2024-11-27T12:05:31.133-0500] {dagbag.py:588} INFO - Filling up the DagBag from /home/vanaprastha/airflow/dags/PART 3/Trigger
Another DAG/sleep_python.py
[2024-11-27T12:05:31.140-0500] {processor.py:925} INFO - DAG(s) 'sleep_python' retrieved from /home/vanaprastha/airflow/dags/PART 3/Trigger
Another DAG/sleep_python.py
[2024-11-27T12:05:31.149-0500] {logging_mixin.py:190} INFO - [2024-11-27T12:05:31.149-0500] {dag.py:3239} INFO - Sync 1 DAGs
[2024-11-27T12:05:31.261-0500] {logging_mixin.py:190} INFO - [2024-11-27T12:05:31.260-0500] {dag.py:4180} INFO - Setting next_dagrun for sleep_python to None, run_after=None
[2024-11-27T12:05:31.293-0500] {processor.py:208} INFO - Processing /home/vanaprastha/airflow/dags/PART 3/Trigger
Another DAG/sleep_python.py took 0.184 seconds
[2024-11-27T12:06:21.766-0500] {processor.py:186} INFO - Started process (PID=31043) to work on /home/vanaprastha/airflow/dags/PART 3/Trigger
Another DAG/sleep_python.py
[2024-11-27T12:06:21.781-0500] {processor.py:914} INFO - Processing file /home/vanaprastha/airflow/dags/PART 3/Trigger
Another DAG/sleep_python.py for tasks to queue
[2024-11-27T12:06:21.784-0500] {logging_mixin.py:190} INFO - [2024-11-27T12:06:21.783-0500] {dagbag.py:588} INFO - Filling up the DagBag from /home/vanaprastha/airflow/dags/PART 3/Trigger
Another DAG/sleep_python.py
[2024-11-27T12:06:21.790-0500] {processor.py:925} INFO - DAG(s) 'sleep_python' retrieved from /home/vanaprastha/airflow/dags/PART 3/Trigger
Another DAG/sleep_python.py
[2024-11-27T12:06:21.799-0500] {logging_mixin.py:190} INFO - [2024-11-27T12:06:21.798-0500] {dag.py:3239} INFO - Sync 1 DAGs
[2024-11-27T12:06:21.809-0500] {logging_mixin.py:190} INFO - [2024-11-27T12:06:21.809-0500] {dag.py:4180} INFO - Setting next_dagrun for sleep_python to None, run_after=None
[2024-11-27T12:06:21.929-0500] {processor.py:208} INFO - Processing /home/vanaprastha/airflow/dags/PART 3/Trigger
Another DAG/sleep_python.py took 0.167 seconds
[2024-11-27T12:07:11.399-0500] {processor.py:186} INFO - Started process (PID=31626) to work on /home/vanaprastha/airflow/dags/PART 3/Trigger
Another DAG/sleep_python.py
[2024-11-27T12:07:11.400-0500] {processor.py:914} INFO - Processing file /home/vanaprastha/airflow/dags/PART 3/Trigger
Another DAG/sleep_python.py for tasks to queue
[2024-11-27T12:07:11.401-0500] {logging_mixin.py:190} INFO - [2024-11-27T12:07:11.401-0500] {dagbag.py:588} INFO - Filling up the DagBag from /home/vanaprastha/airflow/dags/PART 3/Trigger
Another DAG/sleep_python.py
[2024-11-27T12:07:11.406-0500] {processor.py:925} INFO - DAG(s) 'sleep_python' retrieved from /home/vanaprastha/airflow/dags/PART 3/Trigger
Another DAG/sleep_python.py
[2024-11-27T12:07:11.414-0500] {logging_mixin.py:190} INFO - [2024-11-27T12:07:11.414-0500] {dag.py:3239} INFO - Sync 1 DAGs
[2024-11-27T12:07:11.524-0500] {logging_mixin.py:190} INFO - [2024-11-27T12:07:11.524-0500] {dag.py:4180} INFO - Setting next_dagrun for sleep_python to None, run_after=None
[2024-11-27T12:07:11.558-0500] {processor.py:208} INFO - Processing /home/vanaprastha/airflow/dags/PART 3/Trigger
Another DAG/sleep_python.py took 0.163 seconds
[2024-11-27T12:08:04.555-0500] {processor.py:186} INFO - Started process (PID=31782) to work on /home/vanaprastha/airflow/dags/PART 3/Trigger
Another DAG/sleep_python.py
[2024-11-27T12:08:04.574-0500] {processor.py:914} INFO - Processing file /home/vanaprastha/airflow/dags/PART 3/Trigger
Another DAG/sleep_python.py for tasks to queue
[2024-11-27T12:08:04.577-0500] {logging_mixin.py:190} INFO - [2024-11-27T12:08:04.577-0500] {dagbag.py:588} INFO - Filling up the DagBag from /home/vanaprastha/airflow/dags/PART 3/Trigger
Another DAG/sleep_python.py
[2024-11-27T12:08:04.586-0500] {processor.py:925} INFO - DAG(s) 'sleep_python' retrieved from /home/vanaprastha/airflow/dags/PART 3/Trigger
Another DAG/sleep_python.py
[2024-11-27T12:08:04.594-0500] {logging_mixin.py:190} INFO - [2024-11-27T12:08:04.594-0500] {dag.py:3239} INFO - Sync 1 DAGs
[2024-11-27T12:08:04.605-0500] {logging_mixin.py:190} INFO - [2024-11-27T12:08:04.604-0500] {dag.py:4180} INFO - Setting next_dagrun for sleep_python to None, run_after=None
[2024-11-27T12:08:04.620-0500] {processor.py:208} INFO - Processing /home/vanaprastha/airflow/dags/PART 3/Trigger
Another DAG/sleep_python.py took 0.070 seconds
[2024-11-27T12:08:53.780-0500] {processor.py:186} INFO - Started process (PID=31865) to work on /home/vanaprastha/airflow/dags/PART 3/Trigger
Another DAG/sleep_python.py
[2024-11-27T12:08:53.799-0500] {processor.py:914} INFO - Processing file /home/vanaprastha/airflow/dags/PART 3/Trigger
Another DAG/sleep_python.py for tasks to queue
[2024-11-27T12:08:53.803-0500] {logging_mixin.py:190} INFO - [2024-11-27T12:08:53.803-0500] {dagbag.py:588} INFO - Filling up the DagBag from /home/vanaprastha/airflow/dags/PART 3/Trigger
Another DAG/sleep_python.py
[2024-11-27T12:08:53.813-0500] {processor.py:925} INFO - DAG(s) 'sleep_python' retrieved from /home/vanaprastha/airflow/dags/PART 3/Trigger
Another DAG/sleep_python.py
[2024-11-27T12:08:53.821-0500] {logging_mixin.py:190} INFO - [2024-11-27T12:08:53.821-0500] {dag.py:3239} INFO - Sync 1 DAGs
[2024-11-27T12:08:53.832-0500] {logging_mixin.py:190} INFO - [2024-11-27T12:08:53.832-0500] {dag.py:4180} INFO - Setting next_dagrun for sleep_python to None, run_after=None
[2024-11-27T12:08:53.848-0500] {processor.py:208} INFO - Processing /home/vanaprastha/airflow/dags/PART 3/Trigger
Another DAG/sleep_python.py took 0.076 seconds
[2024-11-27T12:09:41.618-0500] {processor.py:186} INFO - Started process (PID=31952) to work on /home/vanaprastha/airflow/dags/PART 3/Trigger
Another DAG/sleep_python.py
[2024-11-27T12:09:41.637-0500] {processor.py:914} INFO - Processing file /home/vanaprastha/airflow/dags/PART 3/Trigger
Another DAG/sleep_python.py for tasks to queue
[2024-11-27T12:09:41.640-0500] {logging_mixin.py:190} INFO - [2024-11-27T12:09:41.640-0500] {dagbag.py:588} INFO - Filling up the DagBag from /home/vanaprastha/airflow/dags/PART 3/Trigger
Another DAG/sleep_python.py
[2024-11-27T12:09:41.648-0500] {processor.py:925} INFO - DAG(s) 'sleep_python' retrieved from /home/vanaprastha/airflow/dags/PART 3/Trigger
Another DAG/sleep_python.py
[2024-11-27T12:09:41.656-0500] {logging_mixin.py:190} INFO - [2024-11-27T12:09:41.655-0500] {dag.py:3239} INFO - Sync 1 DAGs
[2024-11-27T12:09:41.666-0500] {logging_mixin.py:190} INFO - [2024-11-27T12:09:41.666-0500] {dag.py:4180} INFO - Setting next_dagrun for sleep_python to None, run_after=None
[2024-11-27T12:09:41.683-0500] {processor.py:208} INFO - Processing /home/vanaprastha/airflow/dags/PART 3/Trigger
Another DAG/sleep_python.py took 0.070 seconds
[2024-11-27T12:10:26.737-0500] {processor.py:186} INFO - Started process (PID=32042) to work on /home/vanaprastha/airflow/dags/PART 3/Trigger
Another DAG/sleep_python.py
[2024-11-27T12:10:26.756-0500] {processor.py:914} INFO - Processing file /home/vanaprastha/airflow/dags/PART 3/Trigger
Another DAG/sleep_python.py for tasks to queue
[2024-11-27T12:10:26.758-0500] {logging_mixin.py:190} INFO - [2024-11-27T12:10:26.757-0500] {dagbag.py:588} INFO - Filling up the DagBag from /home/vanaprastha/airflow/dags/PART 3/Trigger
Another DAG/sleep_python.py
[2024-11-27T12:10:26.764-0500] {processor.py:925} INFO - DAG(s) 'sleep_python' retrieved from /home/vanaprastha/airflow/dags/PART 3/Trigger
Another DAG/sleep_python.py
[2024-11-27T12:10:26.773-0500] {logging_mixin.py:190} INFO - [2024-11-27T12:10:26.773-0500] {dag.py:3239} INFO - Sync 1 DAGs
[2024-11-27T12:10:26.787-0500] {logging_mixin.py:190} INFO - [2024-11-27T12:10:26.786-0500] {dag.py:4180} INFO - Setting next_dagrun for sleep_python to None, run_after=None
[2024-11-27T12:10:26.803-0500] {processor.py:208} INFO - Processing /home/vanaprastha/airflow/dags/PART 3/Trigger
Another DAG/sleep_python.py took 0.069 seconds
[2024-11-27T12:11:10.572-0500] {processor.py:186} INFO - Started process (PID=32094) to work on /home/vanaprastha/airflow/dags/PART 3/Trigger
Another DAG/sleep_python.py
[2024-11-27T12:11:10.591-0500] {processor.py:914} INFO - Processing file /home/vanaprastha/airflow/dags/PART 3/Trigger
Another DAG/sleep_python.py for tasks to queue
[2024-11-27T12:11:10.594-0500] {logging_mixin.py:190} INFO - [2024-11-27T12:11:10.594-0500] {dagbag.py:588} INFO - Filling up the DagBag from /home/vanaprastha/airflow/dags/PART 3/Trigger
Another DAG/sleep_python.py
[2024-11-27T12:11:10.604-0500] {processor.py:925} INFO - DAG(s) 'sleep_python' retrieved from /home/vanaprastha/airflow/dags/PART 3/Trigger
Another DAG/sleep_python.py
[2024-11-27T12:11:10.612-0500] {logging_mixin.py:190} INFO - [2024-11-27T12:11:10.612-0500] {dag.py:3239} INFO - Sync 1 DAGs
[2024-11-27T12:11:10.623-0500] {logging_mixin.py:190} INFO - [2024-11-27T12:11:10.623-0500] {dag.py:4180} INFO - Setting next_dagrun for sleep_python to None, run_after=None
[2024-11-27T12:11:10.639-0500] {processor.py:208} INFO - Processing /home/vanaprastha/airflow/dags/PART 3/Trigger
Another DAG/sleep_python.py took 0.071 seconds
[2024-11-27T12:11:56.740-0500] {processor.py:186} INFO - Started process (PID=32188) to work on /home/vanaprastha/airflow/dags/PART 3/Trigger
Another DAG/sleep_python.py
[2024-11-27T12:11:56.759-0500] {processor.py:914} INFO - Processing file /home/vanaprastha/airflow/dags/PART 3/Trigger
Another DAG/sleep_python.py for tasks to queue
[2024-11-27T12:11:56.762-0500] {logging_mixin.py:190} INFO - [2024-11-27T12:11:56.761-0500] {dagbag.py:588} INFO - Filling up the DagBag from /home/vanaprastha/airflow/dags/PART 3/Trigger
Another DAG/sleep_python.py
[2024-11-27T12:11:56.770-0500] {processor.py:925} INFO - DAG(s) 'sleep_python' retrieved from /home/vanaprastha/airflow/dags/PART 3/Trigger
Another DAG/sleep_python.py
[2024-11-27T12:11:56.778-0500] {logging_mixin.py:190} INFO - [2024-11-27T12:11:56.778-0500] {dag.py:3239} INFO - Sync 1 DAGs
[2024-11-27T12:11:56.790-0500] {logging_mixin.py:190} INFO - [2024-11-27T12:11:56.790-0500] {dag.py:4180} INFO - Setting next_dagrun for sleep_python to None, run_after=None
[2024-11-27T12:11:56.806-0500] {processor.py:208} INFO - Processing /home/vanaprastha/airflow/dags/PART 3/Trigger
Another DAG/sleep_python.py took 0.070 seconds
[2024-11-27T12:12:40.622-0500] {processor.py:186} INFO - Started process (PID=32245) to work on /home/vanaprastha/airflow/dags/PART 3/Trigger
Another DAG/sleep_python.py
[2024-11-27T12:12:40.641-0500] {processor.py:914} INFO - Processing file /home/vanaprastha/airflow/dags/PART 3/Trigger
Another DAG/sleep_python.py for tasks to queue
[2024-11-27T12:12:40.644-0500] {logging_mixin.py:190} INFO - [2024-11-27T12:12:40.643-0500] {dagbag.py:588} INFO - Filling up the DagBag from /home/vanaprastha/airflow/dags/PART 3/Trigger
Another DAG/sleep_python.py
[2024-11-27T12:12:40.650-0500] {processor.py:925} INFO - DAG(s) 'sleep_python' retrieved from /home/vanaprastha/airflow/dags/PART 3/Trigger
Another DAG/sleep_python.py
[2024-11-27T12:12:40.659-0500] {logging_mixin.py:190} INFO - [2024-11-27T12:12:40.658-0500] {dag.py:3239} INFO - Sync 1 DAGs
[2024-11-27T12:12:40.671-0500] {logging_mixin.py:190} INFO - [2024-11-27T12:12:40.670-0500] {dag.py:4180} INFO - Setting next_dagrun for sleep_python to None, run_after=None
[2024-11-27T12:12:40.687-0500] {processor.py:208} INFO - Processing /home/vanaprastha/airflow/dags/PART 3/Trigger
Another DAG/sleep_python.py took 0.072 seconds
[2024-11-27T12:13:26.130-0500] {processor.py:186} INFO - Started process (PID=32301) to work on /home/vanaprastha/airflow/dags/PART 3/Trigger
Another DAG/sleep_python.py
[2024-11-27T12:13:26.149-0500] {processor.py:914} INFO - Processing file /home/vanaprastha/airflow/dags/PART 3/Trigger
Another DAG/sleep_python.py for tasks to queue
[2024-11-27T12:13:26.150-0500] {logging_mixin.py:190} INFO - [2024-11-27T12:13:26.150-0500] {dagbag.py:588} INFO - Filling up the DagBag from /home/vanaprastha/airflow/dags/PART 3/Trigger
Another DAG/sleep_python.py
[2024-11-27T12:13:26.157-0500] {processor.py:925} INFO - DAG(s) 'sleep_python' retrieved from /home/vanaprastha/airflow/dags/PART 3/Trigger
Another DAG/sleep_python.py
[2024-11-27T12:13:26.165-0500] {logging_mixin.py:190} INFO - [2024-11-27T12:13:26.165-0500] {dag.py:3239} INFO - Sync 1 DAGs
[2024-11-27T12:13:26.176-0500] {logging_mixin.py:190} INFO - [2024-11-27T12:13:26.176-0500] {dag.py:4180} INFO - Setting next_dagrun for sleep_python to None, run_after=None
[2024-11-27T12:13:26.194-0500] {processor.py:208} INFO - Processing /home/vanaprastha/airflow/dags/PART 3/Trigger
Another DAG/sleep_python.py took 0.067 seconds
[2024-11-27T12:13:57.017-0500] {processor.py:186} INFO - Started process (PID=32410) to work on /home/vanaprastha/airflow/dags/PART 3/Trigger
Another DAG/sleep_python.py
[2024-11-27T12:13:57.036-0500] {processor.py:914} INFO - Processing file /home/vanaprastha/airflow/dags/PART 3/Trigger
Another DAG/sleep_python.py for tasks to queue
[2024-11-27T12:13:57.038-0500] {logging_mixin.py:190} INFO - [2024-11-27T12:13:57.038-0500] {dagbag.py:588} INFO - Filling up the DagBag from /home/vanaprastha/airflow/dags/PART 3/Trigger
Another DAG/sleep_python.py
[2024-11-27T12:13:57.047-0500] {processor.py:925} INFO - DAG(s) 'sleep_python' retrieved from /home/vanaprastha/airflow/dags/PART 3/Trigger
Another DAG/sleep_python.py
[2024-11-27T12:13:57.056-0500] {logging_mixin.py:190} INFO - [2024-11-27T12:13:57.056-0500] {dag.py:3239} INFO - Sync 1 DAGs
[2024-11-27T12:13:57.069-0500] {logging_mixin.py:190} INFO - [2024-11-27T12:13:57.069-0500] {dag.py:4180} INFO - Setting next_dagrun for sleep_python to None, run_after=None
[2024-11-27T12:13:57.086-0500] {processor.py:208} INFO - Processing /home/vanaprastha/airflow/dags/PART 3/Trigger
Another DAG/sleep_python.py took 0.074 seconds
[2024-11-27T12:15:26.788-0500] {processor.py:186} INFO - Started process (PID=32559) to work on /home/vanaprastha/airflow/dags/PART 3/Trigger
Another DAG/sleep_python.py
[2024-11-27T12:15:26.793-0500] {processor.py:914} INFO - Processing file /home/vanaprastha/airflow/dags/PART 3/Trigger
Another DAG/sleep_python.py for tasks to queue
[2024-11-27T12:15:26.795-0500] {logging_mixin.py:190} INFO - [2024-11-27T12:15:26.794-0500] {dagbag.py:588} INFO - Filling up the DagBag from /home/vanaprastha/airflow/dags/PART 3/Trigger
Another DAG/sleep_python.py
[2024-11-27T12:15:26.800-0500] {processor.py:925} INFO - DAG(s) 'sleep_python' retrieved from /home/vanaprastha/airflow/dags/PART 3/Trigger
Another DAG/sleep_python.py
[2024-11-27T12:15:26.810-0500] {logging_mixin.py:190} INFO - [2024-11-27T12:15:26.809-0500] {dag.py:3239} INFO - Sync 1 DAGs
[2024-11-27T12:15:26.826-0500] {logging_mixin.py:190} INFO - [2024-11-27T12:15:26.826-0500] {dag.py:4180} INFO - Setting next_dagrun for sleep_python to None, run_after=None
[2024-11-27T12:15:26.997-0500] {processor.py:208} INFO - Processing /home/vanaprastha/airflow/dags/PART 3/Trigger
Another DAG/sleep_python.py took 0.214 seconds
[2024-11-27T12:16:30.175-0500] {processor.py:186} INFO - Started process (PID=32631) to work on /home/vanaprastha/airflow/dags/PART 3/Trigger
Another DAG/sleep_python.py
[2024-11-27T12:16:30.194-0500] {processor.py:914} INFO - Processing file /home/vanaprastha/airflow/dags/PART 3/Trigger
Another DAG/sleep_python.py for tasks to queue
[2024-11-27T12:16:30.198-0500] {logging_mixin.py:190} INFO - [2024-11-27T12:16:30.198-0500] {dagbag.py:588} INFO - Filling up the DagBag from /home/vanaprastha/airflow/dags/PART 3/Trigger
Another DAG/sleep_python.py
[2024-11-27T12:16:30.207-0500] {processor.py:925} INFO - DAG(s) 'sleep_python' retrieved from /home/vanaprastha/airflow/dags/PART 3/Trigger
Another DAG/sleep_python.py
[2024-11-27T12:16:30.216-0500] {logging_mixin.py:190} INFO - [2024-11-27T12:16:30.216-0500] {dag.py:3239} INFO - Sync 1 DAGs
[2024-11-27T12:16:30.226-0500] {logging_mixin.py:190} INFO - [2024-11-27T12:16:30.226-0500] {dag.py:4180} INFO - Setting next_dagrun for sleep_python to None, run_after=None
[2024-11-27T12:16:30.245-0500] {processor.py:208} INFO - Processing /home/vanaprastha/airflow/dags/PART 3/Trigger
Another DAG/sleep_python.py took 0.075 seconds
[2024-11-27T12:17:28.945-0500] {processor.py:186} INFO - Started process (PID=32704) to work on /home/vanaprastha/airflow/dags/PART 3/Trigger
Another DAG/sleep_python.py
[2024-11-27T12:17:28.964-0500] {processor.py:914} INFO - Processing file /home/vanaprastha/airflow/dags/PART 3/Trigger
Another DAG/sleep_python.py for tasks to queue
[2024-11-27T12:17:28.967-0500] {logging_mixin.py:190} INFO - [2024-11-27T12:17:28.967-0500] {dagbag.py:588} INFO - Filling up the DagBag from /home/vanaprastha/airflow/dags/PART 3/Trigger
Another DAG/sleep_python.py
[2024-11-27T12:17:28.977-0500] {processor.py:925} INFO - DAG(s) 'sleep_python' retrieved from /home/vanaprastha/airflow/dags/PART 3/Trigger
Another DAG/sleep_python.py
[2024-11-27T12:17:28.986-0500] {logging_mixin.py:190} INFO - [2024-11-27T12:17:28.986-0500] {dag.py:3239} INFO - Sync 1 DAGs
[2024-11-27T12:17:29.092-0500] {logging_mixin.py:190} INFO - [2024-11-27T12:17:29.091-0500] {dag.py:4180} INFO - Setting next_dagrun for sleep_python to None, run_after=None
[2024-11-27T12:17:29.129-0500] {processor.py:208} INFO - Processing /home/vanaprastha/airflow/dags/PART 3/Trigger
Another DAG/sleep_python.py took 0.188 seconds
[2024-11-27T12:17:54.041-0500] {processor.py:186} INFO - Started process (PID=32810) to work on /home/vanaprastha/airflow/dags/PART 3/Trigger
Another DAG/sleep_python.py
[2024-11-27T12:17:54.042-0500] {processor.py:914} INFO - Processing file /home/vanaprastha/airflow/dags/PART 3/Trigger
Another DAG/sleep_python.py for tasks to queue
[2024-11-27T12:17:54.044-0500] {logging_mixin.py:190} INFO - [2024-11-27T12:17:54.043-0500] {dagbag.py:588} INFO - Filling up the DagBag from /home/vanaprastha/airflow/dags/PART 3/Trigger
Another DAG/sleep_python.py
[2024-11-27T12:17:54.049-0500] {processor.py:925} INFO - DAG(s) 'sleep_python' retrieved from /home/vanaprastha/airflow/dags/PART 3/Trigger
Another DAG/sleep_python.py
[2024-11-27T12:17:54.060-0500] {logging_mixin.py:190} INFO - [2024-11-27T12:17:54.060-0500] {dag.py:3239} INFO - Sync 1 DAGs
[2024-11-27T12:17:54.077-0500] {logging_mixin.py:190} INFO - [2024-11-27T12:17:54.077-0500] {dag.py:4180} INFO - Setting next_dagrun for sleep_python to None, run_after=None
[2024-11-27T12:17:54.101-0500] {processor.py:208} INFO - Processing /home/vanaprastha/airflow/dags/PART 3/Trigger
Another DAG/sleep_python.py took 0.064 seconds
[2024-11-27T12:19:32.128-0500] {processor.py:186} INFO - Started process (PID=32972) to work on /home/vanaprastha/airflow/dags/PART 3/Trigger
Another DAG/sleep_python.py
[2024-11-27T12:19:32.129-0500] {processor.py:914} INFO - Processing file /home/vanaprastha/airflow/dags/PART 3/Trigger
Another DAG/sleep_python.py for tasks to queue
[2024-11-27T12:19:32.130-0500] {logging_mixin.py:190} INFO - [2024-11-27T12:19:32.130-0500] {dagbag.py:588} INFO - Filling up the DagBag from /home/vanaprastha/airflow/dags/PART 3/Trigger
Another DAG/sleep_python.py
[2024-11-27T12:19:32.135-0500] {processor.py:925} INFO - DAG(s) 'sleep_python' retrieved from /home/vanaprastha/airflow/dags/PART 3/Trigger
Another DAG/sleep_python.py
[2024-11-27T12:19:32.147-0500] {logging_mixin.py:190} INFO - [2024-11-27T12:19:32.146-0500] {dag.py:3239} INFO - Sync 1 DAGs
[2024-11-27T12:19:32.159-0500] {logging_mixin.py:190} INFO - [2024-11-27T12:19:32.159-0500] {dag.py:4180} INFO - Setting next_dagrun for sleep_python to None, run_after=None
[2024-11-27T12:19:32.337-0500] {processor.py:208} INFO - Processing /home/vanaprastha/airflow/dags/PART 3/Trigger
Another DAG/sleep_python.py took 0.212 seconds
[2024-11-27T12:20:42.461-0500] {processor.py:186} INFO - Started process (PID=33056) to work on /home/vanaprastha/airflow/dags/PART 3/Trigger
Another DAG/sleep_python.py
[2024-11-27T12:20:42.469-0500] {processor.py:914} INFO - Processing file /home/vanaprastha/airflow/dags/PART 3/Trigger
Another DAG/sleep_python.py for tasks to queue
[2024-11-27T12:20:42.477-0500] {logging_mixin.py:190} INFO - [2024-11-27T12:20:42.475-0500] {dagbag.py:588} INFO - Filling up the DagBag from /home/vanaprastha/airflow/dags/PART 3/Trigger
Another DAG/sleep_python.py
[2024-11-27T12:20:42.487-0500] {processor.py:925} INFO - DAG(s) 'sleep_python' retrieved from /home/vanaprastha/airflow/dags/PART 3/Trigger
Another DAG/sleep_python.py
[2024-11-27T12:20:42.502-0500] {logging_mixin.py:190} INFO - [2024-11-27T12:20:42.502-0500] {dag.py:3239} INFO - Sync 1 DAGs
[2024-11-27T12:20:42.522-0500] {logging_mixin.py:190} INFO - [2024-11-27T12:20:42.521-0500] {dag.py:4180} INFO - Setting next_dagrun for sleep_python to None, run_after=None
[2024-11-27T12:20:42.546-0500] {processor.py:208} INFO - Processing /home/vanaprastha/airflow/dags/PART 3/Trigger
Another DAG/sleep_python.py took 0.089 seconds
