[2024-11-27T11:43:36.941-0500] {processor.py:186} INFO - Started process (PID=27230) to work on /home/vanaprastha/airflow/dags/PART 3/Trigger
Another DAG/trigger_another_dag_with_completion.py
[2024-11-27T11:43:36.941-0500] {processor.py:914} INFO - Processing file /home/vanaprastha/airflow/dags/PART 3/Trigger
Another DAG/trigger_another_dag_with_completion.py for tasks to queue
[2024-11-27T11:43:36.943-0500] {logging_mixin.py:190} INFO - [2024-11-27T11:43:36.942-0500] {dagbag.py:588} INFO - Filling up the DagBag from /home/vanaprastha/airflow/dags/PART 3/Trigger
Another DAG/trigger_another_dag_with_completion.py
[2024-11-27T11:43:36.947-0500] {processor.py:925} INFO - DAG(s) 'trigger_another_dag_with_completion' retrieved from /home/vanaprastha/airflow/dags/PART 3/Trigger
Another DAG/trigger_another_dag_with_completion.py
[2024-11-27T11:43:37.011-0500] {logging_mixin.py:190} INFO - [2024-11-27T11:43:37.010-0500] {override.py:1911} INFO - Created Permission View: can edit on DAG:trigger_another_dag_with_completion
[2024-11-27T11:43:37.022-0500] {logging_mixin.py:190} INFO - [2024-11-27T11:43:37.021-0500] {override.py:1911} INFO - Created Permission View: can read on DAG:trigger_another_dag_with_completion
[2024-11-27T11:43:37.032-0500] {logging_mixin.py:190} INFO - [2024-11-27T11:43:37.031-0500] {override.py:1911} INFO - Created Permission View: can delete on DAG:trigger_another_dag_with_completion
[2024-11-27T11:43:37.049-0500] {logging_mixin.py:190} INFO - [2024-11-27T11:43:37.049-0500] {override.py:1911} INFO - Created Permission View: can create on DAG Run:trigger_another_dag_with_completion
[2024-11-27T11:43:37.060-0500] {logging_mixin.py:190} INFO - [2024-11-27T11:43:37.059-0500] {override.py:1911} INFO - Created Permission View: can read on DAG Run:trigger_another_dag_with_completion
[2024-11-27T11:43:37.069-0500] {logging_mixin.py:190} INFO - [2024-11-27T11:43:37.069-0500] {override.py:1911} INFO - Created Permission View: can delete on DAG Run:trigger_another_dag_with_completion
[2024-11-27T11:43:37.079-0500] {logging_mixin.py:190} INFO - [2024-11-27T11:43:37.079-0500] {override.py:1911} INFO - Created Permission View: menu access on DAG Run:trigger_another_dag_with_completion
[2024-11-27T11:43:37.080-0500] {logging_mixin.py:190} INFO - [2024-11-27T11:43:37.079-0500] {dag.py:3239} INFO - Sync 1 DAGs
[2024-11-27T11:43:37.088-0500] {logging_mixin.py:190} INFO - [2024-11-27T11:43:37.088-0500] {dag.py:3262} INFO - Creating ORM DAG for trigger_another_dag_with_completion
[2024-11-27T11:43:37.092-0500] {logging_mixin.py:190} INFO - [2024-11-27T11:43:37.092-0500] {dag.py:4180} INFO - Setting next_dagrun for trigger_another_dag_with_completion to None, run_after=None
[2024-11-27T11:43:37.204-0500] {processor.py:208} INFO - Processing /home/vanaprastha/airflow/dags/PART 3/Trigger
Another DAG/trigger_another_dag_with_completion.py took 0.266 seconds
[2024-11-27T11:44:41.515-0500] {processor.py:186} INFO - Started process (PID=27396) to work on /home/vanaprastha/airflow/dags/PART 3/Trigger
Another DAG/trigger_another_dag_with_completion.py
[2024-11-27T11:44:41.534-0500] {processor.py:914} INFO - Processing file /home/vanaprastha/airflow/dags/PART 3/Trigger
Another DAG/trigger_another_dag_with_completion.py for tasks to queue
[2024-11-27T11:44:41.537-0500] {logging_mixin.py:190} INFO - [2024-11-27T11:44:41.536-0500] {dagbag.py:588} INFO - Filling up the DagBag from /home/vanaprastha/airflow/dags/PART 3/Trigger
Another DAG/trigger_another_dag_with_completion.py
[2024-11-27T11:44:41.547-0500] {processor.py:925} INFO - DAG(s) 'trigger_another_dag_with_completion' retrieved from /home/vanaprastha/airflow/dags/PART 3/Trigger
Another DAG/trigger_another_dag_with_completion.py
[2024-11-27T11:44:41.556-0500] {logging_mixin.py:190} INFO - [2024-11-27T11:44:41.556-0500] {dag.py:3239} INFO - Sync 1 DAGs
[2024-11-27T11:44:41.566-0500] {logging_mixin.py:190} INFO - [2024-11-27T11:44:41.566-0500] {dag.py:4180} INFO - Setting next_dagrun for trigger_another_dag_with_completion to None, run_after=None
[2024-11-27T11:44:41.707-0500] {processor.py:208} INFO - Processing /home/vanaprastha/airflow/dags/PART 3/Trigger
Another DAG/trigger_another_dag_with_completion.py took 0.197 seconds
[2024-11-27T11:45:19.273-0500] {processor.py:186} INFO - Started process (PID=27444) to work on /home/vanaprastha/airflow/dags/PART 3/Trigger
Another DAG/trigger_another_dag_with_completion.py
[2024-11-27T11:45:19.274-0500] {processor.py:914} INFO - Processing file /home/vanaprastha/airflow/dags/PART 3/Trigger
Another DAG/trigger_another_dag_with_completion.py for tasks to queue
[2024-11-27T11:45:19.274-0500] {logging_mixin.py:190} INFO - [2024-11-27T11:45:19.274-0500] {dagbag.py:588} INFO - Filling up the DagBag from /home/vanaprastha/airflow/dags/PART 3/Trigger
Another DAG/trigger_another_dag_with_completion.py
[2024-11-27T11:45:19.280-0500] {processor.py:925} INFO - DAG(s) 'trigger_another_dag_with_completion' retrieved from /home/vanaprastha/airflow/dags/PART 3/Trigger
Another DAG/trigger_another_dag_with_completion.py
[2024-11-27T11:45:19.290-0500] {logging_mixin.py:190} INFO - [2024-11-27T11:45:19.290-0500] {dag.py:3239} INFO - Sync 1 DAGs
[2024-11-27T11:45:19.407-0500] {logging_mixin.py:190} INFO - [2024-11-27T11:45:19.407-0500] {dag.py:4180} INFO - Setting next_dagrun for trigger_another_dag_with_completion to None, run_after=None
[2024-11-27T11:45:19.443-0500] {processor.py:208} INFO - Processing /home/vanaprastha/airflow/dags/PART 3/Trigger
Another DAG/trigger_another_dag_with_completion.py took 0.174 seconds
[2024-11-27T11:45:59.921-0500] {processor.py:186} INFO - Started process (PID=27508) to work on /home/vanaprastha/airflow/dags/PART 3/Trigger
Another DAG/trigger_another_dag_with_completion.py
[2024-11-27T11:45:59.940-0500] {processor.py:914} INFO - Processing file /home/vanaprastha/airflow/dags/PART 3/Trigger
Another DAG/trigger_another_dag_with_completion.py for tasks to queue
[2024-11-27T11:45:59.943-0500] {logging_mixin.py:190} INFO - [2024-11-27T11:45:59.942-0500] {dagbag.py:588} INFO - Filling up the DagBag from /home/vanaprastha/airflow/dags/PART 3/Trigger
Another DAG/trigger_another_dag_with_completion.py
[2024-11-27T11:45:59.953-0500] {processor.py:925} INFO - DAG(s) 'trigger_another_dag_with_completion' retrieved from /home/vanaprastha/airflow/dags/PART 3/Trigger
Another DAG/trigger_another_dag_with_completion.py
[2024-11-27T11:45:59.962-0500] {logging_mixin.py:190} INFO - [2024-11-27T11:45:59.962-0500] {dag.py:3239} INFO - Sync 1 DAGs
[2024-11-27T11:45:59.973-0500] {logging_mixin.py:190} INFO - [2024-11-27T11:45:59.973-0500] {dag.py:4180} INFO - Setting next_dagrun for trigger_another_dag_with_completion to None, run_after=None
[2024-11-27T11:45:59.989-0500] {processor.py:208} INFO - Processing /home/vanaprastha/airflow/dags/PART 3/Trigger
Another DAG/trigger_another_dag_with_completion.py took 0.073 seconds
[2024-11-27T11:46:36.446-0500] {processor.py:186} INFO - Started process (PID=27554) to work on /home/vanaprastha/airflow/dags/PART 3/Trigger
Another DAG/trigger_another_dag_with_completion.py
[2024-11-27T11:46:36.465-0500] {processor.py:914} INFO - Processing file /home/vanaprastha/airflow/dags/PART 3/Trigger
Another DAG/trigger_another_dag_with_completion.py for tasks to queue
[2024-11-27T11:46:36.466-0500] {logging_mixin.py:190} INFO - [2024-11-27T11:46:36.466-0500] {dagbag.py:588} INFO - Filling up the DagBag from /home/vanaprastha/airflow/dags/PART 3/Trigger
Another DAG/trigger_another_dag_with_completion.py
[2024-11-27T11:46:36.472-0500] {processor.py:925} INFO - DAG(s) 'trigger_another_dag_with_completion' retrieved from /home/vanaprastha/airflow/dags/PART 3/Trigger
Another DAG/trigger_another_dag_with_completion.py
[2024-11-27T11:46:36.480-0500] {logging_mixin.py:190} INFO - [2024-11-27T11:46:36.480-0500] {dag.py:3239} INFO - Sync 1 DAGs
[2024-11-27T11:46:36.492-0500] {logging_mixin.py:190} INFO - [2024-11-27T11:46:36.492-0500] {dag.py:4180} INFO - Setting next_dagrun for trigger_another_dag_with_completion to None, run_after=None
[2024-11-27T11:46:36.508-0500] {processor.py:208} INFO - Processing /home/vanaprastha/airflow/dags/PART 3/Trigger
Another DAG/trigger_another_dag_with_completion.py took 0.067 seconds
[2024-11-27T11:47:09.087-0500] {processor.py:186} INFO - Started process (PID=27660) to work on /home/vanaprastha/airflow/dags/PART 3/Trigger
Another DAG/trigger_another_dag_with_completion.py
[2024-11-27T11:47:09.087-0500] {processor.py:914} INFO - Processing file /home/vanaprastha/airflow/dags/PART 3/Trigger
Another DAG/trigger_another_dag_with_completion.py for tasks to queue
[2024-11-27T11:47:09.088-0500] {logging_mixin.py:190} INFO - [2024-11-27T11:47:09.088-0500] {dagbag.py:588} INFO - Filling up the DagBag from /home/vanaprastha/airflow/dags/PART 3/Trigger
Another DAG/trigger_another_dag_with_completion.py
[2024-11-27T11:47:09.093-0500] {processor.py:925} INFO - DAG(s) 'trigger_another_dag_with_completion' retrieved from /home/vanaprastha/airflow/dags/PART 3/Trigger
Another DAG/trigger_another_dag_with_completion.py
[2024-11-27T11:47:09.101-0500] {logging_mixin.py:190} INFO - [2024-11-27T11:47:09.101-0500] {dag.py:3239} INFO - Sync 1 DAGs
[2024-11-27T11:47:09.112-0500] {logging_mixin.py:190} INFO - [2024-11-27T11:47:09.112-0500] {dag.py:4180} INFO - Setting next_dagrun for trigger_another_dag_with_completion to None, run_after=None
[2024-11-27T11:47:09.127-0500] {processor.py:208} INFO - Processing /home/vanaprastha/airflow/dags/PART 3/Trigger
Another DAG/trigger_another_dag_with_completion.py took 0.043 seconds
[2024-11-27T11:47:42.711-0500] {processor.py:186} INFO - Started process (PID=27729) to work on /home/vanaprastha/airflow/dags/PART 3/Trigger
Another DAG/trigger_another_dag_with_completion.py
[2024-11-27T11:47:42.712-0500] {processor.py:914} INFO - Processing file /home/vanaprastha/airflow/dags/PART 3/Trigger
Another DAG/trigger_another_dag_with_completion.py for tasks to queue
[2024-11-27T11:47:42.713-0500] {logging_mixin.py:190} INFO - [2024-11-27T11:47:42.713-0500] {dagbag.py:588} INFO - Filling up the DagBag from /home/vanaprastha/airflow/dags/PART 3/Trigger
Another DAG/trigger_another_dag_with_completion.py
[2024-11-27T11:47:42.720-0500] {processor.py:925} INFO - DAG(s) 'trigger_another_dag_with_completion' retrieved from /home/vanaprastha/airflow/dags/PART 3/Trigger
Another DAG/trigger_another_dag_with_completion.py
[2024-11-27T11:47:42.728-0500] {logging_mixin.py:190} INFO - [2024-11-27T11:47:42.728-0500] {dag.py:3239} INFO - Sync 1 DAGs
[2024-11-27T11:47:42.739-0500] {logging_mixin.py:190} INFO - [2024-11-27T11:47:42.739-0500] {dag.py:4180} INFO - Setting next_dagrun for trigger_another_dag_with_completion to None, run_after=None
[2024-11-27T11:47:42.755-0500] {processor.py:208} INFO - Processing /home/vanaprastha/airflow/dags/PART 3/Trigger
Another DAG/trigger_another_dag_with_completion.py took 0.048 seconds
[2024-11-27T11:47:54.438-0500] {processor.py:186} INFO - Started process (PID=27753) to work on /home/vanaprastha/airflow/dags/PART 3/Trigger
Another DAG/trigger_another_dag_with_completion.py
[2024-11-27T11:47:54.457-0500] {processor.py:914} INFO - Processing file /home/vanaprastha/airflow/dags/PART 3/Trigger
Another DAG/trigger_another_dag_with_completion.py for tasks to queue
[2024-11-27T11:47:54.458-0500] {logging_mixin.py:190} INFO - [2024-11-27T11:47:54.458-0500] {dagbag.py:588} INFO - Filling up the DagBag from /home/vanaprastha/airflow/dags/PART 3/Trigger
Another DAG/trigger_another_dag_with_completion.py
[2024-11-27T11:47:54.463-0500] {processor.py:925} INFO - DAG(s) 'trigger_another_dag_with_completion' retrieved from /home/vanaprastha/airflow/dags/PART 3/Trigger
Another DAG/trigger_another_dag_with_completion.py
[2024-11-27T11:47:54.471-0500] {logging_mixin.py:190} INFO - [2024-11-27T11:47:54.471-0500] {dag.py:3239} INFO - Sync 1 DAGs
[2024-11-27T11:47:54.483-0500] {logging_mixin.py:190} INFO - [2024-11-27T11:47:54.483-0500] {dag.py:4180} INFO - Setting next_dagrun for trigger_another_dag_with_completion to None, run_after=None
[2024-11-27T11:47:54.502-0500] {processor.py:208} INFO - Processing /home/vanaprastha/airflow/dags/PART 3/Trigger
Another DAG/trigger_another_dag_with_completion.py took 0.067 seconds
[2024-11-27T11:49:35.824-0500] {processor.py:186} INFO - Started process (PID=27927) to work on /home/vanaprastha/airflow/dags/PART 3/Trigger
Another DAG/trigger_another_dag_with_completion.py
[2024-11-27T11:49:35.824-0500] {processor.py:914} INFO - Processing file /home/vanaprastha/airflow/dags/PART 3/Trigger
Another DAG/trigger_another_dag_with_completion.py for tasks to queue
[2024-11-27T11:49:35.826-0500] {logging_mixin.py:190} INFO - [2024-11-27T11:49:35.825-0500] {dagbag.py:588} INFO - Filling up the DagBag from /home/vanaprastha/airflow/dags/PART 3/Trigger
Another DAG/trigger_another_dag_with_completion.py
[2024-11-27T11:49:35.830-0500] {processor.py:925} INFO - DAG(s) 'trigger_another_dag_with_completion' retrieved from /home/vanaprastha/airflow/dags/PART 3/Trigger
Another DAG/trigger_another_dag_with_completion.py
[2024-11-27T11:49:35.838-0500] {logging_mixin.py:190} INFO - [2024-11-27T11:49:35.838-0500] {dag.py:3239} INFO - Sync 1 DAGs
[2024-11-27T11:49:35.848-0500] {logging_mixin.py:190} INFO - [2024-11-27T11:49:35.848-0500] {dag.py:4180} INFO - Setting next_dagrun for trigger_another_dag_with_completion to None, run_after=None
[2024-11-27T11:49:35.982-0500] {processor.py:208} INFO - Processing /home/vanaprastha/airflow/dags/PART 3/Trigger
Another DAG/trigger_another_dag_with_completion.py took 0.162 seconds
[2024-11-27T11:50:49.238-0500] {processor.py:186} INFO - Started process (PID=28011) to work on /home/vanaprastha/airflow/dags/PART 3/Trigger
Another DAG/trigger_another_dag_with_completion.py
[2024-11-27T11:50:49.258-0500] {processor.py:914} INFO - Processing file /home/vanaprastha/airflow/dags/PART 3/Trigger
Another DAG/trigger_another_dag_with_completion.py for tasks to queue
[2024-11-27T11:50:49.261-0500] {logging_mixin.py:190} INFO - [2024-11-27T11:50:49.260-0500] {dagbag.py:588} INFO - Filling up the DagBag from /home/vanaprastha/airflow/dags/PART 3/Trigger
Another DAG/trigger_another_dag_with_completion.py
[2024-11-27T11:50:49.270-0500] {processor.py:925} INFO - DAG(s) 'trigger_another_dag_with_completion' retrieved from /home/vanaprastha/airflow/dags/PART 3/Trigger
Another DAG/trigger_another_dag_with_completion.py
[2024-11-27T11:50:49.279-0500] {logging_mixin.py:190} INFO - [2024-11-27T11:50:49.279-0500] {dag.py:3239} INFO - Sync 1 DAGs
[2024-11-27T11:50:49.289-0500] {logging_mixin.py:190} INFO - [2024-11-27T11:50:49.289-0500] {dag.py:4180} INFO - Setting next_dagrun for trigger_another_dag_with_completion to None, run_after=None
[2024-11-27T11:50:49.304-0500] {processor.py:208} INFO - Processing /home/vanaprastha/airflow/dags/PART 3/Trigger
Another DAG/trigger_another_dag_with_completion.py took 0.069 seconds
[2024-11-27T11:51:19.289-0500] {processor.py:186} INFO - Started process (PID=28052) to work on /home/vanaprastha/airflow/dags/PART 3/Trigger
Another DAG/trigger_another_dag_with_completion.py
[2024-11-27T11:51:19.289-0500] {processor.py:914} INFO - Processing file /home/vanaprastha/airflow/dags/PART 3/Trigger
Another DAG/trigger_another_dag_with_completion.py for tasks to queue
[2024-11-27T11:51:19.290-0500] {logging_mixin.py:190} INFO - [2024-11-27T11:51:19.290-0500] {dagbag.py:588} INFO - Filling up the DagBag from /home/vanaprastha/airflow/dags/PART 3/Trigger
Another DAG/trigger_another_dag_with_completion.py
[2024-11-27T11:51:19.295-0500] {processor.py:925} INFO - DAG(s) 'trigger_another_dag_with_completion' retrieved from /home/vanaprastha/airflow/dags/PART 3/Trigger
Another DAG/trigger_another_dag_with_completion.py
[2024-11-27T11:51:19.303-0500] {logging_mixin.py:190} INFO - [2024-11-27T11:51:19.303-0500] {dag.py:3239} INFO - Sync 1 DAGs
[2024-11-27T11:51:19.314-0500] {logging_mixin.py:190} INFO - [2024-11-27T11:51:19.314-0500] {dag.py:4180} INFO - Setting next_dagrun for trigger_another_dag_with_completion to None, run_after=None
[2024-11-27T11:51:19.334-0500] {processor.py:208} INFO - Processing /home/vanaprastha/airflow/dags/PART 3/Trigger
Another DAG/trigger_another_dag_with_completion.py took 0.049 seconds
[2024-11-27T11:52:29.201-0500] {processor.py:186} INFO - Started process (PID=28208) to work on /home/vanaprastha/airflow/dags/PART 3/Trigger
Another DAG/trigger_another_dag_with_completion.py
[2024-11-27T11:52:29.220-0500] {processor.py:914} INFO - Processing file /home/vanaprastha/airflow/dags/PART 3/Trigger
Another DAG/trigger_another_dag_with_completion.py for tasks to queue
[2024-11-27T11:52:29.224-0500] {logging_mixin.py:190} INFO - [2024-11-27T11:52:29.223-0500] {dagbag.py:588} INFO - Filling up the DagBag from /home/vanaprastha/airflow/dags/PART 3/Trigger
Another DAG/trigger_another_dag_with_completion.py
[2024-11-27T11:52:29.233-0500] {processor.py:925} INFO - DAG(s) 'trigger_another_dag_with_completion' retrieved from /home/vanaprastha/airflow/dags/PART 3/Trigger
Another DAG/trigger_another_dag_with_completion.py
[2024-11-27T11:52:29.242-0500] {logging_mixin.py:190} INFO - [2024-11-27T11:52:29.242-0500] {dag.py:3239} INFO - Sync 1 DAGs
[2024-11-27T11:52:29.253-0500] {logging_mixin.py:190} INFO - [2024-11-27T11:52:29.253-0500] {dag.py:4180} INFO - Setting next_dagrun for trigger_another_dag_with_completion to None, run_after=None
[2024-11-27T11:52:29.365-0500] {processor.py:208} INFO - Processing /home/vanaprastha/airflow/dags/PART 3/Trigger
Another DAG/trigger_another_dag_with_completion.py took 0.170 seconds
[2024-11-27T11:53:19.501-0500] {processor.py:186} INFO - Started process (PID=28307) to work on /home/vanaprastha/airflow/dags/PART 3/Trigger
Another DAG/trigger_another_dag_with_completion.py
[2024-11-27T11:53:19.520-0500] {processor.py:914} INFO - Processing file /home/vanaprastha/airflow/dags/PART 3/Trigger
Another DAG/trigger_another_dag_with_completion.py for tasks to queue
[2024-11-27T11:53:19.522-0500] {logging_mixin.py:190} INFO - [2024-11-27T11:53:19.521-0500] {dagbag.py:588} INFO - Filling up the DagBag from /home/vanaprastha/airflow/dags/PART 3/Trigger
Another DAG/trigger_another_dag_with_completion.py
[2024-11-27T11:53:19.531-0500] {processor.py:925} INFO - DAG(s) 'trigger_another_dag_with_completion' retrieved from /home/vanaprastha/airflow/dags/PART 3/Trigger
Another DAG/trigger_another_dag_with_completion.py
[2024-11-27T11:53:19.546-0500] {logging_mixin.py:190} INFO - [2024-11-27T11:53:19.546-0500] {dag.py:3239} INFO - Sync 1 DAGs
[2024-11-27T11:53:19.572-0500] {logging_mixin.py:190} INFO - [2024-11-27T11:53:19.572-0500] {dag.py:4180} INFO - Setting next_dagrun for trigger_another_dag_with_completion to None, run_after=None
[2024-11-27T11:53:19.616-0500] {processor.py:208} INFO - Processing /home/vanaprastha/airflow/dags/PART 3/Trigger
Another DAG/trigger_another_dag_with_completion.py took 0.120 seconds
[2024-11-27T11:54:23.835-0500] {processor.py:186} INFO - Started process (PID=28382) to work on /home/vanaprastha/airflow/dags/PART 3/Trigger
Another DAG/trigger_another_dag_with_completion.py
[2024-11-27T11:54:23.854-0500] {processor.py:914} INFO - Processing file /home/vanaprastha/airflow/dags/PART 3/Trigger
Another DAG/trigger_another_dag_with_completion.py for tasks to queue
[2024-11-27T11:54:23.857-0500] {logging_mixin.py:190} INFO - [2024-11-27T11:54:23.857-0500] {dagbag.py:588} INFO - Filling up the DagBag from /home/vanaprastha/airflow/dags/PART 3/Trigger
Another DAG/trigger_another_dag_with_completion.py
[2024-11-27T11:54:23.866-0500] {processor.py:925} INFO - DAG(s) 'trigger_another_dag_with_completion' retrieved from /home/vanaprastha/airflow/dags/PART 3/Trigger
Another DAG/trigger_another_dag_with_completion.py
[2024-11-27T11:54:23.877-0500] {logging_mixin.py:190} INFO - [2024-11-27T11:54:23.877-0500] {dag.py:3239} INFO - Sync 1 DAGs
[2024-11-27T11:54:23.893-0500] {logging_mixin.py:190} INFO - [2024-11-27T11:54:23.893-0500] {dag.py:4180} INFO - Setting next_dagrun for trigger_another_dag_with_completion to None, run_after=None
[2024-11-27T11:54:23.914-0500] {processor.py:208} INFO - Processing /home/vanaprastha/airflow/dags/PART 3/Trigger
Another DAG/trigger_another_dag_with_completion.py took 0.083 seconds
[2024-11-27T11:55:32.814-0500] {processor.py:186} INFO - Started process (PID=28890) to work on /home/vanaprastha/airflow/dags/PART 3/Trigger
Another DAG/trigger_another_dag_with_completion.py
[2024-11-27T11:55:32.815-0500] {processor.py:914} INFO - Processing file /home/vanaprastha/airflow/dags/PART 3/Trigger
Another DAG/trigger_another_dag_with_completion.py for tasks to queue
[2024-11-27T11:55:32.818-0500] {logging_mixin.py:190} INFO - [2024-11-27T11:55:32.817-0500] {dagbag.py:588} INFO - Filling up the DagBag from /home/vanaprastha/airflow/dags/PART 3/Trigger
Another DAG/trigger_another_dag_with_completion.py
[2024-11-27T11:55:32.847-0500] {processor.py:925} INFO - DAG(s) 'trigger_another_dag_with_completion' retrieved from /home/vanaprastha/airflow/dags/PART 3/Trigger
Another DAG/trigger_another_dag_with_completion.py
[2024-11-27T11:55:32.896-0500] {logging_mixin.py:190} INFO - [2024-11-27T11:55:32.895-0500] {dag.py:3239} INFO - Sync 1 DAGs
[2024-11-27T11:55:32.933-0500] {logging_mixin.py:190} INFO - [2024-11-27T11:55:32.933-0500] {dag.py:4180} INFO - Setting next_dagrun for trigger_another_dag_with_completion to None, run_after=None
[2024-11-27T11:55:33.471-0500] {processor.py:208} INFO - Processing /home/vanaprastha/airflow/dags/PART 3/Trigger
Another DAG/trigger_another_dag_with_completion.py took 0.662 seconds
[2024-11-27T11:56:20.148-0500] {processor.py:186} INFO - Started process (PID=29068) to work on /home/vanaprastha/airflow/dags/PART 3/Trigger
Another DAG/trigger_another_dag_with_completion.py
[2024-11-27T11:56:20.148-0500] {processor.py:914} INFO - Processing file /home/vanaprastha/airflow/dags/PART 3/Trigger
Another DAG/trigger_another_dag_with_completion.py for tasks to queue
[2024-11-27T11:56:20.150-0500] {logging_mixin.py:190} INFO - [2024-11-27T11:56:20.149-0500] {dagbag.py:588} INFO - Filling up the DagBag from /home/vanaprastha/airflow/dags/PART 3/Trigger
Another DAG/trigger_another_dag_with_completion.py
[2024-11-27T11:56:20.154-0500] {processor.py:925} INFO - DAG(s) 'trigger_another_dag_with_completion' retrieved from /home/vanaprastha/airflow/dags/PART 3/Trigger
Another DAG/trigger_another_dag_with_completion.py
[2024-11-27T11:56:20.163-0500] {logging_mixin.py:190} INFO - [2024-11-27T11:56:20.163-0500] {dag.py:3239} INFO - Sync 1 DAGs
[2024-11-27T11:56:20.275-0500] {logging_mixin.py:190} INFO - [2024-11-27T11:56:20.275-0500] {dag.py:4180} INFO - Setting next_dagrun for trigger_another_dag_with_completion to None, run_after=None
[2024-11-27T11:56:20.311-0500] {processor.py:208} INFO - Processing /home/vanaprastha/airflow/dags/PART 3/Trigger
Another DAG/trigger_another_dag_with_completion.py took 0.166 seconds
[2024-11-27T11:57:07.084-0500] {processor.py:186} INFO - Started process (PID=29158) to work on /home/vanaprastha/airflow/dags/PART 3/Trigger
Another DAG/trigger_another_dag_with_completion.py
[2024-11-27T11:57:07.103-0500] {processor.py:914} INFO - Processing file /home/vanaprastha/airflow/dags/PART 3/Trigger
Another DAG/trigger_another_dag_with_completion.py for tasks to queue
[2024-11-27T11:57:07.106-0500] {logging_mixin.py:190} INFO - [2024-11-27T11:57:07.106-0500] {dagbag.py:588} INFO - Filling up the DagBag from /home/vanaprastha/airflow/dags/PART 3/Trigger
Another DAG/trigger_another_dag_with_completion.py
[2024-11-27T11:57:07.115-0500] {processor.py:925} INFO - DAG(s) 'trigger_another_dag_with_completion' retrieved from /home/vanaprastha/airflow/dags/PART 3/Trigger
Another DAG/trigger_another_dag_with_completion.py
[2024-11-27T11:57:07.125-0500] {logging_mixin.py:190} INFO - [2024-11-27T11:57:07.125-0500] {dag.py:3239} INFO - Sync 1 DAGs
[2024-11-27T11:57:07.137-0500] {logging_mixin.py:190} INFO - [2024-11-27T11:57:07.137-0500] {dag.py:4180} INFO - Setting next_dagrun for trigger_another_dag_with_completion to None, run_after=None
[2024-11-27T11:57:07.156-0500] {processor.py:208} INFO - Processing /home/vanaprastha/airflow/dags/PART 3/Trigger
Another DAG/trigger_another_dag_with_completion.py took 0.075 seconds
[2024-11-27T11:57:48.730-0500] {processor.py:186} INFO - Started process (PID=29233) to work on /home/vanaprastha/airflow/dags/PART 3/Trigger
Another DAG/trigger_another_dag_with_completion.py
[2024-11-27T11:57:48.749-0500] {processor.py:914} INFO - Processing file /home/vanaprastha/airflow/dags/PART 3/Trigger
Another DAG/trigger_another_dag_with_completion.py for tasks to queue
[2024-11-27T11:57:48.752-0500] {logging_mixin.py:190} INFO - [2024-11-27T11:57:48.752-0500] {dagbag.py:588} INFO - Filling up the DagBag from /home/vanaprastha/airflow/dags/PART 3/Trigger
Another DAG/trigger_another_dag_with_completion.py
[2024-11-27T11:57:48.759-0500] {processor.py:925} INFO - DAG(s) 'trigger_another_dag_with_completion' retrieved from /home/vanaprastha/airflow/dags/PART 3/Trigger
Another DAG/trigger_another_dag_with_completion.py
[2024-11-27T11:57:48.767-0500] {logging_mixin.py:190} INFO - [2024-11-27T11:57:48.767-0500] {dag.py:3239} INFO - Sync 1 DAGs
[2024-11-27T11:57:48.878-0500] {logging_mixin.py:190} INFO - [2024-11-27T11:57:48.878-0500] {dag.py:4180} INFO - Setting next_dagrun for trigger_another_dag_with_completion to None, run_after=None
[2024-11-27T11:57:48.894-0500] {processor.py:208} INFO - Processing /home/vanaprastha/airflow/dags/PART 3/Trigger
Another DAG/trigger_another_dag_with_completion.py took 0.169 seconds
[2024-11-27T11:58:32.270-0500] {processor.py:186} INFO - Started process (PID=29281) to work on /home/vanaprastha/airflow/dags/PART 3/Trigger
Another DAG/trigger_another_dag_with_completion.py
[2024-11-27T11:58:32.289-0500] {processor.py:914} INFO - Processing file /home/vanaprastha/airflow/dags/PART 3/Trigger
Another DAG/trigger_another_dag_with_completion.py for tasks to queue
[2024-11-27T11:58:32.292-0500] {logging_mixin.py:190} INFO - [2024-11-27T11:58:32.291-0500] {dagbag.py:588} INFO - Filling up the DagBag from /home/vanaprastha/airflow/dags/PART 3/Trigger
Another DAG/trigger_another_dag_with_completion.py
[2024-11-27T11:58:32.301-0500] {processor.py:925} INFO - DAG(s) 'trigger_another_dag_with_completion' retrieved from /home/vanaprastha/airflow/dags/PART 3/Trigger
Another DAG/trigger_another_dag_with_completion.py
[2024-11-27T11:58:32.310-0500] {logging_mixin.py:190} INFO - [2024-11-27T11:58:32.310-0500] {dag.py:3239} INFO - Sync 1 DAGs
[2024-11-27T11:58:32.323-0500] {logging_mixin.py:190} INFO - [2024-11-27T11:58:32.323-0500] {dag.py:4180} INFO - Setting next_dagrun for trigger_another_dag_with_completion to None, run_after=None
[2024-11-27T11:58:32.339-0500] {processor.py:208} INFO - Processing /home/vanaprastha/airflow/dags/PART 3/Trigger
Another DAG/trigger_another_dag_with_completion.py took 0.073 seconds
[2024-11-27T11:59:15.935-0500] {processor.py:186} INFO - Started process (PID=29331) to work on /home/vanaprastha/airflow/dags/PART 3/Trigger
Another DAG/trigger_another_dag_with_completion.py
[2024-11-27T11:59:15.953-0500] {processor.py:914} INFO - Processing file /home/vanaprastha/airflow/dags/PART 3/Trigger
Another DAG/trigger_another_dag_with_completion.py for tasks to queue
[2024-11-27T11:59:15.955-0500] {logging_mixin.py:190} INFO - [2024-11-27T11:59:15.955-0500] {dagbag.py:588} INFO - Filling up the DagBag from /home/vanaprastha/airflow/dags/PART 3/Trigger
Another DAG/trigger_another_dag_with_completion.py
[2024-11-27T11:59:15.961-0500] {processor.py:925} INFO - DAG(s) 'trigger_another_dag_with_completion' retrieved from /home/vanaprastha/airflow/dags/PART 3/Trigger
Another DAG/trigger_another_dag_with_completion.py
[2024-11-27T11:59:15.972-0500] {logging_mixin.py:190} INFO - [2024-11-27T11:59:15.972-0500] {dag.py:3239} INFO - Sync 1 DAGs
[2024-11-27T11:59:15.984-0500] {logging_mixin.py:190} INFO - [2024-11-27T11:59:15.984-0500] {dag.py:4180} INFO - Setting next_dagrun for trigger_another_dag_with_completion to None, run_after=None
[2024-11-27T11:59:16.001-0500] {processor.py:208} INFO - Processing /home/vanaprastha/airflow/dags/PART 3/Trigger
Another DAG/trigger_another_dag_with_completion.py took 0.069 seconds
[2024-11-27T12:00:03.846-0500] {processor.py:186} INFO - Started process (PID=29388) to work on /home/vanaprastha/airflow/dags/PART 3/Trigger
Another DAG/trigger_another_dag_with_completion.py
[2024-11-27T12:00:03.865-0500] {processor.py:914} INFO - Processing file /home/vanaprastha/airflow/dags/PART 3/Trigger
Another DAG/trigger_another_dag_with_completion.py for tasks to queue
[2024-11-27T12:00:03.867-0500] {logging_mixin.py:190} INFO - [2024-11-27T12:00:03.866-0500] {dagbag.py:588} INFO - Filling up the DagBag from /home/vanaprastha/airflow/dags/PART 3/Trigger
Another DAG/trigger_another_dag_with_completion.py
[2024-11-27T12:00:03.877-0500] {processor.py:925} INFO - DAG(s) 'trigger_another_dag_with_completion' retrieved from /home/vanaprastha/airflow/dags/PART 3/Trigger
Another DAG/trigger_another_dag_with_completion.py
[2024-11-27T12:00:03.885-0500] {logging_mixin.py:190} INFO - [2024-11-27T12:00:03.885-0500] {dag.py:3239} INFO - Sync 1 DAGs
[2024-11-27T12:00:03.896-0500] {logging_mixin.py:190} INFO - [2024-11-27T12:00:03.896-0500] {dag.py:4180} INFO - Setting next_dagrun for trigger_another_dag_with_completion to None, run_after=None
[2024-11-27T12:00:03.913-0500] {processor.py:208} INFO - Processing /home/vanaprastha/airflow/dags/PART 3/Trigger
Another DAG/trigger_another_dag_with_completion.py took 0.072 seconds
[2024-11-27T12:00:51.479-0500] {processor.py:186} INFO - Started process (PID=29523) to work on /home/vanaprastha/airflow/dags/PART 3/Trigger
Another DAG/trigger_another_dag_with_completion.py
[2024-11-27T12:00:51.498-0500] {processor.py:914} INFO - Processing file /home/vanaprastha/airflow/dags/PART 3/Trigger
Another DAG/trigger_another_dag_with_completion.py for tasks to queue
[2024-11-27T12:00:51.501-0500] {logging_mixin.py:190} INFO - [2024-11-27T12:00:51.501-0500] {dagbag.py:588} INFO - Filling up the DagBag from /home/vanaprastha/airflow/dags/PART 3/Trigger
Another DAG/trigger_another_dag_with_completion.py
[2024-11-27T12:00:51.510-0500] {processor.py:925} INFO - DAG(s) 'trigger_another_dag_with_completion' retrieved from /home/vanaprastha/airflow/dags/PART 3/Trigger
Another DAG/trigger_another_dag_with_completion.py
[2024-11-27T12:00:51.520-0500] {logging_mixin.py:190} INFO - [2024-11-27T12:00:51.519-0500] {dag.py:3239} INFO - Sync 1 DAGs
[2024-11-27T12:00:51.530-0500] {logging_mixin.py:190} INFO - [2024-11-27T12:00:51.530-0500] {dag.py:4180} INFO - Setting next_dagrun for trigger_another_dag_with_completion to None, run_after=None
[2024-11-27T12:00:51.546-0500] {processor.py:208} INFO - Processing /home/vanaprastha/airflow/dags/PART 3/Trigger
Another DAG/trigger_another_dag_with_completion.py took 0.070 seconds
[2024-11-27T12:02:04.591-0500] {processor.py:186} INFO - Started process (PID=29637) to work on /home/vanaprastha/airflow/dags/PART 3/Trigger
Another DAG/trigger_another_dag_with_completion.py
[2024-11-27T12:02:04.591-0500] {processor.py:914} INFO - Processing file /home/vanaprastha/airflow/dags/PART 3/Trigger
Another DAG/trigger_another_dag_with_completion.py for tasks to queue
[2024-11-27T12:02:04.593-0500] {logging_mixin.py:190} INFO - [2024-11-27T12:02:04.593-0500] {dagbag.py:588} INFO - Filling up the DagBag from /home/vanaprastha/airflow/dags/PART 3/Trigger
Another DAG/trigger_another_dag_with_completion.py
[2024-11-27T12:02:04.599-0500] {processor.py:925} INFO - DAG(s) 'trigger_another_dag_with_completion' retrieved from /home/vanaprastha/airflow/dags/PART 3/Trigger
Another DAG/trigger_another_dag_with_completion.py
[2024-11-27T12:02:04.608-0500] {logging_mixin.py:190} INFO - [2024-11-27T12:02:04.607-0500] {dag.py:3239} INFO - Sync 1 DAGs
[2024-11-27T12:02:04.618-0500] {logging_mixin.py:190} INFO - [2024-11-27T12:02:04.618-0500] {dag.py:4180} INFO - Setting next_dagrun for trigger_another_dag_with_completion to None, run_after=None
[2024-11-27T12:02:04.752-0500] {processor.py:208} INFO - Processing /home/vanaprastha/airflow/dags/PART 3/Trigger
Another DAG/trigger_another_dag_with_completion.py took 0.166 seconds
[2024-11-27T12:02:56.413-0500] {processor.py:186} INFO - Started process (PID=29697) to work on /home/vanaprastha/airflow/dags/PART 3/Trigger
Another DAG/trigger_another_dag_with_completion.py
[2024-11-27T12:02:56.432-0500] {processor.py:914} INFO - Processing file /home/vanaprastha/airflow/dags/PART 3/Trigger
Another DAG/trigger_another_dag_with_completion.py for tasks to queue
[2024-11-27T12:02:56.435-0500] {logging_mixin.py:190} INFO - [2024-11-27T12:02:56.435-0500] {dagbag.py:588} INFO - Filling up the DagBag from /home/vanaprastha/airflow/dags/PART 3/Trigger
Another DAG/trigger_another_dag_with_completion.py
[2024-11-27T12:02:56.444-0500] {processor.py:925} INFO - DAG(s) 'trigger_another_dag_with_completion' retrieved from /home/vanaprastha/airflow/dags/PART 3/Trigger
Another DAG/trigger_another_dag_with_completion.py
[2024-11-27T12:02:56.453-0500] {logging_mixin.py:190} INFO - [2024-11-27T12:02:56.453-0500] {dag.py:3239} INFO - Sync 1 DAGs
[2024-11-27T12:02:56.563-0500] {logging_mixin.py:190} INFO - [2024-11-27T12:02:56.562-0500] {dag.py:4180} INFO - Setting next_dagrun for trigger_another_dag_with_completion to None, run_after=None
[2024-11-27T12:02:56.599-0500] {processor.py:208} INFO - Processing /home/vanaprastha/airflow/dags/PART 3/Trigger
Another DAG/trigger_another_dag_with_completion.py took 0.191 seconds
[2024-11-27T12:03:21.107-0500] {processor.py:186} INFO - Started process (PID=29802) to work on /home/vanaprastha/airflow/dags/PART 3/Trigger
Another DAG/trigger_another_dag_with_completion.py
[2024-11-27T12:03:21.107-0500] {processor.py:914} INFO - Processing file /home/vanaprastha/airflow/dags/PART 3/Trigger
Another DAG/trigger_another_dag_with_completion.py for tasks to queue
[2024-11-27T12:03:21.109-0500] {logging_mixin.py:190} INFO - [2024-11-27T12:03:21.108-0500] {dagbag.py:588} INFO - Filling up the DagBag from /home/vanaprastha/airflow/dags/PART 3/Trigger
Another DAG/trigger_another_dag_with_completion.py
[2024-11-27T12:03:21.113-0500] {processor.py:925} INFO - DAG(s) 'trigger_another_dag_with_completion' retrieved from /home/vanaprastha/airflow/dags/PART 3/Trigger
Another DAG/trigger_another_dag_with_completion.py
[2024-11-27T12:03:21.123-0500] {logging_mixin.py:190} INFO - [2024-11-27T12:03:21.123-0500] {dag.py:3239} INFO - Sync 1 DAGs
[2024-11-27T12:03:21.134-0500] {logging_mixin.py:190} INFO - [2024-11-27T12:03:21.134-0500] {dag.py:4180} INFO - Setting next_dagrun for trigger_another_dag_with_completion to None, run_after=None
[2024-11-27T12:03:21.150-0500] {processor.py:208} INFO - Processing /home/vanaprastha/airflow/dags/PART 3/Trigger
Another DAG/trigger_another_dag_with_completion.py took 0.047 seconds
[2024-11-27T12:04:40.071-0500] {processor.py:186} INFO - Started process (PID=30144) to work on /home/vanaprastha/airflow/dags/PART 3/Trigger
Another DAG/trigger_another_dag_with_completion.py
[2024-11-27T12:04:40.090-0500] {processor.py:914} INFO - Processing file /home/vanaprastha/airflow/dags/PART 3/Trigger
Another DAG/trigger_another_dag_with_completion.py for tasks to queue
[2024-11-27T12:04:40.093-0500] {logging_mixin.py:190} INFO - [2024-11-27T12:04:40.092-0500] {dagbag.py:588} INFO - Filling up the DagBag from /home/vanaprastha/airflow/dags/PART 3/Trigger
Another DAG/trigger_another_dag_with_completion.py
[2024-11-27T12:04:40.104-0500] {processor.py:925} INFO - DAG(s) 'trigger_another_dag_with_completion' retrieved from /home/vanaprastha/airflow/dags/PART 3/Trigger
Another DAG/trigger_another_dag_with_completion.py
[2024-11-27T12:04:40.118-0500] {logging_mixin.py:190} INFO - [2024-11-27T12:04:40.118-0500] {dag.py:3239} INFO - Sync 1 DAGs
[2024-11-27T12:04:40.140-0500] {logging_mixin.py:190} INFO - [2024-11-27T12:04:40.140-0500] {dag.py:4180} INFO - Setting next_dagrun for trigger_another_dag_with_completion to None, run_after=None
[2024-11-27T12:04:40.297-0500] {processor.py:208} INFO - Processing /home/vanaprastha/airflow/dags/PART 3/Trigger
Another DAG/trigger_another_dag_with_completion.py took 0.231 seconds
[2024-11-27T12:05:30.181-0500] {processor.py:186} INFO - Started process (PID=30911) to work on /home/vanaprastha/airflow/dags/PART 3/Trigger
Another DAG/trigger_another_dag_with_completion.py
[2024-11-27T12:05:30.200-0500] {processor.py:914} INFO - Processing file /home/vanaprastha/airflow/dags/PART 3/Trigger
Another DAG/trigger_another_dag_with_completion.py for tasks to queue
[2024-11-27T12:05:30.204-0500] {logging_mixin.py:190} INFO - [2024-11-27T12:05:30.203-0500] {dagbag.py:588} INFO - Filling up the DagBag from /home/vanaprastha/airflow/dags/PART 3/Trigger
Another DAG/trigger_another_dag_with_completion.py
[2024-11-27T12:05:30.213-0500] {processor.py:925} INFO - DAG(s) 'trigger_another_dag_with_completion' retrieved from /home/vanaprastha/airflow/dags/PART 3/Trigger
Another DAG/trigger_another_dag_with_completion.py
[2024-11-27T12:05:30.223-0500] {logging_mixin.py:190} INFO - [2024-11-27T12:05:30.223-0500] {dag.py:3239} INFO - Sync 1 DAGs
[2024-11-27T12:05:30.335-0500] {logging_mixin.py:190} INFO - [2024-11-27T12:05:30.335-0500] {dag.py:4180} INFO - Setting next_dagrun for trigger_another_dag_with_completion to None, run_after=None
[2024-11-27T12:05:30.372-0500] {processor.py:208} INFO - Processing /home/vanaprastha/airflow/dags/PART 3/Trigger
Another DAG/trigger_another_dag_with_completion.py took 0.196 seconds
[2024-11-27T12:06:20.523-0500] {processor.py:186} INFO - Started process (PID=31042) to work on /home/vanaprastha/airflow/dags/PART 3/Trigger
Another DAG/trigger_another_dag_with_completion.py
[2024-11-27T12:06:20.541-0500] {processor.py:914} INFO - Processing file /home/vanaprastha/airflow/dags/PART 3/Trigger
Another DAG/trigger_another_dag_with_completion.py for tasks to queue
[2024-11-27T12:06:20.545-0500] {logging_mixin.py:190} INFO - [2024-11-27T12:06:20.545-0500] {dagbag.py:588} INFO - Filling up the DagBag from /home/vanaprastha/airflow/dags/PART 3/Trigger
Another DAG/trigger_another_dag_with_completion.py
[2024-11-27T12:06:20.553-0500] {processor.py:925} INFO - DAG(s) 'trigger_another_dag_with_completion' retrieved from /home/vanaprastha/airflow/dags/PART 3/Trigger
Another DAG/trigger_another_dag_with_completion.py
[2024-11-27T12:06:20.564-0500] {logging_mixin.py:190} INFO - [2024-11-27T12:06:20.564-0500] {dag.py:3239} INFO - Sync 1 DAGs
[2024-11-27T12:06:20.579-0500] {logging_mixin.py:190} INFO - [2024-11-27T12:06:20.578-0500] {dag.py:4180} INFO - Setting next_dagrun for trigger_another_dag_with_completion to None, run_after=None
[2024-11-27T12:06:20.714-0500] {processor.py:208} INFO - Processing /home/vanaprastha/airflow/dags/PART 3/Trigger
Another DAG/trigger_another_dag_with_completion.py took 0.195 seconds
[2024-11-27T12:07:11.098-0500] {processor.py:186} INFO - Started process (PID=31625) to work on /home/vanaprastha/airflow/dags/PART 3/Trigger
Another DAG/trigger_another_dag_with_completion.py
[2024-11-27T12:07:11.099-0500] {processor.py:914} INFO - Processing file /home/vanaprastha/airflow/dags/PART 3/Trigger
Another DAG/trigger_another_dag_with_completion.py for tasks to queue
[2024-11-27T12:07:11.100-0500] {logging_mixin.py:190} INFO - [2024-11-27T12:07:11.100-0500] {dagbag.py:588} INFO - Filling up the DagBag from /home/vanaprastha/airflow/dags/PART 3/Trigger
Another DAG/trigger_another_dag_with_completion.py
[2024-11-27T12:07:11.105-0500] {processor.py:925} INFO - DAG(s) 'trigger_another_dag_with_completion' retrieved from /home/vanaprastha/airflow/dags/PART 3/Trigger
Another DAG/trigger_another_dag_with_completion.py
[2024-11-27T12:07:11.115-0500] {logging_mixin.py:190} INFO - [2024-11-27T12:07:11.115-0500] {dag.py:3239} INFO - Sync 1 DAGs
[2024-11-27T12:07:11.226-0500] {logging_mixin.py:190} INFO - [2024-11-27T12:07:11.226-0500] {dag.py:4180} INFO - Setting next_dagrun for trigger_another_dag_with_completion to None, run_after=None
[2024-11-27T12:07:11.263-0500] {processor.py:208} INFO - Processing /home/vanaprastha/airflow/dags/PART 3/Trigger
Another DAG/trigger_another_dag_with_completion.py took 0.168 seconds
[2024-11-27T12:08:03.408-0500] {processor.py:186} INFO - Started process (PID=31780) to work on /home/vanaprastha/airflow/dags/PART 3/Trigger
Another DAG/trigger_another_dag_with_completion.py
[2024-11-27T12:08:03.408-0500] {processor.py:914} INFO - Processing file /home/vanaprastha/airflow/dags/PART 3/Trigger
Another DAG/trigger_another_dag_with_completion.py for tasks to queue
[2024-11-27T12:08:03.410-0500] {logging_mixin.py:190} INFO - [2024-11-27T12:08:03.410-0500] {dagbag.py:588} INFO - Filling up the DagBag from /home/vanaprastha/airflow/dags/PART 3/Trigger
Another DAG/trigger_another_dag_with_completion.py
[2024-11-27T12:08:03.415-0500] {processor.py:925} INFO - DAG(s) 'trigger_another_dag_with_completion' retrieved from /home/vanaprastha/airflow/dags/PART 3/Trigger
Another DAG/trigger_another_dag_with_completion.py
[2024-11-27T12:08:03.423-0500] {logging_mixin.py:190} INFO - [2024-11-27T12:08:03.423-0500] {dag.py:3239} INFO - Sync 1 DAGs
[2024-11-27T12:08:03.433-0500] {logging_mixin.py:190} INFO - [2024-11-27T12:08:03.433-0500] {dag.py:4180} INFO - Setting next_dagrun for trigger_another_dag_with_completion to None, run_after=None
[2024-11-27T12:08:03.449-0500] {processor.py:208} INFO - Processing /home/vanaprastha/airflow/dags/PART 3/Trigger
Another DAG/trigger_another_dag_with_completion.py took 0.045 seconds
[2024-11-27T12:08:53.199-0500] {processor.py:186} INFO - Started process (PID=31863) to work on /home/vanaprastha/airflow/dags/PART 3/Trigger
Another DAG/trigger_another_dag_with_completion.py
[2024-11-27T12:08:53.217-0500] {processor.py:914} INFO - Processing file /home/vanaprastha/airflow/dags/PART 3/Trigger
Another DAG/trigger_another_dag_with_completion.py for tasks to queue
[2024-11-27T12:08:53.219-0500] {logging_mixin.py:190} INFO - [2024-11-27T12:08:53.219-0500] {dagbag.py:588} INFO - Filling up the DagBag from /home/vanaprastha/airflow/dags/PART 3/Trigger
Another DAG/trigger_another_dag_with_completion.py
[2024-11-27T12:08:53.224-0500] {processor.py:925} INFO - DAG(s) 'trigger_another_dag_with_completion' retrieved from /home/vanaprastha/airflow/dags/PART 3/Trigger
Another DAG/trigger_another_dag_with_completion.py
[2024-11-27T12:08:53.233-0500] {logging_mixin.py:190} INFO - [2024-11-27T12:08:53.233-0500] {dag.py:3239} INFO - Sync 1 DAGs
[2024-11-27T12:08:53.249-0500] {logging_mixin.py:190} INFO - [2024-11-27T12:08:53.249-0500] {dag.py:4180} INFO - Setting next_dagrun for trigger_another_dag_with_completion to None, run_after=None
[2024-11-27T12:08:53.283-0500] {processor.py:208} INFO - Processing /home/vanaprastha/airflow/dags/PART 3/Trigger
Another DAG/trigger_another_dag_with_completion.py took 0.089 seconds
[2024-11-27T12:09:40.454-0500] {processor.py:186} INFO - Started process (PID=31951) to work on /home/vanaprastha/airflow/dags/PART 3/Trigger
Another DAG/trigger_another_dag_with_completion.py
[2024-11-27T12:09:40.472-0500] {processor.py:914} INFO - Processing file /home/vanaprastha/airflow/dags/PART 3/Trigger
Another DAG/trigger_another_dag_with_completion.py for tasks to queue
[2024-11-27T12:09:40.475-0500] {logging_mixin.py:190} INFO - [2024-11-27T12:09:40.475-0500] {dagbag.py:588} INFO - Filling up the DagBag from /home/vanaprastha/airflow/dags/PART 3/Trigger
Another DAG/trigger_another_dag_with_completion.py
[2024-11-27T12:09:40.482-0500] {processor.py:925} INFO - DAG(s) 'trigger_another_dag_with_completion' retrieved from /home/vanaprastha/airflow/dags/PART 3/Trigger
Another DAG/trigger_another_dag_with_completion.py
[2024-11-27T12:09:40.490-0500] {logging_mixin.py:190} INFO - [2024-11-27T12:09:40.490-0500] {dag.py:3239} INFO - Sync 1 DAGs
[2024-11-27T12:09:40.501-0500] {logging_mixin.py:190} INFO - [2024-11-27T12:09:40.501-0500] {dag.py:4180} INFO - Setting next_dagrun for trigger_another_dag_with_completion to None, run_after=None
[2024-11-27T12:09:40.516-0500] {processor.py:208} INFO - Processing /home/vanaprastha/airflow/dags/PART 3/Trigger
Another DAG/trigger_another_dag_with_completion.py took 0.066 seconds
[2024-11-27T12:10:26.160-0500] {processor.py:186} INFO - Started process (PID=32041) to work on /home/vanaprastha/airflow/dags/PART 3/Trigger
Another DAG/trigger_another_dag_with_completion.py
[2024-11-27T12:10:26.179-0500] {processor.py:914} INFO - Processing file /home/vanaprastha/airflow/dags/PART 3/Trigger
Another DAG/trigger_another_dag_with_completion.py for tasks to queue
[2024-11-27T12:10:26.183-0500] {logging_mixin.py:190} INFO - [2024-11-27T12:10:26.182-0500] {dagbag.py:588} INFO - Filling up the DagBag from /home/vanaprastha/airflow/dags/PART 3/Trigger
Another DAG/trigger_another_dag_with_completion.py
[2024-11-27T12:10:26.193-0500] {processor.py:925} INFO - DAG(s) 'trigger_another_dag_with_completion' retrieved from /home/vanaprastha/airflow/dags/PART 3/Trigger
Another DAG/trigger_another_dag_with_completion.py
[2024-11-27T12:10:26.202-0500] {logging_mixin.py:190} INFO - [2024-11-27T12:10:26.202-0500] {dag.py:3239} INFO - Sync 1 DAGs
[2024-11-27T12:10:26.213-0500] {logging_mixin.py:190} INFO - [2024-11-27T12:10:26.213-0500] {dag.py:4180} INFO - Setting next_dagrun for trigger_another_dag_with_completion to None, run_after=None
[2024-11-27T12:10:26.228-0500] {processor.py:208} INFO - Processing /home/vanaprastha/airflow/dags/PART 3/Trigger
Another DAG/trigger_another_dag_with_completion.py took 0.074 seconds
[2024-11-27T12:11:09.441-0500] {processor.py:186} INFO - Started process (PID=32093) to work on /home/vanaprastha/airflow/dags/PART 3/Trigger
Another DAG/trigger_another_dag_with_completion.py
[2024-11-27T12:11:09.460-0500] {processor.py:914} INFO - Processing file /home/vanaprastha/airflow/dags/PART 3/Trigger
Another DAG/trigger_another_dag_with_completion.py for tasks to queue
[2024-11-27T12:11:09.464-0500] {logging_mixin.py:190} INFO - [2024-11-27T12:11:09.463-0500] {dagbag.py:588} INFO - Filling up the DagBag from /home/vanaprastha/airflow/dags/PART 3/Trigger
Another DAG/trigger_another_dag_with_completion.py
[2024-11-27T12:11:09.475-0500] {processor.py:925} INFO - DAG(s) 'trigger_another_dag_with_completion' retrieved from /home/vanaprastha/airflow/dags/PART 3/Trigger
Another DAG/trigger_another_dag_with_completion.py
[2024-11-27T12:11:09.487-0500] {logging_mixin.py:190} INFO - [2024-11-27T12:11:09.487-0500] {dag.py:3239} INFO - Sync 1 DAGs
[2024-11-27T12:11:09.498-0500] {logging_mixin.py:190} INFO - [2024-11-27T12:11:09.498-0500] {dag.py:4180} INFO - Setting next_dagrun for trigger_another_dag_with_completion to None, run_after=None
[2024-11-27T12:11:09.514-0500] {processor.py:208} INFO - Processing /home/vanaprastha/airflow/dags/PART 3/Trigger
Another DAG/trigger_another_dag_with_completion.py took 0.081 seconds
[2024-11-27T12:11:55.599-0500] {processor.py:186} INFO - Started process (PID=32187) to work on /home/vanaprastha/airflow/dags/PART 3/Trigger
Another DAG/trigger_another_dag_with_completion.py
[2024-11-27T12:11:55.600-0500] {processor.py:914} INFO - Processing file /home/vanaprastha/airflow/dags/PART 3/Trigger
Another DAG/trigger_another_dag_with_completion.py for tasks to queue
[2024-11-27T12:11:55.601-0500] {logging_mixin.py:190} INFO - [2024-11-27T12:11:55.601-0500] {dagbag.py:588} INFO - Filling up the DagBag from /home/vanaprastha/airflow/dags/PART 3/Trigger
Another DAG/trigger_another_dag_with_completion.py
[2024-11-27T12:11:55.606-0500] {processor.py:925} INFO - DAG(s) 'trigger_another_dag_with_completion' retrieved from /home/vanaprastha/airflow/dags/PART 3/Trigger
Another DAG/trigger_another_dag_with_completion.py
[2024-11-27T12:11:55.614-0500] {logging_mixin.py:190} INFO - [2024-11-27T12:11:55.614-0500] {dag.py:3239} INFO - Sync 1 DAGs
[2024-11-27T12:11:55.626-0500] {logging_mixin.py:190} INFO - [2024-11-27T12:11:55.626-0500] {dag.py:4180} INFO - Setting next_dagrun for trigger_another_dag_with_completion to None, run_after=None
[2024-11-27T12:11:55.642-0500] {processor.py:208} INFO - Processing /home/vanaprastha/airflow/dags/PART 3/Trigger
Another DAG/trigger_another_dag_with_completion.py took 0.047 seconds
[2024-11-27T12:12:40.187-0500] {processor.py:186} INFO - Started process (PID=32244) to work on /home/vanaprastha/airflow/dags/PART 3/Trigger
Another DAG/trigger_another_dag_with_completion.py
[2024-11-27T12:12:40.206-0500] {processor.py:914} INFO - Processing file /home/vanaprastha/airflow/dags/PART 3/Trigger
Another DAG/trigger_another_dag_with_completion.py for tasks to queue
[2024-11-27T12:12:40.210-0500] {logging_mixin.py:190} INFO - [2024-11-27T12:12:40.209-0500] {dagbag.py:588} INFO - Filling up the DagBag from /home/vanaprastha/airflow/dags/PART 3/Trigger
Another DAG/trigger_another_dag_with_completion.py
[2024-11-27T12:12:40.220-0500] {processor.py:925} INFO - DAG(s) 'trigger_another_dag_with_completion' retrieved from /home/vanaprastha/airflow/dags/PART 3/Trigger
Another DAG/trigger_another_dag_with_completion.py
[2024-11-27T12:12:40.230-0500] {logging_mixin.py:190} INFO - [2024-11-27T12:12:40.230-0500] {dag.py:3239} INFO - Sync 1 DAGs
[2024-11-27T12:12:40.240-0500] {logging_mixin.py:190} INFO - [2024-11-27T12:12:40.240-0500] {dag.py:4180} INFO - Setting next_dagrun for trigger_another_dag_with_completion to None, run_after=None
[2024-11-27T12:12:40.256-0500] {processor.py:208} INFO - Processing /home/vanaprastha/airflow/dags/PART 3/Trigger
Another DAG/trigger_another_dag_with_completion.py took 0.075 seconds
[2024-11-27T12:13:25.003-0500] {processor.py:186} INFO - Started process (PID=32299) to work on /home/vanaprastha/airflow/dags/PART 3/Trigger
Another DAG/trigger_another_dag_with_completion.py
[2024-11-27T12:13:25.022-0500] {processor.py:914} INFO - Processing file /home/vanaprastha/airflow/dags/PART 3/Trigger
Another DAG/trigger_another_dag_with_completion.py for tasks to queue
[2024-11-27T12:13:25.024-0500] {logging_mixin.py:190} INFO - [2024-11-27T12:13:25.023-0500] {dagbag.py:588} INFO - Filling up the DagBag from /home/vanaprastha/airflow/dags/PART 3/Trigger
Another DAG/trigger_another_dag_with_completion.py
[2024-11-27T12:13:25.035-0500] {processor.py:925} INFO - DAG(s) 'trigger_another_dag_with_completion' retrieved from /home/vanaprastha/airflow/dags/PART 3/Trigger
Another DAG/trigger_another_dag_with_completion.py
[2024-11-27T12:13:25.044-0500] {logging_mixin.py:190} INFO - [2024-11-27T12:13:25.044-0500] {dag.py:3239} INFO - Sync 1 DAGs
[2024-11-27T12:13:25.055-0500] {logging_mixin.py:190} INFO - [2024-11-27T12:13:25.055-0500] {dag.py:4180} INFO - Setting next_dagrun for trigger_another_dag_with_completion to None, run_after=None
[2024-11-27T12:13:25.072-0500] {processor.py:208} INFO - Processing /home/vanaprastha/airflow/dags/PART 3/Trigger
Another DAG/trigger_another_dag_with_completion.py took 0.075 seconds
[2024-11-27T12:13:55.876-0500] {processor.py:186} INFO - Started process (PID=32409) to work on /home/vanaprastha/airflow/dags/PART 3/Trigger
Another DAG/trigger_another_dag_with_completion.py
[2024-11-27T12:13:55.895-0500] {processor.py:914} INFO - Processing file /home/vanaprastha/airflow/dags/PART 3/Trigger
Another DAG/trigger_another_dag_with_completion.py for tasks to queue
[2024-11-27T12:13:55.899-0500] {logging_mixin.py:190} INFO - [2024-11-27T12:13:55.898-0500] {dagbag.py:588} INFO - Filling up the DagBag from /home/vanaprastha/airflow/dags/PART 3/Trigger
Another DAG/trigger_another_dag_with_completion.py
[2024-11-27T12:13:55.908-0500] {processor.py:925} INFO - DAG(s) 'trigger_another_dag_with_completion' retrieved from /home/vanaprastha/airflow/dags/PART 3/Trigger
Another DAG/trigger_another_dag_with_completion.py
[2024-11-27T12:13:55.916-0500] {logging_mixin.py:190} INFO - [2024-11-27T12:13:55.916-0500] {dag.py:3239} INFO - Sync 1 DAGs
[2024-11-27T12:13:55.929-0500] {logging_mixin.py:190} INFO - [2024-11-27T12:13:55.929-0500] {dag.py:4180} INFO - Setting next_dagrun for trigger_another_dag_with_completion to None, run_after=None
[2024-11-27T12:13:55.944-0500] {processor.py:208} INFO - Processing /home/vanaprastha/airflow/dags/PART 3/Trigger
Another DAG/trigger_another_dag_with_completion.py took 0.072 seconds
[2024-11-27T12:15:25.789-0500] {processor.py:186} INFO - Started process (PID=32558) to work on /home/vanaprastha/airflow/dags/PART 3/Trigger
Another DAG/trigger_another_dag_with_completion.py
[2024-11-27T12:15:25.808-0500] {processor.py:914} INFO - Processing file /home/vanaprastha/airflow/dags/PART 3/Trigger
Another DAG/trigger_another_dag_with_completion.py for tasks to queue
[2024-11-27T12:15:25.810-0500] {logging_mixin.py:190} INFO - [2024-11-27T12:15:25.810-0500] {dagbag.py:588} INFO - Filling up the DagBag from /home/vanaprastha/airflow/dags/PART 3/Trigger
Another DAG/trigger_another_dag_with_completion.py
[2024-11-27T12:15:25.815-0500] {processor.py:925} INFO - DAG(s) 'trigger_another_dag_with_completion' retrieved from /home/vanaprastha/airflow/dags/PART 3/Trigger
Another DAG/trigger_another_dag_with_completion.py
[2024-11-27T12:15:25.823-0500] {logging_mixin.py:190} INFO - [2024-11-27T12:15:25.823-0500] {dag.py:3239} INFO - Sync 1 DAGs
[2024-11-27T12:15:25.937-0500] {logging_mixin.py:190} INFO - [2024-11-27T12:15:25.936-0500] {dag.py:4180} INFO - Setting next_dagrun for trigger_another_dag_with_completion to None, run_after=None
[2024-11-27T12:15:25.970-0500] {processor.py:208} INFO - Processing /home/vanaprastha/airflow/dags/PART 3/Trigger
Another DAG/trigger_another_dag_with_completion.py took 0.184 seconds
[2024-11-27T12:16:29.020-0500] {processor.py:186} INFO - Started process (PID=32630) to work on /home/vanaprastha/airflow/dags/PART 3/Trigger
Another DAG/trigger_another_dag_with_completion.py
[2024-11-27T12:16:29.039-0500] {processor.py:914} INFO - Processing file /home/vanaprastha/airflow/dags/PART 3/Trigger
Another DAG/trigger_another_dag_with_completion.py for tasks to queue
[2024-11-27T12:16:29.043-0500] {logging_mixin.py:190} INFO - [2024-11-27T12:16:29.042-0500] {dagbag.py:588} INFO - Filling up the DagBag from /home/vanaprastha/airflow/dags/PART 3/Trigger
Another DAG/trigger_another_dag_with_completion.py
[2024-11-27T12:16:29.053-0500] {processor.py:925} INFO - DAG(s) 'trigger_another_dag_with_completion' retrieved from /home/vanaprastha/airflow/dags/PART 3/Trigger
Another DAG/trigger_another_dag_with_completion.py
[2024-11-27T12:16:29.062-0500] {logging_mixin.py:190} INFO - [2024-11-27T12:16:29.062-0500] {dag.py:3239} INFO - Sync 1 DAGs
[2024-11-27T12:16:29.072-0500] {logging_mixin.py:190} INFO - [2024-11-27T12:16:29.072-0500] {dag.py:4180} INFO - Setting next_dagrun for trigger_another_dag_with_completion to None, run_after=None
[2024-11-27T12:16:29.087-0500] {processor.py:208} INFO - Processing /home/vanaprastha/airflow/dags/PART 3/Trigger
Another DAG/trigger_another_dag_with_completion.py took 0.072 seconds
[2024-11-27T12:17:27.707-0500] {processor.py:186} INFO - Started process (PID=32703) to work on /home/vanaprastha/airflow/dags/PART 3/Trigger
Another DAG/trigger_another_dag_with_completion.py
[2024-11-27T12:17:27.726-0500] {processor.py:914} INFO - Processing file /home/vanaprastha/airflow/dags/PART 3/Trigger
Another DAG/trigger_another_dag_with_completion.py for tasks to queue
[2024-11-27T12:17:27.728-0500] {logging_mixin.py:190} INFO - [2024-11-27T12:17:27.728-0500] {dagbag.py:588} INFO - Filling up the DagBag from /home/vanaprastha/airflow/dags/PART 3/Trigger
Another DAG/trigger_another_dag_with_completion.py
[2024-11-27T12:17:27.737-0500] {processor.py:925} INFO - DAG(s) 'trigger_another_dag_with_completion' retrieved from /home/vanaprastha/airflow/dags/PART 3/Trigger
Another DAG/trigger_another_dag_with_completion.py
[2024-11-27T12:17:27.746-0500] {logging_mixin.py:190} INFO - [2024-11-27T12:17:27.746-0500] {dag.py:3239} INFO - Sync 1 DAGs
[2024-11-27T12:17:27.854-0500] {logging_mixin.py:190} INFO - [2024-11-27T12:17:27.853-0500] {dag.py:4180} INFO - Setting next_dagrun for trigger_another_dag_with_completion to None, run_after=None
[2024-11-27T12:17:27.892-0500] {processor.py:208} INFO - Processing /home/vanaprastha/airflow/dags/PART 3/Trigger
Another DAG/trigger_another_dag_with_completion.py took 0.189 seconds
[2024-11-27T12:17:52.899-0500] {processor.py:186} INFO - Started process (PID=32808) to work on /home/vanaprastha/airflow/dags/PART 3/Trigger
Another DAG/trigger_another_dag_with_completion.py
[2024-11-27T12:17:52.900-0500] {processor.py:914} INFO - Processing file /home/vanaprastha/airflow/dags/PART 3/Trigger
Another DAG/trigger_another_dag_with_completion.py for tasks to queue
[2024-11-27T12:17:52.902-0500] {logging_mixin.py:190} INFO - [2024-11-27T12:17:52.901-0500] {dagbag.py:588} INFO - Filling up the DagBag from /home/vanaprastha/airflow/dags/PART 3/Trigger
Another DAG/trigger_another_dag_with_completion.py
[2024-11-27T12:17:52.906-0500] {processor.py:925} INFO - DAG(s) 'trigger_another_dag_with_completion' retrieved from /home/vanaprastha/airflow/dags/PART 3/Trigger
Another DAG/trigger_another_dag_with_completion.py
[2024-11-27T12:17:52.914-0500] {logging_mixin.py:190} INFO - [2024-11-27T12:17:52.914-0500] {dag.py:3239} INFO - Sync 1 DAGs
[2024-11-27T12:17:52.925-0500] {logging_mixin.py:190} INFO - [2024-11-27T12:17:52.925-0500] {dag.py:4180} INFO - Setting next_dagrun for trigger_another_dag_with_completion to None, run_after=None
[2024-11-27T12:17:52.941-0500] {processor.py:208} INFO - Processing /home/vanaprastha/airflow/dags/PART 3/Trigger
Another DAG/trigger_another_dag_with_completion.py took 0.045 seconds
[2024-11-27T12:19:30.624-0500] {processor.py:186} INFO - Started process (PID=32971) to work on /home/vanaprastha/airflow/dags/PART 3/Trigger
Another DAG/trigger_another_dag_with_completion.py
[2024-11-27T12:19:30.646-0500] {processor.py:914} INFO - Processing file /home/vanaprastha/airflow/dags/PART 3/Trigger
Another DAG/trigger_another_dag_with_completion.py for tasks to queue
[2024-11-27T12:19:30.648-0500] {logging_mixin.py:190} INFO - [2024-11-27T12:19:30.648-0500] {dagbag.py:588} INFO - Filling up the DagBag from /home/vanaprastha/airflow/dags/PART 3/Trigger
Another DAG/trigger_another_dag_with_completion.py
[2024-11-27T12:19:30.658-0500] {processor.py:925} INFO - DAG(s) 'trigger_another_dag_with_completion' retrieved from /home/vanaprastha/airflow/dags/PART 3/Trigger
Another DAG/trigger_another_dag_with_completion.py
[2024-11-27T12:19:30.671-0500] {logging_mixin.py:190} INFO - [2024-11-27T12:19:30.671-0500] {dag.py:3239} INFO - Sync 1 DAGs
[2024-11-27T12:19:30.895-0500] {logging_mixin.py:190} INFO - [2024-11-27T12:19:30.895-0500] {dag.py:4180} INFO - Setting next_dagrun for trigger_another_dag_with_completion to None, run_after=None
[2024-11-27T12:19:30.919-0500] {processor.py:208} INFO - Processing /home/vanaprastha/airflow/dags/PART 3/Trigger
Another DAG/trigger_another_dag_with_completion.py took 0.303 seconds
[2024-11-27T12:20:41.413-0500] {processor.py:186} INFO - Started process (PID=33055) to work on /home/vanaprastha/airflow/dags/PART 3/Trigger
Another DAG/trigger_another_dag_with_completion.py
[2024-11-27T12:20:41.414-0500] {processor.py:914} INFO - Processing file /home/vanaprastha/airflow/dags/PART 3/Trigger
Another DAG/trigger_another_dag_with_completion.py for tasks to queue
[2024-11-27T12:20:41.416-0500] {logging_mixin.py:190} INFO - [2024-11-27T12:20:41.416-0500] {dagbag.py:588} INFO - Filling up the DagBag from /home/vanaprastha/airflow/dags/PART 3/Trigger
Another DAG/trigger_another_dag_with_completion.py
[2024-11-27T12:20:41.422-0500] {processor.py:925} INFO - DAG(s) 'trigger_another_dag_with_completion' retrieved from /home/vanaprastha/airflow/dags/PART 3/Trigger
Another DAG/trigger_another_dag_with_completion.py
[2024-11-27T12:20:41.437-0500] {logging_mixin.py:190} INFO - [2024-11-27T12:20:41.436-0500] {dag.py:3239} INFO - Sync 1 DAGs
[2024-11-27T12:20:41.456-0500] {logging_mixin.py:190} INFO - [2024-11-27T12:20:41.455-0500] {dag.py:4180} INFO - Setting next_dagrun for trigger_another_dag_with_completion to None, run_after=None
[2024-11-27T12:20:41.480-0500] {processor.py:208} INFO - Processing /home/vanaprastha/airflow/dags/PART 3/Trigger
Another DAG/trigger_another_dag_with_completion.py took 0.072 seconds
