[2024-11-27T10:56:45.166-0500] {processor.py:186} INFO - Started process (PID=19862) to work on /home/vanaprastha/airflow/dags/part2_operator/operator_python.py
[2024-11-27T10:56:45.166-0500] {processor.py:914} INFO - Processing file /home/vanaprastha/airflow/dags/part2_operator/operator_python.py for tasks to queue
[2024-11-27T10:56:45.167-0500] {logging_mixin.py:190} INFO - [2024-11-27T10:56:45.167-0500] {dagbag.py:588} INFO - Filling up the DagBag from /home/vanaprastha/airflow/dags/part2_operator/operator_python.py
[2024-11-27T10:56:45.169-0500] {logging_mixin.py:190} INFO - [2024-11-27T10:56:45.168-0500] {dagbag.py:387} ERROR - Failed to import: /home/vanaprastha/airflow/dags/part2_operator/operator_python.py
Traceback (most recent call last):
  File "/home/vanaprastha/anaconda3/lib/python3.12/site-packages/airflow/models/dagbag.py", line 383, in parse
    loader.exec_module(new_module)
  File "<frozen importlib._bootstrap_external>", line 991, in exec_module
  File "<frozen importlib._bootstrap_external>", line 1129, in get_code
  File "<frozen importlib._bootstrap_external>", line 1059, in source_to_code
  File "<frozen importlib._bootstrap>", line 488, in _call_with_frames_removed
  File "/home/vanaprastha/airflow/dags/part2_operator/operator_python.py", line 19
    return  python
                  ^
IndentationError: unindent does not match any outer indentation level
[2024-11-27T10:56:45.169-0500] {processor.py:927} WARNING - No viable dags retrieved from /home/vanaprastha/airflow/dags/part2_operator/operator_python.py
[2024-11-27T10:56:45.185-0500] {processor.py:208} INFO - Processing /home/vanaprastha/airflow/dags/part2_operator/operator_python.py took 0.022 seconds
[2024-11-27T10:57:33.860-0500] {processor.py:186} INFO - Started process (PID=19933) to work on /home/vanaprastha/airflow/dags/part2_operator/operator_python.py
[2024-11-27T10:57:33.879-0500] {processor.py:914} INFO - Processing file /home/vanaprastha/airflow/dags/part2_operator/operator_python.py for tasks to queue
[2024-11-27T10:57:33.881-0500] {logging_mixin.py:190} INFO - [2024-11-27T10:57:33.880-0500] {dagbag.py:588} INFO - Filling up the DagBag from /home/vanaprastha/airflow/dags/part2_operator/operator_python.py
[2024-11-27T10:57:33.891-0500] {processor.py:925} INFO - DAG(s) 'operator_python' retrieved from /home/vanaprastha/airflow/dags/part2_operator/operator_python.py
[2024-11-27T10:57:33.943-0500] {logging_mixin.py:190} INFO - [2024-11-27T10:57:33.943-0500] {dag.py:3239} INFO - Sync 1 DAGs
[2024-11-27T10:57:33.953-0500] {logging_mixin.py:190} INFO - [2024-11-27T10:57:33.953-0500] {dag.py:4180} INFO - Setting next_dagrun for operator_python to 2024-11-26 00:00:00+00:00, run_after=2024-11-27 00:00:00+00:00
[2024-11-27T10:57:33.976-0500] {processor.py:208} INFO - Processing /home/vanaprastha/airflow/dags/part2_operator/operator_python.py took 0.120 seconds
[2024-11-27T10:58:14.700-0500] {processor.py:186} INFO - Started process (PID=20012) to work on /home/vanaprastha/airflow/dags/part2_operator/operator_python.py
[2024-11-27T10:58:14.719-0500] {processor.py:914} INFO - Processing file /home/vanaprastha/airflow/dags/part2_operator/operator_python.py for tasks to queue
[2024-11-27T10:58:14.720-0500] {logging_mixin.py:190} INFO - [2024-11-27T10:58:14.720-0500] {dagbag.py:588} INFO - Filling up the DagBag from /home/vanaprastha/airflow/dags/part2_operator/operator_python.py
[2024-11-27T10:58:14.731-0500] {processor.py:925} INFO - DAG(s) 'operator_python' retrieved from /home/vanaprastha/airflow/dags/part2_operator/operator_python.py
[2024-11-27T10:58:14.739-0500] {logging_mixin.py:190} INFO - [2024-11-27T10:58:14.739-0500] {dag.py:3239} INFO - Sync 1 DAGs
[2024-11-27T10:58:14.750-0500] {logging_mixin.py:190} INFO - [2024-11-27T10:58:14.750-0500] {dag.py:4180} INFO - Setting next_dagrun for operator_python to 2024-11-27 00:00:00+00:00, run_after=2024-11-28 00:00:00+00:00
[2024-11-27T10:58:14.766-0500] {processor.py:208} INFO - Processing /home/vanaprastha/airflow/dags/part2_operator/operator_python.py took 0.069 seconds
[2024-11-27T10:58:53.944-0500] {processor.py:186} INFO - Started process (PID=20075) to work on /home/vanaprastha/airflow/dags/part2_operator/operator_python.py
[2024-11-27T10:58:53.963-0500] {processor.py:914} INFO - Processing file /home/vanaprastha/airflow/dags/part2_operator/operator_python.py for tasks to queue
[2024-11-27T10:58:53.965-0500] {logging_mixin.py:190} INFO - [2024-11-27T10:58:53.964-0500] {dagbag.py:588} INFO - Filling up the DagBag from /home/vanaprastha/airflow/dags/part2_operator/operator_python.py
[2024-11-27T10:58:53.977-0500] {processor.py:925} INFO - DAG(s) 'operator_python' retrieved from /home/vanaprastha/airflow/dags/part2_operator/operator_python.py
[2024-11-27T10:58:53.985-0500] {logging_mixin.py:190} INFO - [2024-11-27T10:58:53.985-0500] {dag.py:3239} INFO - Sync 1 DAGs
[2024-11-27T10:58:53.997-0500] {logging_mixin.py:190} INFO - [2024-11-27T10:58:53.997-0500] {dag.py:4180} INFO - Setting next_dagrun for operator_python to 2024-11-27 00:00:00+00:00, run_after=2024-11-28 00:00:00+00:00
[2024-11-27T10:58:54.012-0500] {processor.py:208} INFO - Processing /home/vanaprastha/airflow/dags/part2_operator/operator_python.py took 0.074 seconds
[2024-11-27T10:59:28.960-0500] {processor.py:186} INFO - Started process (PID=20126) to work on /home/vanaprastha/airflow/dags/part2_operator/operator_python.py
[2024-11-27T10:59:28.979-0500] {processor.py:914} INFO - Processing file /home/vanaprastha/airflow/dags/part2_operator/operator_python.py for tasks to queue
[2024-11-27T10:59:28.981-0500] {logging_mixin.py:190} INFO - [2024-11-27T10:59:28.980-0500] {dagbag.py:588} INFO - Filling up the DagBag from /home/vanaprastha/airflow/dags/part2_operator/operator_python.py
[2024-11-27T10:59:28.990-0500] {processor.py:925} INFO - DAG(s) 'operator_python' retrieved from /home/vanaprastha/airflow/dags/part2_operator/operator_python.py
[2024-11-27T10:59:28.999-0500] {logging_mixin.py:190} INFO - [2024-11-27T10:59:28.999-0500] {dag.py:3239} INFO - Sync 1 DAGs
[2024-11-27T10:59:29.011-0500] {logging_mixin.py:190} INFO - [2024-11-27T10:59:29.011-0500] {dag.py:4180} INFO - Setting next_dagrun for operator_python to 2024-11-27 00:00:00+00:00, run_after=2024-11-28 00:00:00+00:00
[2024-11-27T10:59:29.027-0500] {processor.py:208} INFO - Processing /home/vanaprastha/airflow/dags/part2_operator/operator_python.py took 0.073 seconds
[2024-11-27T11:00:02.937-0500] {processor.py:186} INFO - Started process (PID=20245) to work on /home/vanaprastha/airflow/dags/part2_operator/operator_python.py
[2024-11-27T11:00:02.956-0500] {processor.py:914} INFO - Processing file /home/vanaprastha/airflow/dags/part2_operator/operator_python.py for tasks to queue
[2024-11-27T11:00:02.957-0500] {logging_mixin.py:190} INFO - [2024-11-27T11:00:02.957-0500] {dagbag.py:588} INFO - Filling up the DagBag from /home/vanaprastha/airflow/dags/part2_operator/operator_python.py
[2024-11-27T11:00:02.969-0500] {processor.py:925} INFO - DAG(s) 'operator_python' retrieved from /home/vanaprastha/airflow/dags/part2_operator/operator_python.py
[2024-11-27T11:00:02.977-0500] {logging_mixin.py:190} INFO - [2024-11-27T11:00:02.977-0500] {dag.py:3239} INFO - Sync 1 DAGs
[2024-11-27T11:00:02.990-0500] {logging_mixin.py:190} INFO - [2024-11-27T11:00:02.989-0500] {dag.py:4180} INFO - Setting next_dagrun for operator_python to 2024-11-27 00:00:00+00:00, run_after=2024-11-28 00:00:00+00:00
[2024-11-27T11:00:03.006-0500] {processor.py:208} INFO - Processing /home/vanaprastha/airflow/dags/part2_operator/operator_python.py took 0.072 seconds
[2024-11-27T11:00:36.749-0500] {processor.py:186} INFO - Started process (PID=20300) to work on /home/vanaprastha/airflow/dags/part2_operator/operator_python.py
[2024-11-27T11:00:36.768-0500] {processor.py:914} INFO - Processing file /home/vanaprastha/airflow/dags/part2_operator/operator_python.py for tasks to queue
[2024-11-27T11:00:36.770-0500] {logging_mixin.py:190} INFO - [2024-11-27T11:00:36.769-0500] {dagbag.py:588} INFO - Filling up the DagBag from /home/vanaprastha/airflow/dags/part2_operator/operator_python.py
[2024-11-27T11:00:36.782-0500] {processor.py:925} INFO - DAG(s) 'operator_python' retrieved from /home/vanaprastha/airflow/dags/part2_operator/operator_python.py
[2024-11-27T11:00:36.791-0500] {logging_mixin.py:190} INFO - [2024-11-27T11:00:36.791-0500] {dag.py:3239} INFO - Sync 1 DAGs
[2024-11-27T11:00:36.803-0500] {logging_mixin.py:190} INFO - [2024-11-27T11:00:36.803-0500] {dag.py:4180} INFO - Setting next_dagrun for operator_python to 2024-11-27 00:00:00+00:00, run_after=2024-11-28 00:00:00+00:00
[2024-11-27T11:00:36.819-0500] {processor.py:208} INFO - Processing /home/vanaprastha/airflow/dags/part2_operator/operator_python.py took 0.074 seconds
[2024-11-27T11:01:09.970-0500] {processor.py:186} INFO - Started process (PID=20399) to work on /home/vanaprastha/airflow/dags/part2_operator/operator_python.py
[2024-11-27T11:01:09.971-0500] {processor.py:914} INFO - Processing file /home/vanaprastha/airflow/dags/part2_operator/operator_python.py for tasks to queue
[2024-11-27T11:01:09.973-0500] {logging_mixin.py:190} INFO - [2024-11-27T11:01:09.972-0500] {dagbag.py:588} INFO - Filling up the DagBag from /home/vanaprastha/airflow/dags/part2_operator/operator_python.py
[2024-11-27T11:01:09.981-0500] {processor.py:925} INFO - DAG(s) 'operator_python' retrieved from /home/vanaprastha/airflow/dags/part2_operator/operator_python.py
[2024-11-27T11:01:09.988-0500] {logging_mixin.py:190} INFO - [2024-11-27T11:01:09.988-0500] {dag.py:3239} INFO - Sync 1 DAGs
[2024-11-27T11:01:10.000-0500] {logging_mixin.py:190} INFO - [2024-11-27T11:01:10.000-0500] {dag.py:4180} INFO - Setting next_dagrun for operator_python to 2024-11-27 00:00:00+00:00, run_after=2024-11-28 00:00:00+00:00
[2024-11-27T11:01:10.016-0500] {processor.py:208} INFO - Processing /home/vanaprastha/airflow/dags/part2_operator/operator_python.py took 0.052 seconds
[2024-11-27T11:01:43.237-0500] {processor.py:186} INFO - Started process (PID=20436) to work on /home/vanaprastha/airflow/dags/part2_operator/operator_python.py
[2024-11-27T11:01:43.256-0500] {processor.py:914} INFO - Processing file /home/vanaprastha/airflow/dags/part2_operator/operator_python.py for tasks to queue
[2024-11-27T11:01:43.257-0500] {logging_mixin.py:190} INFO - [2024-11-27T11:01:43.257-0500] {dagbag.py:588} INFO - Filling up the DagBag from /home/vanaprastha/airflow/dags/part2_operator/operator_python.py
[2024-11-27T11:01:43.265-0500] {processor.py:925} INFO - DAG(s) 'operator_python' retrieved from /home/vanaprastha/airflow/dags/part2_operator/operator_python.py
[2024-11-27T11:01:43.274-0500] {logging_mixin.py:190} INFO - [2024-11-27T11:01:43.273-0500] {dag.py:3239} INFO - Sync 1 DAGs
[2024-11-27T11:01:43.288-0500] {logging_mixin.py:190} INFO - [2024-11-27T11:01:43.288-0500] {dag.py:4180} INFO - Setting next_dagrun for operator_python to 2024-11-27 00:00:00+00:00, run_after=2024-11-28 00:00:00+00:00
[2024-11-27T11:01:43.305-0500] {processor.py:208} INFO - Processing /home/vanaprastha/airflow/dags/part2_operator/operator_python.py took 0.071 seconds
[2024-11-27T11:02:16.800-0500] {processor.py:186} INFO - Started process (PID=20495) to work on /home/vanaprastha/airflow/dags/part2_operator/operator_python.py
[2024-11-27T11:02:16.801-0500] {processor.py:914} INFO - Processing file /home/vanaprastha/airflow/dags/part2_operator/operator_python.py for tasks to queue
[2024-11-27T11:02:16.801-0500] {logging_mixin.py:190} INFO - [2024-11-27T11:02:16.801-0500] {dagbag.py:588} INFO - Filling up the DagBag from /home/vanaprastha/airflow/dags/part2_operator/operator_python.py
[2024-11-27T11:02:16.807-0500] {processor.py:925} INFO - DAG(s) 'operator_python' retrieved from /home/vanaprastha/airflow/dags/part2_operator/operator_python.py
[2024-11-27T11:02:16.815-0500] {logging_mixin.py:190} INFO - [2024-11-27T11:02:16.815-0500] {dag.py:3239} INFO - Sync 1 DAGs
[2024-11-27T11:02:16.830-0500] {logging_mixin.py:190} INFO - [2024-11-27T11:02:16.830-0500] {dag.py:4180} INFO - Setting next_dagrun for operator_python to 2024-11-27 00:00:00+00:00, run_after=2024-11-28 00:00:00+00:00
[2024-11-27T11:02:16.846-0500] {processor.py:208} INFO - Processing /home/vanaprastha/airflow/dags/part2_operator/operator_python.py took 0.050 seconds
[2024-11-27T11:02:51.810-0500] {processor.py:186} INFO - Started process (PID=20625) to work on /home/vanaprastha/airflow/dags/part2_operator/operator_python.py
[2024-11-27T11:02:51.810-0500] {processor.py:914} INFO - Processing file /home/vanaprastha/airflow/dags/part2_operator/operator_python.py for tasks to queue
[2024-11-27T11:02:51.811-0500] {logging_mixin.py:190} INFO - [2024-11-27T11:02:51.811-0500] {dagbag.py:588} INFO - Filling up the DagBag from /home/vanaprastha/airflow/dags/part2_operator/operator_python.py
[2024-11-27T11:02:51.816-0500] {processor.py:925} INFO - DAG(s) 'operator_python' retrieved from /home/vanaprastha/airflow/dags/part2_operator/operator_python.py
[2024-11-27T11:02:51.824-0500] {logging_mixin.py:190} INFO - [2024-11-27T11:02:51.824-0500] {dag.py:3239} INFO - Sync 1 DAGs
[2024-11-27T11:02:51.839-0500] {logging_mixin.py:190} INFO - [2024-11-27T11:02:51.838-0500] {dag.py:4180} INFO - Setting next_dagrun for operator_python to 2024-11-27 00:00:00+00:00, run_after=2024-11-28 00:00:00+00:00
[2024-11-27T11:02:51.855-0500] {processor.py:208} INFO - Processing /home/vanaprastha/airflow/dags/part2_operator/operator_python.py took 0.048 seconds
[2024-11-27T11:03:23.066-0500] {processor.py:186} INFO - Started process (PID=20688) to work on /home/vanaprastha/airflow/dags/part2_operator/operator_python.py
[2024-11-27T11:03:23.067-0500] {processor.py:914} INFO - Processing file /home/vanaprastha/airflow/dags/part2_operator/operator_python.py for tasks to queue
[2024-11-27T11:03:23.069-0500] {logging_mixin.py:190} INFO - [2024-11-27T11:03:23.068-0500] {dagbag.py:588} INFO - Filling up the DagBag from /home/vanaprastha/airflow/dags/part2_operator/operator_python.py
[2024-11-27T11:03:23.076-0500] {processor.py:925} INFO - DAG(s) 'operator_python' retrieved from /home/vanaprastha/airflow/dags/part2_operator/operator_python.py
[2024-11-27T11:03:23.084-0500] {logging_mixin.py:190} INFO - [2024-11-27T11:03:23.084-0500] {dag.py:3239} INFO - Sync 1 DAGs
[2024-11-27T11:03:23.096-0500] {logging_mixin.py:190} INFO - [2024-11-27T11:03:23.096-0500] {dag.py:4180} INFO - Setting next_dagrun for operator_python to 2024-11-27 00:00:00+00:00, run_after=2024-11-28 00:00:00+00:00
[2024-11-27T11:03:23.115-0500] {processor.py:208} INFO - Processing /home/vanaprastha/airflow/dags/part2_operator/operator_python.py took 0.055 seconds
[2024-11-27T11:03:55.186-0500] {processor.py:186} INFO - Started process (PID=20728) to work on /home/vanaprastha/airflow/dags/part2_operator/operator_python.py
[2024-11-27T11:03:55.205-0500] {processor.py:914} INFO - Processing file /home/vanaprastha/airflow/dags/part2_operator/operator_python.py for tasks to queue
[2024-11-27T11:03:55.207-0500] {logging_mixin.py:190} INFO - [2024-11-27T11:03:55.206-0500] {dagbag.py:588} INFO - Filling up the DagBag from /home/vanaprastha/airflow/dags/part2_operator/operator_python.py
[2024-11-27T11:03:55.219-0500] {processor.py:925} INFO - DAG(s) 'operator_python' retrieved from /home/vanaprastha/airflow/dags/part2_operator/operator_python.py
[2024-11-27T11:03:55.229-0500] {logging_mixin.py:190} INFO - [2024-11-27T11:03:55.229-0500] {dag.py:3239} INFO - Sync 1 DAGs
[2024-11-27T11:03:55.240-0500] {logging_mixin.py:190} INFO - [2024-11-27T11:03:55.240-0500] {dag.py:4180} INFO - Setting next_dagrun for operator_python to 2024-11-27 00:00:00+00:00, run_after=2024-11-28 00:00:00+00:00
[2024-11-27T11:03:55.258-0500] {processor.py:208} INFO - Processing /home/vanaprastha/airflow/dags/part2_operator/operator_python.py took 0.077 seconds
[2024-11-27T11:04:29.611-0500] {processor.py:186} INFO - Started process (PID=20764) to work on /home/vanaprastha/airflow/dags/part2_operator/operator_python.py
[2024-11-27T11:04:29.631-0500] {processor.py:914} INFO - Processing file /home/vanaprastha/airflow/dags/part2_operator/operator_python.py for tasks to queue
[2024-11-27T11:04:29.632-0500] {logging_mixin.py:190} INFO - [2024-11-27T11:04:29.632-0500] {dagbag.py:588} INFO - Filling up the DagBag from /home/vanaprastha/airflow/dags/part2_operator/operator_python.py
[2024-11-27T11:04:29.644-0500] {processor.py:925} INFO - DAG(s) 'operator_python' retrieved from /home/vanaprastha/airflow/dags/part2_operator/operator_python.py
[2024-11-27T11:04:29.654-0500] {logging_mixin.py:190} INFO - [2024-11-27T11:04:29.653-0500] {dag.py:3239} INFO - Sync 1 DAGs
[2024-11-27T11:04:29.665-0500] {logging_mixin.py:190} INFO - [2024-11-27T11:04:29.665-0500] {dag.py:4180} INFO - Setting next_dagrun for operator_python to 2024-11-27 00:00:00+00:00, run_after=2024-11-28 00:00:00+00:00
[2024-11-27T11:04:29.680-0500] {processor.py:208} INFO - Processing /home/vanaprastha/airflow/dags/part2_operator/operator_python.py took 0.075 seconds
[2024-11-27T11:05:03.485-0500] {processor.py:186} INFO - Started process (PID=21025) to work on /home/vanaprastha/airflow/dags/part2_operator/operator_python.py
[2024-11-27T11:05:03.486-0500] {processor.py:914} INFO - Processing file /home/vanaprastha/airflow/dags/part2_operator/operator_python.py for tasks to queue
[2024-11-27T11:05:03.488-0500] {logging_mixin.py:190} INFO - [2024-11-27T11:05:03.487-0500] {dagbag.py:588} INFO - Filling up the DagBag from /home/vanaprastha/airflow/dags/part2_operator/operator_python.py
[2024-11-27T11:05:03.496-0500] {processor.py:925} INFO - DAG(s) 'operator_python' retrieved from /home/vanaprastha/airflow/dags/part2_operator/operator_python.py
[2024-11-27T11:05:03.503-0500] {logging_mixin.py:190} INFO - [2024-11-27T11:05:03.503-0500] {dag.py:3239} INFO - Sync 1 DAGs
[2024-11-27T11:05:03.515-0500] {logging_mixin.py:190} INFO - [2024-11-27T11:05:03.515-0500] {dag.py:4180} INFO - Setting next_dagrun for operator_python to 2024-11-27 00:00:00+00:00, run_after=2024-11-28 00:00:00+00:00
[2024-11-27T11:05:03.531-0500] {processor.py:208} INFO - Processing /home/vanaprastha/airflow/dags/part2_operator/operator_python.py took 0.052 seconds
[2024-11-27T11:05:36.875-0500] {processor.py:186} INFO - Started process (PID=21387) to work on /home/vanaprastha/airflow/dags/part2_operator/operator_python.py
[2024-11-27T11:05:36.893-0500] {processor.py:914} INFO - Processing file /home/vanaprastha/airflow/dags/part2_operator/operator_python.py for tasks to queue
[2024-11-27T11:05:36.895-0500] {logging_mixin.py:190} INFO - [2024-11-27T11:05:36.895-0500] {dagbag.py:588} INFO - Filling up the DagBag from /home/vanaprastha/airflow/dags/part2_operator/operator_python.py
[2024-11-27T11:05:36.907-0500] {processor.py:925} INFO - DAG(s) 'operator_python' retrieved from /home/vanaprastha/airflow/dags/part2_operator/operator_python.py
[2024-11-27T11:05:36.916-0500] {logging_mixin.py:190} INFO - [2024-11-27T11:05:36.916-0500] {dag.py:3239} INFO - Sync 1 DAGs
[2024-11-27T11:05:36.928-0500] {logging_mixin.py:190} INFO - [2024-11-27T11:05:36.928-0500] {dag.py:4180} INFO - Setting next_dagrun for operator_python to 2024-11-27 00:00:00+00:00, run_after=2024-11-28 00:00:00+00:00
[2024-11-27T11:05:36.943-0500] {processor.py:208} INFO - Processing /home/vanaprastha/airflow/dags/part2_operator/operator_python.py took 0.072 seconds
[2024-11-27T11:06:10.217-0500] {processor.py:186} INFO - Started process (PID=21644) to work on /home/vanaprastha/airflow/dags/part2_operator/operator_python.py
[2024-11-27T11:06:10.236-0500] {processor.py:914} INFO - Processing file /home/vanaprastha/airflow/dags/part2_operator/operator_python.py for tasks to queue
[2024-11-27T11:06:10.238-0500] {logging_mixin.py:190} INFO - [2024-11-27T11:06:10.237-0500] {dagbag.py:588} INFO - Filling up the DagBag from /home/vanaprastha/airflow/dags/part2_operator/operator_python.py
[2024-11-27T11:06:10.248-0500] {processor.py:925} INFO - DAG(s) 'operator_python' retrieved from /home/vanaprastha/airflow/dags/part2_operator/operator_python.py
[2024-11-27T11:06:10.256-0500] {logging_mixin.py:190} INFO - [2024-11-27T11:06:10.256-0500] {dag.py:3239} INFO - Sync 1 DAGs
[2024-11-27T11:06:10.269-0500] {logging_mixin.py:190} INFO - [2024-11-27T11:06:10.269-0500] {dag.py:4180} INFO - Setting next_dagrun for operator_python to 2024-11-27 00:00:00+00:00, run_after=2024-11-28 00:00:00+00:00
[2024-11-27T11:06:10.285-0500] {processor.py:208} INFO - Processing /home/vanaprastha/airflow/dags/part2_operator/operator_python.py took 0.074 seconds
[2024-11-27T11:06:45.134-0500] {processor.py:186} INFO - Started process (PID=21766) to work on /home/vanaprastha/airflow/dags/part2_operator/operator_python.py
[2024-11-27T11:06:45.153-0500] {processor.py:914} INFO - Processing file /home/vanaprastha/airflow/dags/part2_operator/operator_python.py for tasks to queue
[2024-11-27T11:06:45.155-0500] {logging_mixin.py:190} INFO - [2024-11-27T11:06:45.155-0500] {dagbag.py:588} INFO - Filling up the DagBag from /home/vanaprastha/airflow/dags/part2_operator/operator_python.py
[2024-11-27T11:06:45.166-0500] {processor.py:925} INFO - DAG(s) 'operator_python' retrieved from /home/vanaprastha/airflow/dags/part2_operator/operator_python.py
[2024-11-27T11:06:45.174-0500] {logging_mixin.py:190} INFO - [2024-11-27T11:06:45.174-0500] {dag.py:3239} INFO - Sync 1 DAGs
[2024-11-27T11:06:45.187-0500] {logging_mixin.py:190} INFO - [2024-11-27T11:06:45.187-0500] {dag.py:4180} INFO - Setting next_dagrun for operator_python to 2024-11-27 00:00:00+00:00, run_after=2024-11-28 00:00:00+00:00
[2024-11-27T11:06:45.236-0500] {processor.py:208} INFO - Processing /home/vanaprastha/airflow/dags/part2_operator/operator_python.py took 0.105 seconds
[2024-11-27T11:07:20.138-0500] {processor.py:186} INFO - Started process (PID=21809) to work on /home/vanaprastha/airflow/dags/part2_operator/operator_python.py
[2024-11-27T11:07:20.157-0500] {processor.py:914} INFO - Processing file /home/vanaprastha/airflow/dags/part2_operator/operator_python.py for tasks to queue
[2024-11-27T11:07:20.159-0500] {logging_mixin.py:190} INFO - [2024-11-27T11:07:20.159-0500] {dagbag.py:588} INFO - Filling up the DagBag from /home/vanaprastha/airflow/dags/part2_operator/operator_python.py
[2024-11-27T11:07:20.172-0500] {processor.py:925} INFO - DAG(s) 'operator_python' retrieved from /home/vanaprastha/airflow/dags/part2_operator/operator_python.py
[2024-11-27T11:07:20.181-0500] {logging_mixin.py:190} INFO - [2024-11-27T11:07:20.180-0500] {dag.py:3239} INFO - Sync 1 DAGs
[2024-11-27T11:07:20.192-0500] {logging_mixin.py:190} INFO - [2024-11-27T11:07:20.192-0500] {dag.py:4180} INFO - Setting next_dagrun for operator_python to 2024-11-27 00:00:00+00:00, run_after=2024-11-28 00:00:00+00:00
[2024-11-27T11:07:20.209-0500] {processor.py:208} INFO - Processing /home/vanaprastha/airflow/dags/part2_operator/operator_python.py took 0.077 seconds
[2024-11-27T11:07:52.893-0500] {processor.py:186} INFO - Started process (PID=21880) to work on /home/vanaprastha/airflow/dags/part2_operator/operator_python.py
[2024-11-27T11:07:52.912-0500] {processor.py:914} INFO - Processing file /home/vanaprastha/airflow/dags/part2_operator/operator_python.py for tasks to queue
[2024-11-27T11:07:52.914-0500] {logging_mixin.py:190} INFO - [2024-11-27T11:07:52.913-0500] {dagbag.py:588} INFO - Filling up the DagBag from /home/vanaprastha/airflow/dags/part2_operator/operator_python.py
[2024-11-27T11:07:52.926-0500] {processor.py:925} INFO - DAG(s) 'operator_python' retrieved from /home/vanaprastha/airflow/dags/part2_operator/operator_python.py
[2024-11-27T11:07:52.935-0500] {logging_mixin.py:190} INFO - [2024-11-27T11:07:52.934-0500] {dag.py:3239} INFO - Sync 1 DAGs
[2024-11-27T11:07:52.946-0500] {logging_mixin.py:190} INFO - [2024-11-27T11:07:52.946-0500] {dag.py:4180} INFO - Setting next_dagrun for operator_python to 2024-11-27 00:00:00+00:00, run_after=2024-11-28 00:00:00+00:00
[2024-11-27T11:07:52.963-0500] {processor.py:208} INFO - Processing /home/vanaprastha/airflow/dags/part2_operator/operator_python.py took 0.075 seconds
[2024-11-27T11:08:24.921-0500] {processor.py:186} INFO - Started process (PID=21949) to work on /home/vanaprastha/airflow/dags/part2_operator/operator_python.py
[2024-11-27T11:08:24.939-0500] {processor.py:914} INFO - Processing file /home/vanaprastha/airflow/dags/part2_operator/operator_python.py for tasks to queue
[2024-11-27T11:08:24.941-0500] {logging_mixin.py:190} INFO - [2024-11-27T11:08:24.940-0500] {dagbag.py:588} INFO - Filling up the DagBag from /home/vanaprastha/airflow/dags/part2_operator/operator_python.py
[2024-11-27T11:08:24.949-0500] {processor.py:925} INFO - DAG(s) 'operator_python' retrieved from /home/vanaprastha/airflow/dags/part2_operator/operator_python.py
[2024-11-27T11:08:24.957-0500] {logging_mixin.py:190} INFO - [2024-11-27T11:08:24.957-0500] {dag.py:3239} INFO - Sync 1 DAGs
[2024-11-27T11:08:24.969-0500] {logging_mixin.py:190} INFO - [2024-11-27T11:08:24.969-0500] {dag.py:4180} INFO - Setting next_dagrun for operator_python to 2024-11-27 00:00:00+00:00, run_after=2024-11-28 00:00:00+00:00
[2024-11-27T11:08:24.984-0500] {processor.py:208} INFO - Processing /home/vanaprastha/airflow/dags/part2_operator/operator_python.py took 0.066 seconds
[2024-11-27T11:09:11.725-0500] {processor.py:186} INFO - Started process (PID=21987) to work on /home/vanaprastha/airflow/dags/part2_operator/operator_python.py
[2024-11-27T11:09:11.744-0500] {processor.py:914} INFO - Processing file /home/vanaprastha/airflow/dags/part2_operator/operator_python.py for tasks to queue
[2024-11-27T11:09:11.746-0500] {logging_mixin.py:190} INFO - [2024-11-27T11:09:11.746-0500] {dagbag.py:588} INFO - Filling up the DagBag from /home/vanaprastha/airflow/dags/part2_operator/operator_python.py
[2024-11-27T11:09:11.757-0500] {processor.py:925} INFO - DAG(s) 'operator_python' retrieved from /home/vanaprastha/airflow/dags/part2_operator/operator_python.py
[2024-11-27T11:09:11.767-0500] {logging_mixin.py:190} INFO - [2024-11-27T11:09:11.767-0500] {dag.py:3239} INFO - Sync 1 DAGs
[2024-11-27T11:09:11.780-0500] {logging_mixin.py:190} INFO - [2024-11-27T11:09:11.780-0500] {dag.py:4180} INFO - Setting next_dagrun for operator_python to 2024-11-27 00:00:00+00:00, run_after=2024-11-28 00:00:00+00:00
[2024-11-27T11:09:11.796-0500] {processor.py:208} INFO - Processing /home/vanaprastha/airflow/dags/part2_operator/operator_python.py took 0.075 seconds
[2024-11-27T11:09:59.168-0500] {processor.py:186} INFO - Started process (PID=23541) to work on /home/vanaprastha/airflow/dags/part2_operator/operator_python.py
[2024-11-27T11:09:59.187-0500] {processor.py:914} INFO - Processing file /home/vanaprastha/airflow/dags/part2_operator/operator_python.py for tasks to queue
[2024-11-27T11:09:59.189-0500] {logging_mixin.py:190} INFO - [2024-11-27T11:09:59.188-0500] {dagbag.py:588} INFO - Filling up the DagBag from /home/vanaprastha/airflow/dags/part2_operator/operator_python.py
[2024-11-27T11:09:59.201-0500] {processor.py:925} INFO - DAG(s) 'operator_python' retrieved from /home/vanaprastha/airflow/dags/part2_operator/operator_python.py
[2024-11-27T11:09:59.209-0500] {logging_mixin.py:190} INFO - [2024-11-27T11:09:59.209-0500] {dag.py:3239} INFO - Sync 1 DAGs
[2024-11-27T11:09:59.221-0500] {logging_mixin.py:190} INFO - [2024-11-27T11:09:59.221-0500] {dag.py:4180} INFO - Setting next_dagrun for operator_python to 2024-11-27 00:00:00+00:00, run_after=2024-11-28 00:00:00+00:00
[2024-11-27T11:09:59.237-0500] {processor.py:208} INFO - Processing /home/vanaprastha/airflow/dags/part2_operator/operator_python.py took 0.072 seconds
[2024-11-27T11:10:34.227-0500] {processor.py:186} INFO - Started process (PID=23698) to work on /home/vanaprastha/airflow/dags/part2_operator/operator_python.py
[2024-11-27T11:10:34.246-0500] {processor.py:914} INFO - Processing file /home/vanaprastha/airflow/dags/part2_operator/operator_python.py for tasks to queue
[2024-11-27T11:10:34.248-0500] {logging_mixin.py:190} INFO - [2024-11-27T11:10:34.247-0500] {dagbag.py:588} INFO - Filling up the DagBag from /home/vanaprastha/airflow/dags/part2_operator/operator_python.py
[2024-11-27T11:10:34.260-0500] {processor.py:925} INFO - DAG(s) 'operator_python' retrieved from /home/vanaprastha/airflow/dags/part2_operator/operator_python.py
[2024-11-27T11:10:34.269-0500] {logging_mixin.py:190} INFO - [2024-11-27T11:10:34.269-0500] {dag.py:3239} INFO - Sync 1 DAGs
[2024-11-27T11:10:34.280-0500] {logging_mixin.py:190} INFO - [2024-11-27T11:10:34.280-0500] {dag.py:4180} INFO - Setting next_dagrun for operator_python to 2024-11-27 00:00:00+00:00, run_after=2024-11-28 00:00:00+00:00
[2024-11-27T11:10:34.296-0500] {processor.py:208} INFO - Processing /home/vanaprastha/airflow/dags/part2_operator/operator_python.py took 0.075 seconds
[2024-11-27T11:11:07.007-0500] {processor.py:186} INFO - Started process (PID=23779) to work on /home/vanaprastha/airflow/dags/part2_operator/operator_python.py
[2024-11-27T11:11:07.008-0500] {processor.py:914} INFO - Processing file /home/vanaprastha/airflow/dags/part2_operator/operator_python.py for tasks to queue
[2024-11-27T11:11:07.008-0500] {logging_mixin.py:190} INFO - [2024-11-27T11:11:07.008-0500] {dagbag.py:588} INFO - Filling up the DagBag from /home/vanaprastha/airflow/dags/part2_operator/operator_python.py
[2024-11-27T11:11:07.014-0500] {processor.py:925} INFO - DAG(s) 'operator_python' retrieved from /home/vanaprastha/airflow/dags/part2_operator/operator_python.py
[2024-11-27T11:11:07.022-0500] {logging_mixin.py:190} INFO - [2024-11-27T11:11:07.022-0500] {dag.py:3239} INFO - Sync 1 DAGs
[2024-11-27T11:11:07.035-0500] {logging_mixin.py:190} INFO - [2024-11-27T11:11:07.035-0500] {dag.py:4180} INFO - Setting next_dagrun for operator_python to 2024-11-27 00:00:00+00:00, run_after=2024-11-28 00:00:00+00:00
[2024-11-27T11:11:07.051-0500] {processor.py:208} INFO - Processing /home/vanaprastha/airflow/dags/part2_operator/operator_python.py took 0.047 seconds
[2024-11-27T11:11:40.598-0500] {processor.py:186} INFO - Started process (PID=23829) to work on /home/vanaprastha/airflow/dags/part2_operator/operator_python.py
[2024-11-27T11:11:40.617-0500] {processor.py:914} INFO - Processing file /home/vanaprastha/airflow/dags/part2_operator/operator_python.py for tasks to queue
[2024-11-27T11:11:40.618-0500] {logging_mixin.py:190} INFO - [2024-11-27T11:11:40.618-0500] {dagbag.py:588} INFO - Filling up the DagBag from /home/vanaprastha/airflow/dags/part2_operator/operator_python.py
[2024-11-27T11:11:40.631-0500] {processor.py:925} INFO - DAG(s) 'operator_python' retrieved from /home/vanaprastha/airflow/dags/part2_operator/operator_python.py
[2024-11-27T11:11:40.641-0500] {logging_mixin.py:190} INFO - [2024-11-27T11:11:40.641-0500] {dag.py:3239} INFO - Sync 1 DAGs
[2024-11-27T11:11:40.652-0500] {logging_mixin.py:190} INFO - [2024-11-27T11:11:40.652-0500] {dag.py:4180} INFO - Setting next_dagrun for operator_python to 2024-11-27 00:00:00+00:00, run_after=2024-11-28 00:00:00+00:00
[2024-11-27T11:11:40.668-0500] {processor.py:208} INFO - Processing /home/vanaprastha/airflow/dags/part2_operator/operator_python.py took 0.076 seconds
[2024-11-27T11:12:14.251-0500] {processor.py:186} INFO - Started process (PID=23895) to work on /home/vanaprastha/airflow/dags/part2_operator/operator_python.py
[2024-11-27T11:12:14.252-0500] {processor.py:914} INFO - Processing file /home/vanaprastha/airflow/dags/part2_operator/operator_python.py for tasks to queue
[2024-11-27T11:12:14.252-0500] {logging_mixin.py:190} INFO - [2024-11-27T11:12:14.252-0500] {dagbag.py:588} INFO - Filling up the DagBag from /home/vanaprastha/airflow/dags/part2_operator/operator_python.py
[2024-11-27T11:12:14.257-0500] {processor.py:925} INFO - DAG(s) 'operator_python' retrieved from /home/vanaprastha/airflow/dags/part2_operator/operator_python.py
[2024-11-27T11:12:14.266-0500] {logging_mixin.py:190} INFO - [2024-11-27T11:12:14.265-0500] {dag.py:3239} INFO - Sync 1 DAGs
[2024-11-27T11:12:14.278-0500] {logging_mixin.py:190} INFO - [2024-11-27T11:12:14.278-0500] {dag.py:4180} INFO - Setting next_dagrun for operator_python to 2024-11-27 00:00:00+00:00, run_after=2024-11-28 00:00:00+00:00
[2024-11-27T11:12:14.295-0500] {processor.py:208} INFO - Processing /home/vanaprastha/airflow/dags/part2_operator/operator_python.py took 0.047 seconds
[2024-11-27T11:12:46.349-0500] {processor.py:186} INFO - Started process (PID=23988) to work on /home/vanaprastha/airflow/dags/part2_operator/operator_python.py
[2024-11-27T11:12:46.368-0500] {processor.py:914} INFO - Processing file /home/vanaprastha/airflow/dags/part2_operator/operator_python.py for tasks to queue
[2024-11-27T11:12:46.369-0500] {logging_mixin.py:190} INFO - [2024-11-27T11:12:46.369-0500] {dagbag.py:588} INFO - Filling up the DagBag from /home/vanaprastha/airflow/dags/part2_operator/operator_python.py
[2024-11-27T11:12:46.381-0500] {processor.py:925} INFO - DAG(s) 'operator_python' retrieved from /home/vanaprastha/airflow/dags/part2_operator/operator_python.py
[2024-11-27T11:12:46.391-0500] {logging_mixin.py:190} INFO - [2024-11-27T11:12:46.390-0500] {dag.py:3239} INFO - Sync 1 DAGs
[2024-11-27T11:12:46.402-0500] {logging_mixin.py:190} INFO - [2024-11-27T11:12:46.402-0500] {dag.py:4180} INFO - Setting next_dagrun for operator_python to 2024-11-27 00:00:00+00:00, run_after=2024-11-28 00:00:00+00:00
[2024-11-27T11:12:46.418-0500] {processor.py:208} INFO - Processing /home/vanaprastha/airflow/dags/part2_operator/operator_python.py took 0.075 seconds
[2024-11-27T11:13:19.902-0500] {processor.py:186} INFO - Started process (PID=24054) to work on /home/vanaprastha/airflow/dags/part2_operator/operator_python.py
[2024-11-27T11:13:19.921-0500] {processor.py:914} INFO - Processing file /home/vanaprastha/airflow/dags/part2_operator/operator_python.py for tasks to queue
[2024-11-27T11:13:19.923-0500] {logging_mixin.py:190} INFO - [2024-11-27T11:13:19.922-0500] {dagbag.py:588} INFO - Filling up the DagBag from /home/vanaprastha/airflow/dags/part2_operator/operator_python.py
[2024-11-27T11:13:19.934-0500] {processor.py:925} INFO - DAG(s) 'operator_python' retrieved from /home/vanaprastha/airflow/dags/part2_operator/operator_python.py
[2024-11-27T11:13:19.943-0500] {logging_mixin.py:190} INFO - [2024-11-27T11:13:19.943-0500] {dag.py:3239} INFO - Sync 1 DAGs
[2024-11-27T11:13:19.955-0500] {logging_mixin.py:190} INFO - [2024-11-27T11:13:19.955-0500] {dag.py:4180} INFO - Setting next_dagrun for operator_python to 2024-11-27 00:00:00+00:00, run_after=2024-11-28 00:00:00+00:00
[2024-11-27T11:13:19.971-0500] {processor.py:208} INFO - Processing /home/vanaprastha/airflow/dags/part2_operator/operator_python.py took 0.073 seconds
[2024-11-27T11:13:52.568-0500] {processor.py:186} INFO - Started process (PID=24130) to work on /home/vanaprastha/airflow/dags/part2_operator/operator_python.py
[2024-11-27T11:13:52.568-0500] {processor.py:914} INFO - Processing file /home/vanaprastha/airflow/dags/part2_operator/operator_python.py for tasks to queue
[2024-11-27T11:13:52.570-0500] {logging_mixin.py:190} INFO - [2024-11-27T11:13:52.569-0500] {dagbag.py:588} INFO - Filling up the DagBag from /home/vanaprastha/airflow/dags/part2_operator/operator_python.py
[2024-11-27T11:13:52.576-0500] {processor.py:925} INFO - DAG(s) 'operator_python' retrieved from /home/vanaprastha/airflow/dags/part2_operator/operator_python.py
[2024-11-27T11:13:52.584-0500] {logging_mixin.py:190} INFO - [2024-11-27T11:13:52.584-0500] {dag.py:3239} INFO - Sync 1 DAGs
[2024-11-27T11:13:52.597-0500] {logging_mixin.py:190} INFO - [2024-11-27T11:13:52.597-0500] {dag.py:4180} INFO - Setting next_dagrun for operator_python to 2024-11-27 00:00:00+00:00, run_after=2024-11-28 00:00:00+00:00
[2024-11-27T11:13:52.614-0500] {processor.py:208} INFO - Processing /home/vanaprastha/airflow/dags/part2_operator/operator_python.py took 0.051 seconds
[2024-11-27T11:14:24.788-0500] {processor.py:186} INFO - Started process (PID=24167) to work on /home/vanaprastha/airflow/dags/part2_operator/operator_python.py
[2024-11-27T11:14:24.806-0500] {processor.py:914} INFO - Processing file /home/vanaprastha/airflow/dags/part2_operator/operator_python.py for tasks to queue
[2024-11-27T11:14:24.807-0500] {logging_mixin.py:190} INFO - [2024-11-27T11:14:24.807-0500] {dagbag.py:588} INFO - Filling up the DagBag from /home/vanaprastha/airflow/dags/part2_operator/operator_python.py
[2024-11-27T11:14:24.815-0500] {processor.py:925} INFO - DAG(s) 'operator_python' retrieved from /home/vanaprastha/airflow/dags/part2_operator/operator_python.py
[2024-11-27T11:14:24.824-0500] {logging_mixin.py:190} INFO - [2024-11-27T11:14:24.824-0500] {dag.py:3239} INFO - Sync 1 DAGs
[2024-11-27T11:14:24.838-0500] {logging_mixin.py:190} INFO - [2024-11-27T11:14:24.838-0500] {dag.py:4180} INFO - Setting next_dagrun for operator_python to 2024-11-27 00:00:00+00:00, run_after=2024-11-28 00:00:00+00:00
[2024-11-27T11:14:24.856-0500] {processor.py:208} INFO - Processing /home/vanaprastha/airflow/dags/part2_operator/operator_python.py took 0.072 seconds
[2024-11-27T11:14:58.504-0500] {processor.py:186} INFO - Started process (PID=24224) to work on /home/vanaprastha/airflow/dags/part2_operator/operator_python.py
[2024-11-27T11:14:58.523-0500] {processor.py:914} INFO - Processing file /home/vanaprastha/airflow/dags/part2_operator/operator_python.py for tasks to queue
[2024-11-27T11:14:58.525-0500] {logging_mixin.py:190} INFO - [2024-11-27T11:14:58.525-0500] {dagbag.py:588} INFO - Filling up the DagBag from /home/vanaprastha/airflow/dags/part2_operator/operator_python.py
[2024-11-27T11:14:58.535-0500] {processor.py:925} INFO - DAG(s) 'operator_python' retrieved from /home/vanaprastha/airflow/dags/part2_operator/operator_python.py
[2024-11-27T11:14:58.543-0500] {logging_mixin.py:190} INFO - [2024-11-27T11:14:58.543-0500] {dag.py:3239} INFO - Sync 1 DAGs
[2024-11-27T11:14:58.555-0500] {logging_mixin.py:190} INFO - [2024-11-27T11:14:58.554-0500] {dag.py:4180} INFO - Setting next_dagrun for operator_python to 2024-11-27 00:00:00+00:00, run_after=2024-11-28 00:00:00+00:00
[2024-11-27T11:14:58.571-0500] {processor.py:208} INFO - Processing /home/vanaprastha/airflow/dags/part2_operator/operator_python.py took 0.073 seconds
[2024-11-27T11:15:33.897-0500] {processor.py:186} INFO - Started process (PID=24278) to work on /home/vanaprastha/airflow/dags/part2_operator/operator_python.py
[2024-11-27T11:15:33.916-0500] {processor.py:914} INFO - Processing file /home/vanaprastha/airflow/dags/part2_operator/operator_python.py for tasks to queue
[2024-11-27T11:15:33.917-0500] {logging_mixin.py:190} INFO - [2024-11-27T11:15:33.916-0500] {dagbag.py:588} INFO - Filling up the DagBag from /home/vanaprastha/airflow/dags/part2_operator/operator_python.py
[2024-11-27T11:15:33.924-0500] {processor.py:925} INFO - DAG(s) 'operator_python' retrieved from /home/vanaprastha/airflow/dags/part2_operator/operator_python.py
[2024-11-27T11:15:33.932-0500] {logging_mixin.py:190} INFO - [2024-11-27T11:15:33.932-0500] {dag.py:3239} INFO - Sync 1 DAGs
[2024-11-27T11:15:33.944-0500] {logging_mixin.py:190} INFO - [2024-11-27T11:15:33.943-0500] {dag.py:4180} INFO - Setting next_dagrun for operator_python to 2024-11-27 00:00:00+00:00, run_after=2024-11-28 00:00:00+00:00
[2024-11-27T11:15:33.959-0500] {processor.py:208} INFO - Processing /home/vanaprastha/airflow/dags/part2_operator/operator_python.py took 0.066 seconds
[2024-11-27T11:16:10.319-0500] {processor.py:186} INFO - Started process (PID=24318) to work on /home/vanaprastha/airflow/dags/part2_operator/operator_python.py
[2024-11-27T11:16:10.338-0500] {processor.py:914} INFO - Processing file /home/vanaprastha/airflow/dags/part2_operator/operator_python.py for tasks to queue
[2024-11-27T11:16:10.339-0500] {logging_mixin.py:190} INFO - [2024-11-27T11:16:10.338-0500] {dagbag.py:588} INFO - Filling up the DagBag from /home/vanaprastha/airflow/dags/part2_operator/operator_python.py
[2024-11-27T11:16:10.344-0500] {processor.py:925} INFO - DAG(s) 'operator_python' retrieved from /home/vanaprastha/airflow/dags/part2_operator/operator_python.py
[2024-11-27T11:16:10.352-0500] {logging_mixin.py:190} INFO - [2024-11-27T11:16:10.352-0500] {dag.py:3239} INFO - Sync 1 DAGs
[2024-11-27T11:16:10.365-0500] {logging_mixin.py:190} INFO - [2024-11-27T11:16:10.365-0500] {dag.py:4180} INFO - Setting next_dagrun for operator_python to 2024-11-27 00:00:00+00:00, run_after=2024-11-28 00:00:00+00:00
[2024-11-27T11:16:10.381-0500] {processor.py:208} INFO - Processing /home/vanaprastha/airflow/dags/part2_operator/operator_python.py took 0.066 seconds
[2024-11-27T11:16:43.387-0500] {processor.py:186} INFO - Started process (PID=24369) to work on /home/vanaprastha/airflow/dags/part2_operator/operator_python.py
[2024-11-27T11:16:43.388-0500] {processor.py:914} INFO - Processing file /home/vanaprastha/airflow/dags/part2_operator/operator_python.py for tasks to queue
[2024-11-27T11:16:43.389-0500] {logging_mixin.py:190} INFO - [2024-11-27T11:16:43.389-0500] {dagbag.py:588} INFO - Filling up the DagBag from /home/vanaprastha/airflow/dags/part2_operator/operator_python.py
[2024-11-27T11:16:43.397-0500] {processor.py:925} INFO - DAG(s) 'operator_python' retrieved from /home/vanaprastha/airflow/dags/part2_operator/operator_python.py
[2024-11-27T11:16:43.405-0500] {logging_mixin.py:190} INFO - [2024-11-27T11:16:43.405-0500] {dag.py:3239} INFO - Sync 1 DAGs
[2024-11-27T11:16:43.417-0500] {logging_mixin.py:190} INFO - [2024-11-27T11:16:43.417-0500] {dag.py:4180} INFO - Setting next_dagrun for operator_python to 2024-11-27 00:00:00+00:00, run_after=2024-11-28 00:00:00+00:00
[2024-11-27T11:16:43.432-0500] {processor.py:208} INFO - Processing /home/vanaprastha/airflow/dags/part2_operator/operator_python.py took 0.051 seconds
[2024-11-27T11:17:15.256-0500] {processor.py:186} INFO - Started process (PID=24411) to work on /home/vanaprastha/airflow/dags/part2_operator/operator_python.py
[2024-11-27T11:17:15.275-0500] {processor.py:914} INFO - Processing file /home/vanaprastha/airflow/dags/part2_operator/operator_python.py for tasks to queue
[2024-11-27T11:17:15.276-0500] {logging_mixin.py:190} INFO - [2024-11-27T11:17:15.276-0500] {dagbag.py:588} INFO - Filling up the DagBag from /home/vanaprastha/airflow/dags/part2_operator/operator_python.py
[2024-11-27T11:17:15.283-0500] {processor.py:925} INFO - DAG(s) 'operator_python' retrieved from /home/vanaprastha/airflow/dags/part2_operator/operator_python.py
[2024-11-27T11:17:15.291-0500] {logging_mixin.py:190} INFO - [2024-11-27T11:17:15.291-0500] {dag.py:3239} INFO - Sync 1 DAGs
[2024-11-27T11:17:15.303-0500] {logging_mixin.py:190} INFO - [2024-11-27T11:17:15.303-0500] {dag.py:4180} INFO - Setting next_dagrun for operator_python to 2024-11-27 00:00:00+00:00, run_after=2024-11-28 00:00:00+00:00
[2024-11-27T11:17:15.320-0500] {processor.py:208} INFO - Processing /home/vanaprastha/airflow/dags/part2_operator/operator_python.py took 0.068 seconds
[2024-11-27T11:17:48.344-0500] {processor.py:186} INFO - Started process (PID=24450) to work on /home/vanaprastha/airflow/dags/part2_operator/operator_python.py
[2024-11-27T11:17:48.363-0500] {processor.py:914} INFO - Processing file /home/vanaprastha/airflow/dags/part2_operator/operator_python.py for tasks to queue
[2024-11-27T11:17:48.365-0500] {logging_mixin.py:190} INFO - [2024-11-27T11:17:48.365-0500] {dagbag.py:588} INFO - Filling up the DagBag from /home/vanaprastha/airflow/dags/part2_operator/operator_python.py
[2024-11-27T11:17:48.374-0500] {processor.py:925} INFO - DAG(s) 'operator_python' retrieved from /home/vanaprastha/airflow/dags/part2_operator/operator_python.py
[2024-11-27T11:17:48.382-0500] {logging_mixin.py:190} INFO - [2024-11-27T11:17:48.381-0500] {dag.py:3239} INFO - Sync 1 DAGs
[2024-11-27T11:17:48.394-0500] {logging_mixin.py:190} INFO - [2024-11-27T11:17:48.394-0500] {dag.py:4180} INFO - Setting next_dagrun for operator_python to 2024-11-27 00:00:00+00:00, run_after=2024-11-28 00:00:00+00:00
[2024-11-27T11:17:48.411-0500] {processor.py:208} INFO - Processing /home/vanaprastha/airflow/dags/part2_operator/operator_python.py took 0.069 seconds
[2024-11-27T11:18:25.194-0500] {processor.py:186} INFO - Started process (PID=24525) to work on /home/vanaprastha/airflow/dags/part2_operator/operator_python.py
[2024-11-27T11:18:25.213-0500] {processor.py:914} INFO - Processing file /home/vanaprastha/airflow/dags/part2_operator/operator_python.py for tasks to queue
[2024-11-27T11:18:25.215-0500] {logging_mixin.py:190} INFO - [2024-11-27T11:18:25.214-0500] {dagbag.py:588} INFO - Filling up the DagBag from /home/vanaprastha/airflow/dags/part2_operator/operator_python.py
[2024-11-27T11:18:25.224-0500] {processor.py:925} INFO - DAG(s) 'operator_python' retrieved from /home/vanaprastha/airflow/dags/part2_operator/operator_python.py
[2024-11-27T11:18:25.232-0500] {logging_mixin.py:190} INFO - [2024-11-27T11:18:25.232-0500] {dag.py:3239} INFO - Sync 1 DAGs
[2024-11-27T11:18:25.244-0500] {logging_mixin.py:190} INFO - [2024-11-27T11:18:25.244-0500] {dag.py:4180} INFO - Setting next_dagrun for operator_python to 2024-11-27 00:00:00+00:00, run_after=2024-11-28 00:00:00+00:00
[2024-11-27T11:18:25.260-0500] {processor.py:208} INFO - Processing /home/vanaprastha/airflow/dags/part2_operator/operator_python.py took 0.069 seconds
[2024-11-27T11:19:02.116-0500] {processor.py:186} INFO - Started process (PID=24608) to work on /home/vanaprastha/airflow/dags/part2_operator/operator_python.py
[2024-11-27T11:19:02.117-0500] {processor.py:914} INFO - Processing file /home/vanaprastha/airflow/dags/part2_operator/operator_python.py for tasks to queue
[2024-11-27T11:19:02.117-0500] {logging_mixin.py:190} INFO - [2024-11-27T11:19:02.117-0500] {dagbag.py:588} INFO - Filling up the DagBag from /home/vanaprastha/airflow/dags/part2_operator/operator_python.py
[2024-11-27T11:19:02.123-0500] {processor.py:925} INFO - DAG(s) 'operator_python' retrieved from /home/vanaprastha/airflow/dags/part2_operator/operator_python.py
[2024-11-27T11:19:02.135-0500] {logging_mixin.py:190} INFO - [2024-11-27T11:19:02.135-0500] {dag.py:3239} INFO - Sync 1 DAGs
[2024-11-27T11:19:02.156-0500] {logging_mixin.py:190} INFO - [2024-11-27T11:19:02.156-0500] {dag.py:4180} INFO - Setting next_dagrun for operator_python to 2024-11-27 00:00:00+00:00, run_after=2024-11-28 00:00:00+00:00
[2024-11-27T11:19:02.174-0500] {processor.py:208} INFO - Processing /home/vanaprastha/airflow/dags/part2_operator/operator_python.py took 0.064 seconds
[2024-11-27T11:19:36.176-0500] {processor.py:186} INFO - Started process (PID=24646) to work on /home/vanaprastha/airflow/dags/part2_operator/operator_python.py
[2024-11-27T11:19:36.177-0500] {processor.py:914} INFO - Processing file /home/vanaprastha/airflow/dags/part2_operator/operator_python.py for tasks to queue
[2024-11-27T11:19:36.178-0500] {logging_mixin.py:190} INFO - [2024-11-27T11:19:36.177-0500] {dagbag.py:588} INFO - Filling up the DagBag from /home/vanaprastha/airflow/dags/part2_operator/operator_python.py
[2024-11-27T11:19:36.184-0500] {processor.py:925} INFO - DAG(s) 'operator_python' retrieved from /home/vanaprastha/airflow/dags/part2_operator/operator_python.py
[2024-11-27T11:19:36.192-0500] {logging_mixin.py:190} INFO - [2024-11-27T11:19:36.192-0500] {dag.py:3239} INFO - Sync 1 DAGs
[2024-11-27T11:19:36.205-0500] {logging_mixin.py:190} INFO - [2024-11-27T11:19:36.205-0500] {dag.py:4180} INFO - Setting next_dagrun for operator_python to 2024-11-27 00:00:00+00:00, run_after=2024-11-28 00:00:00+00:00
[2024-11-27T11:19:36.220-0500] {processor.py:208} INFO - Processing /home/vanaprastha/airflow/dags/part2_operator/operator_python.py took 0.048 seconds
[2024-11-27T11:20:07.947-0500] {processor.py:186} INFO - Started process (PID=24686) to work on /home/vanaprastha/airflow/dags/part2_operator/operator_python.py
[2024-11-27T11:20:07.966-0500] {processor.py:914} INFO - Processing file /home/vanaprastha/airflow/dags/part2_operator/operator_python.py for tasks to queue
[2024-11-27T11:20:07.968-0500] {logging_mixin.py:190} INFO - [2024-11-27T11:20:07.967-0500] {dagbag.py:588} INFO - Filling up the DagBag from /home/vanaprastha/airflow/dags/part2_operator/operator_python.py
[2024-11-27T11:20:07.976-0500] {processor.py:925} INFO - DAG(s) 'operator_python' retrieved from /home/vanaprastha/airflow/dags/part2_operator/operator_python.py
[2024-11-27T11:20:07.984-0500] {logging_mixin.py:190} INFO - [2024-11-27T11:20:07.984-0500] {dag.py:3239} INFO - Sync 1 DAGs
[2024-11-27T11:20:07.996-0500] {logging_mixin.py:190} INFO - [2024-11-27T11:20:07.996-0500] {dag.py:4180} INFO - Setting next_dagrun for operator_python to 2024-11-27 00:00:00+00:00, run_after=2024-11-28 00:00:00+00:00
[2024-11-27T11:20:08.011-0500] {processor.py:208} INFO - Processing /home/vanaprastha/airflow/dags/part2_operator/operator_python.py took 0.070 seconds
[2024-11-27T11:20:46.849-0500] {processor.py:186} INFO - Started process (PID=24774) to work on /home/vanaprastha/airflow/dags/part2_operator/operator_python.py
[2024-11-27T11:20:46.867-0500] {processor.py:914} INFO - Processing file /home/vanaprastha/airflow/dags/part2_operator/operator_python.py for tasks to queue
[2024-11-27T11:20:46.868-0500] {logging_mixin.py:190} INFO - [2024-11-27T11:20:46.867-0500] {dagbag.py:588} INFO - Filling up the DagBag from /home/vanaprastha/airflow/dags/part2_operator/operator_python.py
[2024-11-27T11:20:46.874-0500] {processor.py:925} INFO - DAG(s) 'operator_python' retrieved from /home/vanaprastha/airflow/dags/part2_operator/operator_python.py
[2024-11-27T11:20:46.884-0500] {logging_mixin.py:190} INFO - [2024-11-27T11:20:46.884-0500] {dag.py:3239} INFO - Sync 1 DAGs
[2024-11-27T11:20:46.899-0500] {logging_mixin.py:190} INFO - [2024-11-27T11:20:46.898-0500] {dag.py:4180} INFO - Setting next_dagrun for operator_python to 2024-11-27 00:00:00+00:00, run_after=2024-11-28 00:00:00+00:00
[2024-11-27T11:20:46.916-0500] {processor.py:208} INFO - Processing /home/vanaprastha/airflow/dags/part2_operator/operator_python.py took 0.072 seconds
[2024-11-27T11:21:18.275-0500] {processor.py:186} INFO - Started process (PID=24822) to work on /home/vanaprastha/airflow/dags/part2_operator/operator_python.py
[2024-11-27T11:21:18.275-0500] {processor.py:914} INFO - Processing file /home/vanaprastha/airflow/dags/part2_operator/operator_python.py for tasks to queue
[2024-11-27T11:21:18.276-0500] {logging_mixin.py:190} INFO - [2024-11-27T11:21:18.275-0500] {dagbag.py:588} INFO - Filling up the DagBag from /home/vanaprastha/airflow/dags/part2_operator/operator_python.py
[2024-11-27T11:21:18.281-0500] {processor.py:925} INFO - DAG(s) 'operator_python' retrieved from /home/vanaprastha/airflow/dags/part2_operator/operator_python.py
[2024-11-27T11:21:18.290-0500] {logging_mixin.py:190} INFO - [2024-11-27T11:21:18.290-0500] {dag.py:3239} INFO - Sync 1 DAGs
[2024-11-27T11:21:18.303-0500] {logging_mixin.py:190} INFO - [2024-11-27T11:21:18.302-0500] {dag.py:4180} INFO - Setting next_dagrun for operator_python to 2024-11-27 00:00:00+00:00, run_after=2024-11-28 00:00:00+00:00
[2024-11-27T11:21:18.319-0500] {processor.py:208} INFO - Processing /home/vanaprastha/airflow/dags/part2_operator/operator_python.py took 0.048 seconds
[2024-11-27T11:21:49.574-0500] {processor.py:186} INFO - Started process (PID=24860) to work on /home/vanaprastha/airflow/dags/part2_operator/operator_python.py
[2024-11-27T11:21:49.592-0500] {processor.py:914} INFO - Processing file /home/vanaprastha/airflow/dags/part2_operator/operator_python.py for tasks to queue
[2024-11-27T11:21:49.593-0500] {logging_mixin.py:190} INFO - [2024-11-27T11:21:49.593-0500] {dagbag.py:588} INFO - Filling up the DagBag from /home/vanaprastha/airflow/dags/part2_operator/operator_python.py
[2024-11-27T11:21:49.601-0500] {processor.py:925} INFO - DAG(s) 'operator_python' retrieved from /home/vanaprastha/airflow/dags/part2_operator/operator_python.py
[2024-11-27T11:21:49.612-0500] {logging_mixin.py:190} INFO - [2024-11-27T11:21:49.612-0500] {dag.py:3239} INFO - Sync 1 DAGs
[2024-11-27T11:21:49.627-0500] {logging_mixin.py:190} INFO - [2024-11-27T11:21:49.627-0500] {dag.py:4180} INFO - Setting next_dagrun for operator_python to 2024-11-27 00:00:00+00:00, run_after=2024-11-28 00:00:00+00:00
[2024-11-27T11:21:49.646-0500] {processor.py:208} INFO - Processing /home/vanaprastha/airflow/dags/part2_operator/operator_python.py took 0.075 seconds
[2024-11-27T11:22:24.747-0500] {processor.py:186} INFO - Started process (PID=24900) to work on /home/vanaprastha/airflow/dags/part2_operator/operator_python.py
[2024-11-27T11:22:24.748-0500] {processor.py:914} INFO - Processing file /home/vanaprastha/airflow/dags/part2_operator/operator_python.py for tasks to queue
[2024-11-27T11:22:24.749-0500] {logging_mixin.py:190} INFO - [2024-11-27T11:22:24.748-0500] {dagbag.py:588} INFO - Filling up the DagBag from /home/vanaprastha/airflow/dags/part2_operator/operator_python.py
[2024-11-27T11:22:24.754-0500] {processor.py:925} INFO - DAG(s) 'operator_python' retrieved from /home/vanaprastha/airflow/dags/part2_operator/operator_python.py
[2024-11-27T11:22:24.762-0500] {logging_mixin.py:190} INFO - [2024-11-27T11:22:24.761-0500] {dag.py:3239} INFO - Sync 1 DAGs
[2024-11-27T11:22:24.774-0500] {logging_mixin.py:190} INFO - [2024-11-27T11:22:24.774-0500] {dag.py:4180} INFO - Setting next_dagrun for operator_python to 2024-11-27 00:00:00+00:00, run_after=2024-11-28 00:00:00+00:00
[2024-11-27T11:22:24.790-0500] {processor.py:208} INFO - Processing /home/vanaprastha/airflow/dags/part2_operator/operator_python.py took 0.048 seconds
[2024-11-27T11:22:56.659-0500] {processor.py:186} INFO - Started process (PID=24977) to work on /home/vanaprastha/airflow/dags/part2_operator/operator_python.py
[2024-11-27T11:22:56.660-0500] {processor.py:914} INFO - Processing file /home/vanaprastha/airflow/dags/part2_operator/operator_python.py for tasks to queue
[2024-11-27T11:22:56.662-0500] {logging_mixin.py:190} INFO - [2024-11-27T11:22:56.661-0500] {dagbag.py:588} INFO - Filling up the DagBag from /home/vanaprastha/airflow/dags/part2_operator/operator_python.py
[2024-11-27T11:22:56.672-0500] {processor.py:925} INFO - DAG(s) 'operator_python' retrieved from /home/vanaprastha/airflow/dags/part2_operator/operator_python.py
[2024-11-27T11:22:56.685-0500] {logging_mixin.py:190} INFO - [2024-11-27T11:22:56.685-0500] {dag.py:3239} INFO - Sync 1 DAGs
[2024-11-27T11:22:56.704-0500] {logging_mixin.py:190} INFO - [2024-11-27T11:22:56.704-0500] {dag.py:4180} INFO - Setting next_dagrun for operator_python to 2024-11-27 00:00:00+00:00, run_after=2024-11-28 00:00:00+00:00
[2024-11-27T11:22:56.723-0500] {processor.py:208} INFO - Processing /home/vanaprastha/airflow/dags/part2_operator/operator_python.py took 0.067 seconds
[2024-11-27T11:23:27.618-0500] {processor.py:186} INFO - Started process (PID=25014) to work on /home/vanaprastha/airflow/dags/part2_operator/operator_python.py
[2024-11-27T11:23:27.637-0500] {processor.py:914} INFO - Processing file /home/vanaprastha/airflow/dags/part2_operator/operator_python.py for tasks to queue
[2024-11-27T11:23:27.639-0500] {logging_mixin.py:190} INFO - [2024-11-27T11:23:27.639-0500] {dagbag.py:588} INFO - Filling up the DagBag from /home/vanaprastha/airflow/dags/part2_operator/operator_python.py
[2024-11-27T11:23:27.655-0500] {processor.py:925} INFO - DAG(s) 'operator_python' retrieved from /home/vanaprastha/airflow/dags/part2_operator/operator_python.py
[2024-11-27T11:23:27.673-0500] {logging_mixin.py:190} INFO - [2024-11-27T11:23:27.672-0500] {dag.py:3239} INFO - Sync 1 DAGs
[2024-11-27T11:23:27.690-0500] {logging_mixin.py:190} INFO - [2024-11-27T11:23:27.690-0500] {dag.py:4180} INFO - Setting next_dagrun for operator_python to 2024-11-27 00:00:00+00:00, run_after=2024-11-28 00:00:00+00:00
[2024-11-27T11:23:27.706-0500] {processor.py:208} INFO - Processing /home/vanaprastha/airflow/dags/part2_operator/operator_python.py took 0.098 seconds
[2024-11-27T11:24:00.711-0500] {processor.py:186} INFO - Started process (PID=25094) to work on /home/vanaprastha/airflow/dags/part2_operator/operator_python.py
[2024-11-27T11:24:00.730-0500] {processor.py:914} INFO - Processing file /home/vanaprastha/airflow/dags/part2_operator/operator_python.py for tasks to queue
[2024-11-27T11:24:00.733-0500] {logging_mixin.py:190} INFO - [2024-11-27T11:24:00.732-0500] {dagbag.py:588} INFO - Filling up the DagBag from /home/vanaprastha/airflow/dags/part2_operator/operator_python.py
[2024-11-27T11:24:00.751-0500] {processor.py:925} INFO - DAG(s) 'operator_python' retrieved from /home/vanaprastha/airflow/dags/part2_operator/operator_python.py
[2024-11-27T11:24:00.769-0500] {logging_mixin.py:190} INFO - [2024-11-27T11:24:00.769-0500] {dag.py:3239} INFO - Sync 1 DAGs
[2024-11-27T11:24:00.788-0500] {logging_mixin.py:190} INFO - [2024-11-27T11:24:00.788-0500] {dag.py:4180} INFO - Setting next_dagrun for operator_python to 2024-11-27 00:00:00+00:00, run_after=2024-11-28 00:00:00+00:00
[2024-11-27T11:24:00.805-0500] {processor.py:208} INFO - Processing /home/vanaprastha/airflow/dags/part2_operator/operator_python.py took 0.105 seconds
[2024-11-27T11:24:36.779-0500] {processor.py:186} INFO - Started process (PID=25137) to work on /home/vanaprastha/airflow/dags/part2_operator/operator_python.py
[2024-11-27T11:24:36.780-0500] {processor.py:914} INFO - Processing file /home/vanaprastha/airflow/dags/part2_operator/operator_python.py for tasks to queue
[2024-11-27T11:24:36.781-0500] {logging_mixin.py:190} INFO - [2024-11-27T11:24:36.780-0500] {dagbag.py:588} INFO - Filling up the DagBag from /home/vanaprastha/airflow/dags/part2_operator/operator_python.py
[2024-11-27T11:24:36.787-0500] {processor.py:925} INFO - DAG(s) 'operator_python' retrieved from /home/vanaprastha/airflow/dags/part2_operator/operator_python.py
[2024-11-27T11:24:36.797-0500] {logging_mixin.py:190} INFO - [2024-11-27T11:24:36.797-0500] {dag.py:3239} INFO - Sync 1 DAGs
[2024-11-27T11:24:36.819-0500] {logging_mixin.py:190} INFO - [2024-11-27T11:24:36.818-0500] {dag.py:4180} INFO - Setting next_dagrun for operator_python to 2024-11-27 00:00:00+00:00, run_after=2024-11-28 00:00:00+00:00
[2024-11-27T11:24:36.839-0500] {processor.py:208} INFO - Processing /home/vanaprastha/airflow/dags/part2_operator/operator_python.py took 0.064 seconds
[2024-11-27T11:25:13.528-0500] {processor.py:186} INFO - Started process (PID=25209) to work on /home/vanaprastha/airflow/dags/part2_operator/operator_python.py
[2024-11-27T11:25:13.548-0500] {processor.py:914} INFO - Processing file /home/vanaprastha/airflow/dags/part2_operator/operator_python.py for tasks to queue
[2024-11-27T11:25:13.549-0500] {logging_mixin.py:190} INFO - [2024-11-27T11:25:13.549-0500] {dagbag.py:588} INFO - Filling up the DagBag from /home/vanaprastha/airflow/dags/part2_operator/operator_python.py
[2024-11-27T11:25:13.561-0500] {processor.py:925} INFO - DAG(s) 'operator_python' retrieved from /home/vanaprastha/airflow/dags/part2_operator/operator_python.py
[2024-11-27T11:25:13.571-0500] {logging_mixin.py:190} INFO - [2024-11-27T11:25:13.571-0500] {dag.py:3239} INFO - Sync 1 DAGs
[2024-11-27T11:25:13.583-0500] {logging_mixin.py:190} INFO - [2024-11-27T11:25:13.583-0500] {dag.py:4180} INFO - Setting next_dagrun for operator_python to 2024-11-27 00:00:00+00:00, run_after=2024-11-28 00:00:00+00:00
[2024-11-27T11:25:13.598-0500] {processor.py:208} INFO - Processing /home/vanaprastha/airflow/dags/part2_operator/operator_python.py took 0.074 seconds
[2024-11-27T11:25:45.485-0500] {processor.py:186} INFO - Started process (PID=25246) to work on /home/vanaprastha/airflow/dags/part2_operator/operator_python.py
[2024-11-27T11:25:45.504-0500] {processor.py:914} INFO - Processing file /home/vanaprastha/airflow/dags/part2_operator/operator_python.py for tasks to queue
[2024-11-27T11:25:45.505-0500] {logging_mixin.py:190} INFO - [2024-11-27T11:25:45.504-0500] {dagbag.py:588} INFO - Filling up the DagBag from /home/vanaprastha/airflow/dags/part2_operator/operator_python.py
[2024-11-27T11:25:45.510-0500] {processor.py:925} INFO - DAG(s) 'operator_python' retrieved from /home/vanaprastha/airflow/dags/part2_operator/operator_python.py
[2024-11-27T11:25:45.519-0500] {logging_mixin.py:190} INFO - [2024-11-27T11:25:45.519-0500] {dag.py:3239} INFO - Sync 1 DAGs
[2024-11-27T11:25:45.531-0500] {logging_mixin.py:190} INFO - [2024-11-27T11:25:45.531-0500] {dag.py:4180} INFO - Setting next_dagrun for operator_python to 2024-11-27 00:00:00+00:00, run_after=2024-11-28 00:00:00+00:00
[2024-11-27T11:25:45.549-0500] {processor.py:208} INFO - Processing /home/vanaprastha/airflow/dags/part2_operator/operator_python.py took 0.069 seconds
[2024-11-27T11:26:17.469-0500] {processor.py:186} INFO - Started process (PID=25282) to work on /home/vanaprastha/airflow/dags/part2_operator/operator_python.py
[2024-11-27T11:26:17.470-0500] {processor.py:914} INFO - Processing file /home/vanaprastha/airflow/dags/part2_operator/operator_python.py for tasks to queue
[2024-11-27T11:26:17.471-0500] {logging_mixin.py:190} INFO - [2024-11-27T11:26:17.471-0500] {dagbag.py:588} INFO - Filling up the DagBag from /home/vanaprastha/airflow/dags/part2_operator/operator_python.py
[2024-11-27T11:26:17.478-0500] {processor.py:925} INFO - DAG(s) 'operator_python' retrieved from /home/vanaprastha/airflow/dags/part2_operator/operator_python.py
[2024-11-27T11:26:17.486-0500] {logging_mixin.py:190} INFO - [2024-11-27T11:26:17.485-0500] {dag.py:3239} INFO - Sync 1 DAGs
[2024-11-27T11:26:17.498-0500] {logging_mixin.py:190} INFO - [2024-11-27T11:26:17.497-0500] {dag.py:4180} INFO - Setting next_dagrun for operator_python to 2024-11-27 00:00:00+00:00, run_after=2024-11-28 00:00:00+00:00
[2024-11-27T11:26:17.515-0500] {processor.py:208} INFO - Processing /home/vanaprastha/airflow/dags/part2_operator/operator_python.py took 0.050 seconds
[2024-11-27T11:26:49.568-0500] {processor.py:186} INFO - Started process (PID=25358) to work on /home/vanaprastha/airflow/dags/part2_operator/operator_python.py
[2024-11-27T11:26:49.587-0500] {processor.py:914} INFO - Processing file /home/vanaprastha/airflow/dags/part2_operator/operator_python.py for tasks to queue
[2024-11-27T11:26:49.588-0500] {logging_mixin.py:190} INFO - [2024-11-27T11:26:49.588-0500] {dagbag.py:588} INFO - Filling up the DagBag from /home/vanaprastha/airflow/dags/part2_operator/operator_python.py
[2024-11-27T11:26:49.598-0500] {processor.py:925} INFO - DAG(s) 'operator_python' retrieved from /home/vanaprastha/airflow/dags/part2_operator/operator_python.py
[2024-11-27T11:26:49.606-0500] {logging_mixin.py:190} INFO - [2024-11-27T11:26:49.606-0500] {dag.py:3239} INFO - Sync 1 DAGs
[2024-11-27T11:26:49.619-0500] {logging_mixin.py:190} INFO - [2024-11-27T11:26:49.619-0500] {dag.py:4180} INFO - Setting next_dagrun for operator_python to 2024-11-27 00:00:00+00:00, run_after=2024-11-28 00:00:00+00:00
[2024-11-27T11:26:49.636-0500] {processor.py:208} INFO - Processing /home/vanaprastha/airflow/dags/part2_operator/operator_python.py took 0.071 seconds
[2024-11-27T11:27:22.448-0500] {processor.py:186} INFO - Started process (PID=25416) to work on /home/vanaprastha/airflow/dags/part2_operator/operator_python.py
[2024-11-27T11:27:22.467-0500] {processor.py:914} INFO - Processing file /home/vanaprastha/airflow/dags/part2_operator/operator_python.py for tasks to queue
[2024-11-27T11:27:22.469-0500] {logging_mixin.py:190} INFO - [2024-11-27T11:27:22.468-0500] {dagbag.py:588} INFO - Filling up the DagBag from /home/vanaprastha/airflow/dags/part2_operator/operator_python.py
[2024-11-27T11:27:22.479-0500] {processor.py:925} INFO - DAG(s) 'operator_python' retrieved from /home/vanaprastha/airflow/dags/part2_operator/operator_python.py
[2024-11-27T11:27:22.487-0500] {logging_mixin.py:190} INFO - [2024-11-27T11:27:22.487-0500] {dag.py:3239} INFO - Sync 1 DAGs
[2024-11-27T11:27:22.499-0500] {logging_mixin.py:190} INFO - [2024-11-27T11:27:22.499-0500] {dag.py:4180} INFO - Setting next_dagrun for operator_python to 2024-11-27 00:00:00+00:00, run_after=2024-11-28 00:00:00+00:00
[2024-11-27T11:27:22.515-0500] {processor.py:208} INFO - Processing /home/vanaprastha/airflow/dags/part2_operator/operator_python.py took 0.070 seconds
[2024-11-27T11:27:58.136-0500] {processor.py:186} INFO - Started process (PID=25472) to work on /home/vanaprastha/airflow/dags/part2_operator/operator_python.py
[2024-11-27T11:27:58.154-0500] {processor.py:914} INFO - Processing file /home/vanaprastha/airflow/dags/part2_operator/operator_python.py for tasks to queue
[2024-11-27T11:27:58.156-0500] {logging_mixin.py:190} INFO - [2024-11-27T11:27:58.156-0500] {dagbag.py:588} INFO - Filling up the DagBag from /home/vanaprastha/airflow/dags/part2_operator/operator_python.py
[2024-11-27T11:27:58.166-0500] {processor.py:925} INFO - DAG(s) 'operator_python' retrieved from /home/vanaprastha/airflow/dags/part2_operator/operator_python.py
[2024-11-27T11:27:58.175-0500] {logging_mixin.py:190} INFO - [2024-11-27T11:27:58.175-0500] {dag.py:3239} INFO - Sync 1 DAGs
[2024-11-27T11:27:58.187-0500] {logging_mixin.py:190} INFO - [2024-11-27T11:27:58.186-0500] {dag.py:4180} INFO - Setting next_dagrun for operator_python to 2024-11-27 00:00:00+00:00, run_after=2024-11-28 00:00:00+00:00
[2024-11-27T11:27:58.203-0500] {processor.py:208} INFO - Processing /home/vanaprastha/airflow/dags/part2_operator/operator_python.py took 0.070 seconds
[2024-11-27T11:28:32.704-0500] {processor.py:186} INFO - Started process (PID=25524) to work on /home/vanaprastha/airflow/dags/part2_operator/operator_python.py
[2024-11-27T11:28:32.723-0500] {processor.py:914} INFO - Processing file /home/vanaprastha/airflow/dags/part2_operator/operator_python.py for tasks to queue
[2024-11-27T11:28:32.724-0500] {logging_mixin.py:190} INFO - [2024-11-27T11:28:32.723-0500] {dagbag.py:588} INFO - Filling up the DagBag from /home/vanaprastha/airflow/dags/part2_operator/operator_python.py
[2024-11-27T11:28:32.734-0500] {processor.py:925} INFO - DAG(s) 'operator_python' retrieved from /home/vanaprastha/airflow/dags/part2_operator/operator_python.py
[2024-11-27T11:28:32.742-0500] {logging_mixin.py:190} INFO - [2024-11-27T11:28:32.742-0500] {dag.py:3239} INFO - Sync 1 DAGs
[2024-11-27T11:28:32.756-0500] {logging_mixin.py:190} INFO - [2024-11-27T11:28:32.756-0500] {dag.py:4180} INFO - Setting next_dagrun for operator_python to 2024-11-27 00:00:00+00:00, run_after=2024-11-28 00:00:00+00:00
[2024-11-27T11:28:32.772-0500] {processor.py:208} INFO - Processing /home/vanaprastha/airflow/dags/part2_operator/operator_python.py took 0.073 seconds
[2024-11-27T11:29:05.133-0500] {processor.py:186} INFO - Started process (PID=25659) to work on /home/vanaprastha/airflow/dags/part2_operator/operator_python.py
[2024-11-27T11:29:05.134-0500] {processor.py:914} INFO - Processing file /home/vanaprastha/airflow/dags/part2_operator/operator_python.py for tasks to queue
[2024-11-27T11:29:05.135-0500] {logging_mixin.py:190} INFO - [2024-11-27T11:29:05.134-0500] {dagbag.py:588} INFO - Filling up the DagBag from /home/vanaprastha/airflow/dags/part2_operator/operator_python.py
[2024-11-27T11:29:05.142-0500] {processor.py:925} INFO - DAG(s) 'operator_python' retrieved from /home/vanaprastha/airflow/dags/part2_operator/operator_python.py
[2024-11-27T11:29:05.150-0500] {logging_mixin.py:190} INFO - [2024-11-27T11:29:05.150-0500] {dag.py:3239} INFO - Sync 1 DAGs
[2024-11-27T11:29:05.165-0500] {logging_mixin.py:190} INFO - [2024-11-27T11:29:05.165-0500] {dag.py:4180} INFO - Setting next_dagrun for operator_python to 2024-11-27 00:00:00+00:00, run_after=2024-11-28 00:00:00+00:00
[2024-11-27T11:29:05.188-0500] {processor.py:208} INFO - Processing /home/vanaprastha/airflow/dags/part2_operator/operator_python.py took 0.058 seconds
[2024-11-27T11:29:36.368-0500] {processor.py:186} INFO - Started process (PID=25724) to work on /home/vanaprastha/airflow/dags/part2_operator/operator_python.py
[2024-11-27T11:29:36.378-0500] {processor.py:914} INFO - Processing file /home/vanaprastha/airflow/dags/part2_operator/operator_python.py for tasks to queue
[2024-11-27T11:29:36.379-0500] {logging_mixin.py:190} INFO - [2024-11-27T11:29:36.378-0500] {dagbag.py:588} INFO - Filling up the DagBag from /home/vanaprastha/airflow/dags/part2_operator/operator_python.py
[2024-11-27T11:29:36.386-0500] {processor.py:925} INFO - DAG(s) 'operator_python' retrieved from /home/vanaprastha/airflow/dags/part2_operator/operator_python.py
[2024-11-27T11:29:36.394-0500] {logging_mixin.py:190} INFO - [2024-11-27T11:29:36.394-0500] {dag.py:3239} INFO - Sync 1 DAGs
[2024-11-27T11:29:36.406-0500] {logging_mixin.py:190} INFO - [2024-11-27T11:29:36.406-0500] {dag.py:4180} INFO - Setting next_dagrun for operator_python to 2024-11-27 00:00:00+00:00, run_after=2024-11-28 00:00:00+00:00
[2024-11-27T11:29:36.422-0500] {processor.py:208} INFO - Processing /home/vanaprastha/airflow/dags/part2_operator/operator_python.py took 0.057 seconds
[2024-11-27T11:30:08.454-0500] {processor.py:186} INFO - Started process (PID=25788) to work on /home/vanaprastha/airflow/dags/part2_operator/operator_python.py
[2024-11-27T11:30:08.454-0500] {processor.py:914} INFO - Processing file /home/vanaprastha/airflow/dags/part2_operator/operator_python.py for tasks to queue
[2024-11-27T11:30:08.455-0500] {logging_mixin.py:190} INFO - [2024-11-27T11:30:08.455-0500] {dagbag.py:588} INFO - Filling up the DagBag from /home/vanaprastha/airflow/dags/part2_operator/operator_python.py
[2024-11-27T11:30:08.460-0500] {processor.py:925} INFO - DAG(s) 'operator_python' retrieved from /home/vanaprastha/airflow/dags/part2_operator/operator_python.py
[2024-11-27T11:30:08.469-0500] {logging_mixin.py:190} INFO - [2024-11-27T11:30:08.469-0500] {dag.py:3239} INFO - Sync 1 DAGs
[2024-11-27T11:30:08.484-0500] {logging_mixin.py:190} INFO - [2024-11-27T11:30:08.484-0500] {dag.py:4180} INFO - Setting next_dagrun for operator_python to 2024-11-27 00:00:00+00:00, run_after=2024-11-28 00:00:00+00:00
[2024-11-27T11:30:08.501-0500] {processor.py:208} INFO - Processing /home/vanaprastha/airflow/dags/part2_operator/operator_python.py took 0.051 seconds
[2024-11-27T11:30:40.278-0500] {processor.py:186} INFO - Started process (PID=25895) to work on /home/vanaprastha/airflow/dags/part2_operator/operator_python.py
[2024-11-27T11:30:40.298-0500] {processor.py:914} INFO - Processing file /home/vanaprastha/airflow/dags/part2_operator/operator_python.py for tasks to queue
[2024-11-27T11:30:40.299-0500] {logging_mixin.py:190} INFO - [2024-11-27T11:30:40.298-0500] {dagbag.py:588} INFO - Filling up the DagBag from /home/vanaprastha/airflow/dags/part2_operator/operator_python.py
[2024-11-27T11:30:40.306-0500] {processor.py:925} INFO - DAG(s) 'operator_python' retrieved from /home/vanaprastha/airflow/dags/part2_operator/operator_python.py
[2024-11-27T11:30:40.319-0500] {logging_mixin.py:190} INFO - [2024-11-27T11:30:40.318-0500] {dag.py:3239} INFO - Sync 1 DAGs
[2024-11-27T11:30:40.339-0500] {logging_mixin.py:190} INFO - [2024-11-27T11:30:40.339-0500] {dag.py:4180} INFO - Setting next_dagrun for operator_python to 2024-11-27 00:00:00+00:00, run_after=2024-11-28 00:00:00+00:00
[2024-11-27T11:30:40.377-0500] {processor.py:208} INFO - Processing /home/vanaprastha/airflow/dags/part2_operator/operator_python.py took 0.103 seconds
[2024-11-27T11:31:14.568-0500] {processor.py:186} INFO - Started process (PID=25990) to work on /home/vanaprastha/airflow/dags/part2_operator/operator_python.py
[2024-11-27T11:31:14.587-0500] {processor.py:914} INFO - Processing file /home/vanaprastha/airflow/dags/part2_operator/operator_python.py for tasks to queue
[2024-11-27T11:31:14.589-0500] {logging_mixin.py:190} INFO - [2024-11-27T11:31:14.588-0500] {dagbag.py:588} INFO - Filling up the DagBag from /home/vanaprastha/airflow/dags/part2_operator/operator_python.py
[2024-11-27T11:31:14.600-0500] {processor.py:925} INFO - DAG(s) 'operator_python' retrieved from /home/vanaprastha/airflow/dags/part2_operator/operator_python.py
[2024-11-27T11:31:14.609-0500] {logging_mixin.py:190} INFO - [2024-11-27T11:31:14.608-0500] {dag.py:3239} INFO - Sync 1 DAGs
[2024-11-27T11:31:14.622-0500] {logging_mixin.py:190} INFO - [2024-11-27T11:31:14.622-0500] {dag.py:4180} INFO - Setting next_dagrun for operator_python to 2024-11-27 00:00:00+00:00, run_after=2024-11-28 00:00:00+00:00
[2024-11-27T11:31:14.639-0500] {processor.py:208} INFO - Processing /home/vanaprastha/airflow/dags/part2_operator/operator_python.py took 0.076 seconds
[2024-11-27T11:31:47.761-0500] {processor.py:186} INFO - Started process (PID=26067) to work on /home/vanaprastha/airflow/dags/part2_operator/operator_python.py
[2024-11-27T11:31:47.780-0500] {processor.py:914} INFO - Processing file /home/vanaprastha/airflow/dags/part2_operator/operator_python.py for tasks to queue
[2024-11-27T11:31:47.781-0500] {logging_mixin.py:190} INFO - [2024-11-27T11:31:47.781-0500] {dagbag.py:588} INFO - Filling up the DagBag from /home/vanaprastha/airflow/dags/part2_operator/operator_python.py
[2024-11-27T11:31:47.787-0500] {processor.py:925} INFO - DAG(s) 'operator_python' retrieved from /home/vanaprastha/airflow/dags/part2_operator/operator_python.py
[2024-11-27T11:31:47.796-0500] {logging_mixin.py:190} INFO - [2024-11-27T11:31:47.796-0500] {dag.py:3239} INFO - Sync 1 DAGs
[2024-11-27T11:31:47.808-0500] {logging_mixin.py:190} INFO - [2024-11-27T11:31:47.808-0500] {dag.py:4180} INFO - Setting next_dagrun for operator_python to 2024-11-27 00:00:00+00:00, run_after=2024-11-28 00:00:00+00:00
[2024-11-27T11:31:47.824-0500] {processor.py:208} INFO - Processing /home/vanaprastha/airflow/dags/part2_operator/operator_python.py took 0.065 seconds
[2024-11-27T11:32:20.469-0500] {processor.py:186} INFO - Started process (PID=26114) to work on /home/vanaprastha/airflow/dags/part2_operator/operator_python.py
[2024-11-27T11:32:20.487-0500] {processor.py:914} INFO - Processing file /home/vanaprastha/airflow/dags/part2_operator/operator_python.py for tasks to queue
[2024-11-27T11:32:20.489-0500] {logging_mixin.py:190} INFO - [2024-11-27T11:32:20.488-0500] {dagbag.py:588} INFO - Filling up the DagBag from /home/vanaprastha/airflow/dags/part2_operator/operator_python.py
[2024-11-27T11:32:20.499-0500] {processor.py:925} INFO - DAG(s) 'operator_python' retrieved from /home/vanaprastha/airflow/dags/part2_operator/operator_python.py
[2024-11-27T11:32:20.507-0500] {logging_mixin.py:190} INFO - [2024-11-27T11:32:20.507-0500] {dag.py:3239} INFO - Sync 1 DAGs
[2024-11-27T11:32:20.520-0500] {logging_mixin.py:190} INFO - [2024-11-27T11:32:20.519-0500] {dag.py:4180} INFO - Setting next_dagrun for operator_python to 2024-11-27 00:00:00+00:00, run_after=2024-11-28 00:00:00+00:00
[2024-11-27T11:32:20.535-0500] {processor.py:208} INFO - Processing /home/vanaprastha/airflow/dags/part2_operator/operator_python.py took 0.070 seconds
[2024-11-27T11:32:50.993-0500] {processor.py:186} INFO - Started process (PID=26183) to work on /home/vanaprastha/airflow/dags/part2_operator/operator_python.py
[2024-11-27T11:32:51.012-0500] {processor.py:914} INFO - Processing file /home/vanaprastha/airflow/dags/part2_operator/operator_python.py for tasks to queue
[2024-11-27T11:32:51.014-0500] {logging_mixin.py:190} INFO - [2024-11-27T11:32:51.013-0500] {dagbag.py:588} INFO - Filling up the DagBag from /home/vanaprastha/airflow/dags/part2_operator/operator_python.py
[2024-11-27T11:32:51.026-0500] {processor.py:925} INFO - DAG(s) 'operator_python' retrieved from /home/vanaprastha/airflow/dags/part2_operator/operator_python.py
[2024-11-27T11:32:51.036-0500] {logging_mixin.py:190} INFO - [2024-11-27T11:32:51.035-0500] {dag.py:3239} INFO - Sync 1 DAGs
[2024-11-27T11:32:51.048-0500] {logging_mixin.py:190} INFO - [2024-11-27T11:32:51.047-0500] {dag.py:4180} INFO - Setting next_dagrun for operator_python to 2024-11-27 00:00:00+00:00, run_after=2024-11-28 00:00:00+00:00
[2024-11-27T11:32:51.063-0500] {processor.py:208} INFO - Processing /home/vanaprastha/airflow/dags/part2_operator/operator_python.py took 0.079 seconds
[2024-11-27T11:33:24.625-0500] {processor.py:186} INFO - Started process (PID=26246) to work on /home/vanaprastha/airflow/dags/part2_operator/operator_python.py
[2024-11-27T11:33:24.644-0500] {processor.py:914} INFO - Processing file /home/vanaprastha/airflow/dags/part2_operator/operator_python.py for tasks to queue
[2024-11-27T11:33:24.646-0500] {logging_mixin.py:190} INFO - [2024-11-27T11:33:24.645-0500] {dagbag.py:588} INFO - Filling up the DagBag from /home/vanaprastha/airflow/dags/part2_operator/operator_python.py
[2024-11-27T11:33:24.657-0500] {processor.py:925} INFO - DAG(s) 'operator_python' retrieved from /home/vanaprastha/airflow/dags/part2_operator/operator_python.py
[2024-11-27T11:33:24.666-0500] {logging_mixin.py:190} INFO - [2024-11-27T11:33:24.666-0500] {dag.py:3239} INFO - Sync 1 DAGs
[2024-11-27T11:33:24.678-0500] {logging_mixin.py:190} INFO - [2024-11-27T11:33:24.678-0500] {dag.py:4180} INFO - Setting next_dagrun for operator_python to 2024-11-27 00:00:00+00:00, run_after=2024-11-28 00:00:00+00:00
[2024-11-27T11:33:24.696-0500] {processor.py:208} INFO - Processing /home/vanaprastha/airflow/dags/part2_operator/operator_python.py took 0.075 seconds
[2024-11-27T11:33:59.753-0500] {processor.py:186} INFO - Started process (PID=26289) to work on /home/vanaprastha/airflow/dags/part2_operator/operator_python.py
[2024-11-27T11:33:59.754-0500] {processor.py:914} INFO - Processing file /home/vanaprastha/airflow/dags/part2_operator/operator_python.py for tasks to queue
[2024-11-27T11:33:59.754-0500] {logging_mixin.py:190} INFO - [2024-11-27T11:33:59.754-0500] {dagbag.py:588} INFO - Filling up the DagBag from /home/vanaprastha/airflow/dags/part2_operator/operator_python.py
[2024-11-27T11:33:59.760-0500] {processor.py:925} INFO - DAG(s) 'operator_python' retrieved from /home/vanaprastha/airflow/dags/part2_operator/operator_python.py
[2024-11-27T11:33:59.770-0500] {logging_mixin.py:190} INFO - [2024-11-27T11:33:59.770-0500] {dag.py:3239} INFO - Sync 1 DAGs
[2024-11-27T11:33:59.783-0500] {logging_mixin.py:190} INFO - [2024-11-27T11:33:59.782-0500] {dag.py:4180} INFO - Setting next_dagrun for operator_python to 2024-11-27 00:00:00+00:00, run_after=2024-11-28 00:00:00+00:00
[2024-11-27T11:33:59.802-0500] {processor.py:208} INFO - Processing /home/vanaprastha/airflow/dags/part2_operator/operator_python.py took 0.053 seconds
[2024-11-27T11:34:32.720-0500] {processor.py:186} INFO - Started process (PID=26327) to work on /home/vanaprastha/airflow/dags/part2_operator/operator_python.py
[2024-11-27T11:34:32.739-0500] {processor.py:914} INFO - Processing file /home/vanaprastha/airflow/dags/part2_operator/operator_python.py for tasks to queue
[2024-11-27T11:34:32.741-0500] {logging_mixin.py:190} INFO - [2024-11-27T11:34:32.741-0500] {dagbag.py:588} INFO - Filling up the DagBag from /home/vanaprastha/airflow/dags/part2_operator/operator_python.py
[2024-11-27T11:34:32.750-0500] {processor.py:925} INFO - DAG(s) 'operator_python' retrieved from /home/vanaprastha/airflow/dags/part2_operator/operator_python.py
[2024-11-27T11:34:32.758-0500] {logging_mixin.py:190} INFO - [2024-11-27T11:34:32.758-0500] {dag.py:3239} INFO - Sync 1 DAGs
[2024-11-27T11:34:32.770-0500] {logging_mixin.py:190} INFO - [2024-11-27T11:34:32.770-0500] {dag.py:4180} INFO - Setting next_dagrun for operator_python to 2024-11-27 00:00:00+00:00, run_after=2024-11-28 00:00:00+00:00
[2024-11-27T11:34:32.785-0500] {processor.py:208} INFO - Processing /home/vanaprastha/airflow/dags/part2_operator/operator_python.py took 0.068 seconds
[2024-11-27T11:35:06.420-0500] {processor.py:186} INFO - Started process (PID=26396) to work on /home/vanaprastha/airflow/dags/part2_operator/operator_python.py
[2024-11-27T11:35:06.421-0500] {processor.py:914} INFO - Processing file /home/vanaprastha/airflow/dags/part2_operator/operator_python.py for tasks to queue
[2024-11-27T11:35:06.422-0500] {logging_mixin.py:190} INFO - [2024-11-27T11:35:06.421-0500] {dagbag.py:588} INFO - Filling up the DagBag from /home/vanaprastha/airflow/dags/part2_operator/operator_python.py
[2024-11-27T11:35:06.427-0500] {processor.py:925} INFO - DAG(s) 'operator_python' retrieved from /home/vanaprastha/airflow/dags/part2_operator/operator_python.py
[2024-11-27T11:35:06.434-0500] {logging_mixin.py:190} INFO - [2024-11-27T11:35:06.434-0500] {dag.py:3239} INFO - Sync 1 DAGs
[2024-11-27T11:35:06.446-0500] {logging_mixin.py:190} INFO - [2024-11-27T11:35:06.446-0500] {dag.py:4180} INFO - Setting next_dagrun for operator_python to 2024-11-27 00:00:00+00:00, run_after=2024-11-28 00:00:00+00:00
[2024-11-27T11:35:06.463-0500] {processor.py:208} INFO - Processing /home/vanaprastha/airflow/dags/part2_operator/operator_python.py took 0.047 seconds
[2024-11-27T11:35:42.864-0500] {processor.py:186} INFO - Started process (PID=26447) to work on /home/vanaprastha/airflow/dags/part2_operator/operator_python.py
[2024-11-27T11:35:42.882-0500] {processor.py:914} INFO - Processing file /home/vanaprastha/airflow/dags/part2_operator/operator_python.py for tasks to queue
[2024-11-27T11:35:42.884-0500] {logging_mixin.py:190} INFO - [2024-11-27T11:35:42.884-0500] {dagbag.py:588} INFO - Filling up the DagBag from /home/vanaprastha/airflow/dags/part2_operator/operator_python.py
[2024-11-27T11:35:42.889-0500] {processor.py:925} INFO - DAG(s) 'operator_python' retrieved from /home/vanaprastha/airflow/dags/part2_operator/operator_python.py
[2024-11-27T11:35:42.903-0500] {logging_mixin.py:190} INFO - [2024-11-27T11:35:42.903-0500] {dag.py:3239} INFO - Sync 1 DAGs
[2024-11-27T11:35:42.915-0500] {logging_mixin.py:190} INFO - [2024-11-27T11:35:42.915-0500] {dag.py:4180} INFO - Setting next_dagrun for operator_python to 2024-11-27 00:00:00+00:00, run_after=2024-11-28 00:00:00+00:00
[2024-11-27T11:35:42.932-0500] {processor.py:208} INFO - Processing /home/vanaprastha/airflow/dags/part2_operator/operator_python.py took 0.071 seconds
[2024-11-27T11:36:47.176-0500] {processor.py:186} INFO - Started process (PID=26595) to work on /home/vanaprastha/airflow/dags/part2_operator/operator_python.py
[2024-11-27T11:36:47.195-0500] {processor.py:914} INFO - Processing file /home/vanaprastha/airflow/dags/part2_operator/operator_python.py for tasks to queue
[2024-11-27T11:36:47.197-0500] {logging_mixin.py:190} INFO - [2024-11-27T11:36:47.196-0500] {dagbag.py:588} INFO - Filling up the DagBag from /home/vanaprastha/airflow/dags/part2_operator/operator_python.py
[2024-11-27T11:36:47.204-0500] {processor.py:925} INFO - DAG(s) 'operator_python' retrieved from /home/vanaprastha/airflow/dags/part2_operator/operator_python.py
[2024-11-27T11:36:47.212-0500] {logging_mixin.py:190} INFO - [2024-11-27T11:36:47.212-0500] {dag.py:3239} INFO - Sync 1 DAGs
[2024-11-27T11:36:47.223-0500] {logging_mixin.py:190} INFO - [2024-11-27T11:36:47.223-0500] {dag.py:4180} INFO - Setting next_dagrun for operator_python to 2024-11-27 00:00:00+00:00, run_after=2024-11-28 00:00:00+00:00
[2024-11-27T11:36:47.241-0500] {processor.py:208} INFO - Processing /home/vanaprastha/airflow/dags/part2_operator/operator_python.py took 0.069 seconds
[2024-11-27T11:37:26.803-0500] {processor.py:186} INFO - Started process (PID=26662) to work on /home/vanaprastha/airflow/dags/part2_operator/operator_python.py
[2024-11-27T11:37:26.823-0500] {processor.py:914} INFO - Processing file /home/vanaprastha/airflow/dags/part2_operator/operator_python.py for tasks to queue
[2024-11-27T11:37:26.826-0500] {logging_mixin.py:190} INFO - [2024-11-27T11:37:26.825-0500] {dagbag.py:588} INFO - Filling up the DagBag from /home/vanaprastha/airflow/dags/part2_operator/operator_python.py
[2024-11-27T11:37:26.837-0500] {processor.py:925} INFO - DAG(s) 'operator_python' retrieved from /home/vanaprastha/airflow/dags/part2_operator/operator_python.py
[2024-11-27T11:37:26.845-0500] {logging_mixin.py:190} INFO - [2024-11-27T11:37:26.845-0500] {dag.py:3239} INFO - Sync 1 DAGs
[2024-11-27T11:37:26.952-0500] {logging_mixin.py:190} INFO - [2024-11-27T11:37:26.952-0500] {dag.py:4180} INFO - Setting next_dagrun for operator_python to 2024-11-27 00:00:00+00:00, run_after=2024-11-28 00:00:00+00:00
[2024-11-27T11:37:26.987-0500] {processor.py:208} INFO - Processing /home/vanaprastha/airflow/dags/part2_operator/operator_python.py took 0.189 seconds
[2024-11-27T11:38:07.509-0500] {processor.py:186} INFO - Started process (PID=26705) to work on /home/vanaprastha/airflow/dags/part2_operator/operator_python.py
[2024-11-27T11:38:07.528-0500] {processor.py:914} INFO - Processing file /home/vanaprastha/airflow/dags/part2_operator/operator_python.py for tasks to queue
[2024-11-27T11:38:07.531-0500] {logging_mixin.py:190} INFO - [2024-11-27T11:38:07.531-0500] {dagbag.py:588} INFO - Filling up the DagBag from /home/vanaprastha/airflow/dags/part2_operator/operator_python.py
[2024-11-27T11:38:07.541-0500] {processor.py:925} INFO - DAG(s) 'operator_python' retrieved from /home/vanaprastha/airflow/dags/part2_operator/operator_python.py
[2024-11-27T11:38:07.552-0500] {logging_mixin.py:190} INFO - [2024-11-27T11:38:07.552-0500] {dag.py:3239} INFO - Sync 1 DAGs
[2024-11-27T11:38:07.565-0500] {logging_mixin.py:190} INFO - [2024-11-27T11:38:07.565-0500] {dag.py:4180} INFO - Setting next_dagrun for operator_python to 2024-11-27 00:00:00+00:00, run_after=2024-11-28 00:00:00+00:00
[2024-11-27T11:38:07.582-0500] {processor.py:208} INFO - Processing /home/vanaprastha/airflow/dags/part2_operator/operator_python.py took 0.076 seconds
[2024-11-27T11:38:43.584-0500] {processor.py:186} INFO - Started process (PID=26750) to work on /home/vanaprastha/airflow/dags/part2_operator/operator_python.py
[2024-11-27T11:38:43.603-0500] {processor.py:914} INFO - Processing file /home/vanaprastha/airflow/dags/part2_operator/operator_python.py for tasks to queue
[2024-11-27T11:38:43.605-0500] {logging_mixin.py:190} INFO - [2024-11-27T11:38:43.604-0500] {dagbag.py:588} INFO - Filling up the DagBag from /home/vanaprastha/airflow/dags/part2_operator/operator_python.py
[2024-11-27T11:38:43.612-0500] {processor.py:925} INFO - DAG(s) 'operator_python' retrieved from /home/vanaprastha/airflow/dags/part2_operator/operator_python.py
[2024-11-27T11:38:43.620-0500] {logging_mixin.py:190} INFO - [2024-11-27T11:38:43.620-0500] {dag.py:3239} INFO - Sync 1 DAGs
[2024-11-27T11:38:43.635-0500] {logging_mixin.py:190} INFO - [2024-11-27T11:38:43.635-0500] {dag.py:4180} INFO - Setting next_dagrun for operator_python to 2024-11-27 00:00:00+00:00, run_after=2024-11-28 00:00:00+00:00
[2024-11-27T11:38:43.787-0500] {processor.py:208} INFO - Processing /home/vanaprastha/airflow/dags/part2_operator/operator_python.py took 0.208 seconds
[2024-11-27T11:39:10.348-0500] {processor.py:186} INFO - Started process (PID=26808) to work on /home/vanaprastha/airflow/dags/part2_operator/operator_python.py
[2024-11-27T11:39:10.348-0500] {processor.py:914} INFO - Processing file /home/vanaprastha/airflow/dags/part2_operator/operator_python.py for tasks to queue
[2024-11-27T11:39:10.350-0500] {logging_mixin.py:190} INFO - [2024-11-27T11:39:10.350-0500] {dagbag.py:588} INFO - Filling up the DagBag from /home/vanaprastha/airflow/dags/part2_operator/operator_python.py
[2024-11-27T11:39:10.356-0500] {processor.py:925} INFO - DAG(s) 'operator_python' retrieved from /home/vanaprastha/airflow/dags/part2_operator/operator_python.py
[2024-11-27T11:39:10.365-0500] {logging_mixin.py:190} INFO - [2024-11-27T11:39:10.365-0500] {dag.py:3239} INFO - Sync 1 DAGs
[2024-11-27T11:39:10.377-0500] {logging_mixin.py:190} INFO - [2024-11-27T11:39:10.377-0500] {dag.py:4180} INFO - Setting next_dagrun for operator_python to 2024-11-27 00:00:00+00:00, run_after=2024-11-28 00:00:00+00:00
[2024-11-27T11:39:10.395-0500] {processor.py:208} INFO - Processing /home/vanaprastha/airflow/dags/part2_operator/operator_python.py took 0.051 seconds
[2024-11-27T11:40:14.560-0500] {processor.py:186} INFO - Started process (PID=26953) to work on /home/vanaprastha/airflow/dags/part2_operator/operator_python.py
[2024-11-27T11:40:14.579-0500] {processor.py:914} INFO - Processing file /home/vanaprastha/airflow/dags/part2_operator/operator_python.py for tasks to queue
[2024-11-27T11:40:14.581-0500] {logging_mixin.py:190} INFO - [2024-11-27T11:40:14.581-0500] {dagbag.py:588} INFO - Filling up the DagBag from /home/vanaprastha/airflow/dags/part2_operator/operator_python.py
[2024-11-27T11:40:14.588-0500] {processor.py:925} INFO - DAG(s) 'operator_python' retrieved from /home/vanaprastha/airflow/dags/part2_operator/operator_python.py
[2024-11-27T11:40:14.596-0500] {logging_mixin.py:190} INFO - [2024-11-27T11:40:14.596-0500] {dag.py:3239} INFO - Sync 1 DAGs
[2024-11-27T11:40:14.611-0500] {logging_mixin.py:190} INFO - [2024-11-27T11:40:14.611-0500] {dag.py:4180} INFO - Setting next_dagrun for operator_python to 2024-11-27 00:00:00+00:00, run_after=2024-11-28 00:00:00+00:00
[2024-11-27T11:40:14.628-0500] {processor.py:208} INFO - Processing /home/vanaprastha/airflow/dags/part2_operator/operator_python.py took 0.071 seconds
[2024-11-27T11:40:51.245-0500] {processor.py:186} INFO - Started process (PID=27003) to work on /home/vanaprastha/airflow/dags/part2_operator/operator_python.py
[2024-11-27T11:40:51.264-0500] {processor.py:914} INFO - Processing file /home/vanaprastha/airflow/dags/part2_operator/operator_python.py for tasks to queue
[2024-11-27T11:40:51.266-0500] {logging_mixin.py:190} INFO - [2024-11-27T11:40:51.265-0500] {dagbag.py:588} INFO - Filling up the DagBag from /home/vanaprastha/airflow/dags/part2_operator/operator_python.py
[2024-11-27T11:40:51.276-0500] {processor.py:925} INFO - DAG(s) 'operator_python' retrieved from /home/vanaprastha/airflow/dags/part2_operator/operator_python.py
[2024-11-27T11:40:51.285-0500] {logging_mixin.py:190} INFO - [2024-11-27T11:40:51.285-0500] {dag.py:3239} INFO - Sync 1 DAGs
[2024-11-27T11:40:51.401-0500] {logging_mixin.py:190} INFO - [2024-11-27T11:40:51.401-0500] {dag.py:4180} INFO - Setting next_dagrun for operator_python to 2024-11-27 00:00:00+00:00, run_after=2024-11-28 00:00:00+00:00
[2024-11-27T11:40:51.416-0500] {processor.py:208} INFO - Processing /home/vanaprastha/airflow/dags/part2_operator/operator_python.py took 0.174 seconds
[2024-11-27T11:41:29.137-0500] {processor.py:186} INFO - Started process (PID=27072) to work on /home/vanaprastha/airflow/dags/part2_operator/operator_python.py
[2024-11-27T11:41:29.156-0500] {processor.py:914} INFO - Processing file /home/vanaprastha/airflow/dags/part2_operator/operator_python.py for tasks to queue
[2024-11-27T11:41:29.157-0500] {logging_mixin.py:190} INFO - [2024-11-27T11:41:29.157-0500] {dagbag.py:588} INFO - Filling up the DagBag from /home/vanaprastha/airflow/dags/part2_operator/operator_python.py
[2024-11-27T11:41:29.165-0500] {processor.py:925} INFO - DAG(s) 'operator_python' retrieved from /home/vanaprastha/airflow/dags/part2_operator/operator_python.py
[2024-11-27T11:41:29.175-0500] {logging_mixin.py:190} INFO - [2024-11-27T11:41:29.174-0500] {dag.py:3239} INFO - Sync 1 DAGs
[2024-11-27T11:41:29.189-0500] {logging_mixin.py:190} INFO - [2024-11-27T11:41:29.189-0500] {dag.py:4180} INFO - Setting next_dagrun for operator_python to 2024-11-27 00:00:00+00:00, run_after=2024-11-28 00:00:00+00:00
[2024-11-27T11:41:29.205-0500] {processor.py:208} INFO - Processing /home/vanaprastha/airflow/dags/part2_operator/operator_python.py took 0.071 seconds
[2024-11-27T11:42:06.676-0500] {processor.py:186} INFO - Started process (PID=27111) to work on /home/vanaprastha/airflow/dags/part2_operator/operator_python.py
[2024-11-27T11:42:06.694-0500] {processor.py:914} INFO - Processing file /home/vanaprastha/airflow/dags/part2_operator/operator_python.py for tasks to queue
[2024-11-27T11:42:06.695-0500] {logging_mixin.py:190} INFO - [2024-11-27T11:42:06.695-0500] {dagbag.py:588} INFO - Filling up the DagBag from /home/vanaprastha/airflow/dags/part2_operator/operator_python.py
[2024-11-27T11:42:06.704-0500] {processor.py:925} INFO - DAG(s) 'operator_python' retrieved from /home/vanaprastha/airflow/dags/part2_operator/operator_python.py
[2024-11-27T11:42:06.712-0500] {logging_mixin.py:190} INFO - [2024-11-27T11:42:06.712-0500] {dag.py:3239} INFO - Sync 1 DAGs
[2024-11-27T11:42:06.727-0500] {logging_mixin.py:190} INFO - [2024-11-27T11:42:06.727-0500] {dag.py:4180} INFO - Setting next_dagrun for operator_python to 2024-11-27 00:00:00+00:00, run_after=2024-11-28 00:00:00+00:00
[2024-11-27T11:42:06.845-0500] {processor.py:208} INFO - Processing /home/vanaprastha/airflow/dags/part2_operator/operator_python.py took 0.173 seconds
[2024-11-27T11:42:49.101-0500] {processor.py:186} INFO - Started process (PID=27153) to work on /home/vanaprastha/airflow/dags/part2_operator/operator_python.py
[2024-11-27T11:42:49.120-0500] {processor.py:914} INFO - Processing file /home/vanaprastha/airflow/dags/part2_operator/operator_python.py for tasks to queue
[2024-11-27T11:42:49.121-0500] {logging_mixin.py:190} INFO - [2024-11-27T11:42:49.120-0500] {dagbag.py:588} INFO - Filling up the DagBag from /home/vanaprastha/airflow/dags/part2_operator/operator_python.py
[2024-11-27T11:42:49.238-0500] {processor.py:925} INFO - DAG(s) 'operator_python' retrieved from /home/vanaprastha/airflow/dags/part2_operator/operator_python.py
[2024-11-27T11:42:49.244-0500] {logging_mixin.py:190} INFO - [2024-11-27T11:42:49.244-0500] {dag.py:3239} INFO - Sync 1 DAGs
[2024-11-27T11:42:49.254-0500] {logging_mixin.py:190} INFO - [2024-11-27T11:42:49.254-0500] {dag.py:4180} INFO - Setting next_dagrun for operator_python to 2024-11-27 00:00:00+00:00, run_after=2024-11-28 00:00:00+00:00
[2024-11-27T11:42:49.289-0500] {processor.py:208} INFO - Processing /home/vanaprastha/airflow/dags/part2_operator/operator_python.py took 0.191 seconds
[2024-11-27T11:43:25.472-0500] {processor.py:186} INFO - Started process (PID=27213) to work on /home/vanaprastha/airflow/dags/part2_operator/operator_python.py
[2024-11-27T11:43:25.491-0500] {processor.py:914} INFO - Processing file /home/vanaprastha/airflow/dags/part2_operator/operator_python.py for tasks to queue
[2024-11-27T11:43:25.492-0500] {logging_mixin.py:190} INFO - [2024-11-27T11:43:25.491-0500] {dagbag.py:588} INFO - Filling up the DagBag from /home/vanaprastha/airflow/dags/part2_operator/operator_python.py
[2024-11-27T11:43:25.499-0500] {processor.py:925} INFO - DAG(s) 'operator_python' retrieved from /home/vanaprastha/airflow/dags/part2_operator/operator_python.py
[2024-11-27T11:43:25.508-0500] {logging_mixin.py:190} INFO - [2024-11-27T11:43:25.507-0500] {dag.py:3239} INFO - Sync 1 DAGs
[2024-11-27T11:43:25.520-0500] {logging_mixin.py:190} INFO - [2024-11-27T11:43:25.520-0500] {dag.py:4180} INFO - Setting next_dagrun for operator_python to 2024-11-27 00:00:00+00:00, run_after=2024-11-28 00:00:00+00:00
[2024-11-27T11:43:25.537-0500] {processor.py:208} INFO - Processing /home/vanaprastha/airflow/dags/part2_operator/operator_python.py took 0.068 seconds
[2024-11-27T11:43:41.000-0500] {processor.py:186} INFO - Started process (PID=27247) to work on /home/vanaprastha/airflow/dags/part2_operator/operator_python.py
[2024-11-27T11:43:41.019-0500] {processor.py:914} INFO - Processing file /home/vanaprastha/airflow/dags/part2_operator/operator_python.py for tasks to queue
[2024-11-27T11:43:41.022-0500] {logging_mixin.py:190} INFO - [2024-11-27T11:43:41.021-0500] {dagbag.py:588} INFO - Filling up the DagBag from /home/vanaprastha/airflow/dags/part2_operator/operator_python.py
[2024-11-27T11:43:41.032-0500] {processor.py:925} INFO - DAG(s) 'operator_python' retrieved from /home/vanaprastha/airflow/dags/part2_operator/operator_python.py
[2024-11-27T11:43:41.042-0500] {logging_mixin.py:190} INFO - [2024-11-27T11:43:41.041-0500] {dag.py:3239} INFO - Sync 1 DAGs
[2024-11-27T11:43:41.055-0500] {logging_mixin.py:190} INFO - [2024-11-27T11:43:41.054-0500] {dag.py:4180} INFO - Setting next_dagrun for operator_python to 2024-11-27 00:00:00+00:00, run_after=2024-11-28 00:00:00+00:00
[2024-11-27T11:43:41.074-0500] {processor.py:208} INFO - Processing /home/vanaprastha/airflow/dags/part2_operator/operator_python.py took 0.078 seconds
[2024-11-27T11:44:44.375-0500] {processor.py:186} INFO - Started process (PID=27399) to work on /home/vanaprastha/airflow/dags/part2_operator/operator_python.py
[2024-11-27T11:44:44.394-0500] {processor.py:914} INFO - Processing file /home/vanaprastha/airflow/dags/part2_operator/operator_python.py for tasks to queue
[2024-11-27T11:44:44.396-0500] {logging_mixin.py:190} INFO - [2024-11-27T11:44:44.395-0500] {dagbag.py:588} INFO - Filling up the DagBag from /home/vanaprastha/airflow/dags/part2_operator/operator_python.py
[2024-11-27T11:44:44.403-0500] {processor.py:925} INFO - DAG(s) 'operator_python' retrieved from /home/vanaprastha/airflow/dags/part2_operator/operator_python.py
[2024-11-27T11:44:44.411-0500] {logging_mixin.py:190} INFO - [2024-11-27T11:44:44.411-0500] {dag.py:3239} INFO - Sync 1 DAGs
[2024-11-27T11:44:44.422-0500] {logging_mixin.py:190} INFO - [2024-11-27T11:44:44.422-0500] {dag.py:4180} INFO - Setting next_dagrun for operator_python to 2024-11-27 00:00:00+00:00, run_after=2024-11-28 00:00:00+00:00
[2024-11-27T11:44:44.437-0500] {processor.py:208} INFO - Processing /home/vanaprastha/airflow/dags/part2_operator/operator_python.py took 0.068 seconds
