[2024-11-27T10:58:12.857-0500] {local_task_job_runner.py:123} INFO - ::group::Pre task execution logs
[2024-11-27T10:58:12.864-0500] {taskinstance.py:2613} INFO - Dependencies all met for dep_context=non-requeueable deps ti=<TaskInstance: operator_python.python manual__2024-11-27T15:58:09.024162+00:00 [queued]>
[2024-11-27T10:58:12.867-0500] {taskinstance.py:2613} INFO - Dependencies all met for dep_context=requeueable deps ti=<TaskInstance: operator_python.python manual__2024-11-27T15:58:09.024162+00:00 [queued]>
[2024-11-27T10:58:12.867-0500] {taskinstance.py:2866} INFO - Starting attempt 1 of 1
[2024-11-27T10:58:12.879-0500] {taskinstance.py:2889} INFO - Executing <Task(PythonOperator): python> on 2024-11-27 15:58:09.024162+00:00
[2024-11-27T10:58:12.885-0500] {logging_mixin.py:190} WARNING - /home/vanaprastha/anaconda3/lib/python3.12/site-packages/airflow/task/task_runner/standard_task_runner.py:70 DeprecationWarning: This process (pid=20002) is multi-threaded, use of fork() may lead to deadlocks in the child.
[2024-11-27T10:58:12.885-0500] {standard_task_runner.py:72} INFO - Started process 20009 to run task
[2024-11-27T10:58:12.885-0500] {standard_task_runner.py:104} INFO - Running: ['airflow', 'tasks', 'run', 'operator_python', 'python', 'manual__2024-11-27T15:58:09.024162+00:00', '--job-id', '31', '--raw', '--subdir', 'DAGS_FOLDER/part2_operator/operator_python.py', '--cfg-path', '/tmp/tmpb8t11cma']
[2024-11-27T10:58:12.885-0500] {standard_task_runner.py:105} INFO - Job 31: Subtask python
[2024-11-27T10:58:12.908-0500] {task_command.py:467} INFO - Running <TaskInstance: operator_python.python manual__2024-11-27T15:58:09.024162+00:00 [running]> on host VanaPrastha
[2024-11-27T10:58:12.955-0500] {taskinstance.py:3132} INFO - Exporting env vars: AIRFLOW_CTX_DAG_OWNER='airflow' AIRFLOW_CTX_DAG_ID='operator_python' AIRFLOW_CTX_TASK_ID='python' AIRFLOW_CTX_EXECUTION_DATE='2024-11-27T15:58:09.024162+00:00' AIRFLOW_CTX_TRY_NUMBER='1' AIRFLOW_CTX_DAG_RUN_ID='manual__2024-11-27T15:58:09.024162+00:00'
[2024-11-27T10:58:12.956-0500] {logging_mixin.py:190} INFO - Task instance is in running state
[2024-11-27T10:58:12.956-0500] {logging_mixin.py:190} INFO -  Previous state of the Task instance: queued
[2024-11-27T10:58:12.956-0500] {logging_mixin.py:190} INFO - Current task name:python state:running start_date:2024-11-27 15:58:12.864539+00:00
[2024-11-27T10:58:12.956-0500] {logging_mixin.py:190} INFO - Dag name:operator_python and current dag run status:running
[2024-11-27T10:58:12.956-0500] {taskinstance.py:731} INFO - ::endgroup::
[2024-11-27T10:58:12.957-0500] {logging_mixin.py:190} INFO - ini adalah operator python
[2024-11-27T10:58:12.957-0500] {logging_mixin.py:190} INFO - ini adalah param1
[2024-11-27T10:58:12.957-0500] {logging_mixin.py:190} INFO - ini adalah param2
[2024-11-27T10:58:12.957-0500] {python.py:240} INFO - Done. Returned value was: None
[2024-11-27T10:58:12.960-0500] {taskinstance.py:340} INFO - ::group::Post task execution logs
[2024-11-27T10:58:12.960-0500] {taskinstance.py:352} INFO - Marking task as SUCCESS. dag_id=operator_python, task_id=python, run_id=manual__2024-11-27T15:58:09.024162+00:00, execution_date=20241127T155809, start_date=20241127T155812, end_date=20241127T155812
[2024-11-27T10:58:12.969-0500] {logging_mixin.py:190} INFO - Task instance in success state
[2024-11-27T10:58:12.970-0500] {logging_mixin.py:190} INFO -  Previous state of the Task instance: running
[2024-11-27T10:58:12.970-0500] {logging_mixin.py:190} INFO - Dag name:operator_python queued_at:2024-11-27 15:58:09.035091+00:00
[2024-11-27T10:58:12.970-0500] {logging_mixin.py:190} INFO - Task hostname:VanaPrastha operator:PythonOperator
[2024-11-27T10:58:12.978-0500] {local_task_job_runner.py:266} INFO - Task exited with return code 0
[2024-11-27T10:58:12.984-0500] {taskinstance.py:3895} INFO - 0 downstream tasks scheduled from follow-on schedule check
[2024-11-27T10:58:12.984-0500] {local_task_job_runner.py:245} INFO - ::endgroup::
