[2024-11-27T11:47:51.862-0500] {processor.py:186} INFO - Started process (PID=27746) to work on /home/vanaprastha/airflow/dags/PART 3/Sensor/sensor_dag.py
[2024-11-27T11:47:51.862-0500] {processor.py:914} INFO - Processing file /home/vanaprastha/airflow/dags/PART 3/Sensor/sensor_dag.py for tasks to queue
[2024-11-27T11:47:51.864-0500] {logging_mixin.py:190} INFO - [2024-11-27T11:47:51.864-0500] {dagbag.py:588} INFO - Filling up the DagBag from /home/vanaprastha/airflow/dags/PART 3/Sensor/sensor_dag.py
[2024-11-27T11:47:51.867-0500] {logging_mixin.py:190} INFO - [2024-11-27T11:47:51.865-0500] {dagbag.py:387} ERROR - Failed to import: /home/vanaprastha/airflow/dags/PART 3/Sensor/sensor_dag.py
Traceback (most recent call last):
  File "/home/vanaprastha/anaconda3/lib/python3.12/site-packages/airflow/models/dagbag.py", line 383, in parse
    loader.exec_module(new_module)
  File "<frozen importlib._bootstrap_external>", line 995, in exec_module
  File "<frozen importlib._bootstrap>", line 488, in _call_with_frames_removed
  File "/home/vanaprastha/airflow/dags/PART 3/Sensor/sensor_dag.py", line 6, in <module>
    @dag(schedule_interval=timedelta(minutes=1), start_date=datetime(2024, 8, 1), catchup=False)
                                                            ^^^^^^^^
NameError: name 'datetime' is not defined. Did you forget to import 'datetime'
[2024-11-27T11:47:51.868-0500] {processor.py:927} WARNING - No viable dags retrieved from /home/vanaprastha/airflow/dags/PART 3/Sensor/sensor_dag.py
[2024-11-27T11:47:51.900-0500] {processor.py:208} INFO - Processing /home/vanaprastha/airflow/dags/PART 3/Sensor/sensor_dag.py took 0.041 seconds
[2024-11-27T11:49:33.441-0500] {processor.py:186} INFO - Started process (PID=27925) to work on /home/vanaprastha/airflow/dags/PART 3/Sensor/sensor_dag.py
[2024-11-27T11:49:33.460-0500] {processor.py:914} INFO - Processing file /home/vanaprastha/airflow/dags/PART 3/Sensor/sensor_dag.py for tasks to queue
[2024-11-27T11:49:33.464-0500] {logging_mixin.py:190} INFO - [2024-11-27T11:49:33.463-0500] {dagbag.py:588} INFO - Filling up the DagBag from /home/vanaprastha/airflow/dags/PART 3/Sensor/sensor_dag.py
[2024-11-27T11:49:33.471-0500] {logging_mixin.py:190} INFO - [2024-11-27T11:49:33.467-0500] {dagbag.py:387} ERROR - Failed to import: /home/vanaprastha/airflow/dags/PART 3/Sensor/sensor_dag.py
Traceback (most recent call last):
  File "/home/vanaprastha/anaconda3/lib/python3.12/site-packages/airflow/models/dagbag.py", line 383, in parse
    loader.exec_module(new_module)
  File "<frozen importlib._bootstrap_external>", line 995, in exec_module
  File "<frozen importlib._bootstrap>", line 488, in _call_with_frames_removed
  File "/home/vanaprastha/airflow/dags/PART 3/Sensor/sensor_dag.py", line 6, in <module>
    @dag(schedule_interval=timedelta(minutes=1), start_date=datetime(2024, 8, 1), catchup=False)
                                                            ^^^^^^^^
NameError: name 'datetime' is not defined. Did you forget to import 'datetime'
[2024-11-27T11:49:33.473-0500] {processor.py:927} WARNING - No viable dags retrieved from /home/vanaprastha/airflow/dags/PART 3/Sensor/sensor_dag.py
[2024-11-27T11:49:33.491-0500] {processor.py:208} INFO - Processing /home/vanaprastha/airflow/dags/PART 3/Sensor/sensor_dag.py took 0.054 seconds
[2024-11-27T11:50:47.194-0500] {processor.py:186} INFO - Started process (PID=28009) to work on /home/vanaprastha/airflow/dags/PART 3/Sensor/sensor_dag.py
[2024-11-27T11:50:47.213-0500] {processor.py:914} INFO - Processing file /home/vanaprastha/airflow/dags/PART 3/Sensor/sensor_dag.py for tasks to queue
[2024-11-27T11:50:47.216-0500] {logging_mixin.py:190} INFO - [2024-11-27T11:50:47.216-0500] {dagbag.py:588} INFO - Filling up the DagBag from /home/vanaprastha/airflow/dags/PART 3/Sensor/sensor_dag.py
[2024-11-27T11:50:47.221-0500] {logging_mixin.py:190} INFO - [2024-11-27T11:50:47.219-0500] {dagbag.py:387} ERROR - Failed to import: /home/vanaprastha/airflow/dags/PART 3/Sensor/sensor_dag.py
Traceback (most recent call last):
  File "/home/vanaprastha/anaconda3/lib/python3.12/site-packages/airflow/models/dagbag.py", line 383, in parse
    loader.exec_module(new_module)
  File "<frozen importlib._bootstrap_external>", line 995, in exec_module
  File "<frozen importlib._bootstrap>", line 488, in _call_with_frames_removed
  File "/home/vanaprastha/airflow/dags/PART 3/Sensor/sensor_dag.py", line 6, in <module>
    @dag(schedule_interval=timedelta(minutes=1), start_date=datetime(2024, 8, 1), catchup=False)
                                                            ^^^^^^^^
NameError: name 'datetime' is not defined. Did you forget to import 'datetime'
[2024-11-27T11:50:47.223-0500] {processor.py:927} WARNING - No viable dags retrieved from /home/vanaprastha/airflow/dags/PART 3/Sensor/sensor_dag.py
[2024-11-27T11:50:47.238-0500] {processor.py:208} INFO - Processing /home/vanaprastha/airflow/dags/PART 3/Sensor/sensor_dag.py took 0.047 seconds
[2024-11-27T11:51:16.998-0500] {processor.py:186} INFO - Started process (PID=28049) to work on /home/vanaprastha/airflow/dags/PART 3/Sensor/sensor_dag.py
[2024-11-27T11:51:16.999-0500] {processor.py:914} INFO - Processing file /home/vanaprastha/airflow/dags/PART 3/Sensor/sensor_dag.py for tasks to queue
[2024-11-27T11:51:17.000-0500] {logging_mixin.py:190} INFO - [2024-11-27T11:51:16.999-0500] {dagbag.py:588} INFO - Filling up the DagBag from /home/vanaprastha/airflow/dags/PART 3/Sensor/sensor_dag.py
[2024-11-27T11:51:17.002-0500] {logging_mixin.py:190} INFO - [2024-11-27T11:51:17.001-0500] {dagbag.py:387} ERROR - Failed to import: /home/vanaprastha/airflow/dags/PART 3/Sensor/sensor_dag.py
Traceback (most recent call last):
  File "/home/vanaprastha/anaconda3/lib/python3.12/site-packages/airflow/models/dagbag.py", line 383, in parse
    loader.exec_module(new_module)
  File "<frozen importlib._bootstrap_external>", line 995, in exec_module
  File "<frozen importlib._bootstrap>", line 488, in _call_with_frames_removed
  File "/home/vanaprastha/airflow/dags/PART 3/Sensor/sensor_dag.py", line 6, in <module>
    @dag(schedule_interval=timedelta(minutes=1), start_date=datetime(2024, 8, 1), catchup=False)
                                                            ^^^^^^^^
NameError: name 'datetime' is not defined. Did you forget to import 'datetime'
[2024-11-27T11:51:17.003-0500] {processor.py:927} WARNING - No viable dags retrieved from /home/vanaprastha/airflow/dags/PART 3/Sensor/sensor_dag.py
[2024-11-27T11:51:17.019-0500] {processor.py:208} INFO - Processing /home/vanaprastha/airflow/dags/PART 3/Sensor/sensor_dag.py took 0.024 seconds
[2024-11-27T11:52:26.873-0500] {processor.py:186} INFO - Started process (PID=28205) to work on /home/vanaprastha/airflow/dags/PART 3/Sensor/sensor_dag.py
[2024-11-27T11:52:26.893-0500] {processor.py:914} INFO - Processing file /home/vanaprastha/airflow/dags/PART 3/Sensor/sensor_dag.py for tasks to queue
[2024-11-27T11:52:26.896-0500] {logging_mixin.py:190} INFO - [2024-11-27T11:52:26.895-0500] {dagbag.py:588} INFO - Filling up the DagBag from /home/vanaprastha/airflow/dags/PART 3/Sensor/sensor_dag.py
[2024-11-27T11:52:26.903-0500] {logging_mixin.py:190} INFO - [2024-11-27T11:52:26.899-0500] {dagbag.py:387} ERROR - Failed to import: /home/vanaprastha/airflow/dags/PART 3/Sensor/sensor_dag.py
Traceback (most recent call last):
  File "/home/vanaprastha/anaconda3/lib/python3.12/site-packages/airflow/models/dagbag.py", line 383, in parse
    loader.exec_module(new_module)
  File "<frozen importlib._bootstrap_external>", line 995, in exec_module
  File "<frozen importlib._bootstrap>", line 488, in _call_with_frames_removed
  File "/home/vanaprastha/airflow/dags/PART 3/Sensor/sensor_dag.py", line 6, in <module>
    @dag(schedule_interval=timedelta(minutes=1), start_date=datetime(2024, 8, 1), catchup=False)
                                                            ^^^^^^^^
NameError: name 'datetime' is not defined. Did you forget to import 'datetime'
[2024-11-27T11:52:26.905-0500] {processor.py:927} WARNING - No viable dags retrieved from /home/vanaprastha/airflow/dags/PART 3/Sensor/sensor_dag.py
[2024-11-27T11:52:26.921-0500] {processor.py:208} INFO - Processing /home/vanaprastha/airflow/dags/PART 3/Sensor/sensor_dag.py took 0.052 seconds
[2024-11-27T11:53:17.218-0500] {processor.py:186} INFO - Started process (PID=28298) to work on /home/vanaprastha/airflow/dags/PART 3/Sensor/sensor_dag.py
[2024-11-27T11:53:17.237-0500] {processor.py:914} INFO - Processing file /home/vanaprastha/airflow/dags/PART 3/Sensor/sensor_dag.py for tasks to queue
[2024-11-27T11:53:17.238-0500] {logging_mixin.py:190} INFO - [2024-11-27T11:53:17.238-0500] {dagbag.py:588} INFO - Filling up the DagBag from /home/vanaprastha/airflow/dags/PART 3/Sensor/sensor_dag.py
[2024-11-27T11:53:17.241-0500] {logging_mixin.py:190} INFO - [2024-11-27T11:53:17.239-0500] {dagbag.py:387} ERROR - Failed to import: /home/vanaprastha/airflow/dags/PART 3/Sensor/sensor_dag.py
Traceback (most recent call last):
  File "/home/vanaprastha/anaconda3/lib/python3.12/site-packages/airflow/models/dagbag.py", line 383, in parse
    loader.exec_module(new_module)
  File "<frozen importlib._bootstrap_external>", line 995, in exec_module
  File "<frozen importlib._bootstrap>", line 488, in _call_with_frames_removed
  File "/home/vanaprastha/airflow/dags/PART 3/Sensor/sensor_dag.py", line 6, in <module>
    @dag(schedule_interval=timedelta(minutes=1), start_date=datetime(2024, 8, 1), catchup=False)
                                                            ^^^^^^^^
NameError: name 'datetime' is not defined. Did you forget to import 'datetime'
[2024-11-27T11:53:17.242-0500] {processor.py:927} WARNING - No viable dags retrieved from /home/vanaprastha/airflow/dags/PART 3/Sensor/sensor_dag.py
[2024-11-27T11:53:17.257-0500] {processor.py:208} INFO - Processing /home/vanaprastha/airflow/dags/PART 3/Sensor/sensor_dag.py took 0.042 seconds
[2024-11-27T11:54:20.201-0500] {processor.py:186} INFO - Started process (PID=28373) to work on /home/vanaprastha/airflow/dags/PART 3/Sensor/sensor_dag.py
[2024-11-27T11:54:20.202-0500] {processor.py:914} INFO - Processing file /home/vanaprastha/airflow/dags/PART 3/Sensor/sensor_dag.py for tasks to queue
[2024-11-27T11:54:20.203-0500] {logging_mixin.py:190} INFO - [2024-11-27T11:54:20.203-0500] {dagbag.py:588} INFO - Filling up the DagBag from /home/vanaprastha/airflow/dags/PART 3/Sensor/sensor_dag.py
[2024-11-27T11:54:20.209-0500] {processor.py:925} INFO - DAG(s) 'sensor_dag' retrieved from /home/vanaprastha/airflow/dags/PART 3/Sensor/sensor_dag.py
[2024-11-27T11:54:20.274-0500] {logging_mixin.py:190} INFO - [2024-11-27T11:54:20.274-0500] {override.py:1911} INFO - Created Permission View: can read on DAG:sensor_dag
[2024-11-27T11:54:20.285-0500] {logging_mixin.py:190} INFO - [2024-11-27T11:54:20.285-0500] {override.py:1911} INFO - Created Permission View: can delete on DAG:sensor_dag
[2024-11-27T11:54:20.294-0500] {logging_mixin.py:190} INFO - [2024-11-27T11:54:20.294-0500] {override.py:1911} INFO - Created Permission View: can edit on DAG:sensor_dag
[2024-11-27T11:54:20.311-0500] {logging_mixin.py:190} INFO - [2024-11-27T11:54:20.311-0500] {override.py:1911} INFO - Created Permission View: can create on DAG Run:sensor_dag
[2024-11-27T11:54:20.324-0500] {logging_mixin.py:190} INFO - [2024-11-27T11:54:20.324-0500] {override.py:1911} INFO - Created Permission View: can read on DAG Run:sensor_dag
[2024-11-27T11:54:20.337-0500] {logging_mixin.py:190} INFO - [2024-11-27T11:54:20.336-0500] {override.py:1911} INFO - Created Permission View: can delete on DAG Run:sensor_dag
[2024-11-27T11:54:20.349-0500] {logging_mixin.py:190} INFO - [2024-11-27T11:54:20.349-0500] {override.py:1911} INFO - Created Permission View: menu access on DAG Run:sensor_dag
[2024-11-27T11:54:20.350-0500] {logging_mixin.py:190} INFO - [2024-11-27T11:54:20.349-0500] {dag.py:3239} INFO - Sync 1 DAGs
[2024-11-27T11:54:20.360-0500] {logging_mixin.py:190} INFO - [2024-11-27T11:54:20.360-0500] {dag.py:3262} INFO - Creating ORM DAG for sensor_dag
[2024-11-27T11:54:20.365-0500] {logging_mixin.py:190} INFO - [2024-11-27T11:54:20.364-0500] {dag.py:4180} INFO - Setting next_dagrun for sensor_dag to 2024-11-27 16:53:00+00:00, run_after=2024-11-27 16:54:00+00:00
[2024-11-27T11:54:20.485-0500] {processor.py:208} INFO - Processing /home/vanaprastha/airflow/dags/PART 3/Sensor/sensor_dag.py took 0.287 seconds
[2024-11-27T11:55:28.956-0500] {processor.py:186} INFO - Started process (PID=28630) to work on /home/vanaprastha/airflow/dags/PART 3/Sensor/sensor_dag.py
[2024-11-27T11:55:28.957-0500] {processor.py:914} INFO - Processing file /home/vanaprastha/airflow/dags/PART 3/Sensor/sensor_dag.py for tasks to queue
[2024-11-27T11:55:28.960-0500] {logging_mixin.py:190} INFO - [2024-11-27T11:55:28.959-0500] {dagbag.py:588} INFO - Filling up the DagBag from /home/vanaprastha/airflow/dags/PART 3/Sensor/sensor_dag.py
[2024-11-27T11:55:28.972-0500] {processor.py:925} INFO - DAG(s) 'sensor_dag' retrieved from /home/vanaprastha/airflow/dags/PART 3/Sensor/sensor_dag.py
[2024-11-27T11:55:28.993-0500] {logging_mixin.py:190} INFO - [2024-11-27T11:55:28.993-0500] {dag.py:3239} INFO - Sync 1 DAGs
[2024-11-27T11:55:29.014-0500] {logging_mixin.py:190} INFO - [2024-11-27T11:55:29.013-0500] {dag.py:4180} INFO - Setting next_dagrun for sensor_dag to 2024-11-27 16:54:00+00:00, run_after=2024-11-27 16:55:00+00:00
[2024-11-27T11:55:29.239-0500] {processor.py:208} INFO - Processing /home/vanaprastha/airflow/dags/PART 3/Sensor/sensor_dag.py took 0.287 seconds
[2024-11-27T11:56:17.363-0500] {processor.py:186} INFO - Started process (PID=29065) to work on /home/vanaprastha/airflow/dags/PART 3/Sensor/sensor_dag.py
[2024-11-27T11:56:17.364-0500] {processor.py:914} INFO - Processing file /home/vanaprastha/airflow/dags/PART 3/Sensor/sensor_dag.py for tasks to queue
[2024-11-27T11:56:17.365-0500] {logging_mixin.py:190} INFO - [2024-11-27T11:56:17.365-0500] {dagbag.py:588} INFO - Filling up the DagBag from /home/vanaprastha/airflow/dags/PART 3/Sensor/sensor_dag.py
[2024-11-27T11:56:17.370-0500] {processor.py:925} INFO - DAG(s) 'sensor_dag' retrieved from /home/vanaprastha/airflow/dags/PART 3/Sensor/sensor_dag.py
[2024-11-27T11:56:17.379-0500] {logging_mixin.py:190} INFO - [2024-11-27T11:56:17.379-0500] {dag.py:3239} INFO - Sync 1 DAGs
[2024-11-27T11:56:17.490-0500] {logging_mixin.py:190} INFO - [2024-11-27T11:56:17.490-0500] {dag.py:4180} INFO - Setting next_dagrun for sensor_dag to 2024-11-27 16:55:00+00:00, run_after=2024-11-27 16:56:00+00:00
[2024-11-27T11:56:17.527-0500] {processor.py:208} INFO - Processing /home/vanaprastha/airflow/dags/PART 3/Sensor/sensor_dag.py took 0.167 seconds
[2024-11-27T11:57:04.613-0500] {processor.py:186} INFO - Started process (PID=29155) to work on /home/vanaprastha/airflow/dags/PART 3/Sensor/sensor_dag.py
[2024-11-27T11:57:04.632-0500] {processor.py:914} INFO - Processing file /home/vanaprastha/airflow/dags/PART 3/Sensor/sensor_dag.py for tasks to queue
[2024-11-27T11:57:04.635-0500] {logging_mixin.py:190} INFO - [2024-11-27T11:57:04.634-0500] {dagbag.py:588} INFO - Filling up the DagBag from /home/vanaprastha/airflow/dags/PART 3/Sensor/sensor_dag.py
[2024-11-27T11:57:04.645-0500] {processor.py:925} INFO - DAG(s) 'sensor_dag' retrieved from /home/vanaprastha/airflow/dags/PART 3/Sensor/sensor_dag.py
[2024-11-27T11:57:04.654-0500] {logging_mixin.py:190} INFO - [2024-11-27T11:57:04.653-0500] {dag.py:3239} INFO - Sync 1 DAGs
[2024-11-27T11:57:04.665-0500] {logging_mixin.py:190} INFO - [2024-11-27T11:57:04.664-0500] {dag.py:4180} INFO - Setting next_dagrun for sensor_dag to 2024-11-27 16:56:00+00:00, run_after=2024-11-27 16:57:00+00:00
[2024-11-27T11:57:04.683-0500] {processor.py:208} INFO - Processing /home/vanaprastha/airflow/dags/PART 3/Sensor/sensor_dag.py took 0.075 seconds
[2024-11-27T11:57:45.341-0500] {processor.py:186} INFO - Started process (PID=29230) to work on /home/vanaprastha/airflow/dags/PART 3/Sensor/sensor_dag.py
[2024-11-27T11:57:45.360-0500] {processor.py:914} INFO - Processing file /home/vanaprastha/airflow/dags/PART 3/Sensor/sensor_dag.py for tasks to queue
[2024-11-27T11:57:45.363-0500] {logging_mixin.py:190} INFO - [2024-11-27T11:57:45.363-0500] {dagbag.py:588} INFO - Filling up the DagBag from /home/vanaprastha/airflow/dags/PART 3/Sensor/sensor_dag.py
[2024-11-27T11:57:45.372-0500] {processor.py:925} INFO - DAG(s) 'sensor_dag' retrieved from /home/vanaprastha/airflow/dags/PART 3/Sensor/sensor_dag.py
[2024-11-27T11:57:45.382-0500] {logging_mixin.py:190} INFO - [2024-11-27T11:57:45.382-0500] {dag.py:3239} INFO - Sync 1 DAGs
[2024-11-27T11:57:45.497-0500] {logging_mixin.py:190} INFO - [2024-11-27T11:57:45.496-0500] {dag.py:4180} INFO - Setting next_dagrun for sensor_dag to 2024-11-27 16:56:00+00:00, run_after=2024-11-27 16:57:00+00:00
[2024-11-27T11:57:45.535-0500] {processor.py:208} INFO - Processing /home/vanaprastha/airflow/dags/PART 3/Sensor/sensor_dag.py took 0.198 seconds
[2024-11-27T11:58:29.434-0500] {processor.py:186} INFO - Started process (PID=29278) to work on /home/vanaprastha/airflow/dags/PART 3/Sensor/sensor_dag.py
[2024-11-27T11:58:29.453-0500] {processor.py:914} INFO - Processing file /home/vanaprastha/airflow/dags/PART 3/Sensor/sensor_dag.py for tasks to queue
[2024-11-27T11:58:29.455-0500] {logging_mixin.py:190} INFO - [2024-11-27T11:58:29.455-0500] {dagbag.py:588} INFO - Filling up the DagBag from /home/vanaprastha/airflow/dags/PART 3/Sensor/sensor_dag.py
[2024-11-27T11:58:29.460-0500] {processor.py:925} INFO - DAG(s) 'sensor_dag' retrieved from /home/vanaprastha/airflow/dags/PART 3/Sensor/sensor_dag.py
[2024-11-27T11:58:29.470-0500] {logging_mixin.py:190} INFO - [2024-11-27T11:58:29.470-0500] {dag.py:3239} INFO - Sync 1 DAGs
[2024-11-27T11:58:29.481-0500] {logging_mixin.py:190} INFO - [2024-11-27T11:58:29.481-0500] {dag.py:4180} INFO - Setting next_dagrun for sensor_dag to 2024-11-27 16:57:00+00:00, run_after=2024-11-27 16:58:00+00:00
[2024-11-27T11:58:29.497-0500] {processor.py:208} INFO - Processing /home/vanaprastha/airflow/dags/PART 3/Sensor/sensor_dag.py took 0.073 seconds
[2024-11-27T11:59:13.444-0500] {processor.py:186} INFO - Started process (PID=29328) to work on /home/vanaprastha/airflow/dags/PART 3/Sensor/sensor_dag.py
[2024-11-27T11:59:13.463-0500] {processor.py:914} INFO - Processing file /home/vanaprastha/airflow/dags/PART 3/Sensor/sensor_dag.py for tasks to queue
[2024-11-27T11:59:13.465-0500] {logging_mixin.py:190} INFO - [2024-11-27T11:59:13.465-0500] {dagbag.py:588} INFO - Filling up the DagBag from /home/vanaprastha/airflow/dags/PART 3/Sensor/sensor_dag.py
[2024-11-27T11:59:13.476-0500] {processor.py:925} INFO - DAG(s) 'sensor_dag' retrieved from /home/vanaprastha/airflow/dags/PART 3/Sensor/sensor_dag.py
[2024-11-27T11:59:13.486-0500] {logging_mixin.py:190} INFO - [2024-11-27T11:59:13.485-0500] {dag.py:3239} INFO - Sync 1 DAGs
[2024-11-27T11:59:13.497-0500] {logging_mixin.py:190} INFO - [2024-11-27T11:59:13.497-0500] {dag.py:4180} INFO - Setting next_dagrun for sensor_dag to 2024-11-27 16:58:00+00:00, run_after=2024-11-27 16:59:00+00:00
[2024-11-27T11:59:13.513-0500] {processor.py:208} INFO - Processing /home/vanaprastha/airflow/dags/PART 3/Sensor/sensor_dag.py took 0.073 seconds
[2024-11-27T12:00:00.999-0500] {processor.py:186} INFO - Started process (PID=29384) to work on /home/vanaprastha/airflow/dags/PART 3/Sensor/sensor_dag.py
[2024-11-27T12:00:01.020-0500] {processor.py:914} INFO - Processing file /home/vanaprastha/airflow/dags/PART 3/Sensor/sensor_dag.py for tasks to queue
[2024-11-27T12:00:01.024-0500] {logging_mixin.py:190} INFO - [2024-11-27T12:00:01.024-0500] {dagbag.py:588} INFO - Filling up the DagBag from /home/vanaprastha/airflow/dags/PART 3/Sensor/sensor_dag.py
[2024-11-27T12:00:01.035-0500] {processor.py:925} INFO - DAG(s) 'sensor_dag' retrieved from /home/vanaprastha/airflow/dags/PART 3/Sensor/sensor_dag.py
[2024-11-27T12:00:01.050-0500] {logging_mixin.py:190} INFO - [2024-11-27T12:00:01.049-0500] {dag.py:3239} INFO - Sync 1 DAGs
[2024-11-27T12:00:01.070-0500] {logging_mixin.py:190} INFO - [2024-11-27T12:00:01.070-0500] {dag.py:4180} INFO - Setting next_dagrun for sensor_dag to 2024-11-27 16:59:00+00:00, run_after=2024-11-27 17:00:00+00:00
[2024-11-27T12:00:01.100-0500] {processor.py:208} INFO - Processing /home/vanaprastha/airflow/dags/PART 3/Sensor/sensor_dag.py took 0.111 seconds
[2024-11-27T12:00:48.019-0500] {processor.py:186} INFO - Started process (PID=29520) to work on /home/vanaprastha/airflow/dags/PART 3/Sensor/sensor_dag.py
[2024-11-27T12:00:48.037-0500] {processor.py:914} INFO - Processing file /home/vanaprastha/airflow/dags/PART 3/Sensor/sensor_dag.py for tasks to queue
[2024-11-27T12:00:48.039-0500] {logging_mixin.py:190} INFO - [2024-11-27T12:00:48.039-0500] {dagbag.py:588} INFO - Filling up the DagBag from /home/vanaprastha/airflow/dags/PART 3/Sensor/sensor_dag.py
[2024-11-27T12:00:48.048-0500] {processor.py:925} INFO - DAG(s) 'sensor_dag' retrieved from /home/vanaprastha/airflow/dags/PART 3/Sensor/sensor_dag.py
[2024-11-27T12:00:48.060-0500] {logging_mixin.py:190} INFO - [2024-11-27T12:00:48.060-0500] {dag.py:3239} INFO - Sync 1 DAGs
[2024-11-27T12:00:48.074-0500] {logging_mixin.py:190} INFO - [2024-11-27T12:00:48.074-0500] {dag.py:4180} INFO - Setting next_dagrun for sensor_dag to 2024-11-27 16:59:00+00:00, run_after=2024-11-27 17:00:00+00:00
[2024-11-27T12:00:48.093-0500] {processor.py:208} INFO - Processing /home/vanaprastha/airflow/dags/PART 3/Sensor/sensor_dag.py took 0.079 seconds
[2024-11-27T12:02:01.843-0500] {processor.py:186} INFO - Started process (PID=29634) to work on /home/vanaprastha/airflow/dags/PART 3/Sensor/sensor_dag.py
[2024-11-27T12:02:01.862-0500] {processor.py:914} INFO - Processing file /home/vanaprastha/airflow/dags/PART 3/Sensor/sensor_dag.py for tasks to queue
[2024-11-27T12:02:01.866-0500] {logging_mixin.py:190} INFO - [2024-11-27T12:02:01.865-0500] {dagbag.py:588} INFO - Filling up the DagBag from /home/vanaprastha/airflow/dags/PART 3/Sensor/sensor_dag.py
[2024-11-27T12:02:01.876-0500] {processor.py:925} INFO - DAG(s) 'sensor_dag' retrieved from /home/vanaprastha/airflow/dags/PART 3/Sensor/sensor_dag.py
[2024-11-27T12:02:01.886-0500] {logging_mixin.py:190} INFO - [2024-11-27T12:02:01.886-0500] {dag.py:3239} INFO - Sync 1 DAGs
[2024-11-27T12:02:01.896-0500] {logging_mixin.py:190} INFO - [2024-11-27T12:02:01.896-0500] {dag.py:4180} INFO - Setting next_dagrun for sensor_dag to 2024-11-27 17:01:00+00:00, run_after=2024-11-27 17:02:00+00:00
[2024-11-27T12:02:02.010-0500] {processor.py:208} INFO - Processing /home/vanaprastha/airflow/dags/PART 3/Sensor/sensor_dag.py took 0.174 seconds
[2024-11-27T12:02:52.690-0500] {processor.py:186} INFO - Started process (PID=29692) to work on /home/vanaprastha/airflow/dags/PART 3/Sensor/sensor_dag.py
[2024-11-27T12:02:52.709-0500] {processor.py:914} INFO - Processing file /home/vanaprastha/airflow/dags/PART 3/Sensor/sensor_dag.py for tasks to queue
[2024-11-27T12:02:52.711-0500] {logging_mixin.py:190} INFO - [2024-11-27T12:02:52.711-0500] {dagbag.py:588} INFO - Filling up the DagBag from /home/vanaprastha/airflow/dags/PART 3/Sensor/sensor_dag.py
[2024-11-27T12:02:52.717-0500] {processor.py:925} INFO - DAG(s) 'sensor_dag' retrieved from /home/vanaprastha/airflow/dags/PART 3/Sensor/sensor_dag.py
[2024-11-27T12:02:52.727-0500] {logging_mixin.py:190} INFO - [2024-11-27T12:02:52.727-0500] {dag.py:3239} INFO - Sync 1 DAGs
[2024-11-27T12:02:52.845-0500] {logging_mixin.py:190} INFO - [2024-11-27T12:02:52.845-0500] {dag.py:4180} INFO - Setting next_dagrun for sensor_dag to 2024-11-27 17:01:00+00:00, run_after=2024-11-27 17:02:00+00:00
[2024-11-27T12:02:52.880-0500] {processor.py:208} INFO - Processing /home/vanaprastha/airflow/dags/PART 3/Sensor/sensor_dag.py took 0.194 seconds
[2024-11-27T12:03:19.410-0500] {processor.py:186} INFO - Started process (PID=29799) to work on /home/vanaprastha/airflow/dags/PART 3/Sensor/sensor_dag.py
[2024-11-27T12:03:19.410-0500] {processor.py:914} INFO - Processing file /home/vanaprastha/airflow/dags/PART 3/Sensor/sensor_dag.py for tasks to queue
[2024-11-27T12:03:19.413-0500] {logging_mixin.py:190} INFO - [2024-11-27T12:03:19.413-0500] {dagbag.py:588} INFO - Filling up the DagBag from /home/vanaprastha/airflow/dags/PART 3/Sensor/sensor_dag.py
[2024-11-27T12:03:19.432-0500] {processor.py:925} INFO - DAG(s) 'sensor_dag' retrieved from /home/vanaprastha/airflow/dags/PART 3/Sensor/sensor_dag.py
[2024-11-27T12:03:19.451-0500] {logging_mixin.py:190} INFO - [2024-11-27T12:03:19.451-0500] {dag.py:3239} INFO - Sync 1 DAGs
[2024-11-27T12:03:19.467-0500] {logging_mixin.py:190} INFO - [2024-11-27T12:03:19.467-0500] {dag.py:4180} INFO - Setting next_dagrun for sensor_dag to 2024-11-27 17:02:00+00:00, run_after=2024-11-27 17:03:00+00:00
[2024-11-27T12:03:19.486-0500] {processor.py:208} INFO - Processing /home/vanaprastha/airflow/dags/PART 3/Sensor/sensor_dag.py took 0.085 seconds
[2024-11-27T12:04:36.190-0500] {processor.py:186} INFO - Started process (PID=30140) to work on /home/vanaprastha/airflow/dags/PART 3/Sensor/sensor_dag.py
[2024-11-27T12:04:36.209-0500] {processor.py:914} INFO - Processing file /home/vanaprastha/airflow/dags/PART 3/Sensor/sensor_dag.py for tasks to queue
[2024-11-27T12:04:36.212-0500] {logging_mixin.py:190} INFO - [2024-11-27T12:04:36.212-0500] {dagbag.py:588} INFO - Filling up the DagBag from /home/vanaprastha/airflow/dags/PART 3/Sensor/sensor_dag.py
[2024-11-27T12:04:36.221-0500] {processor.py:925} INFO - DAG(s) 'sensor_dag' retrieved from /home/vanaprastha/airflow/dags/PART 3/Sensor/sensor_dag.py
[2024-11-27T12:04:36.230-0500] {logging_mixin.py:190} INFO - [2024-11-27T12:04:36.230-0500] {dag.py:3239} INFO - Sync 1 DAGs
[2024-11-27T12:04:36.241-0500] {logging_mixin.py:190} INFO - [2024-11-27T12:04:36.241-0500] {dag.py:4180} INFO - Setting next_dagrun for sensor_dag to 2024-11-27 17:03:00+00:00, run_after=2024-11-27 17:04:00+00:00
[2024-11-27T12:04:36.404-0500] {processor.py:208} INFO - Processing /home/vanaprastha/airflow/dags/PART 3/Sensor/sensor_dag.py took 0.218 seconds
[2024-11-27T12:05:27.118-0500] {processor.py:186} INFO - Started process (PID=30908) to work on /home/vanaprastha/airflow/dags/PART 3/Sensor/sensor_dag.py
[2024-11-27T12:05:27.138-0500] {processor.py:914} INFO - Processing file /home/vanaprastha/airflow/dags/PART 3/Sensor/sensor_dag.py for tasks to queue
[2024-11-27T12:05:27.141-0500] {logging_mixin.py:190} INFO - [2024-11-27T12:05:27.141-0500] {dagbag.py:588} INFO - Filling up the DagBag from /home/vanaprastha/airflow/dags/PART 3/Sensor/sensor_dag.py
[2024-11-27T12:05:27.154-0500] {processor.py:925} INFO - DAG(s) 'sensor_dag' retrieved from /home/vanaprastha/airflow/dags/PART 3/Sensor/sensor_dag.py
[2024-11-27T12:05:27.166-0500] {logging_mixin.py:190} INFO - [2024-11-27T12:05:27.166-0500] {dag.py:3239} INFO - Sync 1 DAGs
[2024-11-27T12:05:27.277-0500] {logging_mixin.py:190} INFO - [2024-11-27T12:05:27.277-0500] {dag.py:4180} INFO - Setting next_dagrun for sensor_dag to 2024-11-27 17:04:00+00:00, run_after=2024-11-27 17:05:00+00:00
[2024-11-27T12:05:27.312-0500] {processor.py:208} INFO - Processing /home/vanaprastha/airflow/dags/PART 3/Sensor/sensor_dag.py took 0.201 seconds
[2024-11-27T12:06:17.064-0500] {processor.py:186} INFO - Started process (PID=31039) to work on /home/vanaprastha/airflow/dags/PART 3/Sensor/sensor_dag.py
[2024-11-27T12:06:17.083-0500] {processor.py:914} INFO - Processing file /home/vanaprastha/airflow/dags/PART 3/Sensor/sensor_dag.py for tasks to queue
[2024-11-27T12:06:17.087-0500] {logging_mixin.py:190} INFO - [2024-11-27T12:06:17.086-0500] {dagbag.py:588} INFO - Filling up the DagBag from /home/vanaprastha/airflow/dags/PART 3/Sensor/sensor_dag.py
[2024-11-27T12:06:17.096-0500] {processor.py:925} INFO - DAG(s) 'sensor_dag' retrieved from /home/vanaprastha/airflow/dags/PART 3/Sensor/sensor_dag.py
[2024-11-27T12:06:17.106-0500] {logging_mixin.py:190} INFO - [2024-11-27T12:06:17.106-0500] {dag.py:3239} INFO - Sync 1 DAGs
[2024-11-27T12:06:17.117-0500] {logging_mixin.py:190} INFO - [2024-11-27T12:06:17.116-0500] {dag.py:4180} INFO - Setting next_dagrun for sensor_dag to 2024-11-27 17:05:00+00:00, run_after=2024-11-27 17:06:00+00:00
[2024-11-27T12:06:17.229-0500] {processor.py:208} INFO - Processing /home/vanaprastha/airflow/dags/PART 3/Sensor/sensor_dag.py took 0.170 seconds
[2024-11-27T12:07:08.275-0500] {processor.py:186} INFO - Started process (PID=31620) to work on /home/vanaprastha/airflow/dags/PART 3/Sensor/sensor_dag.py
[2024-11-27T12:07:08.276-0500] {processor.py:914} INFO - Processing file /home/vanaprastha/airflow/dags/PART 3/Sensor/sensor_dag.py for tasks to queue
[2024-11-27T12:07:08.279-0500] {logging_mixin.py:190} INFO - [2024-11-27T12:07:08.278-0500] {dagbag.py:588} INFO - Filling up the DagBag from /home/vanaprastha/airflow/dags/PART 3/Sensor/sensor_dag.py
[2024-11-27T12:07:08.284-0500] {processor.py:925} INFO - DAG(s) 'sensor_dag' retrieved from /home/vanaprastha/airflow/dags/PART 3/Sensor/sensor_dag.py
[2024-11-27T12:07:08.292-0500] {logging_mixin.py:190} INFO - [2024-11-27T12:07:08.292-0500] {dag.py:3239} INFO - Sync 1 DAGs
[2024-11-27T12:07:08.399-0500] {logging_mixin.py:190} INFO - [2024-11-27T12:07:08.399-0500] {dag.py:4180} INFO - Setting next_dagrun for sensor_dag to 2024-11-27 17:06:00+00:00, run_after=2024-11-27 17:07:00+00:00
[2024-11-27T12:07:08.435-0500] {processor.py:208} INFO - Processing /home/vanaprastha/airflow/dags/PART 3/Sensor/sensor_dag.py took 0.165 seconds
[2024-11-27T12:08:00.186-0500] {processor.py:186} INFO - Started process (PID=31775) to work on /home/vanaprastha/airflow/dags/PART 3/Sensor/sensor_dag.py
[2024-11-27T12:08:00.205-0500] {processor.py:914} INFO - Processing file /home/vanaprastha/airflow/dags/PART 3/Sensor/sensor_dag.py for tasks to queue
[2024-11-27T12:08:00.209-0500] {logging_mixin.py:190} INFO - [2024-11-27T12:08:00.208-0500] {dagbag.py:588} INFO - Filling up the DagBag from /home/vanaprastha/airflow/dags/PART 3/Sensor/sensor_dag.py
[2024-11-27T12:08:00.217-0500] {processor.py:925} INFO - DAG(s) 'sensor_dag' retrieved from /home/vanaprastha/airflow/dags/PART 3/Sensor/sensor_dag.py
[2024-11-27T12:08:00.226-0500] {logging_mixin.py:190} INFO - [2024-11-27T12:08:00.226-0500] {dag.py:3239} INFO - Sync 1 DAGs
[2024-11-27T12:08:00.236-0500] {logging_mixin.py:190} INFO - [2024-11-27T12:08:00.236-0500] {dag.py:4180} INFO - Setting next_dagrun for sensor_dag to 2024-11-27 17:07:00+00:00, run_after=2024-11-27 17:08:00+00:00
[2024-11-27T12:08:00.253-0500] {processor.py:208} INFO - Processing /home/vanaprastha/airflow/dags/PART 3/Sensor/sensor_dag.py took 0.070 seconds
[2024-11-27T12:08:49.777-0500] {processor.py:186} INFO - Started process (PID=31858) to work on /home/vanaprastha/airflow/dags/PART 3/Sensor/sensor_dag.py
[2024-11-27T12:08:49.796-0500] {processor.py:914} INFO - Processing file /home/vanaprastha/airflow/dags/PART 3/Sensor/sensor_dag.py for tasks to queue
[2024-11-27T12:08:49.799-0500] {logging_mixin.py:190} INFO - [2024-11-27T12:08:49.799-0500] {dagbag.py:588} INFO - Filling up the DagBag from /home/vanaprastha/airflow/dags/PART 3/Sensor/sensor_dag.py
[2024-11-27T12:08:49.810-0500] {processor.py:925} INFO - DAG(s) 'sensor_dag' retrieved from /home/vanaprastha/airflow/dags/PART 3/Sensor/sensor_dag.py
[2024-11-27T12:08:49.819-0500] {logging_mixin.py:190} INFO - [2024-11-27T12:08:49.818-0500] {dag.py:3239} INFO - Sync 1 DAGs
[2024-11-27T12:08:49.830-0500] {logging_mixin.py:190} INFO - [2024-11-27T12:08:49.829-0500] {dag.py:4180} INFO - Setting next_dagrun for sensor_dag to 2024-11-27 17:07:00+00:00, run_after=2024-11-27 17:08:00+00:00
[2024-11-27T12:08:49.845-0500] {processor.py:208} INFO - Processing /home/vanaprastha/airflow/dags/PART 3/Sensor/sensor_dag.py took 0.074 seconds
[2024-11-27T12:09:37.595-0500] {processor.py:186} INFO - Started process (PID=31945) to work on /home/vanaprastha/airflow/dags/PART 3/Sensor/sensor_dag.py
[2024-11-27T12:09:37.596-0500] {processor.py:914} INFO - Processing file /home/vanaprastha/airflow/dags/PART 3/Sensor/sensor_dag.py for tasks to queue
[2024-11-27T12:09:37.599-0500] {logging_mixin.py:190} INFO - [2024-11-27T12:09:37.598-0500] {dagbag.py:588} INFO - Filling up the DagBag from /home/vanaprastha/airflow/dags/PART 3/Sensor/sensor_dag.py
[2024-11-27T12:09:37.605-0500] {processor.py:925} INFO - DAG(s) 'sensor_dag' retrieved from /home/vanaprastha/airflow/dags/PART 3/Sensor/sensor_dag.py
[2024-11-27T12:09:37.615-0500] {logging_mixin.py:190} INFO - [2024-11-27T12:09:37.615-0500] {dag.py:3239} INFO - Sync 1 DAGs
[2024-11-27T12:09:37.626-0500] {logging_mixin.py:190} INFO - [2024-11-27T12:09:37.626-0500] {dag.py:4180} INFO - Setting next_dagrun for sensor_dag to 2024-11-27 17:08:00+00:00, run_after=2024-11-27 17:09:00+00:00
[2024-11-27T12:09:37.645-0500] {processor.py:208} INFO - Processing /home/vanaprastha/airflow/dags/PART 3/Sensor/sensor_dag.py took 0.054 seconds
[2024-11-27T12:10:22.745-0500] {processor.py:186} INFO - Started process (PID=32035) to work on /home/vanaprastha/airflow/dags/PART 3/Sensor/sensor_dag.py
[2024-11-27T12:10:22.764-0500] {processor.py:914} INFO - Processing file /home/vanaprastha/airflow/dags/PART 3/Sensor/sensor_dag.py for tasks to queue
[2024-11-27T12:10:22.767-0500] {logging_mixin.py:190} INFO - [2024-11-27T12:10:22.767-0500] {dagbag.py:588} INFO - Filling up the DagBag from /home/vanaprastha/airflow/dags/PART 3/Sensor/sensor_dag.py
[2024-11-27T12:10:22.778-0500] {processor.py:925} INFO - DAG(s) 'sensor_dag' retrieved from /home/vanaprastha/airflow/dags/PART 3/Sensor/sensor_dag.py
[2024-11-27T12:10:22.787-0500] {logging_mixin.py:190} INFO - [2024-11-27T12:10:22.787-0500] {dag.py:3239} INFO - Sync 1 DAGs
[2024-11-27T12:10:22.798-0500] {logging_mixin.py:190} INFO - [2024-11-27T12:10:22.798-0500] {dag.py:4180} INFO - Setting next_dagrun for sensor_dag to 2024-11-27 17:09:00+00:00, run_after=2024-11-27 17:10:00+00:00
[2024-11-27T12:10:22.814-0500] {processor.py:208} INFO - Processing /home/vanaprastha/airflow/dags/PART 3/Sensor/sensor_dag.py took 0.075 seconds
[2024-11-27T12:11:07.477-0500] {processor.py:186} INFO - Started process (PID=32089) to work on /home/vanaprastha/airflow/dags/PART 3/Sensor/sensor_dag.py
[2024-11-27T12:11:07.496-0500] {processor.py:914} INFO - Processing file /home/vanaprastha/airflow/dags/PART 3/Sensor/sensor_dag.py for tasks to queue
[2024-11-27T12:11:07.500-0500] {logging_mixin.py:190} INFO - [2024-11-27T12:11:07.500-0500] {dagbag.py:588} INFO - Filling up the DagBag from /home/vanaprastha/airflow/dags/PART 3/Sensor/sensor_dag.py
[2024-11-27T12:11:07.510-0500] {processor.py:925} INFO - DAG(s) 'sensor_dag' retrieved from /home/vanaprastha/airflow/dags/PART 3/Sensor/sensor_dag.py
[2024-11-27T12:11:07.519-0500] {logging_mixin.py:190} INFO - [2024-11-27T12:11:07.519-0500] {dag.py:3239} INFO - Sync 1 DAGs
[2024-11-27T12:11:07.530-0500] {logging_mixin.py:190} INFO - [2024-11-27T12:11:07.530-0500] {dag.py:4180} INFO - Setting next_dagrun for sensor_dag to 2024-11-27 17:10:00+00:00, run_after=2024-11-27 17:11:00+00:00
[2024-11-27T12:11:07.547-0500] {processor.py:208} INFO - Processing /home/vanaprastha/airflow/dags/PART 3/Sensor/sensor_dag.py took 0.073 seconds
[2024-11-27T12:11:52.264-0500] {processor.py:186} INFO - Started process (PID=32183) to work on /home/vanaprastha/airflow/dags/PART 3/Sensor/sensor_dag.py
[2024-11-27T12:11:52.265-0500] {processor.py:914} INFO - Processing file /home/vanaprastha/airflow/dags/PART 3/Sensor/sensor_dag.py for tasks to queue
[2024-11-27T12:11:52.267-0500] {logging_mixin.py:190} INFO - [2024-11-27T12:11:52.266-0500] {dagbag.py:588} INFO - Filling up the DagBag from /home/vanaprastha/airflow/dags/PART 3/Sensor/sensor_dag.py
[2024-11-27T12:11:52.272-0500] {processor.py:925} INFO - DAG(s) 'sensor_dag' retrieved from /home/vanaprastha/airflow/dags/PART 3/Sensor/sensor_dag.py
[2024-11-27T12:11:52.280-0500] {logging_mixin.py:190} INFO - [2024-11-27T12:11:52.280-0500] {dag.py:3239} INFO - Sync 1 DAGs
[2024-11-27T12:11:52.293-0500] {logging_mixin.py:190} INFO - [2024-11-27T12:11:52.293-0500] {dag.py:4180} INFO - Setting next_dagrun for sensor_dag to 2024-11-27 17:10:00+00:00, run_after=2024-11-27 17:11:00+00:00
[2024-11-27T12:11:52.309-0500] {processor.py:208} INFO - Processing /home/vanaprastha/airflow/dags/PART 3/Sensor/sensor_dag.py took 0.049 seconds
[2024-11-27T12:12:36.766-0500] {processor.py:186} INFO - Started process (PID=32240) to work on /home/vanaprastha/airflow/dags/PART 3/Sensor/sensor_dag.py
[2024-11-27T12:12:36.785-0500] {processor.py:914} INFO - Processing file /home/vanaprastha/airflow/dags/PART 3/Sensor/sensor_dag.py for tasks to queue
[2024-11-27T12:12:36.788-0500] {logging_mixin.py:190} INFO - [2024-11-27T12:12:36.788-0500] {dagbag.py:588} INFO - Filling up the DagBag from /home/vanaprastha/airflow/dags/PART 3/Sensor/sensor_dag.py
[2024-11-27T12:12:36.798-0500] {processor.py:925} INFO - DAG(s) 'sensor_dag' retrieved from /home/vanaprastha/airflow/dags/PART 3/Sensor/sensor_dag.py
[2024-11-27T12:12:36.808-0500] {logging_mixin.py:190} INFO - [2024-11-27T12:12:36.807-0500] {dag.py:3239} INFO - Sync 1 DAGs
[2024-11-27T12:12:36.818-0500] {logging_mixin.py:190} INFO - [2024-11-27T12:12:36.818-0500] {dag.py:4180} INFO - Setting next_dagrun for sensor_dag to 2024-11-27 17:11:00+00:00, run_after=2024-11-27 17:12:00+00:00
[2024-11-27T12:12:36.833-0500] {processor.py:208} INFO - Processing /home/vanaprastha/airflow/dags/PART 3/Sensor/sensor_dag.py took 0.073 seconds
[2024-11-27T12:13:21.579-0500] {processor.py:186} INFO - Started process (PID=32294) to work on /home/vanaprastha/airflow/dags/PART 3/Sensor/sensor_dag.py
[2024-11-27T12:13:21.598-0500] {processor.py:914} INFO - Processing file /home/vanaprastha/airflow/dags/PART 3/Sensor/sensor_dag.py for tasks to queue
[2024-11-27T12:13:21.600-0500] {logging_mixin.py:190} INFO - [2024-11-27T12:13:21.599-0500] {dagbag.py:588} INFO - Filling up the DagBag from /home/vanaprastha/airflow/dags/PART 3/Sensor/sensor_dag.py
[2024-11-27T12:13:21.610-0500] {processor.py:925} INFO - DAG(s) 'sensor_dag' retrieved from /home/vanaprastha/airflow/dags/PART 3/Sensor/sensor_dag.py
[2024-11-27T12:13:21.622-0500] {logging_mixin.py:190} INFO - [2024-11-27T12:13:21.621-0500] {dag.py:3239} INFO - Sync 1 DAGs
[2024-11-27T12:13:21.633-0500] {logging_mixin.py:190} INFO - [2024-11-27T12:13:21.633-0500] {dag.py:4180} INFO - Setting next_dagrun for sensor_dag to 2024-11-27 17:12:00+00:00, run_after=2024-11-27 17:13:00+00:00
[2024-11-27T12:13:21.650-0500] {processor.py:208} INFO - Processing /home/vanaprastha/airflow/dags/PART 3/Sensor/sensor_dag.py took 0.081 seconds
[2024-11-27T12:13:53.201-0500] {processor.py:186} INFO - Started process (PID=32405) to work on /home/vanaprastha/airflow/dags/PART 3/Sensor/sensor_dag.py
[2024-11-27T12:13:53.219-0500] {processor.py:914} INFO - Processing file /home/vanaprastha/airflow/dags/PART 3/Sensor/sensor_dag.py for tasks to queue
[2024-11-27T12:13:53.222-0500] {logging_mixin.py:190} INFO - [2024-11-27T12:13:53.222-0500] {dagbag.py:588} INFO - Filling up the DagBag from /home/vanaprastha/airflow/dags/PART 3/Sensor/sensor_dag.py
[2024-11-27T12:13:53.230-0500] {processor.py:925} INFO - DAG(s) 'sensor_dag' retrieved from /home/vanaprastha/airflow/dags/PART 3/Sensor/sensor_dag.py
[2024-11-27T12:13:53.239-0500] {logging_mixin.py:190} INFO - [2024-11-27T12:13:53.239-0500] {dag.py:3239} INFO - Sync 1 DAGs
[2024-11-27T12:13:53.249-0500] {logging_mixin.py:190} INFO - [2024-11-27T12:13:53.249-0500] {dag.py:4180} INFO - Setting next_dagrun for sensor_dag to 2024-11-27 17:12:00+00:00, run_after=2024-11-27 17:13:00+00:00
[2024-11-27T12:13:53.266-0500] {processor.py:208} INFO - Processing /home/vanaprastha/airflow/dags/PART 3/Sensor/sensor_dag.py took 0.069 seconds
[2024-11-27T12:15:20.654-0500] {processor.py:186} INFO - Started process (PID=32545) to work on /home/vanaprastha/airflow/dags/PART 3/Sensor/sensor_dag.py
[2024-11-27T12:15:20.673-0500] {processor.py:914} INFO - Processing file /home/vanaprastha/airflow/dags/PART 3/Sensor/sensor_dag.py for tasks to queue
[2024-11-27T12:15:20.677-0500] {logging_mixin.py:190} INFO - [2024-11-27T12:15:20.677-0500] {dagbag.py:588} INFO - Filling up the DagBag from /home/vanaprastha/airflow/dags/PART 3/Sensor/sensor_dag.py
[2024-11-27T12:15:20.690-0500] {processor.py:925} INFO - DAG(s) 'sensor_dag' retrieved from /home/vanaprastha/airflow/dags/PART 3/Sensor/sensor_dag.py
[2024-11-27T12:15:20.708-0500] {logging_mixin.py:190} INFO - [2024-11-27T12:15:20.707-0500] {dag.py:3239} INFO - Sync 1 DAGs
[2024-11-27T12:15:20.818-0500] {logging_mixin.py:190} INFO - [2024-11-27T12:15:20.818-0500] {dag.py:4180} INFO - Setting next_dagrun for sensor_dag to 2024-11-27 17:14:00+00:00, run_after=2024-11-27 17:15:00+00:00
[2024-11-27T12:15:20.854-0500] {processor.py:208} INFO - Processing /home/vanaprastha/airflow/dags/PART 3/Sensor/sensor_dag.py took 0.208 seconds
[2024-11-27T12:16:26.147-0500] {processor.py:186} INFO - Started process (PID=32621) to work on /home/vanaprastha/airflow/dags/PART 3/Sensor/sensor_dag.py
[2024-11-27T12:16:26.166-0500] {processor.py:914} INFO - Processing file /home/vanaprastha/airflow/dags/PART 3/Sensor/sensor_dag.py for tasks to queue
[2024-11-27T12:16:26.167-0500] {logging_mixin.py:190} INFO - [2024-11-27T12:16:26.167-0500] {dagbag.py:588} INFO - Filling up the DagBag from /home/vanaprastha/airflow/dags/PART 3/Sensor/sensor_dag.py
[2024-11-27T12:16:26.174-0500] {processor.py:925} INFO - DAG(s) 'sensor_dag' retrieved from /home/vanaprastha/airflow/dags/PART 3/Sensor/sensor_dag.py
[2024-11-27T12:16:26.182-0500] {logging_mixin.py:190} INFO - [2024-11-27T12:16:26.182-0500] {dag.py:3239} INFO - Sync 1 DAGs
[2024-11-27T12:16:26.194-0500] {logging_mixin.py:190} INFO - [2024-11-27T12:16:26.194-0500] {dag.py:4180} INFO - Setting next_dagrun for sensor_dag to 2024-11-27 17:15:00+00:00, run_after=2024-11-27 17:16:00+00:00
[2024-11-27T12:16:26.210-0500] {processor.py:208} INFO - Processing /home/vanaprastha/airflow/dags/PART 3/Sensor/sensor_dag.py took 0.067 seconds
[2024-11-27T12:17:23.851-0500] {processor.py:186} INFO - Started process (PID=32700) to work on /home/vanaprastha/airflow/dags/PART 3/Sensor/sensor_dag.py
[2024-11-27T12:17:23.870-0500] {processor.py:914} INFO - Processing file /home/vanaprastha/airflow/dags/PART 3/Sensor/sensor_dag.py for tasks to queue
[2024-11-27T12:17:23.874-0500] {logging_mixin.py:190} INFO - [2024-11-27T12:17:23.873-0500] {dagbag.py:588} INFO - Filling up the DagBag from /home/vanaprastha/airflow/dags/PART 3/Sensor/sensor_dag.py
[2024-11-27T12:17:23.881-0500] {processor.py:925} INFO - DAG(s) 'sensor_dag' retrieved from /home/vanaprastha/airflow/dags/PART 3/Sensor/sensor_dag.py
[2024-11-27T12:17:23.890-0500] {logging_mixin.py:190} INFO - [2024-11-27T12:17:23.890-0500] {dag.py:3239} INFO - Sync 1 DAGs
[2024-11-27T12:17:23.995-0500] {logging_mixin.py:190} INFO - [2024-11-27T12:17:23.995-0500] {dag.py:4180} INFO - Setting next_dagrun for sensor_dag to 2024-11-27 17:16:00+00:00, run_after=2024-11-27 17:17:00+00:00
[2024-11-27T12:17:24.033-0500] {processor.py:208} INFO - Processing /home/vanaprastha/airflow/dags/PART 3/Sensor/sensor_dag.py took 0.186 seconds
[2024-11-27T12:17:51.309-0500] {processor.py:186} INFO - Started process (PID=32805) to work on /home/vanaprastha/airflow/dags/PART 3/Sensor/sensor_dag.py
[2024-11-27T12:17:51.309-0500] {processor.py:914} INFO - Processing file /home/vanaprastha/airflow/dags/PART 3/Sensor/sensor_dag.py for tasks to queue
[2024-11-27T12:17:51.311-0500] {logging_mixin.py:190} INFO - [2024-11-27T12:17:51.310-0500] {dagbag.py:588} INFO - Filling up the DagBag from /home/vanaprastha/airflow/dags/PART 3/Sensor/sensor_dag.py
[2024-11-27T12:17:51.315-0500] {processor.py:925} INFO - DAG(s) 'sensor_dag' retrieved from /home/vanaprastha/airflow/dags/PART 3/Sensor/sensor_dag.py
[2024-11-27T12:17:51.326-0500] {logging_mixin.py:190} INFO - [2024-11-27T12:17:51.325-0500] {dag.py:3239} INFO - Sync 1 DAGs
[2024-11-27T12:17:51.338-0500] {logging_mixin.py:190} INFO - [2024-11-27T12:17:51.338-0500] {dag.py:4180} INFO - Setting next_dagrun for sensor_dag to 2024-11-27 17:16:00+00:00, run_after=2024-11-27 17:17:00+00:00
[2024-11-27T12:17:51.363-0500] {processor.py:208} INFO - Processing /home/vanaprastha/airflow/dags/PART 3/Sensor/sensor_dag.py took 0.057 seconds
[2024-11-27T12:19:26.710-0500] {processor.py:186} INFO - Started process (PID=32967) to work on /home/vanaprastha/airflow/dags/PART 3/Sensor/sensor_dag.py
[2024-11-27T12:19:26.729-0500] {processor.py:914} INFO - Processing file /home/vanaprastha/airflow/dags/PART 3/Sensor/sensor_dag.py for tasks to queue
[2024-11-27T12:19:26.730-0500] {logging_mixin.py:190} INFO - [2024-11-27T12:19:26.730-0500] {dagbag.py:588} INFO - Filling up the DagBag from /home/vanaprastha/airflow/dags/PART 3/Sensor/sensor_dag.py
[2024-11-27T12:19:26.738-0500] {processor.py:925} INFO - DAG(s) 'sensor_dag' retrieved from /home/vanaprastha/airflow/dags/PART 3/Sensor/sensor_dag.py
[2024-11-27T12:19:26.749-0500] {logging_mixin.py:190} INFO - [2024-11-27T12:19:26.749-0500] {dag.py:3239} INFO - Sync 1 DAGs
[2024-11-27T12:19:26.915-0500] {logging_mixin.py:190} INFO - [2024-11-27T12:19:26.915-0500] {dag.py:4180} INFO - Setting next_dagrun for sensor_dag to 2024-11-27 17:18:00+00:00, run_after=2024-11-27 17:19:00+00:00
[2024-11-27T12:19:26.955-0500] {processor.py:208} INFO - Processing /home/vanaprastha/airflow/dags/PART 3/Sensor/sensor_dag.py took 0.248 seconds
[2024-11-27T12:20:38.195-0500] {processor.py:186} INFO - Started process (PID=33051) to work on /home/vanaprastha/airflow/dags/PART 3/Sensor/sensor_dag.py
[2024-11-27T12:20:38.195-0500] {processor.py:914} INFO - Processing file /home/vanaprastha/airflow/dags/PART 3/Sensor/sensor_dag.py for tasks to queue
[2024-11-27T12:20:38.198-0500] {logging_mixin.py:190} INFO - [2024-11-27T12:20:38.197-0500] {dagbag.py:588} INFO - Filling up the DagBag from /home/vanaprastha/airflow/dags/PART 3/Sensor/sensor_dag.py
[2024-11-27T12:20:38.203-0500] {processor.py:925} INFO - DAG(s) 'sensor_dag' retrieved from /home/vanaprastha/airflow/dags/PART 3/Sensor/sensor_dag.py
[2024-11-27T12:20:38.213-0500] {logging_mixin.py:190} INFO - [2024-11-27T12:20:38.212-0500] {dag.py:3239} INFO - Sync 1 DAGs
[2024-11-27T12:20:38.224-0500] {logging_mixin.py:190} INFO - [2024-11-27T12:20:38.224-0500] {dag.py:4180} INFO - Setting next_dagrun for sensor_dag to 2024-11-27 17:19:00+00:00, run_after=2024-11-27 17:20:00+00:00
[2024-11-27T12:20:38.241-0500] {processor.py:208} INFO - Processing /home/vanaprastha/airflow/dags/PART 3/Sensor/sensor_dag.py took 0.052 seconds
