[2024-11-27T11:47:50.686-0500] {processor.py:186} INFO - Started process (PID=27743) to work on /home/vanaprastha/airflow/dags/PART 3/Sensor/sensor_file.py
[2024-11-27T11:47:50.686-0500] {processor.py:914} INFO - Processing file /home/vanaprastha/airflow/dags/PART 3/Sensor/sensor_file.py for tasks to queue
[2024-11-27T11:47:50.688-0500] {logging_mixin.py:190} INFO - [2024-11-27T11:47:50.688-0500] {dagbag.py:588} INFO - Filling up the DagBag from /home/vanaprastha/airflow/dags/PART 3/Sensor/sensor_file.py
[2024-11-27T11:47:50.691-0500] {logging_mixin.py:190} INFO - [2024-11-27T11:47:50.689-0500] {dagbag.py:387} ERROR - Failed to import: /home/vanaprastha/airflow/dags/PART 3/Sensor/sensor_file.py
Traceback (most recent call last):
  File "/home/vanaprastha/anaconda3/lib/python3.12/site-packages/airflow/models/dagbag.py", line 383, in parse
    loader.exec_module(new_module)
  File "<frozen importlib._bootstrap_external>", line 995, in exec_module
  File "<frozen importlib._bootstrap>", line 488, in _call_with_frames_removed
  File "/home/vanaprastha/airflow/dags/PART 3/Sensor/sensor_file.py", line 6, in <module>
    @dag(schedule_interval=timedelta(minutes=1), start_date=datetime(2024, 8, 1), catchup=False)
                                                            ^^^^^^^^
NameError: name 'datetime' is not defined. Did you forget to import 'datetime'
[2024-11-27T11:47:50.692-0500] {processor.py:927} WARNING - No viable dags retrieved from /home/vanaprastha/airflow/dags/PART 3/Sensor/sensor_file.py
[2024-11-27T11:47:50.706-0500] {processor.py:208} INFO - Processing /home/vanaprastha/airflow/dags/PART 3/Sensor/sensor_file.py took 0.023 seconds
[2024-11-27T11:49:32.284-0500] {processor.py:186} INFO - Started process (PID=27924) to work on /home/vanaprastha/airflow/dags/PART 3/Sensor/sensor_file.py
[2024-11-27T11:49:32.285-0500] {processor.py:914} INFO - Processing file /home/vanaprastha/airflow/dags/PART 3/Sensor/sensor_file.py for tasks to queue
[2024-11-27T11:49:32.286-0500] {logging_mixin.py:190} INFO - [2024-11-27T11:49:32.286-0500] {dagbag.py:588} INFO - Filling up the DagBag from /home/vanaprastha/airflow/dags/PART 3/Sensor/sensor_file.py
[2024-11-27T11:49:32.289-0500] {logging_mixin.py:190} INFO - [2024-11-27T11:49:32.288-0500] {dagbag.py:387} ERROR - Failed to import: /home/vanaprastha/airflow/dags/PART 3/Sensor/sensor_file.py
Traceback (most recent call last):
  File "/home/vanaprastha/anaconda3/lib/python3.12/site-packages/airflow/models/dagbag.py", line 383, in parse
    loader.exec_module(new_module)
  File "<frozen importlib._bootstrap_external>", line 995, in exec_module
  File "<frozen importlib._bootstrap>", line 488, in _call_with_frames_removed
  File "/home/vanaprastha/airflow/dags/PART 3/Sensor/sensor_file.py", line 6, in <module>
    @dag(schedule_interval=timedelta(minutes=1), start_date=datetime(2024, 8, 1), catchup=False)
                                                            ^^^^^^^^
NameError: name 'datetime' is not defined. Did you forget to import 'datetime'
[2024-11-27T11:49:32.290-0500] {processor.py:927} WARNING - No viable dags retrieved from /home/vanaprastha/airflow/dags/PART 3/Sensor/sensor_file.py
[2024-11-27T11:49:32.306-0500] {processor.py:208} INFO - Processing /home/vanaprastha/airflow/dags/PART 3/Sensor/sensor_file.py took 0.024 seconds
[2024-11-27T11:50:46.053-0500] {processor.py:186} INFO - Started process (PID=28008) to work on /home/vanaprastha/airflow/dags/PART 3/Sensor/sensor_file.py
[2024-11-27T11:50:46.072-0500] {processor.py:914} INFO - Processing file /home/vanaprastha/airflow/dags/PART 3/Sensor/sensor_file.py for tasks to queue
[2024-11-27T11:50:46.075-0500] {logging_mixin.py:190} INFO - [2024-11-27T11:50:46.075-0500] {dagbag.py:588} INFO - Filling up the DagBag from /home/vanaprastha/airflow/dags/PART 3/Sensor/sensor_file.py
[2024-11-27T11:50:46.082-0500] {logging_mixin.py:190} INFO - [2024-11-27T11:50:46.078-0500] {dagbag.py:387} ERROR - Failed to import: /home/vanaprastha/airflow/dags/PART 3/Sensor/sensor_file.py
Traceback (most recent call last):
  File "/home/vanaprastha/anaconda3/lib/python3.12/site-packages/airflow/models/dagbag.py", line 383, in parse
    loader.exec_module(new_module)
  File "<frozen importlib._bootstrap_external>", line 995, in exec_module
  File "<frozen importlib._bootstrap>", line 488, in _call_with_frames_removed
  File "/home/vanaprastha/airflow/dags/PART 3/Sensor/sensor_file.py", line 6, in <module>
    @dag(schedule_interval=timedelta(minutes=1), start_date=datetime(2024, 8, 1), catchup=False)
                                                            ^^^^^^^^
NameError: name 'datetime' is not defined. Did you forget to import 'datetime'
[2024-11-27T11:50:46.084-0500] {processor.py:927} WARNING - No viable dags retrieved from /home/vanaprastha/airflow/dags/PART 3/Sensor/sensor_file.py
[2024-11-27T11:50:46.099-0500] {processor.py:208} INFO - Processing /home/vanaprastha/airflow/dags/PART 3/Sensor/sensor_file.py took 0.050 seconds
[2024-11-27T11:51:15.819-0500] {processor.py:186} INFO - Started process (PID=28048) to work on /home/vanaprastha/airflow/dags/PART 3/Sensor/sensor_file.py
[2024-11-27T11:51:15.820-0500] {processor.py:914} INFO - Processing file /home/vanaprastha/airflow/dags/PART 3/Sensor/sensor_file.py for tasks to queue
[2024-11-27T11:51:15.821-0500] {logging_mixin.py:190} INFO - [2024-11-27T11:51:15.821-0500] {dagbag.py:588} INFO - Filling up the DagBag from /home/vanaprastha/airflow/dags/PART 3/Sensor/sensor_file.py
[2024-11-27T11:51:15.824-0500] {logging_mixin.py:190} INFO - [2024-11-27T11:51:15.822-0500] {dagbag.py:387} ERROR - Failed to import: /home/vanaprastha/airflow/dags/PART 3/Sensor/sensor_file.py
Traceback (most recent call last):
  File "/home/vanaprastha/anaconda3/lib/python3.12/site-packages/airflow/models/dagbag.py", line 383, in parse
    loader.exec_module(new_module)
  File "<frozen importlib._bootstrap_external>", line 995, in exec_module
  File "<frozen importlib._bootstrap>", line 488, in _call_with_frames_removed
  File "/home/vanaprastha/airflow/dags/PART 3/Sensor/sensor_file.py", line 6, in <module>
    @dag(schedule_interval=timedelta(minutes=1), start_date=datetime(2024, 8, 1), catchup=False)
                                                            ^^^^^^^^
NameError: name 'datetime' is not defined. Did you forget to import 'datetime'
[2024-11-27T11:51:15.826-0500] {processor.py:927} WARNING - No viable dags retrieved from /home/vanaprastha/airflow/dags/PART 3/Sensor/sensor_file.py
[2024-11-27T11:51:15.840-0500] {processor.py:208} INFO - Processing /home/vanaprastha/airflow/dags/PART 3/Sensor/sensor_file.py took 0.023 seconds
[2024-11-27T11:52:26.311-0500] {processor.py:186} INFO - Started process (PID=28204) to work on /home/vanaprastha/airflow/dags/PART 3/Sensor/sensor_file.py
[2024-11-27T11:52:26.330-0500] {processor.py:914} INFO - Processing file /home/vanaprastha/airflow/dags/PART 3/Sensor/sensor_file.py for tasks to queue
[2024-11-27T11:52:26.333-0500] {logging_mixin.py:190} INFO - [2024-11-27T11:52:26.332-0500] {dagbag.py:588} INFO - Filling up the DagBag from /home/vanaprastha/airflow/dags/PART 3/Sensor/sensor_file.py
[2024-11-27T11:52:26.340-0500] {logging_mixin.py:190} INFO - [2024-11-27T11:52:26.336-0500] {dagbag.py:387} ERROR - Failed to import: /home/vanaprastha/airflow/dags/PART 3/Sensor/sensor_file.py
Traceback (most recent call last):
  File "/home/vanaprastha/anaconda3/lib/python3.12/site-packages/airflow/models/dagbag.py", line 383, in parse
    loader.exec_module(new_module)
  File "<frozen importlib._bootstrap_external>", line 995, in exec_module
  File "<frozen importlib._bootstrap>", line 488, in _call_with_frames_removed
  File "/home/vanaprastha/airflow/dags/PART 3/Sensor/sensor_file.py", line 6, in <module>
    @dag(schedule_interval=timedelta(minutes=1), start_date=datetime(2024, 8, 1), catchup=False)
                                                            ^^^^^^^^
NameError: name 'datetime' is not defined. Did you forget to import 'datetime'
[2024-11-27T11:52:26.342-0500] {processor.py:927} WARNING - No viable dags retrieved from /home/vanaprastha/airflow/dags/PART 3/Sensor/sensor_file.py
[2024-11-27T11:52:26.358-0500] {processor.py:208} INFO - Processing /home/vanaprastha/airflow/dags/PART 3/Sensor/sensor_file.py took 0.051 seconds
[2024-11-27T11:53:09.648-0500] {processor.py:186} INFO - Started process (PID=28281) to work on /home/vanaprastha/airflow/dags/PART 3/Sensor/sensor_file.py
[2024-11-27T11:53:09.667-0500] {processor.py:914} INFO - Processing file /home/vanaprastha/airflow/dags/PART 3/Sensor/sensor_file.py for tasks to queue
[2024-11-27T11:53:09.670-0500] {logging_mixin.py:190} INFO - [2024-11-27T11:53:09.670-0500] {dagbag.py:588} INFO - Filling up the DagBag from /home/vanaprastha/airflow/dags/PART 3/Sensor/sensor_file.py
[2024-11-27T11:53:09.694-0500] {processor.py:925} INFO - DAG(s) 'sensor_file' retrieved from /home/vanaprastha/airflow/dags/PART 3/Sensor/sensor_file.py
[2024-11-27T11:53:10.312-0500] {logging_mixin.py:190} INFO - [2024-11-27T11:53:10.311-0500] {override.py:1911} INFO - Created Permission View: can read on DAG:sensor_file
[2024-11-27T11:53:10.348-0500] {logging_mixin.py:190} INFO - [2024-11-27T11:53:10.347-0500] {override.py:1911} INFO - Created Permission View: can edit on DAG:sensor_file
[2024-11-27T11:53:10.378-0500] {logging_mixin.py:190} INFO - [2024-11-27T11:53:10.377-0500] {override.py:1911} INFO - Created Permission View: can delete on DAG:sensor_file
[2024-11-27T11:53:10.408-0500] {logging_mixin.py:190} INFO - [2024-11-27T11:53:10.408-0500] {override.py:1911} INFO - Created Permission View: can read on DAG Run:sensor_file
[2024-11-27T11:53:10.427-0500] {logging_mixin.py:190} INFO - [2024-11-27T11:53:10.426-0500] {override.py:1911} INFO - Created Permission View: can create on DAG Run:sensor_file
[2024-11-27T11:53:10.440-0500] {logging_mixin.py:190} INFO - [2024-11-27T11:53:10.440-0500] {override.py:1911} INFO - Created Permission View: can delete on DAG Run:sensor_file
[2024-11-27T11:53:10.462-0500] {logging_mixin.py:190} INFO - [2024-11-27T11:53:10.461-0500] {override.py:1911} INFO - Created Permission View: menu access on DAG Run:sensor_file
[2024-11-27T11:53:10.463-0500] {logging_mixin.py:190} INFO - [2024-11-27T11:53:10.463-0500] {dag.py:3239} INFO - Sync 1 DAGs
[2024-11-27T11:53:10.495-0500] {logging_mixin.py:190} INFO - [2024-11-27T11:53:10.494-0500] {dag.py:3262} INFO - Creating ORM DAG for sensor_file
[2024-11-27T11:53:10.520-0500] {logging_mixin.py:190} INFO - [2024-11-27T11:53:10.520-0500] {dag.py:4180} INFO - Setting next_dagrun for sensor_file to 2024-11-27 16:52:00+00:00, run_after=2024-11-27 16:53:00+00:00
[2024-11-27T11:53:10.567-0500] {processor.py:208} INFO - Processing /home/vanaprastha/airflow/dags/PART 3/Sensor/sensor_file.py took 0.930 seconds
[2024-11-27T11:53:16.048-0500] {processor.py:186} INFO - Started process (PID=28295) to work on /home/vanaprastha/airflow/dags/PART 3/Sensor/sensor_file.py
[2024-11-27T11:53:16.048-0500] {processor.py:914} INFO - Processing file /home/vanaprastha/airflow/dags/PART 3/Sensor/sensor_file.py for tasks to queue
[2024-11-27T11:53:16.050-0500] {logging_mixin.py:190} INFO - [2024-11-27T11:53:16.049-0500] {dagbag.py:588} INFO - Filling up the DagBag from /home/vanaprastha/airflow/dags/PART 3/Sensor/sensor_file.py
[2024-11-27T11:53:16.054-0500] {processor.py:925} INFO - DAG(s) 'sensor_file' retrieved from /home/vanaprastha/airflow/dags/PART 3/Sensor/sensor_file.py
[2024-11-27T11:53:16.059-0500] {logging_mixin.py:190} INFO - [2024-11-27T11:53:16.058-0500] {dag.py:3239} INFO - Sync 1 DAGs
[2024-11-27T11:53:16.074-0500] {logging_mixin.py:190} INFO - [2024-11-27T11:53:16.074-0500] {dag.py:4180} INFO - Setting next_dagrun for sensor_file to 2024-11-27 16:52:00+00:00, run_after=2024-11-27 16:53:00+00:00
[2024-11-27T11:53:16.092-0500] {processor.py:208} INFO - Processing /home/vanaprastha/airflow/dags/PART 3/Sensor/sensor_file.py took 0.048 seconds
[2024-11-27T11:54:21.557-0500] {processor.py:186} INFO - Started process (PID=28375) to work on /home/vanaprastha/airflow/dags/PART 3/Sensor/sensor_file.py
[2024-11-27T11:54:21.576-0500] {processor.py:914} INFO - Processing file /home/vanaprastha/airflow/dags/PART 3/Sensor/sensor_file.py for tasks to queue
[2024-11-27T11:54:21.577-0500] {logging_mixin.py:190} INFO - [2024-11-27T11:54:21.577-0500] {dagbag.py:588} INFO - Filling up the DagBag from /home/vanaprastha/airflow/dags/PART 3/Sensor/sensor_file.py
[2024-11-27T11:54:21.582-0500] {processor.py:925} INFO - DAG(s) 'sensor_file' retrieved from /home/vanaprastha/airflow/dags/PART 3/Sensor/sensor_file.py
[2024-11-27T11:54:21.591-0500] {logging_mixin.py:190} INFO - [2024-11-27T11:54:21.591-0500] {dag.py:3239} INFO - Sync 1 DAGs
[2024-11-27T11:54:21.604-0500] {logging_mixin.py:190} INFO - [2024-11-27T11:54:21.603-0500] {dag.py:4180} INFO - Setting next_dagrun for sensor_file to 2024-11-27 16:53:00+00:00, run_after=2024-11-27 16:54:00+00:00
[2024-11-27T11:54:21.624-0500] {processor.py:208} INFO - Processing /home/vanaprastha/airflow/dags/PART 3/Sensor/sensor_file.py took 0.070 seconds
[2024-11-27T11:55:30.303-0500] {processor.py:186} INFO - Started process (PID=28661) to work on /home/vanaprastha/airflow/dags/PART 3/Sensor/sensor_file.py
[2024-11-27T11:55:30.304-0500] {processor.py:914} INFO - Processing file /home/vanaprastha/airflow/dags/PART 3/Sensor/sensor_file.py for tasks to queue
[2024-11-27T11:55:30.306-0500] {logging_mixin.py:190} INFO - [2024-11-27T11:55:30.306-0500] {dagbag.py:588} INFO - Filling up the DagBag from /home/vanaprastha/airflow/dags/PART 3/Sensor/sensor_file.py
[2024-11-27T11:55:30.312-0500] {processor.py:925} INFO - DAG(s) 'sensor_file' retrieved from /home/vanaprastha/airflow/dags/PART 3/Sensor/sensor_file.py
[2024-11-27T11:55:30.322-0500] {logging_mixin.py:190} INFO - [2024-11-27T11:55:30.322-0500] {dag.py:3239} INFO - Sync 1 DAGs
[2024-11-27T11:55:30.341-0500] {logging_mixin.py:190} INFO - [2024-11-27T11:55:30.341-0500] {dag.py:4180} INFO - Setting next_dagrun for sensor_file to 2024-11-27 16:54:00+00:00, run_after=2024-11-27 16:55:00+00:00
[2024-11-27T11:55:30.534-0500] {processor.py:208} INFO - Processing /home/vanaprastha/airflow/dags/PART 3/Sensor/sensor_file.py took 0.236 seconds
[2024-11-27T11:56:18.637-0500] {processor.py:186} INFO - Started process (PID=29066) to work on /home/vanaprastha/airflow/dags/PART 3/Sensor/sensor_file.py
[2024-11-27T11:56:18.638-0500] {processor.py:914} INFO - Processing file /home/vanaprastha/airflow/dags/PART 3/Sensor/sensor_file.py for tasks to queue
[2024-11-27T11:56:18.640-0500] {logging_mixin.py:190} INFO - [2024-11-27T11:56:18.639-0500] {dagbag.py:588} INFO - Filling up the DagBag from /home/vanaprastha/airflow/dags/PART 3/Sensor/sensor_file.py
[2024-11-27T11:56:18.644-0500] {processor.py:925} INFO - DAG(s) 'sensor_file' retrieved from /home/vanaprastha/airflow/dags/PART 3/Sensor/sensor_file.py
[2024-11-27T11:56:18.652-0500] {logging_mixin.py:190} INFO - [2024-11-27T11:56:18.652-0500] {dag.py:3239} INFO - Sync 1 DAGs
[2024-11-27T11:56:18.762-0500] {logging_mixin.py:190} INFO - [2024-11-27T11:56:18.762-0500] {dag.py:4180} INFO - Setting next_dagrun for sensor_file to 2024-11-27 16:55:00+00:00, run_after=2024-11-27 16:56:00+00:00
[2024-11-27T11:56:18.799-0500] {processor.py:208} INFO - Processing /home/vanaprastha/airflow/dags/PART 3/Sensor/sensor_file.py took 0.168 seconds
[2024-11-27T11:57:05.750-0500] {processor.py:186} INFO - Started process (PID=29156) to work on /home/vanaprastha/airflow/dags/PART 3/Sensor/sensor_file.py
[2024-11-27T11:57:05.751-0500] {processor.py:914} INFO - Processing file /home/vanaprastha/airflow/dags/PART 3/Sensor/sensor_file.py for tasks to queue
[2024-11-27T11:57:05.753-0500] {logging_mixin.py:190} INFO - [2024-11-27T11:57:05.753-0500] {dagbag.py:588} INFO - Filling up the DagBag from /home/vanaprastha/airflow/dags/PART 3/Sensor/sensor_file.py
[2024-11-27T11:57:05.759-0500] {processor.py:925} INFO - DAG(s) 'sensor_file' retrieved from /home/vanaprastha/airflow/dags/PART 3/Sensor/sensor_file.py
[2024-11-27T11:57:05.767-0500] {logging_mixin.py:190} INFO - [2024-11-27T11:57:05.767-0500] {dag.py:3239} INFO - Sync 1 DAGs
[2024-11-27T11:57:05.779-0500] {logging_mixin.py:190} INFO - [2024-11-27T11:57:05.778-0500] {dag.py:4180} INFO - Setting next_dagrun for sensor_file to 2024-11-27 16:56:00+00:00, run_after=2024-11-27 16:57:00+00:00
[2024-11-27T11:57:05.795-0500] {processor.py:208} INFO - Processing /home/vanaprastha/airflow/dags/PART 3/Sensor/sensor_file.py took 0.050 seconds
[2024-11-27T11:57:46.691-0500] {processor.py:186} INFO - Started process (PID=29231) to work on /home/vanaprastha/airflow/dags/PART 3/Sensor/sensor_file.py
[2024-11-27T11:57:46.710-0500] {processor.py:914} INFO - Processing file /home/vanaprastha/airflow/dags/PART 3/Sensor/sensor_file.py for tasks to queue
[2024-11-27T11:57:46.713-0500] {logging_mixin.py:190} INFO - [2024-11-27T11:57:46.712-0500] {dagbag.py:588} INFO - Filling up the DagBag from /home/vanaprastha/airflow/dags/PART 3/Sensor/sensor_file.py
[2024-11-27T11:57:46.723-0500] {processor.py:925} INFO - DAG(s) 'sensor_file' retrieved from /home/vanaprastha/airflow/dags/PART 3/Sensor/sensor_file.py
[2024-11-27T11:57:46.733-0500] {logging_mixin.py:190} INFO - [2024-11-27T11:57:46.733-0500] {dag.py:3239} INFO - Sync 1 DAGs
[2024-11-27T11:57:46.841-0500] {logging_mixin.py:190} INFO - [2024-11-27T11:57:46.841-0500] {dag.py:4180} INFO - Setting next_dagrun for sensor_file to 2024-11-27 16:56:00+00:00, run_after=2024-11-27 16:57:00+00:00
[2024-11-27T11:57:46.879-0500] {processor.py:208} INFO - Processing /home/vanaprastha/airflow/dags/PART 3/Sensor/sensor_file.py took 0.193 seconds
[2024-11-27T11:58:30.574-0500] {processor.py:186} INFO - Started process (PID=29279) to work on /home/vanaprastha/airflow/dags/PART 3/Sensor/sensor_file.py
[2024-11-27T11:58:30.593-0500] {processor.py:914} INFO - Processing file /home/vanaprastha/airflow/dags/PART 3/Sensor/sensor_file.py for tasks to queue
[2024-11-27T11:58:30.596-0500] {logging_mixin.py:190} INFO - [2024-11-27T11:58:30.596-0500] {dagbag.py:588} INFO - Filling up the DagBag from /home/vanaprastha/airflow/dags/PART 3/Sensor/sensor_file.py
[2024-11-27T11:58:30.607-0500] {processor.py:925} INFO - DAG(s) 'sensor_file' retrieved from /home/vanaprastha/airflow/dags/PART 3/Sensor/sensor_file.py
[2024-11-27T11:58:30.615-0500] {logging_mixin.py:190} INFO - [2024-11-27T11:58:30.615-0500] {dag.py:3239} INFO - Sync 1 DAGs
[2024-11-27T11:58:30.626-0500] {logging_mixin.py:190} INFO - [2024-11-27T11:58:30.626-0500] {dag.py:4180} INFO - Setting next_dagrun for sensor_file to 2024-11-27 16:57:00+00:00, run_after=2024-11-27 16:58:00+00:00
[2024-11-27T11:58:30.642-0500] {processor.py:208} INFO - Processing /home/vanaprastha/airflow/dags/PART 3/Sensor/sensor_file.py took 0.073 seconds
[2024-11-27T11:59:14.591-0500] {processor.py:186} INFO - Started process (PID=29329) to work on /home/vanaprastha/airflow/dags/PART 3/Sensor/sensor_file.py
[2024-11-27T11:59:14.610-0500] {processor.py:914} INFO - Processing file /home/vanaprastha/airflow/dags/PART 3/Sensor/sensor_file.py for tasks to queue
[2024-11-27T11:59:14.613-0500] {logging_mixin.py:190} INFO - [2024-11-27T11:59:14.613-0500] {dagbag.py:588} INFO - Filling up the DagBag from /home/vanaprastha/airflow/dags/PART 3/Sensor/sensor_file.py
[2024-11-27T11:59:14.621-0500] {processor.py:925} INFO - DAG(s) 'sensor_file' retrieved from /home/vanaprastha/airflow/dags/PART 3/Sensor/sensor_file.py
[2024-11-27T11:59:14.630-0500] {logging_mixin.py:190} INFO - [2024-11-27T11:59:14.630-0500] {dag.py:3239} INFO - Sync 1 DAGs
[2024-11-27T11:59:14.642-0500] {logging_mixin.py:190} INFO - [2024-11-27T11:59:14.642-0500] {dag.py:4180} INFO - Setting next_dagrun for sensor_file to 2024-11-27 16:58:00+00:00, run_after=2024-11-27 16:59:00+00:00
[2024-11-27T11:59:14.658-0500] {processor.py:208} INFO - Processing /home/vanaprastha/airflow/dags/PART 3/Sensor/sensor_file.py took 0.075 seconds
[2024-11-27T12:00:02.244-0500] {processor.py:186} INFO - Started process (PID=29385) to work on /home/vanaprastha/airflow/dags/PART 3/Sensor/sensor_file.py
[2024-11-27T12:00:02.263-0500] {processor.py:914} INFO - Processing file /home/vanaprastha/airflow/dags/PART 3/Sensor/sensor_file.py for tasks to queue
[2024-11-27T12:00:02.265-0500] {logging_mixin.py:190} INFO - [2024-11-27T12:00:02.264-0500] {dagbag.py:588} INFO - Filling up the DagBag from /home/vanaprastha/airflow/dags/PART 3/Sensor/sensor_file.py
[2024-11-27T12:00:02.274-0500] {processor.py:925} INFO - DAG(s) 'sensor_file' retrieved from /home/vanaprastha/airflow/dags/PART 3/Sensor/sensor_file.py
[2024-11-27T12:00:02.283-0500] {logging_mixin.py:190} INFO - [2024-11-27T12:00:02.282-0500] {dag.py:3239} INFO - Sync 1 DAGs
[2024-11-27T12:00:02.293-0500] {logging_mixin.py:190} INFO - [2024-11-27T12:00:02.293-0500] {dag.py:4180} INFO - Setting next_dagrun for sensor_file to 2024-11-27 16:59:00+00:00, run_after=2024-11-27 17:00:00+00:00
[2024-11-27T12:00:02.309-0500] {processor.py:208} INFO - Processing /home/vanaprastha/airflow/dags/PART 3/Sensor/sensor_file.py took 0.068 seconds
[2024-11-27T12:00:49.180-0500] {processor.py:186} INFO - Started process (PID=29521) to work on /home/vanaprastha/airflow/dags/PART 3/Sensor/sensor_file.py
[2024-11-27T12:00:49.182-0500] {processor.py:914} INFO - Processing file /home/vanaprastha/airflow/dags/PART 3/Sensor/sensor_file.py for tasks to queue
[2024-11-27T12:00:49.186-0500] {logging_mixin.py:190} INFO - [2024-11-27T12:00:49.186-0500] {dagbag.py:588} INFO - Filling up the DagBag from /home/vanaprastha/airflow/dags/PART 3/Sensor/sensor_file.py
[2024-11-27T12:00:49.196-0500] {processor.py:925} INFO - DAG(s) 'sensor_file' retrieved from /home/vanaprastha/airflow/dags/PART 3/Sensor/sensor_file.py
[2024-11-27T12:00:49.212-0500] {logging_mixin.py:190} INFO - [2024-11-27T12:00:49.211-0500] {dag.py:3239} INFO - Sync 1 DAGs
[2024-11-27T12:00:49.240-0500] {logging_mixin.py:190} INFO - [2024-11-27T12:00:49.240-0500] {dag.py:4180} INFO - Setting next_dagrun for sensor_file to 2024-11-27 16:59:00+00:00, run_after=2024-11-27 17:00:00+00:00
[2024-11-27T12:00:49.260-0500] {processor.py:208} INFO - Processing /home/vanaprastha/airflow/dags/PART 3/Sensor/sensor_file.py took 0.088 seconds
[2024-11-27T12:02:03.080-0500] {processor.py:186} INFO - Started process (PID=29635) to work on /home/vanaprastha/airflow/dags/PART 3/Sensor/sensor_file.py
[2024-11-27T12:02:03.099-0500] {processor.py:914} INFO - Processing file /home/vanaprastha/airflow/dags/PART 3/Sensor/sensor_file.py for tasks to queue
[2024-11-27T12:02:03.103-0500] {logging_mixin.py:190} INFO - [2024-11-27T12:02:03.102-0500] {dagbag.py:588} INFO - Filling up the DagBag from /home/vanaprastha/airflow/dags/PART 3/Sensor/sensor_file.py
[2024-11-27T12:02:03.110-0500] {processor.py:925} INFO - DAG(s) 'sensor_file' retrieved from /home/vanaprastha/airflow/dags/PART 3/Sensor/sensor_file.py
[2024-11-27T12:02:03.118-0500] {logging_mixin.py:190} INFO - [2024-11-27T12:02:03.117-0500] {dag.py:3239} INFO - Sync 1 DAGs
[2024-11-27T12:02:03.128-0500] {logging_mixin.py:190} INFO - [2024-11-27T12:02:03.128-0500] {dag.py:4180} INFO - Setting next_dagrun for sensor_file to 2024-11-27 17:01:00+00:00, run_after=2024-11-27 17:02:00+00:00
[2024-11-27T12:02:03.264-0500] {processor.py:208} INFO - Processing /home/vanaprastha/airflow/dags/PART 3/Sensor/sensor_file.py took 0.189 seconds
[2024-11-27T12:02:53.931-0500] {processor.py:186} INFO - Started process (PID=29694) to work on /home/vanaprastha/airflow/dags/PART 3/Sensor/sensor_file.py
[2024-11-27T12:02:53.949-0500] {processor.py:914} INFO - Processing file /home/vanaprastha/airflow/dags/PART 3/Sensor/sensor_file.py for tasks to queue
[2024-11-27T12:02:53.952-0500] {logging_mixin.py:190} INFO - [2024-11-27T12:02:53.952-0500] {dagbag.py:588} INFO - Filling up the DagBag from /home/vanaprastha/airflow/dags/PART 3/Sensor/sensor_file.py
[2024-11-27T12:02:53.958-0500] {processor.py:925} INFO - DAG(s) 'sensor_file' retrieved from /home/vanaprastha/airflow/dags/PART 3/Sensor/sensor_file.py
[2024-11-27T12:02:53.969-0500] {logging_mixin.py:190} INFO - [2024-11-27T12:02:53.969-0500] {dag.py:3239} INFO - Sync 1 DAGs
[2024-11-27T12:02:54.088-0500] {logging_mixin.py:190} INFO - [2024-11-27T12:02:54.088-0500] {dag.py:4180} INFO - Setting next_dagrun for sensor_file to 2024-11-27 17:01:00+00:00, run_after=2024-11-27 17:02:00+00:00
[2024-11-27T12:02:54.122-0500] {processor.py:208} INFO - Processing /home/vanaprastha/airflow/dags/PART 3/Sensor/sensor_file.py took 0.195 seconds
[2024-11-27T12:03:20.538-0500] {processor.py:186} INFO - Started process (PID=29800) to work on /home/vanaprastha/airflow/dags/PART 3/Sensor/sensor_file.py
[2024-11-27T12:03:20.538-0500] {processor.py:914} INFO - Processing file /home/vanaprastha/airflow/dags/PART 3/Sensor/sensor_file.py for tasks to queue
[2024-11-27T12:03:20.541-0500] {logging_mixin.py:190} INFO - [2024-11-27T12:03:20.540-0500] {dagbag.py:588} INFO - Filling up the DagBag from /home/vanaprastha/airflow/dags/PART 3/Sensor/sensor_file.py
[2024-11-27T12:03:20.547-0500] {processor.py:925} INFO - DAG(s) 'sensor_file' retrieved from /home/vanaprastha/airflow/dags/PART 3/Sensor/sensor_file.py
[2024-11-27T12:03:20.555-0500] {logging_mixin.py:190} INFO - [2024-11-27T12:03:20.555-0500] {dag.py:3239} INFO - Sync 1 DAGs
[2024-11-27T12:03:20.566-0500] {logging_mixin.py:190} INFO - [2024-11-27T12:03:20.566-0500] {dag.py:4180} INFO - Setting next_dagrun for sensor_file to 2024-11-27 17:02:00+00:00, run_after=2024-11-27 17:03:00+00:00
[2024-11-27T12:03:20.583-0500] {processor.py:208} INFO - Processing /home/vanaprastha/airflow/dags/PART 3/Sensor/sensor_file.py took 0.048 seconds
[2024-11-27T12:04:37.559-0500] {processor.py:186} INFO - Started process (PID=30141) to work on /home/vanaprastha/airflow/dags/PART 3/Sensor/sensor_file.py
[2024-11-27T12:04:37.559-0500] {processor.py:914} INFO - Processing file /home/vanaprastha/airflow/dags/PART 3/Sensor/sensor_file.py for tasks to queue
[2024-11-27T12:04:37.561-0500] {logging_mixin.py:190} INFO - [2024-11-27T12:04:37.560-0500] {dagbag.py:588} INFO - Filling up the DagBag from /home/vanaprastha/airflow/dags/PART 3/Sensor/sensor_file.py
[2024-11-27T12:04:37.565-0500] {processor.py:925} INFO - DAG(s) 'sensor_file' retrieved from /home/vanaprastha/airflow/dags/PART 3/Sensor/sensor_file.py
[2024-11-27T12:04:37.573-0500] {logging_mixin.py:190} INFO - [2024-11-27T12:04:37.573-0500] {dag.py:3239} INFO - Sync 1 DAGs
[2024-11-27T12:04:37.585-0500] {logging_mixin.py:190} INFO - [2024-11-27T12:04:37.585-0500] {dag.py:4180} INFO - Setting next_dagrun for sensor_file to 2024-11-27 17:03:00+00:00, run_after=2024-11-27 17:04:00+00:00
[2024-11-27T12:04:37.728-0500] {processor.py:208} INFO - Processing /home/vanaprastha/airflow/dags/PART 3/Sensor/sensor_file.py took 0.173 seconds
[2024-11-27T12:05:27.699-0500] {processor.py:186} INFO - Started process (PID=30909) to work on /home/vanaprastha/airflow/dags/PART 3/Sensor/sensor_file.py
[2024-11-27T12:05:27.699-0500] {processor.py:914} INFO - Processing file /home/vanaprastha/airflow/dags/PART 3/Sensor/sensor_file.py for tasks to queue
[2024-11-27T12:05:27.700-0500] {logging_mixin.py:190} INFO - [2024-11-27T12:05:27.700-0500] {dagbag.py:588} INFO - Filling up the DagBag from /home/vanaprastha/airflow/dags/PART 3/Sensor/sensor_file.py
[2024-11-27T12:05:27.705-0500] {processor.py:925} INFO - DAG(s) 'sensor_file' retrieved from /home/vanaprastha/airflow/dags/PART 3/Sensor/sensor_file.py
[2024-11-27T12:05:27.714-0500] {logging_mixin.py:190} INFO - [2024-11-27T12:05:27.713-0500] {dag.py:3239} INFO - Sync 1 DAGs
[2024-11-27T12:05:27.829-0500] {logging_mixin.py:190} INFO - [2024-11-27T12:05:27.828-0500] {dag.py:4180} INFO - Setting next_dagrun for sensor_file to 2024-11-27 17:04:00+00:00, run_after=2024-11-27 17:05:00+00:00
[2024-11-27T12:05:27.854-0500] {processor.py:208} INFO - Processing /home/vanaprastha/airflow/dags/PART 3/Sensor/sensor_file.py took 0.159 seconds
[2024-11-27T12:06:18.038-0500] {processor.py:186} INFO - Started process (PID=31040) to work on /home/vanaprastha/airflow/dags/PART 3/Sensor/sensor_file.py
[2024-11-27T12:06:18.057-0500] {processor.py:914} INFO - Processing file /home/vanaprastha/airflow/dags/PART 3/Sensor/sensor_file.py for tasks to queue
[2024-11-27T12:06:18.061-0500] {logging_mixin.py:190} INFO - [2024-11-27T12:06:18.061-0500] {dagbag.py:588} INFO - Filling up the DagBag from /home/vanaprastha/airflow/dags/PART 3/Sensor/sensor_file.py
[2024-11-27T12:06:18.071-0500] {processor.py:925} INFO - DAG(s) 'sensor_file' retrieved from /home/vanaprastha/airflow/dags/PART 3/Sensor/sensor_file.py
[2024-11-27T12:06:18.080-0500] {logging_mixin.py:190} INFO - [2024-11-27T12:06:18.080-0500] {dag.py:3239} INFO - Sync 1 DAGs
[2024-11-27T12:06:18.091-0500] {logging_mixin.py:190} INFO - [2024-11-27T12:06:18.091-0500] {dag.py:4180} INFO - Setting next_dagrun for sensor_file to 2024-11-27 17:05:00+00:00, run_after=2024-11-27 17:06:00+00:00
[2024-11-27T12:06:18.206-0500] {processor.py:208} INFO - Processing /home/vanaprastha/airflow/dags/PART 3/Sensor/sensor_file.py took 0.173 seconds
[2024-11-27T12:07:09.535-0500] {processor.py:186} INFO - Started process (PID=31622) to work on /home/vanaprastha/airflow/dags/PART 3/Sensor/sensor_file.py
[2024-11-27T12:07:09.535-0500] {processor.py:914} INFO - Processing file /home/vanaprastha/airflow/dags/PART 3/Sensor/sensor_file.py for tasks to queue
[2024-11-27T12:07:09.537-0500] {logging_mixin.py:190} INFO - [2024-11-27T12:07:09.537-0500] {dagbag.py:588} INFO - Filling up the DagBag from /home/vanaprastha/airflow/dags/PART 3/Sensor/sensor_file.py
[2024-11-27T12:07:09.541-0500] {processor.py:925} INFO - DAG(s) 'sensor_file' retrieved from /home/vanaprastha/airflow/dags/PART 3/Sensor/sensor_file.py
[2024-11-27T12:07:09.550-0500] {logging_mixin.py:190} INFO - [2024-11-27T12:07:09.549-0500] {dag.py:3239} INFO - Sync 1 DAGs
[2024-11-27T12:07:09.654-0500] {logging_mixin.py:190} INFO - [2024-11-27T12:07:09.654-0500] {dag.py:4180} INFO - Setting next_dagrun for sensor_file to 2024-11-27 17:06:00+00:00, run_after=2024-11-27 17:07:00+00:00
[2024-11-27T12:07:09.691-0500] {processor.py:208} INFO - Processing /home/vanaprastha/airflow/dags/PART 3/Sensor/sensor_file.py took 0.159 seconds
[2024-11-27T12:08:01.334-0500] {processor.py:186} INFO - Started process (PID=31777) to work on /home/vanaprastha/airflow/dags/PART 3/Sensor/sensor_file.py
[2024-11-27T12:08:01.353-0500] {processor.py:914} INFO - Processing file /home/vanaprastha/airflow/dags/PART 3/Sensor/sensor_file.py for tasks to queue
[2024-11-27T12:08:01.356-0500] {logging_mixin.py:190} INFO - [2024-11-27T12:08:01.356-0500] {dagbag.py:588} INFO - Filling up the DagBag from /home/vanaprastha/airflow/dags/PART 3/Sensor/sensor_file.py
[2024-11-27T12:08:01.369-0500] {processor.py:925} INFO - DAG(s) 'sensor_file' retrieved from /home/vanaprastha/airflow/dags/PART 3/Sensor/sensor_file.py
[2024-11-27T12:08:01.391-0500] {logging_mixin.py:190} INFO - [2024-11-27T12:08:01.390-0500] {dag.py:3239} INFO - Sync 1 DAGs
[2024-11-27T12:08:01.409-0500] {logging_mixin.py:190} INFO - [2024-11-27T12:08:01.409-0500] {dag.py:4180} INFO - Setting next_dagrun for sensor_file to 2024-11-27 17:07:00+00:00, run_after=2024-11-27 17:08:00+00:00
[2024-11-27T12:08:01.430-0500] {processor.py:208} INFO - Processing /home/vanaprastha/airflow/dags/PART 3/Sensor/sensor_file.py took 0.104 seconds
[2024-11-27T12:08:50.921-0500] {processor.py:186} INFO - Started process (PID=31860) to work on /home/vanaprastha/airflow/dags/PART 3/Sensor/sensor_file.py
[2024-11-27T12:08:50.939-0500] {processor.py:914} INFO - Processing file /home/vanaprastha/airflow/dags/PART 3/Sensor/sensor_file.py for tasks to queue
[2024-11-27T12:08:50.943-0500] {logging_mixin.py:190} INFO - [2024-11-27T12:08:50.943-0500] {dagbag.py:588} INFO - Filling up the DagBag from /home/vanaprastha/airflow/dags/PART 3/Sensor/sensor_file.py
[2024-11-27T12:08:50.953-0500] {processor.py:925} INFO - DAG(s) 'sensor_file' retrieved from /home/vanaprastha/airflow/dags/PART 3/Sensor/sensor_file.py
[2024-11-27T12:08:50.962-0500] {logging_mixin.py:190} INFO - [2024-11-27T12:08:50.962-0500] {dag.py:3239} INFO - Sync 1 DAGs
[2024-11-27T12:08:50.974-0500] {logging_mixin.py:190} INFO - [2024-11-27T12:08:50.973-0500] {dag.py:4180} INFO - Setting next_dagrun for sensor_file to 2024-11-27 17:07:00+00:00, run_after=2024-11-27 17:08:00+00:00
[2024-11-27T12:08:50.990-0500] {processor.py:208} INFO - Processing /home/vanaprastha/airflow/dags/PART 3/Sensor/sensor_file.py took 0.074 seconds
[2024-11-27T12:09:38.345-0500] {processor.py:186} INFO - Started process (PID=31947) to work on /home/vanaprastha/airflow/dags/PART 3/Sensor/sensor_file.py
[2024-11-27T12:09:38.364-0500] {processor.py:914} INFO - Processing file /home/vanaprastha/airflow/dags/PART 3/Sensor/sensor_file.py for tasks to queue
[2024-11-27T12:09:38.368-0500] {logging_mixin.py:190} INFO - [2024-11-27T12:09:38.367-0500] {dagbag.py:588} INFO - Filling up the DagBag from /home/vanaprastha/airflow/dags/PART 3/Sensor/sensor_file.py
[2024-11-27T12:09:38.375-0500] {processor.py:925} INFO - DAG(s) 'sensor_file' retrieved from /home/vanaprastha/airflow/dags/PART 3/Sensor/sensor_file.py
[2024-11-27T12:09:38.384-0500] {logging_mixin.py:190} INFO - [2024-11-27T12:09:38.384-0500] {dag.py:3239} INFO - Sync 1 DAGs
[2024-11-27T12:09:38.394-0500] {logging_mixin.py:190} INFO - [2024-11-27T12:09:38.394-0500] {dag.py:4180} INFO - Setting next_dagrun for sensor_file to 2024-11-27 17:08:00+00:00, run_after=2024-11-27 17:09:00+00:00
[2024-11-27T12:09:38.411-0500] {processor.py:208} INFO - Processing /home/vanaprastha/airflow/dags/PART 3/Sensor/sensor_file.py took 0.069 seconds
[2024-11-27T12:10:23.878-0500] {processor.py:186} INFO - Started process (PID=32037) to work on /home/vanaprastha/airflow/dags/PART 3/Sensor/sensor_file.py
[2024-11-27T12:10:23.898-0500] {processor.py:914} INFO - Processing file /home/vanaprastha/airflow/dags/PART 3/Sensor/sensor_file.py for tasks to queue
[2024-11-27T12:10:23.901-0500] {logging_mixin.py:190} INFO - [2024-11-27T12:10:23.900-0500] {dagbag.py:588} INFO - Filling up the DagBag from /home/vanaprastha/airflow/dags/PART 3/Sensor/sensor_file.py
[2024-11-27T12:10:23.910-0500] {processor.py:925} INFO - DAG(s) 'sensor_file' retrieved from /home/vanaprastha/airflow/dags/PART 3/Sensor/sensor_file.py
[2024-11-27T12:10:23.920-0500] {logging_mixin.py:190} INFO - [2024-11-27T12:10:23.920-0500] {dag.py:3239} INFO - Sync 1 DAGs
[2024-11-27T12:10:23.931-0500] {logging_mixin.py:190} INFO - [2024-11-27T12:10:23.931-0500] {dag.py:4180} INFO - Setting next_dagrun for sensor_file to 2024-11-27 17:09:00+00:00, run_after=2024-11-27 17:10:00+00:00
[2024-11-27T12:10:23.947-0500] {processor.py:208} INFO - Processing /home/vanaprastha/airflow/dags/PART 3/Sensor/sensor_file.py took 0.072 seconds
[2024-11-27T12:11:08.066-0500] {processor.py:186} INFO - Started process (PID=32090) to work on /home/vanaprastha/airflow/dags/PART 3/Sensor/sensor_file.py
[2024-11-27T12:11:08.085-0500] {processor.py:914} INFO - Processing file /home/vanaprastha/airflow/dags/PART 3/Sensor/sensor_file.py for tasks to queue
[2024-11-27T12:11:08.088-0500] {logging_mixin.py:190} INFO - [2024-11-27T12:11:08.088-0500] {dagbag.py:588} INFO - Filling up the DagBag from /home/vanaprastha/airflow/dags/PART 3/Sensor/sensor_file.py
[2024-11-27T12:11:08.096-0500] {processor.py:925} INFO - DAG(s) 'sensor_file' retrieved from /home/vanaprastha/airflow/dags/PART 3/Sensor/sensor_file.py
[2024-11-27T12:11:08.105-0500] {logging_mixin.py:190} INFO - [2024-11-27T12:11:08.105-0500] {dag.py:3239} INFO - Sync 1 DAGs
[2024-11-27T12:11:08.116-0500] {logging_mixin.py:190} INFO - [2024-11-27T12:11:08.116-0500] {dag.py:4180} INFO - Setting next_dagrun for sensor_file to 2024-11-27 17:10:00+00:00, run_after=2024-11-27 17:11:00+00:00
[2024-11-27T12:11:08.131-0500] {processor.py:208} INFO - Processing /home/vanaprastha/airflow/dags/PART 3/Sensor/sensor_file.py took 0.069 seconds
[2024-11-27T12:11:53.411-0500] {processor.py:186} INFO - Started process (PID=32185) to work on /home/vanaprastha/airflow/dags/PART 3/Sensor/sensor_file.py
[2024-11-27T12:11:53.413-0500] {processor.py:914} INFO - Processing file /home/vanaprastha/airflow/dags/PART 3/Sensor/sensor_file.py for tasks to queue
[2024-11-27T12:11:53.415-0500] {logging_mixin.py:190} INFO - [2024-11-27T12:11:53.415-0500] {dagbag.py:588} INFO - Filling up the DagBag from /home/vanaprastha/airflow/dags/PART 3/Sensor/sensor_file.py
[2024-11-27T12:11:53.423-0500] {processor.py:925} INFO - DAG(s) 'sensor_file' retrieved from /home/vanaprastha/airflow/dags/PART 3/Sensor/sensor_file.py
[2024-11-27T12:11:53.433-0500] {logging_mixin.py:190} INFO - [2024-11-27T12:11:53.433-0500] {dag.py:3239} INFO - Sync 1 DAGs
[2024-11-27T12:11:53.446-0500] {logging_mixin.py:190} INFO - [2024-11-27T12:11:53.446-0500] {dag.py:4180} INFO - Setting next_dagrun for sensor_file to 2024-11-27 17:10:00+00:00, run_after=2024-11-27 17:11:00+00:00
[2024-11-27T12:11:53.462-0500] {processor.py:208} INFO - Processing /home/vanaprastha/airflow/dags/PART 3/Sensor/sensor_file.py took 0.058 seconds
[2024-11-27T12:12:37.914-0500] {processor.py:186} INFO - Started process (PID=32241) to work on /home/vanaprastha/airflow/dags/PART 3/Sensor/sensor_file.py
[2024-11-27T12:12:37.914-0500] {processor.py:914} INFO - Processing file /home/vanaprastha/airflow/dags/PART 3/Sensor/sensor_file.py for tasks to queue
[2024-11-27T12:12:37.917-0500] {logging_mixin.py:190} INFO - [2024-11-27T12:12:37.917-0500] {dagbag.py:588} INFO - Filling up the DagBag from /home/vanaprastha/airflow/dags/PART 3/Sensor/sensor_file.py
[2024-11-27T12:12:37.923-0500] {processor.py:925} INFO - DAG(s) 'sensor_file' retrieved from /home/vanaprastha/airflow/dags/PART 3/Sensor/sensor_file.py
[2024-11-27T12:12:37.931-0500] {logging_mixin.py:190} INFO - [2024-11-27T12:12:37.931-0500] {dag.py:3239} INFO - Sync 1 DAGs
[2024-11-27T12:12:37.943-0500] {logging_mixin.py:190} INFO - [2024-11-27T12:12:37.943-0500] {dag.py:4180} INFO - Setting next_dagrun for sensor_file to 2024-11-27 17:11:00+00:00, run_after=2024-11-27 17:12:00+00:00
[2024-11-27T12:12:37.962-0500] {processor.py:208} INFO - Processing /home/vanaprastha/airflow/dags/PART 3/Sensor/sensor_file.py took 0.054 seconds
[2024-11-27T12:13:22.736-0500] {processor.py:186} INFO - Started process (PID=32295) to work on /home/vanaprastha/airflow/dags/PART 3/Sensor/sensor_file.py
[2024-11-27T12:13:22.756-0500] {processor.py:914} INFO - Processing file /home/vanaprastha/airflow/dags/PART 3/Sensor/sensor_file.py for tasks to queue
[2024-11-27T12:13:22.757-0500] {logging_mixin.py:190} INFO - [2024-11-27T12:13:22.756-0500] {dagbag.py:588} INFO - Filling up the DagBag from /home/vanaprastha/airflow/dags/PART 3/Sensor/sensor_file.py
[2024-11-27T12:13:22.764-0500] {processor.py:925} INFO - DAG(s) 'sensor_file' retrieved from /home/vanaprastha/airflow/dags/PART 3/Sensor/sensor_file.py
[2024-11-27T12:13:22.773-0500] {logging_mixin.py:190} INFO - [2024-11-27T12:13:22.773-0500] {dag.py:3239} INFO - Sync 1 DAGs
[2024-11-27T12:13:22.783-0500] {logging_mixin.py:190} INFO - [2024-11-27T12:13:22.783-0500] {dag.py:4180} INFO - Setting next_dagrun for sensor_file to 2024-11-27 17:12:00+00:00, run_after=2024-11-27 17:13:00+00:00
[2024-11-27T12:13:22.800-0500] {processor.py:208} INFO - Processing /home/vanaprastha/airflow/dags/PART 3/Sensor/sensor_file.py took 0.074 seconds
[2024-11-27T12:13:53.567-0500] {processor.py:186} INFO - Started process (PID=32407) to work on /home/vanaprastha/airflow/dags/PART 3/Sensor/sensor_file.py
[2024-11-27T12:13:53.568-0500] {processor.py:914} INFO - Processing file /home/vanaprastha/airflow/dags/PART 3/Sensor/sensor_file.py for tasks to queue
[2024-11-27T12:13:53.569-0500] {logging_mixin.py:190} INFO - [2024-11-27T12:13:53.569-0500] {dagbag.py:588} INFO - Filling up the DagBag from /home/vanaprastha/airflow/dags/PART 3/Sensor/sensor_file.py
[2024-11-27T12:13:53.573-0500] {processor.py:925} INFO - DAG(s) 'sensor_file' retrieved from /home/vanaprastha/airflow/dags/PART 3/Sensor/sensor_file.py
[2024-11-27T12:13:53.582-0500] {logging_mixin.py:190} INFO - [2024-11-27T12:13:53.582-0500] {dag.py:3239} INFO - Sync 1 DAGs
[2024-11-27T12:13:53.593-0500] {logging_mixin.py:190} INFO - [2024-11-27T12:13:53.593-0500] {dag.py:4180} INFO - Setting next_dagrun for sensor_file to 2024-11-27 17:12:00+00:00, run_after=2024-11-27 17:13:00+00:00
[2024-11-27T12:13:53.609-0500] {processor.py:208} INFO - Processing /home/vanaprastha/airflow/dags/PART 3/Sensor/sensor_file.py took 0.045 seconds
[2024-11-27T12:15:21.382-0500] {processor.py:186} INFO - Started process (PID=32546) to work on /home/vanaprastha/airflow/dags/PART 3/Sensor/sensor_file.py
[2024-11-27T12:15:21.401-0500] {processor.py:914} INFO - Processing file /home/vanaprastha/airflow/dags/PART 3/Sensor/sensor_file.py for tasks to queue
[2024-11-27T12:15:21.402-0500] {logging_mixin.py:190} INFO - [2024-11-27T12:15:21.402-0500] {dagbag.py:588} INFO - Filling up the DagBag from /home/vanaprastha/airflow/dags/PART 3/Sensor/sensor_file.py
[2024-11-27T12:15:21.408-0500] {processor.py:925} INFO - DAG(s) 'sensor_file' retrieved from /home/vanaprastha/airflow/dags/PART 3/Sensor/sensor_file.py
[2024-11-27T12:15:21.418-0500] {logging_mixin.py:190} INFO - [2024-11-27T12:15:21.418-0500] {dag.py:3239} INFO - Sync 1 DAGs
[2024-11-27T12:15:21.544-0500] {logging_mixin.py:190} INFO - [2024-11-27T12:15:21.544-0500] {dag.py:4180} INFO - Setting next_dagrun for sensor_file to 2024-11-27 17:14:00+00:00, run_after=2024-11-27 17:15:00+00:00
[2024-11-27T12:15:21.582-0500] {processor.py:208} INFO - Processing /home/vanaprastha/airflow/dags/PART 3/Sensor/sensor_file.py took 0.204 seconds
[2024-11-27T12:16:27.280-0500] {processor.py:186} INFO - Started process (PID=32622) to work on /home/vanaprastha/airflow/dags/PART 3/Sensor/sensor_file.py
[2024-11-27T12:16:27.281-0500] {processor.py:914} INFO - Processing file /home/vanaprastha/airflow/dags/PART 3/Sensor/sensor_file.py for tasks to queue
[2024-11-27T12:16:27.283-0500] {logging_mixin.py:190} INFO - [2024-11-27T12:16:27.282-0500] {dagbag.py:588} INFO - Filling up the DagBag from /home/vanaprastha/airflow/dags/PART 3/Sensor/sensor_file.py
[2024-11-27T12:16:27.289-0500] {processor.py:925} INFO - DAG(s) 'sensor_file' retrieved from /home/vanaprastha/airflow/dags/PART 3/Sensor/sensor_file.py
[2024-11-27T12:16:27.299-0500] {logging_mixin.py:190} INFO - [2024-11-27T12:16:27.299-0500] {dag.py:3239} INFO - Sync 1 DAGs
[2024-11-27T12:16:27.317-0500] {logging_mixin.py:190} INFO - [2024-11-27T12:16:27.316-0500] {dag.py:4180} INFO - Setting next_dagrun for sensor_file to 2024-11-27 17:15:00+00:00, run_after=2024-11-27 17:16:00+00:00
[2024-11-27T12:16:27.340-0500] {processor.py:208} INFO - Processing /home/vanaprastha/airflow/dags/PART 3/Sensor/sensor_file.py took 0.064 seconds
[2024-11-27T12:17:25.089-0500] {processor.py:186} INFO - Started process (PID=32701) to work on /home/vanaprastha/airflow/dags/PART 3/Sensor/sensor_file.py
[2024-11-27T12:17:25.107-0500] {processor.py:914} INFO - Processing file /home/vanaprastha/airflow/dags/PART 3/Sensor/sensor_file.py for tasks to queue
[2024-11-27T12:17:25.111-0500] {logging_mixin.py:190} INFO - [2024-11-27T12:17:25.111-0500] {dagbag.py:588} INFO - Filling up the DagBag from /home/vanaprastha/airflow/dags/PART 3/Sensor/sensor_file.py
[2024-11-27T12:17:25.119-0500] {processor.py:925} INFO - DAG(s) 'sensor_file' retrieved from /home/vanaprastha/airflow/dags/PART 3/Sensor/sensor_file.py
[2024-11-27T12:17:25.129-0500] {logging_mixin.py:190} INFO - [2024-11-27T12:17:25.129-0500] {dag.py:3239} INFO - Sync 1 DAGs
[2024-11-27T12:17:25.254-0500] {logging_mixin.py:190} INFO - [2024-11-27T12:17:25.254-0500] {dag.py:4180} INFO - Setting next_dagrun for sensor_file to 2024-11-27 17:16:00+00:00, run_after=2024-11-27 17:17:00+00:00
[2024-11-27T12:17:25.292-0500] {processor.py:208} INFO - Processing /home/vanaprastha/airflow/dags/PART 3/Sensor/sensor_file.py took 0.209 seconds
[2024-11-27T12:17:51.610-0500] {processor.py:186} INFO - Started process (PID=32806) to work on /home/vanaprastha/airflow/dags/PART 3/Sensor/sensor_file.py
[2024-11-27T12:17:51.610-0500] {processor.py:914} INFO - Processing file /home/vanaprastha/airflow/dags/PART 3/Sensor/sensor_file.py for tasks to queue
[2024-11-27T12:17:51.612-0500] {logging_mixin.py:190} INFO - [2024-11-27T12:17:51.611-0500] {dagbag.py:588} INFO - Filling up the DagBag from /home/vanaprastha/airflow/dags/PART 3/Sensor/sensor_file.py
[2024-11-27T12:17:51.618-0500] {processor.py:925} INFO - DAG(s) 'sensor_file' retrieved from /home/vanaprastha/airflow/dags/PART 3/Sensor/sensor_file.py
[2024-11-27T12:17:51.632-0500] {logging_mixin.py:190} INFO - [2024-11-27T12:17:51.632-0500] {dag.py:3239} INFO - Sync 1 DAGs
[2024-11-27T12:17:51.646-0500] {logging_mixin.py:190} INFO - [2024-11-27T12:17:51.646-0500] {dag.py:4180} INFO - Setting next_dagrun for sensor_file to 2024-11-27 17:16:00+00:00, run_after=2024-11-27 17:17:00+00:00
[2024-11-27T12:17:51.667-0500] {processor.py:208} INFO - Processing /home/vanaprastha/airflow/dags/PART 3/Sensor/sensor_file.py took 0.061 seconds
[2024-11-27T12:19:27.927-0500] {processor.py:186} INFO - Started process (PID=32969) to work on /home/vanaprastha/airflow/dags/PART 3/Sensor/sensor_file.py
[2024-11-27T12:19:27.946-0500] {processor.py:914} INFO - Processing file /home/vanaprastha/airflow/dags/PART 3/Sensor/sensor_file.py for tasks to queue
[2024-11-27T12:19:27.948-0500] {logging_mixin.py:190} INFO - [2024-11-27T12:19:27.947-0500] {dagbag.py:588} INFO - Filling up the DagBag from /home/vanaprastha/airflow/dags/PART 3/Sensor/sensor_file.py
[2024-11-27T12:19:27.954-0500] {processor.py:925} INFO - DAG(s) 'sensor_file' retrieved from /home/vanaprastha/airflow/dags/PART 3/Sensor/sensor_file.py
[2024-11-27T12:19:27.965-0500] {logging_mixin.py:190} INFO - [2024-11-27T12:19:27.965-0500] {dag.py:3239} INFO - Sync 1 DAGs
[2024-11-27T12:19:28.122-0500] {logging_mixin.py:190} INFO - [2024-11-27T12:19:28.122-0500] {dag.py:4180} INFO - Setting next_dagrun for sensor_file to 2024-11-27 17:18:00+00:00, run_after=2024-11-27 17:19:00+00:00
[2024-11-27T12:19:28.158-0500] {processor.py:208} INFO - Processing /home/vanaprastha/airflow/dags/PART 3/Sensor/sensor_file.py took 0.236 seconds
[2024-11-27T12:20:39.346-0500] {processor.py:186} INFO - Started process (PID=33053) to work on /home/vanaprastha/airflow/dags/PART 3/Sensor/sensor_file.py
[2024-11-27T12:20:39.348-0500] {processor.py:914} INFO - Processing file /home/vanaprastha/airflow/dags/PART 3/Sensor/sensor_file.py for tasks to queue
[2024-11-27T12:20:39.350-0500] {logging_mixin.py:190} INFO - [2024-11-27T12:20:39.350-0500] {dagbag.py:588} INFO - Filling up the DagBag from /home/vanaprastha/airflow/dags/PART 3/Sensor/sensor_file.py
[2024-11-27T12:20:39.355-0500] {processor.py:925} INFO - DAG(s) 'sensor_file' retrieved from /home/vanaprastha/airflow/dags/PART 3/Sensor/sensor_file.py
[2024-11-27T12:20:39.366-0500] {logging_mixin.py:190} INFO - [2024-11-27T12:20:39.366-0500] {dag.py:3239} INFO - Sync 1 DAGs
[2024-11-27T12:20:39.377-0500] {logging_mixin.py:190} INFO - [2024-11-27T12:20:39.377-0500] {dag.py:4180} INFO - Setting next_dagrun for sensor_file to 2024-11-27 17:19:00+00:00, run_after=2024-11-27 17:20:00+00:00
[2024-11-27T12:20:39.400-0500] {processor.py:208} INFO - Processing /home/vanaprastha/airflow/dags/PART 3/Sensor/sensor_file.py took 0.058 seconds
