[2024-11-27T11:47:52.999-0500] {processor.py:186} INFO - Started process (PID=27749) to work on /home/vanaprastha/airflow/dags/PART 3/Sensor/sensor_sleep.py
[2024-11-27T11:47:52.999-0500] {processor.py:914} INFO - Processing file /home/vanaprastha/airflow/dags/PART 3/Sensor/sensor_sleep.py for tasks to queue
[2024-11-27T11:47:53.001-0500] {logging_mixin.py:190} INFO - [2024-11-27T11:47:53.001-0500] {dagbag.py:588} INFO - Filling up the DagBag from /home/vanaprastha/airflow/dags/PART 3/Sensor/sensor_sleep.py
[2024-11-27T11:47:53.007-0500] {processor.py:925} INFO - DAG(s) 'sensor_sleep' retrieved from /home/vanaprastha/airflow/dags/PART 3/Sensor/sensor_sleep.py
[2024-11-27T11:47:53.095-0500] {logging_mixin.py:190} INFO - [2024-11-27T11:47:53.094-0500] {override.py:1911} INFO - Created Permission View: can read on DAG:sensor_sleep
[2024-11-27T11:47:53.108-0500] {logging_mixin.py:190} INFO - [2024-11-27T11:47:53.108-0500] {override.py:1911} INFO - Created Permission View: can edit on DAG:sensor_sleep
[2024-11-27T11:47:53.118-0500] {logging_mixin.py:190} INFO - [2024-11-27T11:47:53.117-0500] {override.py:1911} INFO - Created Permission View: can delete on DAG:sensor_sleep
[2024-11-27T11:47:53.136-0500] {logging_mixin.py:190} INFO - [2024-11-27T11:47:53.136-0500] {override.py:1911} INFO - Created Permission View: menu access on DAG Run:sensor_sleep
[2024-11-27T11:47:53.146-0500] {logging_mixin.py:190} INFO - [2024-11-27T11:47:53.145-0500] {override.py:1911} INFO - Created Permission View: can read on DAG Run:sensor_sleep
[2024-11-27T11:47:53.157-0500] {logging_mixin.py:190} INFO - [2024-11-27T11:47:53.157-0500] {override.py:1911} INFO - Created Permission View: can create on DAG Run:sensor_sleep
[2024-11-27T11:47:53.168-0500] {logging_mixin.py:190} INFO - [2024-11-27T11:47:53.168-0500] {override.py:1911} INFO - Created Permission View: can delete on DAG Run:sensor_sleep
[2024-11-27T11:47:53.168-0500] {logging_mixin.py:190} INFO - [2024-11-27T11:47:53.168-0500] {dag.py:3239} INFO - Sync 1 DAGs
[2024-11-27T11:47:53.182-0500] {logging_mixin.py:190} INFO - [2024-11-27T11:47:53.181-0500] {dag.py:3262} INFO - Creating ORM DAG for sensor_sleep
[2024-11-27T11:47:53.192-0500] {logging_mixin.py:190} INFO - [2024-11-27T11:47:53.192-0500] {dag.py:4180} INFO - Setting next_dagrun for sensor_sleep to 2024-11-27 16:46:00+00:00, run_after=2024-11-27 16:47:00+00:00
[2024-11-27T11:47:53.372-0500] {processor.py:208} INFO - Processing /home/vanaprastha/airflow/dags/PART 3/Sensor/sensor_sleep.py took 0.378 seconds
[2024-11-27T11:49:34.589-0500] {processor.py:186} INFO - Started process (PID=27926) to work on /home/vanaprastha/airflow/dags/PART 3/Sensor/sensor_sleep.py
[2024-11-27T11:49:34.608-0500] {processor.py:914} INFO - Processing file /home/vanaprastha/airflow/dags/PART 3/Sensor/sensor_sleep.py for tasks to queue
[2024-11-27T11:49:34.612-0500] {logging_mixin.py:190} INFO - [2024-11-27T11:49:34.611-0500] {dagbag.py:588} INFO - Filling up the DagBag from /home/vanaprastha/airflow/dags/PART 3/Sensor/sensor_sleep.py
[2024-11-27T11:49:34.622-0500] {processor.py:925} INFO - DAG(s) 'sensor_sleep' retrieved from /home/vanaprastha/airflow/dags/PART 3/Sensor/sensor_sleep.py
[2024-11-27T11:49:34.630-0500] {logging_mixin.py:190} INFO - [2024-11-27T11:49:34.630-0500] {dag.py:3239} INFO - Sync 1 DAGs
[2024-11-27T11:49:34.642-0500] {logging_mixin.py:190} INFO - [2024-11-27T11:49:34.642-0500] {dag.py:4180} INFO - Setting next_dagrun for sensor_sleep to 2024-11-27 16:49:00+00:00, run_after=2024-11-27 16:50:00+00:00
[2024-11-27T11:49:34.757-0500] {processor.py:208} INFO - Processing /home/vanaprastha/airflow/dags/PART 3/Sensor/sensor_sleep.py took 0.173 seconds
[2024-11-27T11:50:48.100-0500] {processor.py:186} INFO - Started process (PID=28010) to work on /home/vanaprastha/airflow/dags/PART 3/Sensor/sensor_sleep.py
[2024-11-27T11:50:48.119-0500] {processor.py:914} INFO - Processing file /home/vanaprastha/airflow/dags/PART 3/Sensor/sensor_sleep.py for tasks to queue
[2024-11-27T11:50:48.123-0500] {logging_mixin.py:190} INFO - [2024-11-27T11:50:48.122-0500] {dagbag.py:588} INFO - Filling up the DagBag from /home/vanaprastha/airflow/dags/PART 3/Sensor/sensor_sleep.py
[2024-11-27T11:50:48.132-0500] {processor.py:925} INFO - DAG(s) 'sensor_sleep' retrieved from /home/vanaprastha/airflow/dags/PART 3/Sensor/sensor_sleep.py
[2024-11-27T11:50:48.141-0500] {logging_mixin.py:190} INFO - [2024-11-27T11:50:48.141-0500] {dag.py:3239} INFO - Sync 1 DAGs
[2024-11-27T11:50:48.153-0500] {logging_mixin.py:190} INFO - [2024-11-27T11:50:48.153-0500] {dag.py:4180} INFO - Setting next_dagrun for sensor_sleep to 2024-11-27 16:49:00+00:00, run_after=2024-11-27 16:50:00+00:00
[2024-11-27T11:50:48.168-0500] {processor.py:208} INFO - Processing /home/vanaprastha/airflow/dags/PART 3/Sensor/sensor_sleep.py took 0.072 seconds
[2024-11-27T11:51:18.146-0500] {processor.py:186} INFO - Started process (PID=28050) to work on /home/vanaprastha/airflow/dags/PART 3/Sensor/sensor_sleep.py
[2024-11-27T11:51:18.147-0500] {processor.py:914} INFO - Processing file /home/vanaprastha/airflow/dags/PART 3/Sensor/sensor_sleep.py for tasks to queue
[2024-11-27T11:51:18.149-0500] {logging_mixin.py:190} INFO - [2024-11-27T11:51:18.149-0500] {dagbag.py:588} INFO - Filling up the DagBag from /home/vanaprastha/airflow/dags/PART 3/Sensor/sensor_sleep.py
[2024-11-27T11:51:18.155-0500] {processor.py:925} INFO - DAG(s) 'sensor_sleep' retrieved from /home/vanaprastha/airflow/dags/PART 3/Sensor/sensor_sleep.py
[2024-11-27T11:51:18.164-0500] {logging_mixin.py:190} INFO - [2024-11-27T11:51:18.164-0500] {dag.py:3239} INFO - Sync 1 DAGs
[2024-11-27T11:51:18.176-0500] {logging_mixin.py:190} INFO - [2024-11-27T11:51:18.175-0500] {dag.py:4180} INFO - Setting next_dagrun for sensor_sleep to 2024-11-27 16:50:00+00:00, run_after=2024-11-27 16:51:00+00:00
[2024-11-27T11:51:18.193-0500] {processor.py:208} INFO - Processing /home/vanaprastha/airflow/dags/PART 3/Sensor/sensor_sleep.py took 0.051 seconds
[2024-11-27T11:52:27.926-0500] {processor.py:186} INFO - Started process (PID=28207) to work on /home/vanaprastha/airflow/dags/PART 3/Sensor/sensor_sleep.py
[2024-11-27T11:52:27.945-0500] {processor.py:914} INFO - Processing file /home/vanaprastha/airflow/dags/PART 3/Sensor/sensor_sleep.py for tasks to queue
[2024-11-27T11:52:27.948-0500] {logging_mixin.py:190} INFO - [2024-11-27T11:52:27.947-0500] {dagbag.py:588} INFO - Filling up the DagBag from /home/vanaprastha/airflow/dags/PART 3/Sensor/sensor_sleep.py
[2024-11-27T11:52:27.958-0500] {processor.py:925} INFO - DAG(s) 'sensor_sleep' retrieved from /home/vanaprastha/airflow/dags/PART 3/Sensor/sensor_sleep.py
[2024-11-27T11:52:27.967-0500] {logging_mixin.py:190} INFO - [2024-11-27T11:52:27.967-0500] {dag.py:3239} INFO - Sync 1 DAGs
[2024-11-27T11:52:27.979-0500] {logging_mixin.py:190} INFO - [2024-11-27T11:52:27.979-0500] {dag.py:4180} INFO - Setting next_dagrun for sensor_sleep to 2024-11-27 16:51:00+00:00, run_after=2024-11-27 16:52:00+00:00
[2024-11-27T11:52:28.091-0500] {processor.py:208} INFO - Processing /home/vanaprastha/airflow/dags/PART 3/Sensor/sensor_sleep.py took 0.169 seconds
[2024-11-27T11:53:18.361-0500] {processor.py:186} INFO - Started process (PID=28301) to work on /home/vanaprastha/airflow/dags/PART 3/Sensor/sensor_sleep.py
[2024-11-27T11:53:18.380-0500] {processor.py:914} INFO - Processing file /home/vanaprastha/airflow/dags/PART 3/Sensor/sensor_sleep.py for tasks to queue
[2024-11-27T11:53:18.383-0500] {logging_mixin.py:190} INFO - [2024-11-27T11:53:18.382-0500] {dagbag.py:588} INFO - Filling up the DagBag from /home/vanaprastha/airflow/dags/PART 3/Sensor/sensor_sleep.py
[2024-11-27T11:53:18.389-0500] {processor.py:925} INFO - DAG(s) 'sensor_sleep' retrieved from /home/vanaprastha/airflow/dags/PART 3/Sensor/sensor_sleep.py
[2024-11-27T11:53:18.402-0500] {logging_mixin.py:190} INFO - [2024-11-27T11:53:18.402-0500] {dag.py:3239} INFO - Sync 1 DAGs
[2024-11-27T11:53:18.417-0500] {logging_mixin.py:190} INFO - [2024-11-27T11:53:18.417-0500] {dag.py:4180} INFO - Setting next_dagrun for sensor_sleep to 2024-11-27 16:52:00+00:00, run_after=2024-11-27 16:53:00+00:00
[2024-11-27T11:53:18.436-0500] {processor.py:208} INFO - Processing /home/vanaprastha/airflow/dags/PART 3/Sensor/sensor_sleep.py took 0.081 seconds
[2024-11-27T11:54:22.692-0500] {processor.py:186} INFO - Started process (PID=28378) to work on /home/vanaprastha/airflow/dags/PART 3/Sensor/sensor_sleep.py
[2024-11-27T11:54:22.711-0500] {processor.py:914} INFO - Processing file /home/vanaprastha/airflow/dags/PART 3/Sensor/sensor_sleep.py for tasks to queue
[2024-11-27T11:54:22.713-0500] {logging_mixin.py:190} INFO - [2024-11-27T11:54:22.713-0500] {dagbag.py:588} INFO - Filling up the DagBag from /home/vanaprastha/airflow/dags/PART 3/Sensor/sensor_sleep.py
[2024-11-27T11:54:22.719-0500] {processor.py:925} INFO - DAG(s) 'sensor_sleep' retrieved from /home/vanaprastha/airflow/dags/PART 3/Sensor/sensor_sleep.py
[2024-11-27T11:54:22.730-0500] {logging_mixin.py:190} INFO - [2024-11-27T11:54:22.729-0500] {dag.py:3239} INFO - Sync 1 DAGs
[2024-11-27T11:54:22.753-0500] {logging_mixin.py:190} INFO - [2024-11-27T11:54:22.753-0500] {dag.py:4180} INFO - Setting next_dagrun for sensor_sleep to 2024-11-27 16:53:00+00:00, run_after=2024-11-27 16:54:00+00:00
[2024-11-27T11:54:22.777-0500] {processor.py:208} INFO - Processing /home/vanaprastha/airflow/dags/PART 3/Sensor/sensor_sleep.py took 0.088 seconds
[2024-11-27T11:55:31.259-0500] {processor.py:186} INFO - Started process (PID=28739) to work on /home/vanaprastha/airflow/dags/PART 3/Sensor/sensor_sleep.py
[2024-11-27T11:55:31.261-0500] {processor.py:914} INFO - Processing file /home/vanaprastha/airflow/dags/PART 3/Sensor/sensor_sleep.py for tasks to queue
[2024-11-27T11:55:31.269-0500] {logging_mixin.py:190} INFO - [2024-11-27T11:55:31.268-0500] {dagbag.py:588} INFO - Filling up the DagBag from /home/vanaprastha/airflow/dags/PART 3/Sensor/sensor_sleep.py
[2024-11-27T11:55:31.312-0500] {processor.py:925} INFO - DAG(s) 'sensor_sleep' retrieved from /home/vanaprastha/airflow/dags/PART 3/Sensor/sensor_sleep.py
[2024-11-27T11:55:31.328-0500] {logging_mixin.py:190} INFO - [2024-11-27T11:55:31.327-0500] {dag.py:3239} INFO - Sync 1 DAGs
[2024-11-27T11:55:31.353-0500] {logging_mixin.py:190} INFO - [2024-11-27T11:55:31.352-0500] {dag.py:4180} INFO - Setting next_dagrun for sensor_sleep to 2024-11-27 16:54:00+00:00, run_after=2024-11-27 16:55:00+00:00
[2024-11-27T11:55:31.673-0500] {processor.py:208} INFO - Processing /home/vanaprastha/airflow/dags/PART 3/Sensor/sensor_sleep.py took 0.420 seconds
[2024-11-27T11:56:19.899-0500] {processor.py:186} INFO - Started process (PID=29067) to work on /home/vanaprastha/airflow/dags/PART 3/Sensor/sensor_sleep.py
[2024-11-27T11:56:19.901-0500] {processor.py:914} INFO - Processing file /home/vanaprastha/airflow/dags/PART 3/Sensor/sensor_sleep.py for tasks to queue
[2024-11-27T11:56:19.903-0500] {logging_mixin.py:190} INFO - [2024-11-27T11:56:19.902-0500] {dagbag.py:588} INFO - Filling up the DagBag from /home/vanaprastha/airflow/dags/PART 3/Sensor/sensor_sleep.py
[2024-11-27T11:56:19.909-0500] {processor.py:925} INFO - DAG(s) 'sensor_sleep' retrieved from /home/vanaprastha/airflow/dags/PART 3/Sensor/sensor_sleep.py
[2024-11-27T11:56:19.917-0500] {logging_mixin.py:190} INFO - [2024-11-27T11:56:19.917-0500] {dag.py:3239} INFO - Sync 1 DAGs
[2024-11-27T11:56:20.029-0500] {logging_mixin.py:190} INFO - [2024-11-27T11:56:20.029-0500] {dag.py:4180} INFO - Setting next_dagrun for sensor_sleep to 2024-11-27 16:55:00+00:00, run_after=2024-11-27 16:56:00+00:00
[2024-11-27T11:56:20.044-0500] {processor.py:208} INFO - Processing /home/vanaprastha/airflow/dags/PART 3/Sensor/sensor_sleep.py took 0.153 seconds
[2024-11-27T11:57:06.903-0500] {processor.py:186} INFO - Started process (PID=29157) to work on /home/vanaprastha/airflow/dags/PART 3/Sensor/sensor_sleep.py
[2024-11-27T11:57:06.922-0500] {processor.py:914} INFO - Processing file /home/vanaprastha/airflow/dags/PART 3/Sensor/sensor_sleep.py for tasks to queue
[2024-11-27T11:57:06.924-0500] {logging_mixin.py:190} INFO - [2024-11-27T11:57:06.923-0500] {dagbag.py:588} INFO - Filling up the DagBag from /home/vanaprastha/airflow/dags/PART 3/Sensor/sensor_sleep.py
[2024-11-27T11:57:06.929-0500] {processor.py:925} INFO - DAG(s) 'sensor_sleep' retrieved from /home/vanaprastha/airflow/dags/PART 3/Sensor/sensor_sleep.py
[2024-11-27T11:57:06.940-0500] {logging_mixin.py:190} INFO - [2024-11-27T11:57:06.940-0500] {dag.py:3239} INFO - Sync 1 DAGs
[2024-11-27T11:57:06.953-0500] {logging_mixin.py:190} INFO - [2024-11-27T11:57:06.953-0500] {dag.py:4180} INFO - Setting next_dagrun for sensor_sleep to 2024-11-27 16:56:00+00:00, run_after=2024-11-27 16:57:00+00:00
[2024-11-27T11:57:06.973-0500] {processor.py:208} INFO - Processing /home/vanaprastha/airflow/dags/PART 3/Sensor/sensor_sleep.py took 0.075 seconds
[2024-11-27T11:57:47.932-0500] {processor.py:186} INFO - Started process (PID=29232) to work on /home/vanaprastha/airflow/dags/PART 3/Sensor/sensor_sleep.py
[2024-11-27T11:57:47.951-0500] {processor.py:914} INFO - Processing file /home/vanaprastha/airflow/dags/PART 3/Sensor/sensor_sleep.py for tasks to queue
[2024-11-27T11:57:47.954-0500] {logging_mixin.py:190} INFO - [2024-11-27T11:57:47.954-0500] {dagbag.py:588} INFO - Filling up the DagBag from /home/vanaprastha/airflow/dags/PART 3/Sensor/sensor_sleep.py
[2024-11-27T11:57:47.965-0500] {processor.py:925} INFO - DAG(s) 'sensor_sleep' retrieved from /home/vanaprastha/airflow/dags/PART 3/Sensor/sensor_sleep.py
[2024-11-27T11:57:47.973-0500] {logging_mixin.py:190} INFO - [2024-11-27T11:57:47.973-0500] {dag.py:3239} INFO - Sync 1 DAGs
[2024-11-27T11:57:47.987-0500] {logging_mixin.py:190} INFO - [2024-11-27T11:57:47.987-0500] {dag.py:4180} INFO - Setting next_dagrun for sensor_sleep to 2024-11-27 16:56:00+00:00, run_after=2024-11-27 16:57:00+00:00
[2024-11-27T11:57:48.121-0500] {processor.py:208} INFO - Processing /home/vanaprastha/airflow/dags/PART 3/Sensor/sensor_sleep.py took 0.194 seconds
[2024-11-27T11:58:31.123-0500] {processor.py:186} INFO - Started process (PID=29280) to work on /home/vanaprastha/airflow/dags/PART 3/Sensor/sensor_sleep.py
[2024-11-27T11:58:31.142-0500] {processor.py:914} INFO - Processing file /home/vanaprastha/airflow/dags/PART 3/Sensor/sensor_sleep.py for tasks to queue
[2024-11-27T11:58:31.145-0500] {logging_mixin.py:190} INFO - [2024-11-27T11:58:31.144-0500] {dagbag.py:588} INFO - Filling up the DagBag from /home/vanaprastha/airflow/dags/PART 3/Sensor/sensor_sleep.py
[2024-11-27T11:58:31.154-0500] {processor.py:925} INFO - DAG(s) 'sensor_sleep' retrieved from /home/vanaprastha/airflow/dags/PART 3/Sensor/sensor_sleep.py
[2024-11-27T11:58:31.162-0500] {logging_mixin.py:190} INFO - [2024-11-27T11:58:31.162-0500] {dag.py:3239} INFO - Sync 1 DAGs
[2024-11-27T11:58:31.174-0500] {logging_mixin.py:190} INFO - [2024-11-27T11:58:31.174-0500] {dag.py:4180} INFO - Setting next_dagrun for sensor_sleep to 2024-11-27 16:57:00+00:00, run_after=2024-11-27 16:58:00+00:00
[2024-11-27T11:58:31.189-0500] {processor.py:208} INFO - Processing /home/vanaprastha/airflow/dags/PART 3/Sensor/sensor_sleep.py took 0.070 seconds
[2024-11-27T11:59:15.729-0500] {processor.py:186} INFO - Started process (PID=29330) to work on /home/vanaprastha/airflow/dags/PART 3/Sensor/sensor_sleep.py
[2024-11-27T11:59:15.747-0500] {processor.py:914} INFO - Processing file /home/vanaprastha/airflow/dags/PART 3/Sensor/sensor_sleep.py for tasks to queue
[2024-11-27T11:59:15.751-0500] {logging_mixin.py:190} INFO - [2024-11-27T11:59:15.750-0500] {dagbag.py:588} INFO - Filling up the DagBag from /home/vanaprastha/airflow/dags/PART 3/Sensor/sensor_sleep.py
[2024-11-27T11:59:15.761-0500] {processor.py:925} INFO - DAG(s) 'sensor_sleep' retrieved from /home/vanaprastha/airflow/dags/PART 3/Sensor/sensor_sleep.py
[2024-11-27T11:59:15.772-0500] {logging_mixin.py:190} INFO - [2024-11-27T11:59:15.772-0500] {dag.py:3239} INFO - Sync 1 DAGs
[2024-11-27T11:59:15.785-0500] {logging_mixin.py:190} INFO - [2024-11-27T11:59:15.785-0500] {dag.py:4180} INFO - Setting next_dagrun for sensor_sleep to 2024-11-27 16:58:00+00:00, run_after=2024-11-27 16:59:00+00:00
[2024-11-27T11:59:15.801-0500] {processor.py:208} INFO - Processing /home/vanaprastha/airflow/dags/PART 3/Sensor/sensor_sleep.py took 0.076 seconds
[2024-11-27T12:00:03.378-0500] {processor.py:186} INFO - Started process (PID=29386) to work on /home/vanaprastha/airflow/dags/PART 3/Sensor/sensor_sleep.py
[2024-11-27T12:00:03.397-0500] {processor.py:914} INFO - Processing file /home/vanaprastha/airflow/dags/PART 3/Sensor/sensor_sleep.py for tasks to queue
[2024-11-27T12:00:03.399-0500] {logging_mixin.py:190} INFO - [2024-11-27T12:00:03.398-0500] {dagbag.py:588} INFO - Filling up the DagBag from /home/vanaprastha/airflow/dags/PART 3/Sensor/sensor_sleep.py
[2024-11-27T12:00:03.409-0500] {processor.py:925} INFO - DAG(s) 'sensor_sleep' retrieved from /home/vanaprastha/airflow/dags/PART 3/Sensor/sensor_sleep.py
[2024-11-27T12:00:03.417-0500] {logging_mixin.py:190} INFO - [2024-11-27T12:00:03.417-0500] {dag.py:3239} INFO - Sync 1 DAGs
[2024-11-27T12:00:03.429-0500] {logging_mixin.py:190} INFO - [2024-11-27T12:00:03.429-0500] {dag.py:4180} INFO - Setting next_dagrun for sensor_sleep to 2024-11-27 16:59:00+00:00, run_after=2024-11-27 17:00:00+00:00
[2024-11-27T12:00:03.445-0500] {processor.py:208} INFO - Processing /home/vanaprastha/airflow/dags/PART 3/Sensor/sensor_sleep.py took 0.070 seconds
[2024-11-27T12:00:50.344-0500] {processor.py:186} INFO - Started process (PID=29522) to work on /home/vanaprastha/airflow/dags/PART 3/Sensor/sensor_sleep.py
[2024-11-27T12:00:50.345-0500] {processor.py:914} INFO - Processing file /home/vanaprastha/airflow/dags/PART 3/Sensor/sensor_sleep.py for tasks to queue
[2024-11-27T12:00:50.347-0500] {logging_mixin.py:190} INFO - [2024-11-27T12:00:50.347-0500] {dagbag.py:588} INFO - Filling up the DagBag from /home/vanaprastha/airflow/dags/PART 3/Sensor/sensor_sleep.py
[2024-11-27T12:00:50.353-0500] {processor.py:925} INFO - DAG(s) 'sensor_sleep' retrieved from /home/vanaprastha/airflow/dags/PART 3/Sensor/sensor_sleep.py
[2024-11-27T12:00:50.361-0500] {logging_mixin.py:190} INFO - [2024-11-27T12:00:50.361-0500] {dag.py:3239} INFO - Sync 1 DAGs
[2024-11-27T12:00:50.373-0500] {logging_mixin.py:190} INFO - [2024-11-27T12:00:50.373-0500] {dag.py:4180} INFO - Setting next_dagrun for sensor_sleep to 2024-11-27 16:59:00+00:00, run_after=2024-11-27 17:00:00+00:00
[2024-11-27T12:00:50.391-0500] {processor.py:208} INFO - Processing /home/vanaprastha/airflow/dags/PART 3/Sensor/sensor_sleep.py took 0.052 seconds
[2024-11-27T12:02:04.319-0500] {processor.py:186} INFO - Started process (PID=29636) to work on /home/vanaprastha/airflow/dags/PART 3/Sensor/sensor_sleep.py
[2024-11-27T12:02:04.320-0500] {processor.py:914} INFO - Processing file /home/vanaprastha/airflow/dags/PART 3/Sensor/sensor_sleep.py for tasks to queue
[2024-11-27T12:02:04.323-0500] {logging_mixin.py:190} INFO - [2024-11-27T12:02:04.323-0500] {dagbag.py:588} INFO - Filling up the DagBag from /home/vanaprastha/airflow/dags/PART 3/Sensor/sensor_sleep.py
[2024-11-27T12:02:04.330-0500] {processor.py:925} INFO - DAG(s) 'sensor_sleep' retrieved from /home/vanaprastha/airflow/dags/PART 3/Sensor/sensor_sleep.py
[2024-11-27T12:02:04.338-0500] {logging_mixin.py:190} INFO - [2024-11-27T12:02:04.338-0500] {dag.py:3239} INFO - Sync 1 DAGs
[2024-11-27T12:02:04.350-0500] {logging_mixin.py:190} INFO - [2024-11-27T12:02:04.350-0500] {dag.py:4180} INFO - Setting next_dagrun for sensor_sleep to 2024-11-27 17:01:00+00:00, run_after=2024-11-27 17:02:00+00:00
[2024-11-27T12:02:04.466-0500] {processor.py:208} INFO - Processing /home/vanaprastha/airflow/dags/PART 3/Sensor/sensor_sleep.py took 0.152 seconds
[2024-11-27T12:02:55.177-0500] {processor.py:186} INFO - Started process (PID=29695) to work on /home/vanaprastha/airflow/dags/PART 3/Sensor/sensor_sleep.py
[2024-11-27T12:02:55.195-0500] {processor.py:914} INFO - Processing file /home/vanaprastha/airflow/dags/PART 3/Sensor/sensor_sleep.py for tasks to queue
[2024-11-27T12:02:55.199-0500] {logging_mixin.py:190} INFO - [2024-11-27T12:02:55.199-0500] {dagbag.py:588} INFO - Filling up the DagBag from /home/vanaprastha/airflow/dags/PART 3/Sensor/sensor_sleep.py
[2024-11-27T12:02:55.209-0500] {processor.py:925} INFO - DAG(s) 'sensor_sleep' retrieved from /home/vanaprastha/airflow/dags/PART 3/Sensor/sensor_sleep.py
[2024-11-27T12:02:55.218-0500] {logging_mixin.py:190} INFO - [2024-11-27T12:02:55.217-0500] {dag.py:3239} INFO - Sync 1 DAGs
[2024-11-27T12:02:55.326-0500] {logging_mixin.py:190} INFO - [2024-11-27T12:02:55.326-0500] {dag.py:4180} INFO - Setting next_dagrun for sensor_sleep to 2024-11-27 17:01:00+00:00, run_after=2024-11-27 17:02:00+00:00
[2024-11-27T12:02:55.361-0500] {processor.py:208} INFO - Processing /home/vanaprastha/airflow/dags/PART 3/Sensor/sensor_sleep.py took 0.188 seconds
[2024-11-27T12:03:20.954-0500] {processor.py:186} INFO - Started process (PID=29801) to work on /home/vanaprastha/airflow/dags/PART 3/Sensor/sensor_sleep.py
[2024-11-27T12:03:20.956-0500] {processor.py:914} INFO - Processing file /home/vanaprastha/airflow/dags/PART 3/Sensor/sensor_sleep.py for tasks to queue
[2024-11-27T12:03:20.959-0500] {logging_mixin.py:190} INFO - [2024-11-27T12:03:20.959-0500] {dagbag.py:588} INFO - Filling up the DagBag from /home/vanaprastha/airflow/dags/PART 3/Sensor/sensor_sleep.py
[2024-11-27T12:03:20.973-0500] {processor.py:925} INFO - DAG(s) 'sensor_sleep' retrieved from /home/vanaprastha/airflow/dags/PART 3/Sensor/sensor_sleep.py
[2024-11-27T12:03:20.992-0500] {logging_mixin.py:190} INFO - [2024-11-27T12:03:20.991-0500] {dag.py:3239} INFO - Sync 1 DAGs
[2024-11-27T12:03:21.006-0500] {logging_mixin.py:190} INFO - [2024-11-27T12:03:21.006-0500] {dag.py:4180} INFO - Setting next_dagrun for sensor_sleep to 2024-11-27 17:02:00+00:00, run_after=2024-11-27 17:03:00+00:00
[2024-11-27T12:03:21.022-0500] {processor.py:208} INFO - Processing /home/vanaprastha/airflow/dags/PART 3/Sensor/sensor_sleep.py took 0.077 seconds
[2024-11-27T12:04:38.802-0500] {processor.py:186} INFO - Started process (PID=30143) to work on /home/vanaprastha/airflow/dags/PART 3/Sensor/sensor_sleep.py
[2024-11-27T12:04:38.820-0500] {processor.py:914} INFO - Processing file /home/vanaprastha/airflow/dags/PART 3/Sensor/sensor_sleep.py for tasks to queue
[2024-11-27T12:04:38.822-0500] {logging_mixin.py:190} INFO - [2024-11-27T12:04:38.821-0500] {dagbag.py:588} INFO - Filling up the DagBag from /home/vanaprastha/airflow/dags/PART 3/Sensor/sensor_sleep.py
[2024-11-27T12:04:38.828-0500] {processor.py:925} INFO - DAG(s) 'sensor_sleep' retrieved from /home/vanaprastha/airflow/dags/PART 3/Sensor/sensor_sleep.py
[2024-11-27T12:04:38.838-0500] {logging_mixin.py:190} INFO - [2024-11-27T12:04:38.838-0500] {dag.py:3239} INFO - Sync 1 DAGs
[2024-11-27T12:04:38.854-0500] {logging_mixin.py:190} INFO - [2024-11-27T12:04:38.853-0500] {dag.py:4180} INFO - Setting next_dagrun for sensor_sleep to 2024-11-27 17:03:00+00:00, run_after=2024-11-27 17:04:00+00:00
[2024-11-27T12:04:38.983-0500] {processor.py:208} INFO - Processing /home/vanaprastha/airflow/dags/PART 3/Sensor/sensor_sleep.py took 0.185 seconds
[2024-11-27T12:05:28.941-0500] {processor.py:186} INFO - Started process (PID=30910) to work on /home/vanaprastha/airflow/dags/PART 3/Sensor/sensor_sleep.py
[2024-11-27T12:05:28.959-0500] {processor.py:914} INFO - Processing file /home/vanaprastha/airflow/dags/PART 3/Sensor/sensor_sleep.py for tasks to queue
[2024-11-27T12:05:28.963-0500] {logging_mixin.py:190} INFO - [2024-11-27T12:05:28.962-0500] {dagbag.py:588} INFO - Filling up the DagBag from /home/vanaprastha/airflow/dags/PART 3/Sensor/sensor_sleep.py
[2024-11-27T12:05:28.972-0500] {processor.py:925} INFO - DAG(s) 'sensor_sleep' retrieved from /home/vanaprastha/airflow/dags/PART 3/Sensor/sensor_sleep.py
[2024-11-27T12:05:28.980-0500] {logging_mixin.py:190} INFO - [2024-11-27T12:05:28.980-0500] {dag.py:3239} INFO - Sync 1 DAGs
[2024-11-27T12:05:29.092-0500] {logging_mixin.py:190} INFO - [2024-11-27T12:05:29.092-0500] {dag.py:4180} INFO - Setting next_dagrun for sensor_sleep to 2024-11-27 17:04:00+00:00, run_after=2024-11-27 17:05:00+00:00
[2024-11-27T12:05:29.128-0500] {processor.py:208} INFO - Processing /home/vanaprastha/airflow/dags/PART 3/Sensor/sensor_sleep.py took 0.190 seconds
[2024-11-27T12:06:19.289-0500] {processor.py:186} INFO - Started process (PID=31041) to work on /home/vanaprastha/airflow/dags/PART 3/Sensor/sensor_sleep.py
[2024-11-27T12:06:19.290-0500] {processor.py:914} INFO - Processing file /home/vanaprastha/airflow/dags/PART 3/Sensor/sensor_sleep.py for tasks to queue
[2024-11-27T12:06:19.291-0500] {logging_mixin.py:190} INFO - [2024-11-27T12:06:19.291-0500] {dagbag.py:588} INFO - Filling up the DagBag from /home/vanaprastha/airflow/dags/PART 3/Sensor/sensor_sleep.py
[2024-11-27T12:06:19.296-0500] {processor.py:925} INFO - DAG(s) 'sensor_sleep' retrieved from /home/vanaprastha/airflow/dags/PART 3/Sensor/sensor_sleep.py
[2024-11-27T12:06:19.304-0500] {logging_mixin.py:190} INFO - [2024-11-27T12:06:19.304-0500] {dag.py:3239} INFO - Sync 1 DAGs
[2024-11-27T12:06:19.315-0500] {logging_mixin.py:190} INFO - [2024-11-27T12:06:19.315-0500] {dag.py:4180} INFO - Setting next_dagrun for sensor_sleep to 2024-11-27 17:05:00+00:00, run_after=2024-11-27 17:06:00+00:00
[2024-11-27T12:06:19.428-0500] {processor.py:208} INFO - Processing /home/vanaprastha/airflow/dags/PART 3/Sensor/sensor_sleep.py took 0.142 seconds
[2024-11-27T12:07:10.473-0500] {processor.py:186} INFO - Started process (PID=31623) to work on /home/vanaprastha/airflow/dags/PART 3/Sensor/sensor_sleep.py
[2024-11-27T12:07:10.474-0500] {processor.py:914} INFO - Processing file /home/vanaprastha/airflow/dags/PART 3/Sensor/sensor_sleep.py for tasks to queue
[2024-11-27T12:07:10.477-0500] {logging_mixin.py:190} INFO - [2024-11-27T12:07:10.477-0500] {dagbag.py:588} INFO - Filling up the DagBag from /home/vanaprastha/airflow/dags/PART 3/Sensor/sensor_sleep.py
[2024-11-27T12:07:10.484-0500] {processor.py:925} INFO - DAG(s) 'sensor_sleep' retrieved from /home/vanaprastha/airflow/dags/PART 3/Sensor/sensor_sleep.py
[2024-11-27T12:07:10.491-0500] {logging_mixin.py:190} INFO - [2024-11-27T12:07:10.491-0500] {dag.py:3239} INFO - Sync 1 DAGs
[2024-11-27T12:07:10.604-0500] {logging_mixin.py:190} INFO - [2024-11-27T12:07:10.604-0500] {dag.py:4180} INFO - Setting next_dagrun for sensor_sleep to 2024-11-27 17:06:00+00:00, run_after=2024-11-27 17:07:00+00:00
[2024-11-27T12:07:10.638-0500] {processor.py:208} INFO - Processing /home/vanaprastha/airflow/dags/PART 3/Sensor/sensor_sleep.py took 0.171 seconds
[2024-11-27T12:08:02.268-0500] {processor.py:186} INFO - Started process (PID=31778) to work on /home/vanaprastha/airflow/dags/PART 3/Sensor/sensor_sleep.py
[2024-11-27T12:08:02.287-0500] {processor.py:914} INFO - Processing file /home/vanaprastha/airflow/dags/PART 3/Sensor/sensor_sleep.py for tasks to queue
[2024-11-27T12:08:02.289-0500] {logging_mixin.py:190} INFO - [2024-11-27T12:08:02.288-0500] {dagbag.py:588} INFO - Filling up the DagBag from /home/vanaprastha/airflow/dags/PART 3/Sensor/sensor_sleep.py
[2024-11-27T12:08:02.295-0500] {processor.py:925} INFO - DAG(s) 'sensor_sleep' retrieved from /home/vanaprastha/airflow/dags/PART 3/Sensor/sensor_sleep.py
[2024-11-27T12:08:02.303-0500] {logging_mixin.py:190} INFO - [2024-11-27T12:08:02.302-0500] {dag.py:3239} INFO - Sync 1 DAGs
[2024-11-27T12:08:02.314-0500] {logging_mixin.py:190} INFO - [2024-11-27T12:08:02.314-0500] {dag.py:4180} INFO - Setting next_dagrun for sensor_sleep to 2024-11-27 17:07:00+00:00, run_after=2024-11-27 17:08:00+00:00
[2024-11-27T12:08:02.331-0500] {processor.py:208} INFO - Processing /home/vanaprastha/airflow/dags/PART 3/Sensor/sensor_sleep.py took 0.071 seconds
[2024-11-27T12:08:52.062-0500] {processor.py:186} INFO - Started process (PID=31861) to work on /home/vanaprastha/airflow/dags/PART 3/Sensor/sensor_sleep.py
[2024-11-27T12:08:52.080-0500] {processor.py:914} INFO - Processing file /home/vanaprastha/airflow/dags/PART 3/Sensor/sensor_sleep.py for tasks to queue
[2024-11-27T12:08:52.082-0500] {logging_mixin.py:190} INFO - [2024-11-27T12:08:52.081-0500] {dagbag.py:588} INFO - Filling up the DagBag from /home/vanaprastha/airflow/dags/PART 3/Sensor/sensor_sleep.py
[2024-11-27T12:08:52.088-0500] {processor.py:925} INFO - DAG(s) 'sensor_sleep' retrieved from /home/vanaprastha/airflow/dags/PART 3/Sensor/sensor_sleep.py
[2024-11-27T12:08:52.097-0500] {logging_mixin.py:190} INFO - [2024-11-27T12:08:52.096-0500] {dag.py:3239} INFO - Sync 1 DAGs
[2024-11-27T12:08:52.109-0500] {logging_mixin.py:190} INFO - [2024-11-27T12:08:52.108-0500] {dag.py:4180} INFO - Setting next_dagrun for sensor_sleep to 2024-11-27 17:07:00+00:00, run_after=2024-11-27 17:08:00+00:00
[2024-11-27T12:08:52.126-0500] {processor.py:208} INFO - Processing /home/vanaprastha/airflow/dags/PART 3/Sensor/sensor_sleep.py took 0.071 seconds
[2024-11-27T12:09:39.484-0500] {processor.py:186} INFO - Started process (PID=31948) to work on /home/vanaprastha/airflow/dags/PART 3/Sensor/sensor_sleep.py
[2024-11-27T12:09:39.485-0500] {processor.py:914} INFO - Processing file /home/vanaprastha/airflow/dags/PART 3/Sensor/sensor_sleep.py for tasks to queue
[2024-11-27T12:09:39.486-0500] {logging_mixin.py:190} INFO - [2024-11-27T12:09:39.486-0500] {dagbag.py:588} INFO - Filling up the DagBag from /home/vanaprastha/airflow/dags/PART 3/Sensor/sensor_sleep.py
[2024-11-27T12:09:39.491-0500] {processor.py:925} INFO - DAG(s) 'sensor_sleep' retrieved from /home/vanaprastha/airflow/dags/PART 3/Sensor/sensor_sleep.py
[2024-11-27T12:09:39.499-0500] {logging_mixin.py:190} INFO - [2024-11-27T12:09:39.499-0500] {dag.py:3239} INFO - Sync 1 DAGs
[2024-11-27T12:09:39.510-0500] {logging_mixin.py:190} INFO - [2024-11-27T12:09:39.510-0500] {dag.py:4180} INFO - Setting next_dagrun for sensor_sleep to 2024-11-27 17:08:00+00:00, run_after=2024-11-27 17:09:00+00:00
[2024-11-27T12:09:39.526-0500] {processor.py:208} INFO - Processing /home/vanaprastha/airflow/dags/PART 3/Sensor/sensor_sleep.py took 0.045 seconds
[2024-11-27T12:10:25.021-0500] {processor.py:186} INFO - Started process (PID=32040) to work on /home/vanaprastha/airflow/dags/PART 3/Sensor/sensor_sleep.py
[2024-11-27T12:10:25.041-0500] {processor.py:914} INFO - Processing file /home/vanaprastha/airflow/dags/PART 3/Sensor/sensor_sleep.py for tasks to queue
[2024-11-27T12:10:25.044-0500] {logging_mixin.py:190} INFO - [2024-11-27T12:10:25.043-0500] {dagbag.py:588} INFO - Filling up the DagBag from /home/vanaprastha/airflow/dags/PART 3/Sensor/sensor_sleep.py
[2024-11-27T12:10:25.055-0500] {processor.py:925} INFO - DAG(s) 'sensor_sleep' retrieved from /home/vanaprastha/airflow/dags/PART 3/Sensor/sensor_sleep.py
[2024-11-27T12:10:25.064-0500] {logging_mixin.py:190} INFO - [2024-11-27T12:10:25.064-0500] {dag.py:3239} INFO - Sync 1 DAGs
[2024-11-27T12:10:25.078-0500] {logging_mixin.py:190} INFO - [2024-11-27T12:10:25.078-0500] {dag.py:4180} INFO - Setting next_dagrun for sensor_sleep to 2024-11-27 17:09:00+00:00, run_after=2024-11-27 17:10:00+00:00
[2024-11-27T12:10:25.094-0500] {processor.py:208} INFO - Processing /home/vanaprastha/airflow/dags/PART 3/Sensor/sensor_sleep.py took 0.078 seconds
[2024-11-27T12:11:09.218-0500] {processor.py:186} INFO - Started process (PID=32092) to work on /home/vanaprastha/airflow/dags/PART 3/Sensor/sensor_sleep.py
[2024-11-27T12:11:09.242-0500] {processor.py:914} INFO - Processing file /home/vanaprastha/airflow/dags/PART 3/Sensor/sensor_sleep.py for tasks to queue
[2024-11-27T12:11:09.244-0500] {logging_mixin.py:190} INFO - [2024-11-27T12:11:09.244-0500] {dagbag.py:588} INFO - Filling up the DagBag from /home/vanaprastha/airflow/dags/PART 3/Sensor/sensor_sleep.py
[2024-11-27T12:11:09.251-0500] {processor.py:925} INFO - DAG(s) 'sensor_sleep' retrieved from /home/vanaprastha/airflow/dags/PART 3/Sensor/sensor_sleep.py
[2024-11-27T12:11:09.267-0500] {logging_mixin.py:190} INFO - [2024-11-27T12:11:09.266-0500] {dag.py:3239} INFO - Sync 1 DAGs
[2024-11-27T12:11:09.287-0500] {logging_mixin.py:190} INFO - [2024-11-27T12:11:09.287-0500] {dag.py:4180} INFO - Setting next_dagrun for sensor_sleep to 2024-11-27 17:10:00+00:00, run_after=2024-11-27 17:11:00+00:00
[2024-11-27T12:11:09.308-0500] {processor.py:208} INFO - Processing /home/vanaprastha/airflow/dags/PART 3/Sensor/sensor_sleep.py took 0.093 seconds
[2024-11-27T12:11:54.439-0500] {processor.py:186} INFO - Started process (PID=32186) to work on /home/vanaprastha/airflow/dags/PART 3/Sensor/sensor_sleep.py
[2024-11-27T12:11:54.459-0500] {processor.py:914} INFO - Processing file /home/vanaprastha/airflow/dags/PART 3/Sensor/sensor_sleep.py for tasks to queue
[2024-11-27T12:11:54.462-0500] {logging_mixin.py:190} INFO - [2024-11-27T12:11:54.461-0500] {dagbag.py:588} INFO - Filling up the DagBag from /home/vanaprastha/airflow/dags/PART 3/Sensor/sensor_sleep.py
[2024-11-27T12:11:54.473-0500] {processor.py:925} INFO - DAG(s) 'sensor_sleep' retrieved from /home/vanaprastha/airflow/dags/PART 3/Sensor/sensor_sleep.py
[2024-11-27T12:11:54.482-0500] {logging_mixin.py:190} INFO - [2024-11-27T12:11:54.482-0500] {dag.py:3239} INFO - Sync 1 DAGs
[2024-11-27T12:11:54.494-0500] {logging_mixin.py:190} INFO - [2024-11-27T12:11:54.494-0500] {dag.py:4180} INFO - Setting next_dagrun for sensor_sleep to 2024-11-27 17:10:00+00:00, run_after=2024-11-27 17:11:00+00:00
[2024-11-27T12:11:54.511-0500] {processor.py:208} INFO - Processing /home/vanaprastha/airflow/dags/PART 3/Sensor/sensor_sleep.py took 0.077 seconds
[2024-11-27T12:12:39.047-0500] {processor.py:186} INFO - Started process (PID=32243) to work on /home/vanaprastha/airflow/dags/PART 3/Sensor/sensor_sleep.py
[2024-11-27T12:12:39.066-0500] {processor.py:914} INFO - Processing file /home/vanaprastha/airflow/dags/PART 3/Sensor/sensor_sleep.py for tasks to queue
[2024-11-27T12:12:39.068-0500] {logging_mixin.py:190} INFO - [2024-11-27T12:12:39.067-0500] {dagbag.py:588} INFO - Filling up the DagBag from /home/vanaprastha/airflow/dags/PART 3/Sensor/sensor_sleep.py
[2024-11-27T12:12:39.075-0500] {processor.py:925} INFO - DAG(s) 'sensor_sleep' retrieved from /home/vanaprastha/airflow/dags/PART 3/Sensor/sensor_sleep.py
[2024-11-27T12:12:39.086-0500] {logging_mixin.py:190} INFO - [2024-11-27T12:12:39.086-0500] {dag.py:3239} INFO - Sync 1 DAGs
[2024-11-27T12:12:39.101-0500] {logging_mixin.py:190} INFO - [2024-11-27T12:12:39.101-0500] {dag.py:4180} INFO - Setting next_dagrun for sensor_sleep to 2024-11-27 17:11:00+00:00, run_after=2024-11-27 17:12:00+00:00
[2024-11-27T12:12:39.119-0500] {processor.py:208} INFO - Processing /home/vanaprastha/airflow/dags/PART 3/Sensor/sensor_sleep.py took 0.075 seconds
[2024-11-27T12:13:23.859-0500] {processor.py:186} INFO - Started process (PID=32297) to work on /home/vanaprastha/airflow/dags/PART 3/Sensor/sensor_sleep.py
[2024-11-27T12:13:23.878-0500] {processor.py:914} INFO - Processing file /home/vanaprastha/airflow/dags/PART 3/Sensor/sensor_sleep.py for tasks to queue
[2024-11-27T12:13:23.879-0500] {logging_mixin.py:190} INFO - [2024-11-27T12:13:23.879-0500] {dagbag.py:588} INFO - Filling up the DagBag from /home/vanaprastha/airflow/dags/PART 3/Sensor/sensor_sleep.py
[2024-11-27T12:13:23.888-0500] {processor.py:925} INFO - DAG(s) 'sensor_sleep' retrieved from /home/vanaprastha/airflow/dags/PART 3/Sensor/sensor_sleep.py
[2024-11-27T12:13:23.896-0500] {logging_mixin.py:190} INFO - [2024-11-27T12:13:23.896-0500] {dag.py:3239} INFO - Sync 1 DAGs
[2024-11-27T12:13:23.909-0500] {logging_mixin.py:190} INFO - [2024-11-27T12:13:23.909-0500] {dag.py:4180} INFO - Setting next_dagrun for sensor_sleep to 2024-11-27 17:12:00+00:00, run_after=2024-11-27 17:13:00+00:00
[2024-11-27T12:13:23.926-0500] {processor.py:208} INFO - Processing /home/vanaprastha/airflow/dags/PART 3/Sensor/sensor_sleep.py took 0.070 seconds
[2024-11-27T12:13:54.734-0500] {processor.py:186} INFO - Started process (PID=32408) to work on /home/vanaprastha/airflow/dags/PART 3/Sensor/sensor_sleep.py
[2024-11-27T12:13:54.735-0500] {processor.py:914} INFO - Processing file /home/vanaprastha/airflow/dags/PART 3/Sensor/sensor_sleep.py for tasks to queue
[2024-11-27T12:13:54.736-0500] {logging_mixin.py:190} INFO - [2024-11-27T12:13:54.736-0500] {dagbag.py:588} INFO - Filling up the DagBag from /home/vanaprastha/airflow/dags/PART 3/Sensor/sensor_sleep.py
[2024-11-27T12:13:54.742-0500] {processor.py:925} INFO - DAG(s) 'sensor_sleep' retrieved from /home/vanaprastha/airflow/dags/PART 3/Sensor/sensor_sleep.py
[2024-11-27T12:13:54.752-0500] {logging_mixin.py:190} INFO - [2024-11-27T12:13:54.752-0500] {dag.py:3239} INFO - Sync 1 DAGs
[2024-11-27T12:13:54.765-0500] {logging_mixin.py:190} INFO - [2024-11-27T12:13:54.765-0500] {dag.py:4180} INFO - Setting next_dagrun for sensor_sleep to 2024-11-27 17:12:00+00:00, run_after=2024-11-27 17:13:00+00:00
[2024-11-27T12:13:54.784-0500] {processor.py:208} INFO - Processing /home/vanaprastha/airflow/dags/PART 3/Sensor/sensor_sleep.py took 0.052 seconds
[2024-11-27T12:15:22.789-0500] {processor.py:186} INFO - Started process (PID=32547) to work on /home/vanaprastha/airflow/dags/PART 3/Sensor/sensor_sleep.py
[2024-11-27T12:15:22.807-0500] {processor.py:914} INFO - Processing file /home/vanaprastha/airflow/dags/PART 3/Sensor/sensor_sleep.py for tasks to queue
[2024-11-27T12:15:22.810-0500] {logging_mixin.py:190} INFO - [2024-11-27T12:15:22.810-0500] {dagbag.py:588} INFO - Filling up the DagBag from /home/vanaprastha/airflow/dags/PART 3/Sensor/sensor_sleep.py
[2024-11-27T12:15:22.823-0500] {processor.py:925} INFO - DAG(s) 'sensor_sleep' retrieved from /home/vanaprastha/airflow/dags/PART 3/Sensor/sensor_sleep.py
[2024-11-27T12:15:22.835-0500] {logging_mixin.py:190} INFO - [2024-11-27T12:15:22.835-0500] {dag.py:3239} INFO - Sync 1 DAGs
[2024-11-27T12:15:22.850-0500] {logging_mixin.py:190} INFO - [2024-11-27T12:15:22.850-0500] {dag.py:4180} INFO - Setting next_dagrun for sensor_sleep to 2024-11-27 17:14:00+00:00, run_after=2024-11-27 17:15:00+00:00
[2024-11-27T12:15:23.003-0500] {processor.py:208} INFO - Processing /home/vanaprastha/airflow/dags/PART 3/Sensor/sensor_sleep.py took 0.220 seconds
[2024-11-27T12:16:28.417-0500] {processor.py:186} INFO - Started process (PID=32629) to work on /home/vanaprastha/airflow/dags/PART 3/Sensor/sensor_sleep.py
[2024-11-27T12:16:28.436-0500] {processor.py:914} INFO - Processing file /home/vanaprastha/airflow/dags/PART 3/Sensor/sensor_sleep.py for tasks to queue
[2024-11-27T12:16:28.439-0500] {logging_mixin.py:190} INFO - [2024-11-27T12:16:28.439-0500] {dagbag.py:588} INFO - Filling up the DagBag from /home/vanaprastha/airflow/dags/PART 3/Sensor/sensor_sleep.py
[2024-11-27T12:16:28.448-0500] {processor.py:925} INFO - DAG(s) 'sensor_sleep' retrieved from /home/vanaprastha/airflow/dags/PART 3/Sensor/sensor_sleep.py
[2024-11-27T12:16:28.457-0500] {logging_mixin.py:190} INFO - [2024-11-27T12:16:28.457-0500] {dag.py:3239} INFO - Sync 1 DAGs
[2024-11-27T12:16:28.468-0500] {logging_mixin.py:190} INFO - [2024-11-27T12:16:28.468-0500] {dag.py:4180} INFO - Setting next_dagrun for sensor_sleep to 2024-11-27 17:15:00+00:00, run_after=2024-11-27 17:16:00+00:00
[2024-11-27T12:16:28.484-0500] {processor.py:208} INFO - Processing /home/vanaprastha/airflow/dags/PART 3/Sensor/sensor_sleep.py took 0.069 seconds
[2024-11-27T12:17:26.471-0500] {processor.py:186} INFO - Started process (PID=32702) to work on /home/vanaprastha/airflow/dags/PART 3/Sensor/sensor_sleep.py
[2024-11-27T12:17:26.490-0500] {processor.py:914} INFO - Processing file /home/vanaprastha/airflow/dags/PART 3/Sensor/sensor_sleep.py for tasks to queue
[2024-11-27T12:17:26.492-0500] {logging_mixin.py:190} INFO - [2024-11-27T12:17:26.492-0500] {dagbag.py:588} INFO - Filling up the DagBag from /home/vanaprastha/airflow/dags/PART 3/Sensor/sensor_sleep.py
[2024-11-27T12:17:26.499-0500] {processor.py:925} INFO - DAG(s) 'sensor_sleep' retrieved from /home/vanaprastha/airflow/dags/PART 3/Sensor/sensor_sleep.py
[2024-11-27T12:17:26.508-0500] {logging_mixin.py:190} INFO - [2024-11-27T12:17:26.507-0500] {dag.py:3239} INFO - Sync 1 DAGs
[2024-11-27T12:17:26.627-0500] {logging_mixin.py:190} INFO - [2024-11-27T12:17:26.627-0500] {dag.py:4180} INFO - Setting next_dagrun for sensor_sleep to 2024-11-27 17:16:00+00:00, run_after=2024-11-27 17:17:00+00:00
[2024-11-27T12:17:26.662-0500] {processor.py:208} INFO - Processing /home/vanaprastha/airflow/dags/PART 3/Sensor/sensor_sleep.py took 0.195 seconds
[2024-11-27T12:17:51.757-0500] {processor.py:186} INFO - Started process (PID=32807) to work on /home/vanaprastha/airflow/dags/PART 3/Sensor/sensor_sleep.py
[2024-11-27T12:17:51.758-0500] {processor.py:914} INFO - Processing file /home/vanaprastha/airflow/dags/PART 3/Sensor/sensor_sleep.py for tasks to queue
[2024-11-27T12:17:51.759-0500] {logging_mixin.py:190} INFO - [2024-11-27T12:17:51.759-0500] {dagbag.py:588} INFO - Filling up the DagBag from /home/vanaprastha/airflow/dags/PART 3/Sensor/sensor_sleep.py
[2024-11-27T12:17:51.766-0500] {processor.py:925} INFO - DAG(s) 'sensor_sleep' retrieved from /home/vanaprastha/airflow/dags/PART 3/Sensor/sensor_sleep.py
[2024-11-27T12:17:51.774-0500] {logging_mixin.py:190} INFO - [2024-11-27T12:17:51.774-0500] {dag.py:3239} INFO - Sync 1 DAGs
[2024-11-27T12:17:51.787-0500] {logging_mixin.py:190} INFO - [2024-11-27T12:17:51.787-0500] {dag.py:4180} INFO - Setting next_dagrun for sensor_sleep to 2024-11-27 17:16:00+00:00, run_after=2024-11-27 17:17:00+00:00
[2024-11-27T12:17:51.806-0500] {processor.py:208} INFO - Processing /home/vanaprastha/airflow/dags/PART 3/Sensor/sensor_sleep.py took 0.052 seconds
[2024-11-27T12:19:29.261-0500] {processor.py:186} INFO - Started process (PID=32970) to work on /home/vanaprastha/airflow/dags/PART 3/Sensor/sensor_sleep.py
[2024-11-27T12:19:29.261-0500] {processor.py:914} INFO - Processing file /home/vanaprastha/airflow/dags/PART 3/Sensor/sensor_sleep.py for tasks to queue
[2024-11-27T12:19:29.263-0500] {logging_mixin.py:190} INFO - [2024-11-27T12:19:29.262-0500] {dagbag.py:588} INFO - Filling up the DagBag from /home/vanaprastha/airflow/dags/PART 3/Sensor/sensor_sleep.py
[2024-11-27T12:19:29.269-0500] {processor.py:925} INFO - DAG(s) 'sensor_sleep' retrieved from /home/vanaprastha/airflow/dags/PART 3/Sensor/sensor_sleep.py
[2024-11-27T12:19:29.280-0500] {logging_mixin.py:190} INFO - [2024-11-27T12:19:29.279-0500] {dag.py:3239} INFO - Sync 1 DAGs
[2024-11-27T12:19:29.303-0500] {logging_mixin.py:190} INFO - [2024-11-27T12:19:29.302-0500] {dag.py:4180} INFO - Setting next_dagrun for sensor_sleep to 2024-11-27 17:18:00+00:00, run_after=2024-11-27 17:19:00+00:00
[2024-11-27T12:19:29.487-0500] {processor.py:208} INFO - Processing /home/vanaprastha/airflow/dags/PART 3/Sensor/sensor_sleep.py took 0.230 seconds
[2024-11-27T12:20:40.256-0500] {processor.py:186} INFO - Started process (PID=33054) to work on /home/vanaprastha/airflow/dags/PART 3/Sensor/sensor_sleep.py
[2024-11-27T12:20:40.258-0500] {processor.py:914} INFO - Processing file /home/vanaprastha/airflow/dags/PART 3/Sensor/sensor_sleep.py for tasks to queue
[2024-11-27T12:20:40.260-0500] {logging_mixin.py:190} INFO - [2024-11-27T12:20:40.260-0500] {dagbag.py:588} INFO - Filling up the DagBag from /home/vanaprastha/airflow/dags/PART 3/Sensor/sensor_sleep.py
[2024-11-27T12:20:40.267-0500] {processor.py:925} INFO - DAG(s) 'sensor_sleep' retrieved from /home/vanaprastha/airflow/dags/PART 3/Sensor/sensor_sleep.py
[2024-11-27T12:20:40.275-0500] {logging_mixin.py:190} INFO - [2024-11-27T12:20:40.275-0500] {dag.py:3239} INFO - Sync 1 DAGs
[2024-11-27T12:20:40.287-0500] {logging_mixin.py:190} INFO - [2024-11-27T12:20:40.287-0500] {dag.py:4180} INFO - Setting next_dagrun for sensor_sleep to 2024-11-27 17:19:00+00:00, run_after=2024-11-27 17:20:00+00:00
[2024-11-27T12:20:40.303-0500] {processor.py:208} INFO - Processing /home/vanaprastha/airflow/dags/PART 3/Sensor/sensor_sleep.py took 0.054 seconds
