[2024-11-27T12:34:03.041-0500] {local_task_job_runner.py:123} INFO - ::group::Pre task execution logs
[2024-11-27T12:34:03.046-0500] {taskinstance.py:2613} INFO - Dependencies all met for dep_context=non-requeueable deps ti=<TaskInstance: sensor_dag.wait_current_dag scheduled__2024-11-27T17:27:00+00:00 [queued]>
[2024-11-27T12:34:03.050-0500] {taskinstance.py:2613} INFO - Dependencies all met for dep_context=requeueable deps ti=<TaskInstance: sensor_dag.wait_current_dag scheduled__2024-11-27T17:27:00+00:00 [queued]>
[2024-11-27T12:34:03.050-0500] {taskinstance.py:2866} INFO - Starting attempt 2 of 1
[2024-11-27T12:34:03.061-0500] {taskinstance.py:2889} INFO - Executing <Task(ExternalTaskSensor): wait_current_dag> on 2024-11-27 17:27:00+00:00
[2024-11-27T12:34:03.067-0500] {standard_task_runner.py:104} INFO - Running: ['airflow', 'tasks', 'run', 'sensor_dag', 'wait_current_dag', 'scheduled__2024-11-27T17:27:00+00:00', '--job-id', '80', '--raw', '--subdir', 'DAGS_FOLDER/PART 3/Sensor/sensor_dag.py', '--cfg-path', '/tmp/tmp8182pepa']
[2024-11-27T12:34:03.068-0500] {logging_mixin.py:190} WARNING - /home/vanaprastha/anaconda3/lib/python3.12/site-packages/airflow/task/task_runner/standard_task_runner.py:70 DeprecationWarning: This process (pid=34052) is multi-threaded, use of fork() may lead to deadlocks in the child.
[2024-11-27T12:34:03.068-0500] {standard_task_runner.py:105} INFO - Job 80: Subtask wait_current_dag
[2024-11-27T12:34:03.068-0500] {standard_task_runner.py:72} INFO - Started process 34059 to run task
[2024-11-27T12:34:03.102-0500] {task_command.py:467} INFO - Running <TaskInstance: sensor_dag.wait_current_dag scheduled__2024-11-27T17:27:00+00:00 [running]> on host VanaPrastha
[2024-11-27T12:34:03.151-0500] {taskinstance.py:3132} INFO - Exporting env vars: AIRFLOW_CTX_DAG_OWNER='airflow' AIRFLOW_CTX_DAG_ID='sensor_dag' AIRFLOW_CTX_TASK_ID='wait_current_dag' AIRFLOW_CTX_EXECUTION_DATE='2024-11-27T17:27:00+00:00' AIRFLOW_CTX_TRY_NUMBER='2' AIRFLOW_CTX_DAG_RUN_ID='scheduled__2024-11-27T17:27:00+00:00'
[2024-11-27T12:34:03.152-0500] {logging_mixin.py:190} INFO - Task instance is in running state
[2024-11-27T12:34:03.152-0500] {logging_mixin.py:190} INFO -  Previous state of the Task instance: queued
[2024-11-27T12:34:03.152-0500] {logging_mixin.py:190} INFO - Current task name:wait_current_dag state:running start_date:2024-11-27 17:34:03.046942+00:00
[2024-11-27T12:34:03.152-0500] {logging_mixin.py:190} INFO - Dag name:sensor_dag and current dag run status:running
[2024-11-27T12:34:03.153-0500] {taskinstance.py:731} INFO - ::endgroup::
[2024-11-27T12:34:03.153-0500] {baseoperator.py:416} WARNING - ExternalTaskSensor.execute cannot be called outside TaskInstance!
[2024-11-27T12:34:03.153-0500] {external_task.py:258} INFO - Poking for tasks ['end_task'] in dag sensor_sleep on 2024-11-27T17:27:00+00:00 ... 
[2024-11-27T12:34:03.155-0500] {logging_mixin.py:190} WARNING - /home/vanaprastha/anaconda3/lib/python3.12/site-packages/airflow/utils/session.py:97 DeprecationWarning: This method is deprecated and will be removed in future.
[2024-11-27T12:34:08.158-0500] {external_task.py:258} INFO - Poking for tasks ['end_task'] in dag sensor_sleep on 2024-11-27T17:27:00+00:00 ... 
[2024-11-27T12:34:13.163-0500] {external_task.py:258} INFO - Poking for tasks ['end_task'] in dag sensor_sleep on 2024-11-27T17:27:00+00:00 ... 
[2024-11-27T12:34:18.167-0500] {external_task.py:258} INFO - Poking for tasks ['end_task'] in dag sensor_sleep on 2024-11-27T17:27:00+00:00 ... 
[2024-11-27T12:34:23.192-0500] {external_task.py:258} INFO - Poking for tasks ['end_task'] in dag sensor_sleep on 2024-11-27T17:27:00+00:00 ... 
[2024-11-27T12:34:28.199-0500] {external_task.py:258} INFO - Poking for tasks ['end_task'] in dag sensor_sleep on 2024-11-27T17:27:00+00:00 ... 
[2024-11-27T12:34:33.206-0500] {external_task.py:258} INFO - Poking for tasks ['end_task'] in dag sensor_sleep on 2024-11-27T17:27:00+00:00 ... 
[2024-11-27T12:34:38.209-0500] {external_task.py:258} INFO - Poking for tasks ['end_task'] in dag sensor_sleep on 2024-11-27T17:27:00+00:00 ... 
[2024-11-27T12:34:43.214-0500] {external_task.py:258} INFO - Poking for tasks ['end_task'] in dag sensor_sleep on 2024-11-27T17:27:00+00:00 ... 
[2024-11-27T12:34:48.219-0500] {external_task.py:258} INFO - Poking for tasks ['end_task'] in dag sensor_sleep on 2024-11-27T17:27:00+00:00 ... 
[2024-11-27T12:34:53.224-0500] {external_task.py:258} INFO - Poking for tasks ['end_task'] in dag sensor_sleep on 2024-11-27T17:27:00+00:00 ... 
[2024-11-27T12:34:58.227-0500] {external_task.py:258} INFO - Poking for tasks ['end_task'] in dag sensor_sleep on 2024-11-27T17:27:00+00:00 ... 
[2024-11-27T12:35:03.233-0500] {external_task.py:258} INFO - Poking for tasks ['end_task'] in dag sensor_sleep on 2024-11-27T17:27:00+00:00 ... 
[2024-11-27T12:35:08.245-0500] {external_task.py:258} INFO - Poking for tasks ['end_task'] in dag sensor_sleep on 2024-11-27T17:27:00+00:00 ... 
[2024-11-27T12:35:13.251-0500] {external_task.py:258} INFO - Poking for tasks ['end_task'] in dag sensor_sleep on 2024-11-27T17:27:00+00:00 ... 
[2024-11-27T12:35:18.260-0500] {external_task.py:258} INFO - Poking for tasks ['end_task'] in dag sensor_sleep on 2024-11-27T17:27:00+00:00 ... 
[2024-11-27T12:35:23.269-0500] {external_task.py:258} INFO - Poking for tasks ['end_task'] in dag sensor_sleep on 2024-11-27T17:27:00+00:00 ... 
[2024-11-27T12:35:28.275-0500] {external_task.py:258} INFO - Poking for tasks ['end_task'] in dag sensor_sleep on 2024-11-27T17:27:00+00:00 ... 
[2024-11-27T12:35:33.280-0500] {external_task.py:258} INFO - Poking for tasks ['end_task'] in dag sensor_sleep on 2024-11-27T17:27:00+00:00 ... 
[2024-11-27T12:35:38.284-0500] {external_task.py:258} INFO - Poking for tasks ['end_task'] in dag sensor_sleep on 2024-11-27T17:27:00+00:00 ... 
[2024-11-27T12:35:43.295-0500] {external_task.py:258} INFO - Poking for tasks ['end_task'] in dag sensor_sleep on 2024-11-27T17:27:00+00:00 ... 
[2024-11-27T12:35:48.300-0500] {external_task.py:258} INFO - Poking for tasks ['end_task'] in dag sensor_sleep on 2024-11-27T17:27:00+00:00 ... 
[2024-11-27T12:35:53.304-0500] {external_task.py:258} INFO - Poking for tasks ['end_task'] in dag sensor_sleep on 2024-11-27T17:27:00+00:00 ... 
[2024-11-27T12:35:58.307-0500] {external_task.py:258} INFO - Poking for tasks ['end_task'] in dag sensor_sleep on 2024-11-27T17:27:00+00:00 ... 
[2024-11-27T12:36:03.313-0500] {external_task.py:258} INFO - Poking for tasks ['end_task'] in dag sensor_sleep on 2024-11-27T17:27:00+00:00 ... 
[2024-11-27T12:36:08.319-0500] {external_task.py:258} INFO - Poking for tasks ['end_task'] in dag sensor_sleep on 2024-11-27T17:27:00+00:00 ... 
[2024-11-27T12:36:13.323-0500] {external_task.py:258} INFO - Poking for tasks ['end_task'] in dag sensor_sleep on 2024-11-27T17:27:00+00:00 ... 
[2024-11-27T12:36:18.328-0500] {external_task.py:258} INFO - Poking for tasks ['end_task'] in dag sensor_sleep on 2024-11-27T17:27:00+00:00 ... 
[2024-11-27T12:36:23.365-0500] {external_task.py:258} INFO - Poking for tasks ['end_task'] in dag sensor_sleep on 2024-11-27T17:27:00+00:00 ... 
[2024-11-27T12:36:28.372-0500] {external_task.py:258} INFO - Poking for tasks ['end_task'] in dag sensor_sleep on 2024-11-27T17:27:00+00:00 ... 
[2024-11-27T12:36:33.396-0500] {external_task.py:258} INFO - Poking for tasks ['end_task'] in dag sensor_sleep on 2024-11-27T17:27:00+00:00 ... 
[2024-11-27T12:36:38.401-0500] {external_task.py:258} INFO - Poking for tasks ['end_task'] in dag sensor_sleep on 2024-11-27T17:27:00+00:00 ... 
[2024-11-27T12:36:43.406-0500] {external_task.py:258} INFO - Poking for tasks ['end_task'] in dag sensor_sleep on 2024-11-27T17:27:00+00:00 ... 
[2024-11-27T12:36:48.411-0500] {external_task.py:258} INFO - Poking for tasks ['end_task'] in dag sensor_sleep on 2024-11-27T17:27:00+00:00 ... 
[2024-11-27T12:36:53.450-0500] {external_task.py:258} INFO - Poking for tasks ['end_task'] in dag sensor_sleep on 2024-11-27T17:27:00+00:00 ... 
[2024-11-27T12:36:58.473-0500] {external_task.py:258} INFO - Poking for tasks ['end_task'] in dag sensor_sleep on 2024-11-27T17:27:00+00:00 ... 
[2024-11-27T12:37:03.477-0500] {external_task.py:258} INFO - Poking for tasks ['end_task'] in dag sensor_sleep on 2024-11-27T17:27:00+00:00 ... 
[2024-11-27T12:37:08.484-0500] {external_task.py:258} INFO - Poking for tasks ['end_task'] in dag sensor_sleep on 2024-11-27T17:27:00+00:00 ... 
[2024-11-27T12:37:13.490-0500] {external_task.py:258} INFO - Poking for tasks ['end_task'] in dag sensor_sleep on 2024-11-27T17:27:00+00:00 ... 
[2024-11-27T12:37:18.494-0500] {external_task.py:258} INFO - Poking for tasks ['end_task'] in dag sensor_sleep on 2024-11-27T17:27:00+00:00 ... 
[2024-11-27T12:37:23.499-0500] {external_task.py:258} INFO - Poking for tasks ['end_task'] in dag sensor_sleep on 2024-11-27T17:27:00+00:00 ... 
[2024-11-27T12:37:28.504-0500] {external_task.py:258} INFO - Poking for tasks ['end_task'] in dag sensor_sleep on 2024-11-27T17:27:00+00:00 ... 
[2024-11-27T12:37:33.507-0500] {external_task.py:258} INFO - Poking for tasks ['end_task'] in dag sensor_sleep on 2024-11-27T17:27:00+00:00 ... 
[2024-11-27T12:37:38.512-0500] {external_task.py:258} INFO - Poking for tasks ['end_task'] in dag sensor_sleep on 2024-11-27T17:27:00+00:00 ... 
[2024-11-27T12:37:43.517-0500] {external_task.py:258} INFO - Poking for tasks ['end_task'] in dag sensor_sleep on 2024-11-27T17:27:00+00:00 ... 
[2024-11-27T12:37:48.523-0500] {external_task.py:258} INFO - Poking for tasks ['end_task'] in dag sensor_sleep on 2024-11-27T17:27:00+00:00 ... 
[2024-11-27T12:37:53.528-0500] {external_task.py:258} INFO - Poking for tasks ['end_task'] in dag sensor_sleep on 2024-11-27T17:27:00+00:00 ... 
[2024-11-27T12:37:58.533-0500] {external_task.py:258} INFO - Poking for tasks ['end_task'] in dag sensor_sleep on 2024-11-27T17:27:00+00:00 ... 
[2024-11-27T12:38:03.539-0500] {external_task.py:258} INFO - Poking for tasks ['end_task'] in dag sensor_sleep on 2024-11-27T17:27:00+00:00 ... 
[2024-11-27T12:38:08.544-0500] {external_task.py:258} INFO - Poking for tasks ['end_task'] in dag sensor_sleep on 2024-11-27T17:27:00+00:00 ... 
[2024-11-27T12:38:13.550-0500] {external_task.py:258} INFO - Poking for tasks ['end_task'] in dag sensor_sleep on 2024-11-27T17:27:00+00:00 ... 
[2024-11-27T12:38:18.559-0500] {external_task.py:258} INFO - Poking for tasks ['end_task'] in dag sensor_sleep on 2024-11-27T17:27:00+00:00 ... 
[2024-11-27T12:38:23.566-0500] {external_task.py:258} INFO - Poking for tasks ['end_task'] in dag sensor_sleep on 2024-11-27T17:27:00+00:00 ... 
[2024-11-27T12:38:28.571-0500] {external_task.py:258} INFO - Poking for tasks ['end_task'] in dag sensor_sleep on 2024-11-27T17:27:00+00:00 ... 
[2024-11-27T12:38:33.580-0500] {external_task.py:258} INFO - Poking for tasks ['end_task'] in dag sensor_sleep on 2024-11-27T17:27:00+00:00 ... 
[2024-11-27T12:38:38.641-0500] {external_task.py:258} INFO - Poking for tasks ['end_task'] in dag sensor_sleep on 2024-11-27T17:27:00+00:00 ... 
[2024-11-27T12:38:43.729-0500] {external_task.py:258} INFO - Poking for tasks ['end_task'] in dag sensor_sleep on 2024-11-27T17:27:00+00:00 ... 
[2024-11-27T12:38:48.795-0500] {external_task.py:258} INFO - Poking for tasks ['end_task'] in dag sensor_sleep on 2024-11-27T17:27:00+00:00 ... 
[2024-11-27T12:38:53.929-0500] {external_task.py:258} INFO - Poking for tasks ['end_task'] in dag sensor_sleep on 2024-11-27T17:27:00+00:00 ... 
[2024-11-27T12:38:58.932-0500] {external_task.py:258} INFO - Poking for tasks ['end_task'] in dag sensor_sleep on 2024-11-27T17:27:00+00:00 ... 
[2024-11-27T12:39:03.936-0500] {external_task.py:258} INFO - Poking for tasks ['end_task'] in dag sensor_sleep on 2024-11-27T17:27:00+00:00 ... 
[2024-11-27T12:39:08.940-0500] {external_task.py:258} INFO - Poking for tasks ['end_task'] in dag sensor_sleep on 2024-11-27T17:27:00+00:00 ... 
[2024-11-27T12:39:13.945-0500] {external_task.py:258} INFO - Poking for tasks ['end_task'] in dag sensor_sleep on 2024-11-27T17:27:00+00:00 ... 
[2024-11-27T12:39:18.949-0500] {external_task.py:258} INFO - Poking for tasks ['end_task'] in dag sensor_sleep on 2024-11-27T17:27:00+00:00 ... 
[2024-11-27T12:39:23.954-0500] {external_task.py:258} INFO - Poking for tasks ['end_task'] in dag sensor_sleep on 2024-11-27T17:27:00+00:00 ... 
[2024-11-27T12:39:28.960-0500] {external_task.py:258} INFO - Poking for tasks ['end_task'] in dag sensor_sleep on 2024-11-27T17:27:00+00:00 ... 
[2024-11-27T12:39:33.984-0500] {external_task.py:258} INFO - Poking for tasks ['end_task'] in dag sensor_sleep on 2024-11-27T17:27:00+00:00 ... 
[2024-11-27T12:39:38.990-0500] {external_task.py:258} INFO - Poking for tasks ['end_task'] in dag sensor_sleep on 2024-11-27T17:27:00+00:00 ... 
[2024-11-27T12:39:43.996-0500] {external_task.py:258} INFO - Poking for tasks ['end_task'] in dag sensor_sleep on 2024-11-27T17:27:00+00:00 ... 
[2024-11-27T12:39:49.002-0500] {external_task.py:258} INFO - Poking for tasks ['end_task'] in dag sensor_sleep on 2024-11-27T17:27:00+00:00 ... 
[2024-11-27T12:39:54.007-0500] {external_task.py:258} INFO - Poking for tasks ['end_task'] in dag sensor_sleep on 2024-11-27T17:27:00+00:00 ... 
[2024-11-27T12:39:59.012-0500] {external_task.py:258} INFO - Poking for tasks ['end_task'] in dag sensor_sleep on 2024-11-27T17:27:00+00:00 ... 
[2024-11-27T12:40:04.018-0500] {external_task.py:258} INFO - Poking for tasks ['end_task'] in dag sensor_sleep on 2024-11-27T17:27:00+00:00 ... 
[2024-11-27T12:40:09.024-0500] {external_task.py:258} INFO - Poking for tasks ['end_task'] in dag sensor_sleep on 2024-11-27T17:27:00+00:00 ... 
[2024-11-27T12:40:14.029-0500] {external_task.py:258} INFO - Poking for tasks ['end_task'] in dag sensor_sleep on 2024-11-27T17:27:00+00:00 ... 
[2024-11-27T12:40:19.035-0500] {external_task.py:258} INFO - Poking for tasks ['end_task'] in dag sensor_sleep on 2024-11-27T17:27:00+00:00 ... 
[2024-11-27T12:40:24.040-0500] {external_task.py:258} INFO - Poking for tasks ['end_task'] in dag sensor_sleep on 2024-11-27T17:27:00+00:00 ... 
[2024-11-27T12:40:29.046-0500] {external_task.py:258} INFO - Poking for tasks ['end_task'] in dag sensor_sleep on 2024-11-27T17:27:00+00:00 ... 
[2024-11-27T12:40:34.052-0500] {external_task.py:258} INFO - Poking for tasks ['end_task'] in dag sensor_sleep on 2024-11-27T17:27:00+00:00 ... 
[2024-11-27T12:40:39.057-0500] {external_task.py:258} INFO - Poking for tasks ['end_task'] in dag sensor_sleep on 2024-11-27T17:27:00+00:00 ... 
[2024-11-27T12:40:44.062-0500] {external_task.py:258} INFO - Poking for tasks ['end_task'] in dag sensor_sleep on 2024-11-27T17:27:00+00:00 ... 
[2024-11-27T12:40:49.068-0500] {external_task.py:258} INFO - Poking for tasks ['end_task'] in dag sensor_sleep on 2024-11-27T17:27:00+00:00 ... 
[2024-11-27T12:40:54.073-0500] {external_task.py:258} INFO - Poking for tasks ['end_task'] in dag sensor_sleep on 2024-11-27T17:27:00+00:00 ... 
[2024-11-27T12:41:02.010-0500] {external_task.py:258} INFO - Poking for tasks ['end_task'] in dag sensor_sleep on 2024-11-27T17:27:00+00:00 ... 
[2024-11-27T12:41:07.025-0500] {external_task.py:258} INFO - Poking for tasks ['end_task'] in dag sensor_sleep on 2024-11-27T17:27:00+00:00 ... 
[2024-11-27T12:41:12.031-0500] {external_task.py:258} INFO - Poking for tasks ['end_task'] in dag sensor_sleep on 2024-11-27T17:27:00+00:00 ... 
[2024-11-27T12:41:17.036-0500] {external_task.py:258} INFO - Poking for tasks ['end_task'] in dag sensor_sleep on 2024-11-27T17:27:00+00:00 ... 
[2024-11-27T12:41:22.042-0500] {external_task.py:258} INFO - Poking for tasks ['end_task'] in dag sensor_sleep on 2024-11-27T17:27:00+00:00 ... 
[2024-11-27T12:41:27.048-0500] {external_task.py:258} INFO - Poking for tasks ['end_task'] in dag sensor_sleep on 2024-11-27T17:27:00+00:00 ... 
[2024-11-27T12:41:32.053-0500] {external_task.py:258} INFO - Poking for tasks ['end_task'] in dag sensor_sleep on 2024-11-27T17:27:00+00:00 ... 
[2024-11-27T12:41:37.058-0500] {external_task.py:258} INFO - Poking for tasks ['end_task'] in dag sensor_sleep on 2024-11-27T17:27:00+00:00 ... 
[2024-11-27T12:41:42.064-0500] {external_task.py:258} INFO - Poking for tasks ['end_task'] in dag sensor_sleep on 2024-11-27T17:27:00+00:00 ... 
[2024-11-27T12:41:47.069-0500] {external_task.py:258} INFO - Poking for tasks ['end_task'] in dag sensor_sleep on 2024-11-27T17:27:00+00:00 ... 
[2024-11-27T12:41:52.072-0500] {external_task.py:258} INFO - Poking for tasks ['end_task'] in dag sensor_sleep on 2024-11-27T17:27:00+00:00 ... 
[2024-11-27T12:41:57.078-0500] {external_task.py:258} INFO - Poking for tasks ['end_task'] in dag sensor_sleep on 2024-11-27T17:27:00+00:00 ... 
[2024-11-27T12:42:02.086-0500] {external_task.py:258} INFO - Poking for tasks ['end_task'] in dag sensor_sleep on 2024-11-27T17:27:00+00:00 ... 
[2024-11-27T12:42:07.092-0500] {external_task.py:258} INFO - Poking for tasks ['end_task'] in dag sensor_sleep on 2024-11-27T17:27:00+00:00 ... 
[2024-11-27T12:42:12.097-0500] {external_task.py:258} INFO - Poking for tasks ['end_task'] in dag sensor_sleep on 2024-11-27T17:27:00+00:00 ... 
[2024-11-27T12:42:17.103-0500] {external_task.py:258} INFO - Poking for tasks ['end_task'] in dag sensor_sleep on 2024-11-27T17:27:00+00:00 ... 
[2024-11-27T12:42:22.108-0500] {external_task.py:258} INFO - Poking for tasks ['end_task'] in dag sensor_sleep on 2024-11-27T17:27:00+00:00 ... 
[2024-11-27T12:42:27.114-0500] {external_task.py:258} INFO - Poking for tasks ['end_task'] in dag sensor_sleep on 2024-11-27T17:27:00+00:00 ... 
[2024-11-27T12:42:32.119-0500] {external_task.py:258} INFO - Poking for tasks ['end_task'] in dag sensor_sleep on 2024-11-27T17:27:00+00:00 ... 
[2024-11-27T12:42:37.124-0500] {external_task.py:258} INFO - Poking for tasks ['end_task'] in dag sensor_sleep on 2024-11-27T17:27:00+00:00 ... 
[2024-11-27T12:42:42.130-0500] {external_task.py:258} INFO - Poking for tasks ['end_task'] in dag sensor_sleep on 2024-11-27T17:27:00+00:00 ... 
[2024-11-27T12:42:47.134-0500] {external_task.py:258} INFO - Poking for tasks ['end_task'] in dag sensor_sleep on 2024-11-27T17:27:00+00:00 ... 
[2024-11-27T12:42:52.139-0500] {external_task.py:258} INFO - Poking for tasks ['end_task'] in dag sensor_sleep on 2024-11-27T17:27:00+00:00 ... 
[2024-11-27T12:42:57.145-0500] {external_task.py:258} INFO - Poking for tasks ['end_task'] in dag sensor_sleep on 2024-11-27T17:27:00+00:00 ... 
[2024-11-27T12:43:02.149-0500] {external_task.py:258} INFO - Poking for tasks ['end_task'] in dag sensor_sleep on 2024-11-27T17:27:00+00:00 ... 
[2024-11-27T12:43:07.156-0500] {external_task.py:258} INFO - Poking for tasks ['end_task'] in dag sensor_sleep on 2024-11-27T17:27:00+00:00 ... 
[2024-11-27T12:43:12.161-0500] {external_task.py:258} INFO - Poking for tasks ['end_task'] in dag sensor_sleep on 2024-11-27T17:27:00+00:00 ... 
[2024-11-27T12:43:17.163-0500] {external_task.py:258} INFO - Poking for tasks ['end_task'] in dag sensor_sleep on 2024-11-27T17:27:00+00:00 ... 
[2024-11-27T12:43:22.169-0500] {external_task.py:258} INFO - Poking for tasks ['end_task'] in dag sensor_sleep on 2024-11-27T17:27:00+00:00 ... 
[2024-11-27T12:43:27.174-0500] {external_task.py:258} INFO - Poking for tasks ['end_task'] in dag sensor_sleep on 2024-11-27T17:27:00+00:00 ... 
[2024-11-27T12:43:32.178-0500] {external_task.py:258} INFO - Poking for tasks ['end_task'] in dag sensor_sleep on 2024-11-27T17:27:00+00:00 ... 
[2024-11-27T12:43:37.183-0500] {external_task.py:258} INFO - Poking for tasks ['end_task'] in dag sensor_sleep on 2024-11-27T17:27:00+00:00 ... 
[2024-11-27T12:43:42.189-0500] {external_task.py:258} INFO - Poking for tasks ['end_task'] in dag sensor_sleep on 2024-11-27T17:27:00+00:00 ... 
[2024-11-27T12:43:47.194-0500] {external_task.py:258} INFO - Poking for tasks ['end_task'] in dag sensor_sleep on 2024-11-27T17:27:00+00:00 ... 
[2024-11-27T12:43:52.199-0500] {external_task.py:258} INFO - Poking for tasks ['end_task'] in dag sensor_sleep on 2024-11-27T17:27:00+00:00 ... 
[2024-11-27T12:43:57.205-0500] {external_task.py:258} INFO - Poking for tasks ['end_task'] in dag sensor_sleep on 2024-11-27T17:27:00+00:00 ... 
[2024-11-27T12:44:02.210-0500] {external_task.py:258} INFO - Poking for tasks ['end_task'] in dag sensor_sleep on 2024-11-27T17:27:00+00:00 ... 
[2024-11-27T12:44:07.216-0500] {external_task.py:258} INFO - Poking for tasks ['end_task'] in dag sensor_sleep on 2024-11-27T17:27:00+00:00 ... 
[2024-11-27T12:44:12.220-0500] {external_task.py:258} INFO - Poking for tasks ['end_task'] in dag sensor_sleep on 2024-11-27T17:27:00+00:00 ... 
[2024-11-27T12:44:17.227-0500] {external_task.py:258} INFO - Poking for tasks ['end_task'] in dag sensor_sleep on 2024-11-27T17:27:00+00:00 ... 
[2024-11-27T12:44:22.234-0500] {external_task.py:258} INFO - Poking for tasks ['end_task'] in dag sensor_sleep on 2024-11-27T17:27:00+00:00 ... 
[2024-11-27T12:44:27.239-0500] {external_task.py:258} INFO - Poking for tasks ['end_task'] in dag sensor_sleep on 2024-11-27T17:27:00+00:00 ... 
[2024-11-27T12:44:32.244-0500] {external_task.py:258} INFO - Poking for tasks ['end_task'] in dag sensor_sleep on 2024-11-27T17:27:00+00:00 ... 
[2024-11-27T12:44:37.250-0500] {external_task.py:258} INFO - Poking for tasks ['end_task'] in dag sensor_sleep on 2024-11-27T17:27:00+00:00 ... 
[2024-11-27T12:44:42.255-0500] {external_task.py:258} INFO - Poking for tasks ['end_task'] in dag sensor_sleep on 2024-11-27T17:27:00+00:00 ... 
[2024-11-27T12:44:47.258-0500] {external_task.py:258} INFO - Poking for tasks ['end_task'] in dag sensor_sleep on 2024-11-27T17:27:00+00:00 ... 
[2024-11-27T12:44:52.282-0500] {external_task.py:258} INFO - Poking for tasks ['end_task'] in dag sensor_sleep on 2024-11-27T17:27:00+00:00 ... 
[2024-11-27T12:44:57.288-0500] {external_task.py:258} INFO - Poking for tasks ['end_task'] in dag sensor_sleep on 2024-11-27T17:27:00+00:00 ... 
[2024-11-27T12:45:02.294-0500] {external_task.py:258} INFO - Poking for tasks ['end_task'] in dag sensor_sleep on 2024-11-27T17:27:00+00:00 ... 
[2024-11-27T12:45:07.296-0500] {external_task.py:258} INFO - Poking for tasks ['end_task'] in dag sensor_sleep on 2024-11-27T17:27:00+00:00 ... 
[2024-11-27T12:45:12.300-0500] {external_task.py:258} INFO - Poking for tasks ['end_task'] in dag sensor_sleep on 2024-11-27T17:27:00+00:00 ... 
[2024-11-27T12:45:17.302-0500] {external_task.py:258} INFO - Poking for tasks ['end_task'] in dag sensor_sleep on 2024-11-27T17:27:00+00:00 ... 
[2024-11-27T12:45:22.305-0500] {external_task.py:258} INFO - Poking for tasks ['end_task'] in dag sensor_sleep on 2024-11-27T17:27:00+00:00 ... 
[2024-11-27T12:45:27.309-0500] {external_task.py:258} INFO - Poking for tasks ['end_task'] in dag sensor_sleep on 2024-11-27T17:27:00+00:00 ... 
[2024-11-27T12:45:32.315-0500] {external_task.py:258} INFO - Poking for tasks ['end_task'] in dag sensor_sleep on 2024-11-27T17:27:00+00:00 ... 
[2024-11-27T12:45:37.322-0500] {external_task.py:258} INFO - Poking for tasks ['end_task'] in dag sensor_sleep on 2024-11-27T17:27:00+00:00 ... 
[2024-11-27T12:45:42.332-0500] {external_task.py:258} INFO - Poking for tasks ['end_task'] in dag sensor_sleep on 2024-11-27T17:27:00+00:00 ... 
[2024-11-27T12:45:47.341-0500] {external_task.py:258} INFO - Poking for tasks ['end_task'] in dag sensor_sleep on 2024-11-27T17:27:00+00:00 ... 
[2024-11-27T12:45:52.363-0500] {external_task.py:258} INFO - Poking for tasks ['end_task'] in dag sensor_sleep on 2024-11-27T17:27:00+00:00 ... 
[2024-11-27T12:45:57.367-0500] {external_task.py:258} INFO - Poking for tasks ['end_task'] in dag sensor_sleep on 2024-11-27T17:27:00+00:00 ... 
[2024-11-27T12:46:02.372-0500] {external_task.py:258} INFO - Poking for tasks ['end_task'] in dag sensor_sleep on 2024-11-27T17:27:00+00:00 ... 
[2024-11-27T12:46:07.395-0500] {external_task.py:258} INFO - Poking for tasks ['end_task'] in dag sensor_sleep on 2024-11-27T17:27:00+00:00 ... 
[2024-11-27T12:46:12.398-0500] {external_task.py:258} INFO - Poking for tasks ['end_task'] in dag sensor_sleep on 2024-11-27T17:27:00+00:00 ... 
[2024-11-27T12:46:17.401-0500] {external_task.py:258} INFO - Poking for tasks ['end_task'] in dag sensor_sleep on 2024-11-27T17:27:00+00:00 ... 
[2024-11-27T12:46:22.405-0500] {external_task.py:258} INFO - Poking for tasks ['end_task'] in dag sensor_sleep on 2024-11-27T17:27:00+00:00 ... 
[2024-11-27T12:46:27.415-0500] {external_task.py:258} INFO - Poking for tasks ['end_task'] in dag sensor_sleep on 2024-11-27T17:27:00+00:00 ... 
[2024-11-27T12:46:32.421-0500] {external_task.py:258} INFO - Poking for tasks ['end_task'] in dag sensor_sleep on 2024-11-27T17:27:00+00:00 ... 
[2024-11-27T12:46:37.428-0500] {external_task.py:258} INFO - Poking for tasks ['end_task'] in dag sensor_sleep on 2024-11-27T17:27:00+00:00 ... 
[2024-11-27T12:46:42.433-0500] {external_task.py:258} INFO - Poking for tasks ['end_task'] in dag sensor_sleep on 2024-11-27T17:27:00+00:00 ... 
[2024-11-27T12:46:47.439-0500] {external_task.py:258} INFO - Poking for tasks ['end_task'] in dag sensor_sleep on 2024-11-27T17:27:00+00:00 ... 
[2024-11-27T12:46:52.445-0500] {external_task.py:258} INFO - Poking for tasks ['end_task'] in dag sensor_sleep on 2024-11-27T17:27:00+00:00 ... 
[2024-11-27T12:46:57.468-0500] {external_task.py:258} INFO - Poking for tasks ['end_task'] in dag sensor_sleep on 2024-11-27T17:27:00+00:00 ... 
[2024-11-27T12:47:02.472-0500] {external_task.py:258} INFO - Poking for tasks ['end_task'] in dag sensor_sleep on 2024-11-27T17:27:00+00:00 ... 
[2024-11-27T12:47:07.477-0500] {external_task.py:258} INFO - Poking for tasks ['end_task'] in dag sensor_sleep on 2024-11-27T17:27:00+00:00 ... 
[2024-11-27T12:47:12.485-0500] {external_task.py:258} INFO - Poking for tasks ['end_task'] in dag sensor_sleep on 2024-11-27T17:27:00+00:00 ... 
[2024-11-27T12:47:17.552-0500] {external_task.py:258} INFO - Poking for tasks ['end_task'] in dag sensor_sleep on 2024-11-27T17:27:00+00:00 ... 
[2024-11-27T12:47:22.572-0500] {external_task.py:258} INFO - Poking for tasks ['end_task'] in dag sensor_sleep on 2024-11-27T17:27:00+00:00 ... 
[2024-11-27T12:47:27.606-0500] {external_task.py:258} INFO - Poking for tasks ['end_task'] in dag sensor_sleep on 2024-11-27T17:27:00+00:00 ... 
[2024-11-27T12:47:32.700-0500] {external_task.py:258} INFO - Poking for tasks ['end_task'] in dag sensor_sleep on 2024-11-27T17:27:00+00:00 ... 
[2024-11-27T12:47:37.705-0500] {external_task.py:258} INFO - Poking for tasks ['end_task'] in dag sensor_sleep on 2024-11-27T17:27:00+00:00 ... 
[2024-11-27T12:47:42.710-0500] {external_task.py:258} INFO - Poking for tasks ['end_task'] in dag sensor_sleep on 2024-11-27T17:27:00+00:00 ... 
[2024-11-27T12:47:47.715-0500] {external_task.py:258} INFO - Poking for tasks ['end_task'] in dag sensor_sleep on 2024-11-27T17:27:00+00:00 ... 
[2024-11-27T12:47:52.720-0500] {external_task.py:258} INFO - Poking for tasks ['end_task'] in dag sensor_sleep on 2024-11-27T17:27:00+00:00 ... 
[2024-11-27T12:47:57.725-0500] {external_task.py:258} INFO - Poking for tasks ['end_task'] in dag sensor_sleep on 2024-11-27T17:27:00+00:00 ... 
[2024-11-27T12:48:02.731-0500] {external_task.py:258} INFO - Poking for tasks ['end_task'] in dag sensor_sleep on 2024-11-27T17:27:00+00:00 ... 
[2024-11-27T12:48:07.735-0500] {external_task.py:258} INFO - Poking for tasks ['end_task'] in dag sensor_sleep on 2024-11-27T17:27:00+00:00 ... 
[2024-11-27T12:48:12.740-0500] {external_task.py:258} INFO - Poking for tasks ['end_task'] in dag sensor_sleep on 2024-11-27T17:27:00+00:00 ... 
[2024-11-27T12:48:17.745-0500] {external_task.py:258} INFO - Poking for tasks ['end_task'] in dag sensor_sleep on 2024-11-27T17:27:00+00:00 ... 
[2024-11-27T12:48:22.750-0500] {external_task.py:258} INFO - Poking for tasks ['end_task'] in dag sensor_sleep on 2024-11-27T17:27:00+00:00 ... 
[2024-11-27T12:48:27.755-0500] {external_task.py:258} INFO - Poking for tasks ['end_task'] in dag sensor_sleep on 2024-11-27T17:27:00+00:00 ... 
[2024-11-27T12:48:32.760-0500] {external_task.py:258} INFO - Poking for tasks ['end_task'] in dag sensor_sleep on 2024-11-27T17:27:00+00:00 ... 
[2024-11-27T12:48:37.765-0500] {external_task.py:258} INFO - Poking for tasks ['end_task'] in dag sensor_sleep on 2024-11-27T17:27:00+00:00 ... 
[2024-11-27T12:48:42.770-0500] {external_task.py:258} INFO - Poking for tasks ['end_task'] in dag sensor_sleep on 2024-11-27T17:27:00+00:00 ... 
[2024-11-27T12:48:47.775-0500] {external_task.py:258} INFO - Poking for tasks ['end_task'] in dag sensor_sleep on 2024-11-27T17:27:00+00:00 ... 
[2024-11-27T12:48:52.781-0500] {external_task.py:258} INFO - Poking for tasks ['end_task'] in dag sensor_sleep on 2024-11-27T17:27:00+00:00 ... 
[2024-11-27T12:48:57.804-0500] {external_task.py:258} INFO - Poking for tasks ['end_task'] in dag sensor_sleep on 2024-11-27T17:27:00+00:00 ... 
[2024-11-27T12:49:02.809-0500] {external_task.py:258} INFO - Poking for tasks ['end_task'] in dag sensor_sleep on 2024-11-27T17:27:00+00:00 ... 
[2024-11-27T12:49:07.814-0500] {external_task.py:258} INFO - Poking for tasks ['end_task'] in dag sensor_sleep on 2024-11-27T17:27:00+00:00 ... 
[2024-11-27T12:49:12.819-0500] {external_task.py:258} INFO - Poking for tasks ['end_task'] in dag sensor_sleep on 2024-11-27T17:27:00+00:00 ... 
[2024-11-27T12:49:17.824-0500] {external_task.py:258} INFO - Poking for tasks ['end_task'] in dag sensor_sleep on 2024-11-27T17:27:00+00:00 ... 
[2024-11-27T12:49:22.830-0500] {external_task.py:258} INFO - Poking for tasks ['end_task'] in dag sensor_sleep on 2024-11-27T17:27:00+00:00 ... 
[2024-11-27T12:49:27.833-0500] {external_task.py:258} INFO - Poking for tasks ['end_task'] in dag sensor_sleep on 2024-11-27T17:27:00+00:00 ... 
[2024-11-27T12:49:32.837-0500] {external_task.py:258} INFO - Poking for tasks ['end_task'] in dag sensor_sleep on 2024-11-27T17:27:00+00:00 ... 
[2024-11-27T12:49:37.842-0500] {external_task.py:258} INFO - Poking for tasks ['end_task'] in dag sensor_sleep on 2024-11-27T17:27:00+00:00 ... 
[2024-11-27T12:49:42.847-0500] {external_task.py:258} INFO - Poking for tasks ['end_task'] in dag sensor_sleep on 2024-11-27T17:27:00+00:00 ... 
[2024-11-27T12:49:47.852-0500] {external_task.py:258} INFO - Poking for tasks ['end_task'] in dag sensor_sleep on 2024-11-27T17:27:00+00:00 ... 
[2024-11-27T12:49:52.856-0500] {external_task.py:258} INFO - Poking for tasks ['end_task'] in dag sensor_sleep on 2024-11-27T17:27:00+00:00 ... 
[2024-11-27T12:49:57.861-0500] {external_task.py:258} INFO - Poking for tasks ['end_task'] in dag sensor_sleep on 2024-11-27T17:27:00+00:00 ... 
[2024-11-27T12:50:02.865-0500] {external_task.py:258} INFO - Poking for tasks ['end_task'] in dag sensor_sleep on 2024-11-27T17:27:00+00:00 ... 
[2024-11-27T12:50:07.871-0500] {external_task.py:258} INFO - Poking for tasks ['end_task'] in dag sensor_sleep on 2024-11-27T17:27:00+00:00 ... 
[2024-11-27T12:50:12.876-0500] {external_task.py:258} INFO - Poking for tasks ['end_task'] in dag sensor_sleep on 2024-11-27T17:27:00+00:00 ... 
[2024-11-27T12:50:17.881-0500] {external_task.py:258} INFO - Poking for tasks ['end_task'] in dag sensor_sleep on 2024-11-27T17:27:00+00:00 ... 
[2024-11-27T12:50:22.886-0500] {external_task.py:258} INFO - Poking for tasks ['end_task'] in dag sensor_sleep on 2024-11-27T17:27:00+00:00 ... 
[2024-11-27T12:50:27.892-0500] {external_task.py:258} INFO - Poking for tasks ['end_task'] in dag sensor_sleep on 2024-11-27T17:27:00+00:00 ... 
[2024-11-27T12:50:32.897-0500] {external_task.py:258} INFO - Poking for tasks ['end_task'] in dag sensor_sleep on 2024-11-27T17:27:00+00:00 ... 
[2024-11-27T12:50:37.904-0500] {external_task.py:258} INFO - Poking for tasks ['end_task'] in dag sensor_sleep on 2024-11-27T17:27:00+00:00 ... 
[2024-11-27T12:50:42.910-0500] {external_task.py:258} INFO - Poking for tasks ['end_task'] in dag sensor_sleep on 2024-11-27T17:27:00+00:00 ... 
[2024-11-27T12:50:47.915-0500] {external_task.py:258} INFO - Poking for tasks ['end_task'] in dag sensor_sleep on 2024-11-27T17:27:00+00:00 ... 
[2024-11-27T12:50:52.920-0500] {external_task.py:258} INFO - Poking for tasks ['end_task'] in dag sensor_sleep on 2024-11-27T17:27:00+00:00 ... 
[2024-11-27T12:50:57.925-0500] {external_task.py:258} INFO - Poking for tasks ['end_task'] in dag sensor_sleep on 2024-11-27T17:27:00+00:00 ... 
[2024-11-27T12:51:02.929-0500] {external_task.py:258} INFO - Poking for tasks ['end_task'] in dag sensor_sleep on 2024-11-27T17:27:00+00:00 ... 
[2024-11-27T12:51:07.933-0500] {external_task.py:258} INFO - Poking for tasks ['end_task'] in dag sensor_sleep on 2024-11-27T17:27:00+00:00 ... 
[2024-11-27T12:51:12.957-0500] {external_task.py:258} INFO - Poking for tasks ['end_task'] in dag sensor_sleep on 2024-11-27T17:27:00+00:00 ... 
[2024-11-27T12:51:17.962-0500] {external_task.py:258} INFO - Poking for tasks ['end_task'] in dag sensor_sleep on 2024-11-27T17:27:00+00:00 ... 
[2024-11-27T12:51:22.968-0500] {external_task.py:258} INFO - Poking for tasks ['end_task'] in dag sensor_sleep on 2024-11-27T17:27:00+00:00 ... 
[2024-11-27T12:51:27.974-0500] {external_task.py:258} INFO - Poking for tasks ['end_task'] in dag sensor_sleep on 2024-11-27T17:27:00+00:00 ... 
[2024-11-27T12:51:32.980-0500] {external_task.py:258} INFO - Poking for tasks ['end_task'] in dag sensor_sleep on 2024-11-27T17:27:00+00:00 ... 
[2024-11-27T12:51:37.986-0500] {external_task.py:258} INFO - Poking for tasks ['end_task'] in dag sensor_sleep on 2024-11-27T17:27:00+00:00 ... 
[2024-11-27T12:51:42.992-0500] {external_task.py:258} INFO - Poking for tasks ['end_task'] in dag sensor_sleep on 2024-11-27T17:27:00+00:00 ... 
[2024-11-27T12:51:47.997-0500] {external_task.py:258} INFO - Poking for tasks ['end_task'] in dag sensor_sleep on 2024-11-27T17:27:00+00:00 ... 
[2024-11-27T12:51:53.002-0500] {external_task.py:258} INFO - Poking for tasks ['end_task'] in dag sensor_sleep on 2024-11-27T17:27:00+00:00 ... 
[2024-11-27T12:51:58.008-0500] {external_task.py:258} INFO - Poking for tasks ['end_task'] in dag sensor_sleep on 2024-11-27T17:27:00+00:00 ... 
[2024-11-27T12:52:03.014-0500] {external_task.py:258} INFO - Poking for tasks ['end_task'] in dag sensor_sleep on 2024-11-27T17:27:00+00:00 ... 
[2024-11-27T12:52:08.019-0500] {external_task.py:258} INFO - Poking for tasks ['end_task'] in dag sensor_sleep on 2024-11-27T17:27:00+00:00 ... 
[2024-11-27T12:52:13.022-0500] {external_task.py:258} INFO - Poking for tasks ['end_task'] in dag sensor_sleep on 2024-11-27T17:27:00+00:00 ... 
[2024-11-27T12:52:18.025-0500] {external_task.py:258} INFO - Poking for tasks ['end_task'] in dag sensor_sleep on 2024-11-27T17:27:00+00:00 ... 
[2024-11-27T12:52:23.029-0500] {external_task.py:258} INFO - Poking for tasks ['end_task'] in dag sensor_sleep on 2024-11-27T17:27:00+00:00 ... 
[2024-11-27T12:52:28.052-0500] {external_task.py:258} INFO - Poking for tasks ['end_task'] in dag sensor_sleep on 2024-11-27T17:27:00+00:00 ... 
[2024-11-27T12:52:33.055-0500] {external_task.py:258} INFO - Poking for tasks ['end_task'] in dag sensor_sleep on 2024-11-27T17:27:00+00:00 ... 
[2024-11-27T12:52:38.060-0500] {external_task.py:258} INFO - Poking for tasks ['end_task'] in dag sensor_sleep on 2024-11-27T17:27:00+00:00 ... 
[2024-11-27T12:52:43.065-0500] {external_task.py:258} INFO - Poking for tasks ['end_task'] in dag sensor_sleep on 2024-11-27T17:27:00+00:00 ... 
[2024-11-27T12:52:48.070-0500] {external_task.py:258} INFO - Poking for tasks ['end_task'] in dag sensor_sleep on 2024-11-27T17:27:00+00:00 ... 
[2024-11-27T12:52:53.077-0500] {external_task.py:258} INFO - Poking for tasks ['end_task'] in dag sensor_sleep on 2024-11-27T17:27:00+00:00 ... 
[2024-11-27T12:52:58.082-0500] {external_task.py:258} INFO - Poking for tasks ['end_task'] in dag sensor_sleep on 2024-11-27T17:27:00+00:00 ... 
[2024-11-27T12:53:03.085-0500] {external_task.py:258} INFO - Poking for tasks ['end_task'] in dag sensor_sleep on 2024-11-27T17:27:00+00:00 ... 
[2024-11-27T12:53:08.109-0500] {external_task.py:258} INFO - Poking for tasks ['end_task'] in dag sensor_sleep on 2024-11-27T17:27:00+00:00 ... 
[2024-11-27T12:53:13.114-0500] {external_task.py:258} INFO - Poking for tasks ['end_task'] in dag sensor_sleep on 2024-11-27T17:27:00+00:00 ... 
[2024-11-27T12:53:18.120-0500] {external_task.py:258} INFO - Poking for tasks ['end_task'] in dag sensor_sleep on 2024-11-27T17:27:00+00:00 ... 
[2024-11-27T12:53:23.125-0500] {external_task.py:258} INFO - Poking for tasks ['end_task'] in dag sensor_sleep on 2024-11-27T17:27:00+00:00 ... 
[2024-11-27T12:53:28.128-0500] {external_task.py:258} INFO - Poking for tasks ['end_task'] in dag sensor_sleep on 2024-11-27T17:27:00+00:00 ... 
[2024-11-27T12:53:33.134-0500] {external_task.py:258} INFO - Poking for tasks ['end_task'] in dag sensor_sleep on 2024-11-27T17:27:00+00:00 ... 
[2024-11-27T12:53:38.139-0500] {external_task.py:258} INFO - Poking for tasks ['end_task'] in dag sensor_sleep on 2024-11-27T17:27:00+00:00 ... 
[2024-11-27T12:53:43.145-0500] {external_task.py:258} INFO - Poking for tasks ['end_task'] in dag sensor_sleep on 2024-11-27T17:27:00+00:00 ... 
[2024-11-27T12:53:48.150-0500] {external_task.py:258} INFO - Poking for tasks ['end_task'] in dag sensor_sleep on 2024-11-27T17:27:00+00:00 ... 
[2024-11-27T12:53:53.153-0500] {external_task.py:258} INFO - Poking for tasks ['end_task'] in dag sensor_sleep on 2024-11-27T17:27:00+00:00 ... 
[2024-11-27T12:53:58.157-0500] {external_task.py:258} INFO - Poking for tasks ['end_task'] in dag sensor_sleep on 2024-11-27T17:27:00+00:00 ... 
[2024-11-27T12:54:03.162-0500] {external_task.py:258} INFO - Poking for tasks ['end_task'] in dag sensor_sleep on 2024-11-27T17:27:00+00:00 ... 
[2024-11-27T12:54:08.167-0500] {external_task.py:258} INFO - Poking for tasks ['end_task'] in dag sensor_sleep on 2024-11-27T17:27:00+00:00 ... 
[2024-11-27T12:54:13.172-0500] {external_task.py:258} INFO - Poking for tasks ['end_task'] in dag sensor_sleep on 2024-11-27T17:27:00+00:00 ... 
[2024-11-27T12:54:18.178-0500] {external_task.py:258} INFO - Poking for tasks ['end_task'] in dag sensor_sleep on 2024-11-27T17:27:00+00:00 ... 
[2024-11-27T12:54:23.183-0500] {external_task.py:258} INFO - Poking for tasks ['end_task'] in dag sensor_sleep on 2024-11-27T17:27:00+00:00 ... 
[2024-11-27T12:54:28.189-0500] {external_task.py:258} INFO - Poking for tasks ['end_task'] in dag sensor_sleep on 2024-11-27T17:27:00+00:00 ... 
[2024-11-27T12:54:33.195-0500] {external_task.py:258} INFO - Poking for tasks ['end_task'] in dag sensor_sleep on 2024-11-27T17:27:00+00:00 ... 
[2024-11-27T12:54:38.201-0500] {external_task.py:258} INFO - Poking for tasks ['end_task'] in dag sensor_sleep on 2024-11-27T17:27:00+00:00 ... 
[2024-11-27T12:54:43.207-0500] {external_task.py:258} INFO - Poking for tasks ['end_task'] in dag sensor_sleep on 2024-11-27T17:27:00+00:00 ... 
[2024-11-27T12:54:48.212-0500] {external_task.py:258} INFO - Poking for tasks ['end_task'] in dag sensor_sleep on 2024-11-27T17:27:00+00:00 ... 
[2024-11-27T12:54:53.218-0500] {external_task.py:258} INFO - Poking for tasks ['end_task'] in dag sensor_sleep on 2024-11-27T17:27:00+00:00 ... 
[2024-11-27T12:54:58.223-0500] {external_task.py:258} INFO - Poking for tasks ['end_task'] in dag sensor_sleep on 2024-11-27T17:27:00+00:00 ... 
[2024-11-27T12:55:03.236-0500] {external_task.py:258} INFO - Poking for tasks ['end_task'] in dag sensor_sleep on 2024-11-27T17:27:00+00:00 ... 
[2024-11-27T12:55:08.240-0500] {external_task.py:258} INFO - Poking for tasks ['end_task'] in dag sensor_sleep on 2024-11-27T17:27:00+00:00 ... 
[2024-11-27T12:55:13.245-0500] {external_task.py:258} INFO - Poking for tasks ['end_task'] in dag sensor_sleep on 2024-11-27T17:27:00+00:00 ... 
[2024-11-27T12:55:18.251-0500] {external_task.py:258} INFO - Poking for tasks ['end_task'] in dag sensor_sleep on 2024-11-27T17:27:00+00:00 ... 
[2024-11-27T12:55:23.257-0500] {external_task.py:258} INFO - Poking for tasks ['end_task'] in dag sensor_sleep on 2024-11-27T17:27:00+00:00 ... 
[2024-11-27T12:55:28.263-0500] {external_task.py:258} INFO - Poking for tasks ['end_task'] in dag sensor_sleep on 2024-11-27T17:27:00+00:00 ... 
[2024-11-27T12:55:33.268-0500] {external_task.py:258} INFO - Poking for tasks ['end_task'] in dag sensor_sleep on 2024-11-27T17:27:00+00:00 ... 
[2024-11-27T12:55:38.274-0500] {external_task.py:258} INFO - Poking for tasks ['end_task'] in dag sensor_sleep on 2024-11-27T17:27:00+00:00 ... 
[2024-11-27T12:55:43.279-0500] {external_task.py:258} INFO - Poking for tasks ['end_task'] in dag sensor_sleep on 2024-11-27T17:27:00+00:00 ... 
[2024-11-27T12:55:48.373-0500] {job.py:229} INFO - Heartbeat recovered after 14.65 seconds
[2024-11-27T12:55:52.919-0500] {external_task.py:258} INFO - Poking for tasks ['end_task'] in dag sensor_sleep on 2024-11-27T17:27:00+00:00 ... 
[2024-11-27T12:55:57.935-0500] {external_task.py:258} INFO - Poking for tasks ['end_task'] in dag sensor_sleep on 2024-11-27T17:27:00+00:00 ... 
[2024-11-27T12:56:02.941-0500] {external_task.py:258} INFO - Poking for tasks ['end_task'] in dag sensor_sleep on 2024-11-27T17:27:00+00:00 ... 
[2024-11-27T12:56:07.946-0500] {external_task.py:258} INFO - Poking for tasks ['end_task'] in dag sensor_sleep on 2024-11-27T17:27:00+00:00 ... 
[2024-11-27T12:56:12.952-0500] {external_task.py:258} INFO - Poking for tasks ['end_task'] in dag sensor_sleep on 2024-11-27T17:27:00+00:00 ... 
[2024-11-27T12:56:17.958-0500] {external_task.py:258} INFO - Poking for tasks ['end_task'] in dag sensor_sleep on 2024-11-27T17:27:00+00:00 ... 
[2024-11-27T12:56:22.964-0500] {external_task.py:258} INFO - Poking for tasks ['end_task'] in dag sensor_sleep on 2024-11-27T17:27:00+00:00 ... 
[2024-11-27T12:56:27.969-0500] {external_task.py:258} INFO - Poking for tasks ['end_task'] in dag sensor_sleep on 2024-11-27T17:27:00+00:00 ... 
[2024-11-27T12:56:32.975-0500] {external_task.py:258} INFO - Poking for tasks ['end_task'] in dag sensor_sleep on 2024-11-27T17:27:00+00:00 ... 
[2024-11-27T12:56:37.980-0500] {external_task.py:258} INFO - Poking for tasks ['end_task'] in dag sensor_sleep on 2024-11-27T17:27:00+00:00 ... 
[2024-11-27T12:56:42.986-0500] {external_task.py:258} INFO - Poking for tasks ['end_task'] in dag sensor_sleep on 2024-11-27T17:27:00+00:00 ... 
[2024-11-27T12:56:47.992-0500] {external_task.py:258} INFO - Poking for tasks ['end_task'] in dag sensor_sleep on 2024-11-27T17:27:00+00:00 ... 
[2024-11-27T12:56:52.998-0500] {external_task.py:258} INFO - Poking for tasks ['end_task'] in dag sensor_sleep on 2024-11-27T17:27:00+00:00 ... 
[2024-11-27T12:56:58.004-0500] {external_task.py:258} INFO - Poking for tasks ['end_task'] in dag sensor_sleep on 2024-11-27T17:27:00+00:00 ... 
[2024-11-27T12:57:03.009-0500] {external_task.py:258} INFO - Poking for tasks ['end_task'] in dag sensor_sleep on 2024-11-27T17:27:00+00:00 ... 
[2024-11-27T12:57:08.015-0500] {external_task.py:258} INFO - Poking for tasks ['end_task'] in dag sensor_sleep on 2024-11-27T17:27:00+00:00 ... 
[2024-11-27T12:57:13.021-0500] {external_task.py:258} INFO - Poking for tasks ['end_task'] in dag sensor_sleep on 2024-11-27T17:27:00+00:00 ... 
[2024-11-27T12:57:18.026-0500] {external_task.py:258} INFO - Poking for tasks ['end_task'] in dag sensor_sleep on 2024-11-27T17:27:00+00:00 ... 
[2024-11-27T12:57:23.032-0500] {external_task.py:258} INFO - Poking for tasks ['end_task'] in dag sensor_sleep on 2024-11-27T17:27:00+00:00 ... 
[2024-11-27T12:57:28.038-0500] {external_task.py:258} INFO - Poking for tasks ['end_task'] in dag sensor_sleep on 2024-11-27T17:27:00+00:00 ... 
[2024-11-27T12:57:33.044-0500] {external_task.py:258} INFO - Poking for tasks ['end_task'] in dag sensor_sleep on 2024-11-27T17:27:00+00:00 ... 
[2024-11-27T12:57:38.050-0500] {external_task.py:258} INFO - Poking for tasks ['end_task'] in dag sensor_sleep on 2024-11-27T17:27:00+00:00 ... 
[2024-11-27T12:57:43.056-0500] {external_task.py:258} INFO - Poking for tasks ['end_task'] in dag sensor_sleep on 2024-11-27T17:27:00+00:00 ... 
[2024-11-27T12:57:48.062-0500] {external_task.py:258} INFO - Poking for tasks ['end_task'] in dag sensor_sleep on 2024-11-27T17:27:00+00:00 ... 
[2024-11-27T12:57:53.067-0500] {external_task.py:258} INFO - Poking for tasks ['end_task'] in dag sensor_sleep on 2024-11-27T17:27:00+00:00 ... 
[2024-11-27T12:57:58.072-0500] {external_task.py:258} INFO - Poking for tasks ['end_task'] in dag sensor_sleep on 2024-11-27T17:27:00+00:00 ... 
[2024-11-27T12:58:03.087-0500] {external_task.py:258} INFO - Poking for tasks ['end_task'] in dag sensor_sleep on 2024-11-27T17:27:00+00:00 ... 
[2024-11-27T12:58:08.093-0500] {external_task.py:258} INFO - Poking for tasks ['end_task'] in dag sensor_sleep on 2024-11-27T17:27:00+00:00 ... 
[2024-11-27T12:58:13.098-0500] {external_task.py:258} INFO - Poking for tasks ['end_task'] in dag sensor_sleep on 2024-11-27T17:27:00+00:00 ... 
[2024-11-27T12:58:18.104-0500] {external_task.py:258} INFO - Poking for tasks ['end_task'] in dag sensor_sleep on 2024-11-27T17:27:00+00:00 ... 
[2024-11-27T12:58:23.109-0500] {external_task.py:258} INFO - Poking for tasks ['end_task'] in dag sensor_sleep on 2024-11-27T17:27:00+00:00 ... 
[2024-11-27T12:58:28.116-0500] {external_task.py:258} INFO - Poking for tasks ['end_task'] in dag sensor_sleep on 2024-11-27T17:27:00+00:00 ... 
[2024-11-27T12:58:33.122-0500] {external_task.py:258} INFO - Poking for tasks ['end_task'] in dag sensor_sleep on 2024-11-27T17:27:00+00:00 ... 
[2024-11-27T12:58:38.127-0500] {external_task.py:258} INFO - Poking for tasks ['end_task'] in dag sensor_sleep on 2024-11-27T17:27:00+00:00 ... 
[2024-11-27T12:58:43.133-0500] {external_task.py:258} INFO - Poking for tasks ['end_task'] in dag sensor_sleep on 2024-11-27T17:27:00+00:00 ... 
[2024-11-27T12:58:48.139-0500] {external_task.py:258} INFO - Poking for tasks ['end_task'] in dag sensor_sleep on 2024-11-27T17:27:00+00:00 ... 
[2024-11-27T12:58:53.144-0500] {external_task.py:258} INFO - Poking for tasks ['end_task'] in dag sensor_sleep on 2024-11-27T17:27:00+00:00 ... 
[2024-11-27T12:58:58.150-0500] {external_task.py:258} INFO - Poking for tasks ['end_task'] in dag sensor_sleep on 2024-11-27T17:27:00+00:00 ... 
[2024-11-27T12:59:03.156-0500] {external_task.py:258} INFO - Poking for tasks ['end_task'] in dag sensor_sleep on 2024-11-27T17:27:00+00:00 ... 
[2024-11-27T12:59:08.161-0500] {external_task.py:258} INFO - Poking for tasks ['end_task'] in dag sensor_sleep on 2024-11-27T17:27:00+00:00 ... 
[2024-11-27T12:59:13.167-0500] {external_task.py:258} INFO - Poking for tasks ['end_task'] in dag sensor_sleep on 2024-11-27T17:27:00+00:00 ... 
[2024-11-27T12:59:18.173-0500] {external_task.py:258} INFO - Poking for tasks ['end_task'] in dag sensor_sleep on 2024-11-27T17:27:00+00:00 ... 
[2024-11-27T12:59:23.179-0500] {external_task.py:258} INFO - Poking for tasks ['end_task'] in dag sensor_sleep on 2024-11-27T17:27:00+00:00 ... 
[2024-11-27T12:59:28.184-0500] {external_task.py:258} INFO - Poking for tasks ['end_task'] in dag sensor_sleep on 2024-11-27T17:27:00+00:00 ... 
[2024-11-27T12:59:33.189-0500] {external_task.py:258} INFO - Poking for tasks ['end_task'] in dag sensor_sleep on 2024-11-27T17:27:00+00:00 ... 
[2024-11-27T12:59:38.195-0500] {external_task.py:258} INFO - Poking for tasks ['end_task'] in dag sensor_sleep on 2024-11-27T17:27:00+00:00 ... 
[2024-11-27T12:59:43.201-0500] {external_task.py:258} INFO - Poking for tasks ['end_task'] in dag sensor_sleep on 2024-11-27T17:27:00+00:00 ... 
[2024-11-27T12:59:48.206-0500] {external_task.py:258} INFO - Poking for tasks ['end_task'] in dag sensor_sleep on 2024-11-27T17:27:00+00:00 ... 
[2024-11-27T12:59:53.212-0500] {external_task.py:258} INFO - Poking for tasks ['end_task'] in dag sensor_sleep on 2024-11-27T17:27:00+00:00 ... 
[2024-11-27T12:59:58.218-0500] {external_task.py:258} INFO - Poking for tasks ['end_task'] in dag sensor_sleep on 2024-11-27T17:27:00+00:00 ... 
[2024-11-27T13:00:03.224-0500] {external_task.py:258} INFO - Poking for tasks ['end_task'] in dag sensor_sleep on 2024-11-27T17:27:00+00:00 ... 
[2024-11-27T13:00:08.230-0500] {external_task.py:258} INFO - Poking for tasks ['end_task'] in dag sensor_sleep on 2024-11-27T17:27:00+00:00 ... 
[2024-11-27T13:00:13.235-0500] {external_task.py:258} INFO - Poking for tasks ['end_task'] in dag sensor_sleep on 2024-11-27T17:27:00+00:00 ... 
[2024-11-27T13:00:18.241-0500] {external_task.py:258} INFO - Poking for tasks ['end_task'] in dag sensor_sleep on 2024-11-27T17:27:00+00:00 ... 
[2024-11-27T13:00:23.247-0500] {external_task.py:258} INFO - Poking for tasks ['end_task'] in dag sensor_sleep on 2024-11-27T17:27:00+00:00 ... 
[2024-11-27T13:00:28.252-0500] {external_task.py:258} INFO - Poking for tasks ['end_task'] in dag sensor_sleep on 2024-11-27T17:27:00+00:00 ... 
[2024-11-27T13:00:33.258-0500] {external_task.py:258} INFO - Poking for tasks ['end_task'] in dag sensor_sleep on 2024-11-27T17:27:00+00:00 ... 
[2024-11-27T13:00:38.264-0500] {external_task.py:258} INFO - Poking for tasks ['end_task'] in dag sensor_sleep on 2024-11-27T17:27:00+00:00 ... 
[2024-11-27T13:00:43.270-0500] {external_task.py:258} INFO - Poking for tasks ['end_task'] in dag sensor_sleep on 2024-11-27T17:27:00+00:00 ... 
[2024-11-27T13:00:48.276-0500] {external_task.py:258} INFO - Poking for tasks ['end_task'] in dag sensor_sleep on 2024-11-27T17:27:00+00:00 ... 
[2024-11-27T13:00:53.281-0500] {external_task.py:258} INFO - Poking for tasks ['end_task'] in dag sensor_sleep on 2024-11-27T17:27:00+00:00 ... 
[2024-11-27T13:00:58.286-0500] {external_task.py:258} INFO - Poking for tasks ['end_task'] in dag sensor_sleep on 2024-11-27T17:27:00+00:00 ... 
[2024-11-27T13:01:03.292-0500] {external_task.py:258} INFO - Poking for tasks ['end_task'] in dag sensor_sleep on 2024-11-27T17:27:00+00:00 ... 
[2024-11-27T13:01:08.298-0500] {external_task.py:258} INFO - Poking for tasks ['end_task'] in dag sensor_sleep on 2024-11-27T17:27:00+00:00 ... 
[2024-11-27T13:01:13.304-0500] {external_task.py:258} INFO - Poking for tasks ['end_task'] in dag sensor_sleep on 2024-11-27T17:27:00+00:00 ... 
[2024-11-27T13:01:18.309-0500] {external_task.py:258} INFO - Poking for tasks ['end_task'] in dag sensor_sleep on 2024-11-27T17:27:00+00:00 ... 
[2024-11-27T13:01:23.314-0500] {external_task.py:258} INFO - Poking for tasks ['end_task'] in dag sensor_sleep on 2024-11-27T17:27:00+00:00 ... 
[2024-11-27T13:01:28.321-0500] {external_task.py:258} INFO - Poking for tasks ['end_task'] in dag sensor_sleep on 2024-11-27T17:27:00+00:00 ... 
[2024-11-27T13:01:33.326-0500] {external_task.py:258} INFO - Poking for tasks ['end_task'] in dag sensor_sleep on 2024-11-27T17:27:00+00:00 ... 
[2024-11-27T13:01:38.332-0500] {external_task.py:258} INFO - Poking for tasks ['end_task'] in dag sensor_sleep on 2024-11-27T17:27:00+00:00 ... 
[2024-11-27T13:01:43.338-0500] {external_task.py:258} INFO - Poking for tasks ['end_task'] in dag sensor_sleep on 2024-11-27T17:27:00+00:00 ... 
[2024-11-27T13:01:48.343-0500] {external_task.py:258} INFO - Poking for tasks ['end_task'] in dag sensor_sleep on 2024-11-27T17:27:00+00:00 ... 
[2024-11-27T13:01:53.350-0500] {external_task.py:258} INFO - Poking for tasks ['end_task'] in dag sensor_sleep on 2024-11-27T17:27:00+00:00 ... 
[2024-11-27T13:01:58.357-0500] {external_task.py:258} INFO - Poking for tasks ['end_task'] in dag sensor_sleep on 2024-11-27T17:27:00+00:00 ... 
[2024-11-27T13:02:03.362-0500] {external_task.py:258} INFO - Poking for tasks ['end_task'] in dag sensor_sleep on 2024-11-27T17:27:00+00:00 ... 
[2024-11-27T13:02:08.368-0500] {external_task.py:258} INFO - Poking for tasks ['end_task'] in dag sensor_sleep on 2024-11-27T17:27:00+00:00 ... 
[2024-11-27T13:02:13.374-0500] {external_task.py:258} INFO - Poking for tasks ['end_task'] in dag sensor_sleep on 2024-11-27T17:27:00+00:00 ... 
[2024-11-27T13:02:18.380-0500] {external_task.py:258} INFO - Poking for tasks ['end_task'] in dag sensor_sleep on 2024-11-27T17:27:00+00:00 ... 
[2024-11-27T13:02:23.386-0500] {external_task.py:258} INFO - Poking for tasks ['end_task'] in dag sensor_sleep on 2024-11-27T17:27:00+00:00 ... 
[2024-11-27T13:02:28.391-0500] {external_task.py:258} INFO - Poking for tasks ['end_task'] in dag sensor_sleep on 2024-11-27T17:27:00+00:00 ... 
[2024-11-27T13:02:33.397-0500] {external_task.py:258} INFO - Poking for tasks ['end_task'] in dag sensor_sleep on 2024-11-27T17:27:00+00:00 ... 
[2024-11-27T13:02:38.403-0500] {external_task.py:258} INFO - Poking for tasks ['end_task'] in dag sensor_sleep on 2024-11-27T17:27:00+00:00 ... 
[2024-11-27T13:02:43.408-0500] {external_task.py:258} INFO - Poking for tasks ['end_task'] in dag sensor_sleep on 2024-11-27T17:27:00+00:00 ... 
[2024-11-27T13:02:48.414-0500] {external_task.py:258} INFO - Poking for tasks ['end_task'] in dag sensor_sleep on 2024-11-27T17:27:00+00:00 ... 
[2024-11-27T13:02:53.419-0500] {external_task.py:258} INFO - Poking for tasks ['end_task'] in dag sensor_sleep on 2024-11-27T17:27:00+00:00 ... 
[2024-11-27T13:02:58.425-0500] {external_task.py:258} INFO - Poking for tasks ['end_task'] in dag sensor_sleep on 2024-11-27T17:27:00+00:00 ... 
[2024-11-27T13:03:03.431-0500] {external_task.py:258} INFO - Poking for tasks ['end_task'] in dag sensor_sleep on 2024-11-27T17:27:00+00:00 ... 
[2024-11-27T13:03:08.435-0500] {external_task.py:258} INFO - Poking for tasks ['end_task'] in dag sensor_sleep on 2024-11-27T17:27:00+00:00 ... 
[2024-11-27T13:03:13.441-0500] {external_task.py:258} INFO - Poking for tasks ['end_task'] in dag sensor_sleep on 2024-11-27T17:27:00+00:00 ... 
[2024-11-27T13:03:18.446-0500] {external_task.py:258} INFO - Poking for tasks ['end_task'] in dag sensor_sleep on 2024-11-27T17:27:00+00:00 ... 
[2024-11-27T13:03:23.452-0500] {external_task.py:258} INFO - Poking for tasks ['end_task'] in dag sensor_sleep on 2024-11-27T17:27:00+00:00 ... 
[2024-11-27T13:03:28.457-0500] {external_task.py:258} INFO - Poking for tasks ['end_task'] in dag sensor_sleep on 2024-11-27T17:27:00+00:00 ... 
[2024-11-27T13:03:33.463-0500] {external_task.py:258} INFO - Poking for tasks ['end_task'] in dag sensor_sleep on 2024-11-27T17:27:00+00:00 ... 
[2024-11-27T13:03:38.468-0500] {external_task.py:258} INFO - Poking for tasks ['end_task'] in dag sensor_sleep on 2024-11-27T17:27:00+00:00 ... 
[2024-11-27T13:03:43.475-0500] {external_task.py:258} INFO - Poking for tasks ['end_task'] in dag sensor_sleep on 2024-11-27T17:27:00+00:00 ... 
[2024-11-27T13:03:48.481-0500] {external_task.py:258} INFO - Poking for tasks ['end_task'] in dag sensor_sleep on 2024-11-27T17:27:00+00:00 ... 
[2024-11-27T13:03:53.486-0500] {external_task.py:258} INFO - Poking for tasks ['end_task'] in dag sensor_sleep on 2024-11-27T17:27:00+00:00 ... 
[2024-11-27T13:03:58.491-0500] {external_task.py:258} INFO - Poking for tasks ['end_task'] in dag sensor_sleep on 2024-11-27T17:27:00+00:00 ... 
[2024-11-27T13:04:03.497-0500] {external_task.py:258} INFO - Poking for tasks ['end_task'] in dag sensor_sleep on 2024-11-27T17:27:00+00:00 ... 
[2024-11-27T13:04:08.521-0500] {external_task.py:258} INFO - Poking for tasks ['end_task'] in dag sensor_sleep on 2024-11-27T17:27:00+00:00 ... 
[2024-11-27T13:04:13.527-0500] {external_task.py:258} INFO - Poking for tasks ['end_task'] in dag sensor_sleep on 2024-11-27T17:27:00+00:00 ... 
[2024-11-27T13:04:18.532-0500] {external_task.py:258} INFO - Poking for tasks ['end_task'] in dag sensor_sleep on 2024-11-27T17:27:00+00:00 ... 
[2024-11-27T13:04:23.538-0500] {external_task.py:258} INFO - Poking for tasks ['end_task'] in dag sensor_sleep on 2024-11-27T17:27:00+00:00 ... 
[2024-11-27T13:04:28.544-0500] {external_task.py:258} INFO - Poking for tasks ['end_task'] in dag sensor_sleep on 2024-11-27T17:27:00+00:00 ... 
[2024-11-27T13:04:33.547-0500] {external_task.py:258} INFO - Poking for tasks ['end_task'] in dag sensor_sleep on 2024-11-27T17:27:00+00:00 ... 
[2024-11-27T13:04:38.552-0500] {external_task.py:258} INFO - Poking for tasks ['end_task'] in dag sensor_sleep on 2024-11-27T17:27:00+00:00 ... 
[2024-11-27T13:04:43.557-0500] {external_task.py:258} INFO - Poking for tasks ['end_task'] in dag sensor_sleep on 2024-11-27T17:27:00+00:00 ... 
[2024-11-27T13:04:48.563-0500] {external_task.py:258} INFO - Poking for tasks ['end_task'] in dag sensor_sleep on 2024-11-27T17:27:00+00:00 ... 
[2024-11-27T13:04:53.569-0500] {external_task.py:258} INFO - Poking for tasks ['end_task'] in dag sensor_sleep on 2024-11-27T17:27:00+00:00 ... 
[2024-11-27T13:04:58.574-0500] {external_task.py:258} INFO - Poking for tasks ['end_task'] in dag sensor_sleep on 2024-11-27T17:27:00+00:00 ... 
[2024-11-27T13:05:03.580-0500] {external_task.py:258} INFO - Poking for tasks ['end_task'] in dag sensor_sleep on 2024-11-27T17:27:00+00:00 ... 
[2024-11-27T13:05:08.586-0500] {external_task.py:258} INFO - Poking for tasks ['end_task'] in dag sensor_sleep on 2024-11-27T17:27:00+00:00 ... 
[2024-11-27T13:05:13.592-0500] {external_task.py:258} INFO - Poking for tasks ['end_task'] in dag sensor_sleep on 2024-11-27T17:27:00+00:00 ... 
[2024-11-27T13:05:18.597-0500] {external_task.py:258} INFO - Poking for tasks ['end_task'] in dag sensor_sleep on 2024-11-27T17:27:00+00:00 ... 
[2024-11-27T13:05:23.603-0500] {external_task.py:258} INFO - Poking for tasks ['end_task'] in dag sensor_sleep on 2024-11-27T17:27:00+00:00 ... 
[2024-11-27T13:05:28.608-0500] {external_task.py:258} INFO - Poking for tasks ['end_task'] in dag sensor_sleep on 2024-11-27T17:27:00+00:00 ... 
[2024-11-27T13:05:33.614-0500] {external_task.py:258} INFO - Poking for tasks ['end_task'] in dag sensor_sleep on 2024-11-27T17:27:00+00:00 ... 
[2024-11-27T13:05:38.619-0500] {external_task.py:258} INFO - Poking for tasks ['end_task'] in dag sensor_sleep on 2024-11-27T17:27:00+00:00 ... 
[2024-11-27T13:05:43.625-0500] {external_task.py:258} INFO - Poking for tasks ['end_task'] in dag sensor_sleep on 2024-11-27T17:27:00+00:00 ... 
[2024-11-27T13:05:48.631-0500] {external_task.py:258} INFO - Poking for tasks ['end_task'] in dag sensor_sleep on 2024-11-27T17:27:00+00:00 ... 
[2024-11-27T13:05:53.636-0500] {external_task.py:258} INFO - Poking for tasks ['end_task'] in dag sensor_sleep on 2024-11-27T17:27:00+00:00 ... 
[2024-11-27T13:05:58.642-0500] {external_task.py:258} INFO - Poking for tasks ['end_task'] in dag sensor_sleep on 2024-11-27T17:27:00+00:00 ... 
[2024-11-27T13:06:03.647-0500] {external_task.py:258} INFO - Poking for tasks ['end_task'] in dag sensor_sleep on 2024-11-27T17:27:00+00:00 ... 
[2024-11-27T13:06:08.653-0500] {external_task.py:258} INFO - Poking for tasks ['end_task'] in dag sensor_sleep on 2024-11-27T17:27:00+00:00 ... 
[2024-11-27T13:06:13.658-0500] {external_task.py:258} INFO - Poking for tasks ['end_task'] in dag sensor_sleep on 2024-11-27T17:27:00+00:00 ... 
[2024-11-27T13:06:18.663-0500] {external_task.py:258} INFO - Poking for tasks ['end_task'] in dag sensor_sleep on 2024-11-27T17:27:00+00:00 ... 
[2024-11-27T13:06:23.669-0500] {external_task.py:258} INFO - Poking for tasks ['end_task'] in dag sensor_sleep on 2024-11-27T17:27:00+00:00 ... 
[2024-11-27T13:06:28.674-0500] {external_task.py:258} INFO - Poking for tasks ['end_task'] in dag sensor_sleep on 2024-11-27T17:27:00+00:00 ... 
[2024-11-27T13:06:33.679-0500] {external_task.py:258} INFO - Poking for tasks ['end_task'] in dag sensor_sleep on 2024-11-27T17:27:00+00:00 ... 
[2024-11-27T13:06:38.685-0500] {external_task.py:258} INFO - Poking for tasks ['end_task'] in dag sensor_sleep on 2024-11-27T17:27:00+00:00 ... 
[2024-11-27T13:06:43.691-0500] {external_task.py:258} INFO - Poking for tasks ['end_task'] in dag sensor_sleep on 2024-11-27T17:27:00+00:00 ... 
[2024-11-27T13:06:48.697-0500] {external_task.py:258} INFO - Poking for tasks ['end_task'] in dag sensor_sleep on 2024-11-27T17:27:00+00:00 ... 
[2024-11-27T13:06:53.703-0500] {external_task.py:258} INFO - Poking for tasks ['end_task'] in dag sensor_sleep on 2024-11-27T17:27:00+00:00 ... 
[2024-11-27T13:06:58.708-0500] {external_task.py:258} INFO - Poking for tasks ['end_task'] in dag sensor_sleep on 2024-11-27T17:27:00+00:00 ... 
[2024-11-27T13:07:03.714-0500] {external_task.py:258} INFO - Poking for tasks ['end_task'] in dag sensor_sleep on 2024-11-27T17:27:00+00:00 ... 
[2024-11-27T13:07:08.719-0500] {external_task.py:258} INFO - Poking for tasks ['end_task'] in dag sensor_sleep on 2024-11-27T17:27:00+00:00 ... 
[2024-11-27T13:07:13.724-0500] {external_task.py:258} INFO - Poking for tasks ['end_task'] in dag sensor_sleep on 2024-11-27T17:27:00+00:00 ... 
[2024-11-27T13:07:18.729-0500] {external_task.py:258} INFO - Poking for tasks ['end_task'] in dag sensor_sleep on 2024-11-27T17:27:00+00:00 ... 
[2024-11-27T13:07:23.734-0500] {external_task.py:258} INFO - Poking for tasks ['end_task'] in dag sensor_sleep on 2024-11-27T17:27:00+00:00 ... 
[2024-11-27T13:07:28.740-0500] {external_task.py:258} INFO - Poking for tasks ['end_task'] in dag sensor_sleep on 2024-11-27T17:27:00+00:00 ... 
[2024-11-27T13:07:33.746-0500] {external_task.py:258} INFO - Poking for tasks ['end_task'] in dag sensor_sleep on 2024-11-27T17:27:00+00:00 ... 
[2024-11-27T13:07:38.751-0500] {external_task.py:258} INFO - Poking for tasks ['end_task'] in dag sensor_sleep on 2024-11-27T17:27:00+00:00 ... 
[2024-11-27T13:07:43.757-0500] {external_task.py:258} INFO - Poking for tasks ['end_task'] in dag sensor_sleep on 2024-11-27T17:27:00+00:00 ... 
[2024-11-27T13:07:48.763-0500] {external_task.py:258} INFO - Poking for tasks ['end_task'] in dag sensor_sleep on 2024-11-27T17:27:00+00:00 ... 
[2024-11-27T13:07:53.769-0500] {external_task.py:258} INFO - Poking for tasks ['end_task'] in dag sensor_sleep on 2024-11-27T17:27:00+00:00 ... 
[2024-11-27T13:07:58.773-0500] {external_task.py:258} INFO - Poking for tasks ['end_task'] in dag sensor_sleep on 2024-11-27T17:27:00+00:00 ... 
[2024-11-27T13:08:03.779-0500] {external_task.py:258} INFO - Poking for tasks ['end_task'] in dag sensor_sleep on 2024-11-27T17:27:00+00:00 ... 
[2024-11-27T13:08:08.785-0500] {external_task.py:258} INFO - Poking for tasks ['end_task'] in dag sensor_sleep on 2024-11-27T17:27:00+00:00 ... 
[2024-11-27T13:08:13.790-0500] {external_task.py:258} INFO - Poking for tasks ['end_task'] in dag sensor_sleep on 2024-11-27T17:27:00+00:00 ... 
[2024-11-27T13:08:18.795-0500] {external_task.py:258} INFO - Poking for tasks ['end_task'] in dag sensor_sleep on 2024-11-27T17:27:00+00:00 ... 
[2024-11-27T13:08:23.801-0500] {external_task.py:258} INFO - Poking for tasks ['end_task'] in dag sensor_sleep on 2024-11-27T17:27:00+00:00 ... 
[2024-11-27T13:08:28.806-0500] {external_task.py:258} INFO - Poking for tasks ['end_task'] in dag sensor_sleep on 2024-11-27T17:27:00+00:00 ... 
[2024-11-27T13:08:33.812-0500] {external_task.py:258} INFO - Poking for tasks ['end_task'] in dag sensor_sleep on 2024-11-27T17:27:00+00:00 ... 
[2024-11-27T13:08:38.818-0500] {external_task.py:258} INFO - Poking for tasks ['end_task'] in dag sensor_sleep on 2024-11-27T17:27:00+00:00 ... 
[2024-11-27T13:08:43.824-0500] {external_task.py:258} INFO - Poking for tasks ['end_task'] in dag sensor_sleep on 2024-11-27T17:27:00+00:00 ... 
[2024-11-27T13:08:48.829-0500] {external_task.py:258} INFO - Poking for tasks ['end_task'] in dag sensor_sleep on 2024-11-27T17:27:00+00:00 ... 
[2024-11-27T13:08:53.834-0500] {external_task.py:258} INFO - Poking for tasks ['end_task'] in dag sensor_sleep on 2024-11-27T17:27:00+00:00 ... 
[2024-11-27T13:08:58.837-0500] {external_task.py:258} INFO - Poking for tasks ['end_task'] in dag sensor_sleep on 2024-11-27T17:27:00+00:00 ... 
[2024-11-27T13:09:03.842-0500] {external_task.py:258} INFO - Poking for tasks ['end_task'] in dag sensor_sleep on 2024-11-27T17:27:00+00:00 ... 
[2024-11-27T13:09:08.847-0500] {external_task.py:258} INFO - Poking for tasks ['end_task'] in dag sensor_sleep on 2024-11-27T17:27:00+00:00 ... 
[2024-11-27T13:09:13.852-0500] {external_task.py:258} INFO - Poking for tasks ['end_task'] in dag sensor_sleep on 2024-11-27T17:27:00+00:00 ... 
[2024-11-27T13:09:18.857-0500] {external_task.py:258} INFO - Poking for tasks ['end_task'] in dag sensor_sleep on 2024-11-27T17:27:00+00:00 ... 
[2024-11-27T13:09:23.861-0500] {external_task.py:258} INFO - Poking for tasks ['end_task'] in dag sensor_sleep on 2024-11-27T17:27:00+00:00 ... 
[2024-11-27T13:09:28.865-0500] {external_task.py:258} INFO - Poking for tasks ['end_task'] in dag sensor_sleep on 2024-11-27T17:27:00+00:00 ... 
[2024-11-27T13:09:33.870-0500] {external_task.py:258} INFO - Poking for tasks ['end_task'] in dag sensor_sleep on 2024-11-27T17:27:00+00:00 ... 
[2024-11-27T13:09:38.876-0500] {external_task.py:258} INFO - Poking for tasks ['end_task'] in dag sensor_sleep on 2024-11-27T17:27:00+00:00 ... 
[2024-11-27T13:09:43.882-0500] {external_task.py:258} INFO - Poking for tasks ['end_task'] in dag sensor_sleep on 2024-11-27T17:27:00+00:00 ... 
[2024-11-27T13:09:48.887-0500] {external_task.py:258} INFO - Poking for tasks ['end_task'] in dag sensor_sleep on 2024-11-27T17:27:00+00:00 ... 
[2024-11-27T13:09:53.891-0500] {external_task.py:258} INFO - Poking for tasks ['end_task'] in dag sensor_sleep on 2024-11-27T17:27:00+00:00 ... 
[2024-11-27T13:09:58.896-0500] {external_task.py:258} INFO - Poking for tasks ['end_task'] in dag sensor_sleep on 2024-11-27T17:27:00+00:00 ... 
[2024-11-27T13:10:03.902-0500] {external_task.py:258} INFO - Poking for tasks ['end_task'] in dag sensor_sleep on 2024-11-27T17:27:00+00:00 ... 
[2024-11-27T13:10:08.907-0500] {external_task.py:258} INFO - Poking for tasks ['end_task'] in dag sensor_sleep on 2024-11-27T17:27:00+00:00 ... 
[2024-11-27T13:10:13.912-0500] {external_task.py:258} INFO - Poking for tasks ['end_task'] in dag sensor_sleep on 2024-11-27T17:27:00+00:00 ... 
[2024-11-27T13:10:18.918-0500] {external_task.py:258} INFO - Poking for tasks ['end_task'] in dag sensor_sleep on 2024-11-27T17:27:00+00:00 ... 
[2024-11-27T13:10:23.924-0500] {external_task.py:258} INFO - Poking for tasks ['end_task'] in dag sensor_sleep on 2024-11-27T17:27:00+00:00 ... 
[2024-11-27T13:10:28.929-0500] {external_task.py:258} INFO - Poking for tasks ['end_task'] in dag sensor_sleep on 2024-11-27T17:27:00+00:00 ... 
[2024-11-27T13:10:33.934-0500] {external_task.py:258} INFO - Poking for tasks ['end_task'] in dag sensor_sleep on 2024-11-27T17:27:00+00:00 ... 
[2024-11-27T13:10:38.939-0500] {external_task.py:258} INFO - Poking for tasks ['end_task'] in dag sensor_sleep on 2024-11-27T17:27:00+00:00 ... 
[2024-11-27T13:10:43.945-0500] {external_task.py:258} INFO - Poking for tasks ['end_task'] in dag sensor_sleep on 2024-11-27T17:27:00+00:00 ... 
[2024-11-27T13:10:48.953-0500] {external_task.py:258} INFO - Poking for tasks ['end_task'] in dag sensor_sleep on 2024-11-27T17:27:00+00:00 ... 
[2024-11-27T13:10:53.956-0500] {external_task.py:258} INFO - Poking for tasks ['end_task'] in dag sensor_sleep on 2024-11-27T17:27:00+00:00 ... 
[2024-11-27T13:10:58.960-0500] {external_task.py:258} INFO - Poking for tasks ['end_task'] in dag sensor_sleep on 2024-11-27T17:27:00+00:00 ... 
[2024-11-27T13:11:03.966-0500] {external_task.py:258} INFO - Poking for tasks ['end_task'] in dag sensor_sleep on 2024-11-27T17:27:00+00:00 ... 
[2024-11-27T13:11:08.969-0500] {external_task.py:258} INFO - Poking for tasks ['end_task'] in dag sensor_sleep on 2024-11-27T17:27:00+00:00 ... 
[2024-11-27T13:11:13.974-0500] {external_task.py:258} INFO - Poking for tasks ['end_task'] in dag sensor_sleep on 2024-11-27T17:27:00+00:00 ... 
[2024-11-27T13:11:18.979-0500] {external_task.py:258} INFO - Poking for tasks ['end_task'] in dag sensor_sleep on 2024-11-27T17:27:00+00:00 ... 
[2024-11-27T13:11:23.986-0500] {external_task.py:258} INFO - Poking for tasks ['end_task'] in dag sensor_sleep on 2024-11-27T17:27:00+00:00 ... 
[2024-11-27T13:11:28.991-0500] {external_task.py:258} INFO - Poking for tasks ['end_task'] in dag sensor_sleep on 2024-11-27T17:27:00+00:00 ... 
[2024-11-27T13:11:33.996-0500] {external_task.py:258} INFO - Poking for tasks ['end_task'] in dag sensor_sleep on 2024-11-27T17:27:00+00:00 ... 
[2024-11-27T13:11:39.001-0500] {external_task.py:258} INFO - Poking for tasks ['end_task'] in dag sensor_sleep on 2024-11-27T17:27:00+00:00 ... 
[2024-11-27T13:11:44.006-0500] {external_task.py:258} INFO - Poking for tasks ['end_task'] in dag sensor_sleep on 2024-11-27T17:27:00+00:00 ... 
[2024-11-27T13:11:49.011-0500] {external_task.py:258} INFO - Poking for tasks ['end_task'] in dag sensor_sleep on 2024-11-27T17:27:00+00:00 ... 
[2024-11-27T13:11:54.017-0500] {external_task.py:258} INFO - Poking for tasks ['end_task'] in dag sensor_sleep on 2024-11-27T17:27:00+00:00 ... 
[2024-11-27T13:11:59.022-0500] {external_task.py:258} INFO - Poking for tasks ['end_task'] in dag sensor_sleep on 2024-11-27T17:27:00+00:00 ... 
[2024-11-27T13:12:04.027-0500] {external_task.py:258} INFO - Poking for tasks ['end_task'] in dag sensor_sleep on 2024-11-27T17:27:00+00:00 ... 
[2024-11-27T13:12:09.034-0500] {external_task.py:258} INFO - Poking for tasks ['end_task'] in dag sensor_sleep on 2024-11-27T17:27:00+00:00 ... 
[2024-11-27T13:12:14.040-0500] {external_task.py:258} INFO - Poking for tasks ['end_task'] in dag sensor_sleep on 2024-11-27T17:27:00+00:00 ... 
[2024-11-27T13:12:19.046-0500] {external_task.py:258} INFO - Poking for tasks ['end_task'] in dag sensor_sleep on 2024-11-27T17:27:00+00:00 ... 
[2024-11-27T13:12:24.051-0500] {external_task.py:258} INFO - Poking for tasks ['end_task'] in dag sensor_sleep on 2024-11-27T17:27:00+00:00 ... 
[2024-11-27T13:12:29.056-0500] {external_task.py:258} INFO - Poking for tasks ['end_task'] in dag sensor_sleep on 2024-11-27T17:27:00+00:00 ... 
[2024-11-27T13:12:34.061-0500] {external_task.py:258} INFO - Poking for tasks ['end_task'] in dag sensor_sleep on 2024-11-27T17:27:00+00:00 ... 
[2024-11-27T13:12:39.064-0500] {external_task.py:258} INFO - Poking for tasks ['end_task'] in dag sensor_sleep on 2024-11-27T17:27:00+00:00 ... 
