[2024-11-05T03:31:27.500-0500] {processor.py:186} INFO - Started process (PID=15902) to work on /home/vanaprastha/venv/lib/python3.11/site-packages/airflow/example_dags/example_branch_day_of_week_operator.py
[2024-11-05T03:31:27.500-0500] {processor.py:914} INFO - Processing file /home/vanaprastha/venv/lib/python3.11/site-packages/airflow/example_dags/example_branch_day_of_week_operator.py for tasks to queue
[2024-11-05T03:31:27.501-0500] {logging_mixin.py:190} INFO - [2024-11-05T03:31:27.501-0500] {dagbag.py:588} INFO - Filling up the DagBag from /home/vanaprastha/venv/lib/python3.11/site-packages/airflow/example_dags/example_branch_day_of_week_operator.py
[2024-11-05T03:31:27.507-0500] {processor.py:925} INFO - DAG(s) 'example_weekday_branch_operator' retrieved from /home/vanaprastha/venv/lib/python3.11/site-packages/airflow/example_dags/example_branch_day_of_week_operator.py
[2024-11-05T03:31:27.591-0500] {logging_mixin.py:190} INFO - [2024-11-05T03:31:27.590-0500] {override.py:1911} INFO - Created Permission View: can delete on DAG:example_weekday_branch_operator
[2024-11-05T03:31:27.604-0500] {logging_mixin.py:190} INFO - [2024-11-05T03:31:27.604-0500] {override.py:1911} INFO - Created Permission View: can edit on DAG:example_weekday_branch_operator
[2024-11-05T03:31:27.614-0500] {logging_mixin.py:190} INFO - [2024-11-05T03:31:27.614-0500] {override.py:1911} INFO - Created Permission View: can read on DAG:example_weekday_branch_operator
[2024-11-05T03:31:27.635-0500] {logging_mixin.py:190} INFO - [2024-11-05T03:31:27.634-0500] {override.py:1911} INFO - Created Permission View: can create on DAG Run:example_weekday_branch_operator
[2024-11-05T03:31:27.645-0500] {logging_mixin.py:190} INFO - [2024-11-05T03:31:27.645-0500] {override.py:1911} INFO - Created Permission View: can delete on DAG Run:example_weekday_branch_operator
[2024-11-05T03:31:27.656-0500] {logging_mixin.py:190} INFO - [2024-11-05T03:31:27.656-0500] {override.py:1911} INFO - Created Permission View: menu access on DAG Run:example_weekday_branch_operator
[2024-11-05T03:31:27.666-0500] {logging_mixin.py:190} INFO - [2024-11-05T03:31:27.666-0500] {override.py:1911} INFO - Created Permission View: can read on DAG Run:example_weekday_branch_operator
[2024-11-05T03:31:27.667-0500] {logging_mixin.py:190} INFO - [2024-11-05T03:31:27.666-0500] {dag.py:3239} INFO - Sync 1 DAGs
[2024-11-05T03:31:27.678-0500] {logging_mixin.py:190} INFO - [2024-11-05T03:31:27.678-0500] {dag.py:3262} INFO - Creating ORM DAG for example_weekday_branch_operator
[2024-11-05T03:31:27.688-0500] {logging_mixin.py:190} INFO - [2024-11-05T03:31:27.688-0500] {dag.py:4180} INFO - Setting next_dagrun for example_weekday_branch_operator to 2024-11-04 00:00:00+00:00, run_after=2024-11-05 00:00:00+00:00
[2024-11-05T03:31:27.805-0500] {processor.py:208} INFO - Processing /home/vanaprastha/venv/lib/python3.11/site-packages/airflow/example_dags/example_branch_day_of_week_operator.py took 0.311 seconds
[2024-11-05T03:32:33.978-0500] {processor.py:186} INFO - Started process (PID=16059) to work on /home/vanaprastha/venv/lib/python3.11/site-packages/airflow/example_dags/example_branch_day_of_week_operator.py
[2024-11-05T03:32:33.997-0500] {processor.py:914} INFO - Processing file /home/vanaprastha/venv/lib/python3.11/site-packages/airflow/example_dags/example_branch_day_of_week_operator.py for tasks to queue
[2024-11-05T03:32:33.998-0500] {logging_mixin.py:190} INFO - [2024-11-05T03:32:33.998-0500] {dagbag.py:588} INFO - Filling up the DagBag from /home/vanaprastha/venv/lib/python3.11/site-packages/airflow/example_dags/example_branch_day_of_week_operator.py
[2024-11-05T03:32:34.005-0500] {processor.py:925} INFO - DAG(s) 'example_weekday_branch_operator' retrieved from /home/vanaprastha/venv/lib/python3.11/site-packages/airflow/example_dags/example_branch_day_of_week_operator.py
[2024-11-05T03:32:34.016-0500] {logging_mixin.py:190} INFO - [2024-11-05T03:32:34.016-0500] {dag.py:3239} INFO - Sync 1 DAGs
[2024-11-05T03:32:34.028-0500] {logging_mixin.py:190} INFO - [2024-11-05T03:32:34.028-0500] {dag.py:4180} INFO - Setting next_dagrun for example_weekday_branch_operator to 2024-11-04 00:00:00+00:00, run_after=2024-11-05 00:00:00+00:00
[2024-11-05T03:32:34.045-0500] {processor.py:208} INFO - Processing /home/vanaprastha/venv/lib/python3.11/site-packages/airflow/example_dags/example_branch_day_of_week_operator.py took 0.071 seconds
[2024-11-05T03:33:28.834-0500] {processor.py:186} INFO - Started process (PID=16243) to work on /home/vanaprastha/venv/lib/python3.11/site-packages/airflow/example_dags/example_branch_day_of_week_operator.py
[2024-11-05T03:33:28.853-0500] {processor.py:914} INFO - Processing file /home/vanaprastha/venv/lib/python3.11/site-packages/airflow/example_dags/example_branch_day_of_week_operator.py for tasks to queue
[2024-11-05T03:33:28.855-0500] {logging_mixin.py:190} INFO - [2024-11-05T03:33:28.855-0500] {dagbag.py:588} INFO - Filling up the DagBag from /home/vanaprastha/venv/lib/python3.11/site-packages/airflow/example_dags/example_branch_day_of_week_operator.py
[2024-11-05T03:33:28.866-0500] {processor.py:925} INFO - DAG(s) 'example_weekday_branch_operator' retrieved from /home/vanaprastha/venv/lib/python3.11/site-packages/airflow/example_dags/example_branch_day_of_week_operator.py
[2024-11-05T03:33:28.883-0500] {logging_mixin.py:190} INFO - [2024-11-05T03:33:28.883-0500] {dag.py:3239} INFO - Sync 1 DAGs
[2024-11-05T03:33:28.977-0500] {logging_mixin.py:190} INFO - [2024-11-05T03:33:28.977-0500] {dag.py:4180} INFO - Setting next_dagrun for example_weekday_branch_operator to 2024-11-04 00:00:00+00:00, run_after=2024-11-05 00:00:00+00:00
[2024-11-05T03:33:29.012-0500] {processor.py:208} INFO - Processing /home/vanaprastha/venv/lib/python3.11/site-packages/airflow/example_dags/example_branch_day_of_week_operator.py took 0.183 seconds
