[2024-11-05T03:31:34.310-0500] {processor.py:186} INFO - Started process (PID=15923) to work on /home/vanaprastha/venv/lib/python3.11/site-packages/airflow/example_dags/example_dataset_alias_with_no_taskflow.py
[2024-11-05T03:31:34.311-0500] {processor.py:914} INFO - Processing file /home/vanaprastha/venv/lib/python3.11/site-packages/airflow/example_dags/example_dataset_alias_with_no_taskflow.py for tasks to queue
[2024-11-05T03:31:34.313-0500] {logging_mixin.py:190} INFO - [2024-11-05T03:31:34.313-0500] {dagbag.py:588} INFO - Filling up the DagBag from /home/vanaprastha/venv/lib/python3.11/site-packages/airflow/example_dags/example_dataset_alias_with_no_taskflow.py
[2024-11-05T03:31:34.325-0500] {processor.py:925} INFO - DAG(s) 'dataset_s3_bucket_consumer_with_no_taskflow', 'dataset_alias_example_alias_consumer_with_no_taskflow', 'dataset_s3_bucket_producer_with_no_taskflow', 'dataset_alias_example_alias_producer_with_no_taskflow' retrieved from /home/vanaprastha/venv/lib/python3.11/site-packages/airflow/example_dags/example_dataset_alias_with_no_taskflow.py
[2024-11-05T03:31:34.406-0500] {logging_mixin.py:190} INFO - [2024-11-05T03:31:34.406-0500] {override.py:1911} INFO - Created Permission View: can delete on DAG:dataset_s3_bucket_consumer_with_no_taskflow
[2024-11-05T03:31:34.420-0500] {logging_mixin.py:190} INFO - [2024-11-05T03:31:34.420-0500] {override.py:1911} INFO - Created Permission View: can edit on DAG:dataset_s3_bucket_consumer_with_no_taskflow
[2024-11-05T03:31:34.431-0500] {logging_mixin.py:190} INFO - [2024-11-05T03:31:34.430-0500] {override.py:1911} INFO - Created Permission View: can read on DAG:dataset_s3_bucket_consumer_with_no_taskflow
[2024-11-05T03:31:34.449-0500] {logging_mixin.py:190} INFO - [2024-11-05T03:31:34.449-0500] {override.py:1911} INFO - Created Permission View: can create on DAG Run:dataset_s3_bucket_consumer_with_no_taskflow
[2024-11-05T03:31:34.460-0500] {logging_mixin.py:190} INFO - [2024-11-05T03:31:34.460-0500] {override.py:1911} INFO - Created Permission View: can delete on DAG Run:dataset_s3_bucket_consumer_with_no_taskflow
[2024-11-05T03:31:34.471-0500] {logging_mixin.py:190} INFO - [2024-11-05T03:31:34.471-0500] {override.py:1911} INFO - Created Permission View: menu access on DAG Run:dataset_s3_bucket_consumer_with_no_taskflow
[2024-11-05T03:31:34.481-0500] {logging_mixin.py:190} INFO - [2024-11-05T03:31:34.481-0500] {override.py:1911} INFO - Created Permission View: can read on DAG Run:dataset_s3_bucket_consumer_with_no_taskflow
[2024-11-05T03:31:34.505-0500] {logging_mixin.py:190} INFO - [2024-11-05T03:31:34.505-0500] {override.py:1911} INFO - Created Permission View: can delete on DAG:dataset_alias_example_alias_consumer_with_no_taskflow
[2024-11-05T03:31:34.517-0500] {logging_mixin.py:190} INFO - [2024-11-05T03:31:34.517-0500] {override.py:1911} INFO - Created Permission View: can edit on DAG:dataset_alias_example_alias_consumer_with_no_taskflow
[2024-11-05T03:31:34.529-0500] {logging_mixin.py:190} INFO - [2024-11-05T03:31:34.528-0500] {override.py:1911} INFO - Created Permission View: can read on DAG:dataset_alias_example_alias_consumer_with_no_taskflow
[2024-11-05T03:31:34.550-0500] {logging_mixin.py:190} INFO - [2024-11-05T03:31:34.549-0500] {override.py:1911} INFO - Created Permission View: can create on DAG Run:dataset_alias_example_alias_consumer_with_no_taskflow
[2024-11-05T03:31:34.563-0500] {logging_mixin.py:190} INFO - [2024-11-05T03:31:34.562-0500] {override.py:1911} INFO - Created Permission View: can delete on DAG Run:dataset_alias_example_alias_consumer_with_no_taskflow
[2024-11-05T03:31:34.575-0500] {logging_mixin.py:190} INFO - [2024-11-05T03:31:34.575-0500] {override.py:1911} INFO - Created Permission View: menu access on DAG Run:dataset_alias_example_alias_consumer_with_no_taskflow
[2024-11-05T03:31:34.588-0500] {logging_mixin.py:190} INFO - [2024-11-05T03:31:34.588-0500] {override.py:1911} INFO - Created Permission View: can read on DAG Run:dataset_alias_example_alias_consumer_with_no_taskflow
[2024-11-05T03:31:34.613-0500] {logging_mixin.py:190} INFO - [2024-11-05T03:31:34.612-0500] {override.py:1911} INFO - Created Permission View: can delete on DAG:dataset_s3_bucket_producer_with_no_taskflow
[2024-11-05T03:31:34.625-0500] {logging_mixin.py:190} INFO - [2024-11-05T03:31:34.624-0500] {override.py:1911} INFO - Created Permission View: can edit on DAG:dataset_s3_bucket_producer_with_no_taskflow
[2024-11-05T03:31:34.635-0500] {logging_mixin.py:190} INFO - [2024-11-05T03:31:34.634-0500] {override.py:1911} INFO - Created Permission View: can read on DAG:dataset_s3_bucket_producer_with_no_taskflow
[2024-11-05T03:31:34.654-0500] {logging_mixin.py:190} INFO - [2024-11-05T03:31:34.654-0500] {override.py:1911} INFO - Created Permission View: can create on DAG Run:dataset_s3_bucket_producer_with_no_taskflow
[2024-11-05T03:31:34.665-0500] {logging_mixin.py:190} INFO - [2024-11-05T03:31:34.664-0500] {override.py:1911} INFO - Created Permission View: can delete on DAG Run:dataset_s3_bucket_producer_with_no_taskflow
[2024-11-05T03:31:34.676-0500] {logging_mixin.py:190} INFO - [2024-11-05T03:31:34.675-0500] {override.py:1911} INFO - Created Permission View: menu access on DAG Run:dataset_s3_bucket_producer_with_no_taskflow
[2024-11-05T03:31:34.686-0500] {logging_mixin.py:190} INFO - [2024-11-05T03:31:34.686-0500] {override.py:1911} INFO - Created Permission View: can read on DAG Run:dataset_s3_bucket_producer_with_no_taskflow
[2024-11-05T03:31:34.709-0500] {logging_mixin.py:190} INFO - [2024-11-05T03:31:34.709-0500] {override.py:1911} INFO - Created Permission View: can delete on DAG:dataset_alias_example_alias_producer_with_no_taskflow
[2024-11-05T03:31:34.721-0500] {logging_mixin.py:190} INFO - [2024-11-05T03:31:34.721-0500] {override.py:1911} INFO - Created Permission View: can edit on DAG:dataset_alias_example_alias_producer_with_no_taskflow
[2024-11-05T03:31:34.733-0500] {logging_mixin.py:190} INFO - [2024-11-05T03:31:34.733-0500] {override.py:1911} INFO - Created Permission View: can read on DAG:dataset_alias_example_alias_producer_with_no_taskflow
[2024-11-05T03:31:34.753-0500] {logging_mixin.py:190} INFO - [2024-11-05T03:31:34.753-0500] {override.py:1911} INFO - Created Permission View: can create on DAG Run:dataset_alias_example_alias_producer_with_no_taskflow
[2024-11-05T03:31:34.766-0500] {logging_mixin.py:190} INFO - [2024-11-05T03:31:34.766-0500] {override.py:1911} INFO - Created Permission View: can delete on DAG Run:dataset_alias_example_alias_producer_with_no_taskflow
[2024-11-05T03:31:34.778-0500] {logging_mixin.py:190} INFO - [2024-11-05T03:31:34.778-0500] {override.py:1911} INFO - Created Permission View: menu access on DAG Run:dataset_alias_example_alias_producer_with_no_taskflow
[2024-11-05T03:31:34.792-0500] {logging_mixin.py:190} INFO - [2024-11-05T03:31:34.791-0500] {override.py:1911} INFO - Created Permission View: can read on DAG Run:dataset_alias_example_alias_producer_with_no_taskflow
[2024-11-05T03:31:34.792-0500] {logging_mixin.py:190} INFO - [2024-11-05T03:31:34.792-0500] {dag.py:3239} INFO - Sync 4 DAGs
[2024-11-05T03:31:34.870-0500] {logging_mixin.py:190} INFO - [2024-11-05T03:31:34.870-0500] {dag.py:3262} INFO - Creating ORM DAG for dataset_s3_bucket_consumer_with_no_taskflow
[2024-11-05T03:31:34.871-0500] {logging_mixin.py:190} INFO - [2024-11-05T03:31:34.871-0500] {dag.py:3262} INFO - Creating ORM DAG for dataset_alias_example_alias_producer_with_no_taskflow
[2024-11-05T03:31:34.871-0500] {logging_mixin.py:190} INFO - [2024-11-05T03:31:34.871-0500] {dag.py:3262} INFO - Creating ORM DAG for dataset_s3_bucket_producer_with_no_taskflow
[2024-11-05T03:31:34.871-0500] {logging_mixin.py:190} INFO - [2024-11-05T03:31:34.871-0500] {dag.py:3262} INFO - Creating ORM DAG for dataset_alias_example_alias_consumer_with_no_taskflow
[2024-11-05T03:31:34.875-0500] {logging_mixin.py:190} INFO - [2024-11-05T03:31:34.875-0500] {dag.py:4180} INFO - Setting next_dagrun for dataset_alias_example_alias_consumer_with_no_taskflow to None, run_after=None
[2024-11-05T03:31:34.875-0500] {logging_mixin.py:190} INFO - [2024-11-05T03:31:34.875-0500] {dag.py:4180} INFO - Setting next_dagrun for dataset_alias_example_alias_producer_with_no_taskflow to None, run_after=None
[2024-11-05T03:31:34.876-0500] {logging_mixin.py:190} INFO - [2024-11-05T03:31:34.876-0500] {dag.py:4180} INFO - Setting next_dagrun for dataset_s3_bucket_consumer_with_no_taskflow to None, run_after=None
[2024-11-05T03:31:34.876-0500] {logging_mixin.py:190} INFO - [2024-11-05T03:31:34.876-0500] {dag.py:4180} INFO - Setting next_dagrun for dataset_s3_bucket_producer_with_no_taskflow to None, run_after=None
[2024-11-05T03:31:34.896-0500] {processor.py:208} INFO - Processing /home/vanaprastha/venv/lib/python3.11/site-packages/airflow/example_dags/example_dataset_alias_with_no_taskflow.py took 0.590 seconds
[2024-11-05T03:32:39.175-0500] {processor.py:186} INFO - Started process (PID=16069) to work on /home/vanaprastha/venv/lib/python3.11/site-packages/airflow/example_dags/example_dataset_alias_with_no_taskflow.py
[2024-11-05T03:32:39.195-0500] {processor.py:914} INFO - Processing file /home/vanaprastha/venv/lib/python3.11/site-packages/airflow/example_dags/example_dataset_alias_with_no_taskflow.py for tasks to queue
[2024-11-05T03:32:39.197-0500] {logging_mixin.py:190} INFO - [2024-11-05T03:32:39.197-0500] {dagbag.py:588} INFO - Filling up the DagBag from /home/vanaprastha/venv/lib/python3.11/site-packages/airflow/example_dags/example_dataset_alias_with_no_taskflow.py
[2024-11-05T03:32:39.214-0500] {processor.py:925} INFO - DAG(s) 'dataset_alias_example_alias_consumer_with_no_taskflow', 'dataset_s3_bucket_producer_with_no_taskflow', 'dataset_s3_bucket_consumer_with_no_taskflow', 'dataset_alias_example_alias_producer_with_no_taskflow' retrieved from /home/vanaprastha/venv/lib/python3.11/site-packages/airflow/example_dags/example_dataset_alias_with_no_taskflow.py
[2024-11-05T03:32:39.225-0500] {logging_mixin.py:190} INFO - [2024-11-05T03:32:39.225-0500] {dag.py:3239} INFO - Sync 4 DAGs
[2024-11-05T03:32:39.235-0500] {logging_mixin.py:190} INFO - [2024-11-05T03:32:39.235-0500] {dag.py:4180} INFO - Setting next_dagrun for dataset_alias_example_alias_consumer_with_no_taskflow to None, run_after=None
[2024-11-05T03:32:39.236-0500] {logging_mixin.py:190} INFO - [2024-11-05T03:32:39.236-0500] {dag.py:4180} INFO - Setting next_dagrun for dataset_alias_example_alias_producer_with_no_taskflow to None, run_after=None
[2024-11-05T03:32:39.237-0500] {logging_mixin.py:190} INFO - [2024-11-05T03:32:39.237-0500] {dag.py:4180} INFO - Setting next_dagrun for dataset_s3_bucket_consumer_with_no_taskflow to None, run_after=None
[2024-11-05T03:32:39.237-0500] {logging_mixin.py:190} INFO - [2024-11-05T03:32:39.237-0500] {dag.py:4180} INFO - Setting next_dagrun for dataset_s3_bucket_producer_with_no_taskflow to None, run_after=None
[2024-11-05T03:32:39.325-0500] {processor.py:208} INFO - Processing /home/vanaprastha/venv/lib/python3.11/site-packages/airflow/example_dags/example_dataset_alias_with_no_taskflow.py took 0.157 seconds
[2024-11-05T03:33:34.803-0500] {processor.py:186} INFO - Started process (PID=16249) to work on /home/vanaprastha/venv/lib/python3.11/site-packages/airflow/example_dags/example_dataset_alias_with_no_taskflow.py
[2024-11-05T03:33:34.823-0500] {processor.py:914} INFO - Processing file /home/vanaprastha/venv/lib/python3.11/site-packages/airflow/example_dags/example_dataset_alias_with_no_taskflow.py for tasks to queue
[2024-11-05T03:33:34.825-0500] {logging_mixin.py:190} INFO - [2024-11-05T03:33:34.825-0500] {dagbag.py:588} INFO - Filling up the DagBag from /home/vanaprastha/venv/lib/python3.11/site-packages/airflow/example_dags/example_dataset_alias_with_no_taskflow.py
[2024-11-05T03:33:34.914-0500] {processor.py:925} INFO - DAG(s) 'dataset_alias_example_alias_producer_with_no_taskflow', 'dataset_alias_example_alias_consumer_with_no_taskflow', 'dataset_s3_bucket_consumer_with_no_taskflow', 'dataset_s3_bucket_producer_with_no_taskflow' retrieved from /home/vanaprastha/venv/lib/python3.11/site-packages/airflow/example_dags/example_dataset_alias_with_no_taskflow.py
[2024-11-05T03:33:34.923-0500] {logging_mixin.py:190} INFO - [2024-11-05T03:33:34.923-0500] {dag.py:3239} INFO - Sync 4 DAGs
[2024-11-05T03:33:34.933-0500] {logging_mixin.py:190} INFO - [2024-11-05T03:33:34.932-0500] {dag.py:4180} INFO - Setting next_dagrun for dataset_alias_example_alias_consumer_with_no_taskflow to None, run_after=None
[2024-11-05T03:33:34.934-0500] {logging_mixin.py:190} INFO - [2024-11-05T03:33:34.934-0500] {dag.py:4180} INFO - Setting next_dagrun for dataset_alias_example_alias_producer_with_no_taskflow to None, run_after=None
[2024-11-05T03:33:34.934-0500] {logging_mixin.py:190} INFO - [2024-11-05T03:33:34.934-0500] {dag.py:4180} INFO - Setting next_dagrun for dataset_s3_bucket_consumer_with_no_taskflow to None, run_after=None
[2024-11-05T03:33:34.935-0500] {logging_mixin.py:190} INFO - [2024-11-05T03:33:34.935-0500] {dag.py:4180} INFO - Setting next_dagrun for dataset_s3_bucket_producer_with_no_taskflow to None, run_after=None
[2024-11-05T03:33:34.974-0500] {processor.py:208} INFO - Processing /home/vanaprastha/venv/lib/python3.11/site-packages/airflow/example_dags/example_dataset_alias_with_no_taskflow.py took 0.178 seconds
