[2024-11-05T03:31:23.666-0500] {processor.py:186} INFO - Started process (PID=15891) to work on /home/vanaprastha/venv/lib/python3.11/site-packages/airflow/example_dags/example_params_trigger_ui.py
[2024-11-05T03:31:23.667-0500] {processor.py:914} INFO - Processing file /home/vanaprastha/venv/lib/python3.11/site-packages/airflow/example_dags/example_params_trigger_ui.py for tasks to queue
[2024-11-05T03:31:23.670-0500] {logging_mixin.py:190} INFO - [2024-11-05T03:31:23.669-0500] {dagbag.py:588} INFO - Filling up the DagBag from /home/vanaprastha/venv/lib/python3.11/site-packages/airflow/example_dags/example_params_trigger_ui.py
[2024-11-05T03:31:23.679-0500] {processor.py:925} INFO - DAG(s) 'example_params_trigger_ui' retrieved from /home/vanaprastha/venv/lib/python3.11/site-packages/airflow/example_dags/example_params_trigger_ui.py
[2024-11-05T03:31:23.777-0500] {logging_mixin.py:190} INFO - [2024-11-05T03:31:23.776-0500] {override.py:1911} INFO - Created Permission View: can delete on DAG:example_params_trigger_ui
[2024-11-05T03:31:23.790-0500] {logging_mixin.py:190} INFO - [2024-11-05T03:31:23.790-0500] {override.py:1911} INFO - Created Permission View: can edit on DAG:example_params_trigger_ui
[2024-11-05T03:31:23.801-0500] {logging_mixin.py:190} INFO - [2024-11-05T03:31:23.801-0500] {override.py:1911} INFO - Created Permission View: can read on DAG:example_params_trigger_ui
[2024-11-05T03:31:23.819-0500] {logging_mixin.py:190} INFO - [2024-11-05T03:31:23.819-0500] {override.py:1911} INFO - Created Permission View: can create on DAG Run:example_params_trigger_ui
[2024-11-05T03:31:23.830-0500] {logging_mixin.py:190} INFO - [2024-11-05T03:31:23.830-0500] {override.py:1911} INFO - Created Permission View: can delete on DAG Run:example_params_trigger_ui
[2024-11-05T03:31:23.843-0500] {logging_mixin.py:190} INFO - [2024-11-05T03:31:23.843-0500] {override.py:1911} INFO - Created Permission View: menu access on DAG Run:example_params_trigger_ui
[2024-11-05T03:31:23.856-0500] {logging_mixin.py:190} INFO - [2024-11-05T03:31:23.856-0500] {override.py:1911} INFO - Created Permission View: can read on DAG Run:example_params_trigger_ui
[2024-11-05T03:31:23.857-0500] {logging_mixin.py:190} INFO - [2024-11-05T03:31:23.856-0500] {dag.py:3239} INFO - Sync 1 DAGs
[2024-11-05T03:31:23.867-0500] {logging_mixin.py:190} INFO - [2024-11-05T03:31:23.867-0500] {dag.py:3262} INFO - Creating ORM DAG for example_params_trigger_ui
[2024-11-05T03:31:23.868-0500] {logging_mixin.py:190} INFO - [2024-11-05T03:31:23.868-0500] {dag.py:4180} INFO - Setting next_dagrun for example_params_trigger_ui to None, run_after=None
[2024-11-05T03:31:23.958-0500] {processor.py:208} INFO - Processing /home/vanaprastha/venv/lib/python3.11/site-packages/airflow/example_dags/example_params_trigger_ui.py took 0.299 seconds
[2024-11-05T03:32:27.477-0500] {processor.py:186} INFO - Started process (PID=16050) to work on /home/vanaprastha/venv/lib/python3.11/site-packages/airflow/example_dags/example_params_trigger_ui.py
[2024-11-05T03:32:27.497-0500] {processor.py:914} INFO - Processing file /home/vanaprastha/venv/lib/python3.11/site-packages/airflow/example_dags/example_params_trigger_ui.py for tasks to queue
[2024-11-05T03:32:27.500-0500] {logging_mixin.py:190} INFO - [2024-11-05T03:32:27.499-0500] {dagbag.py:588} INFO - Filling up the DagBag from /home/vanaprastha/venv/lib/python3.11/site-packages/airflow/example_dags/example_params_trigger_ui.py
[2024-11-05T03:32:27.511-0500] {processor.py:925} INFO - DAG(s) 'example_params_trigger_ui' retrieved from /home/vanaprastha/venv/lib/python3.11/site-packages/airflow/example_dags/example_params_trigger_ui.py
[2024-11-05T03:32:27.533-0500] {logging_mixin.py:190} INFO - [2024-11-05T03:32:27.532-0500] {dag.py:3239} INFO - Sync 1 DAGs
[2024-11-05T03:32:27.539-0500] {logging_mixin.py:190} INFO - [2024-11-05T03:32:27.539-0500] {dag.py:4180} INFO - Setting next_dagrun for example_params_trigger_ui to None, run_after=None
[2024-11-05T03:32:27.556-0500] {processor.py:208} INFO - Processing /home/vanaprastha/venv/lib/python3.11/site-packages/airflow/example_dags/example_params_trigger_ui.py took 0.084 seconds
[2024-11-05T03:33:25.750-0500] {processor.py:186} INFO - Started process (PID=16190) to work on /home/vanaprastha/venv/lib/python3.11/site-packages/airflow/example_dags/example_params_trigger_ui.py
[2024-11-05T03:33:25.769-0500] {processor.py:914} INFO - Processing file /home/vanaprastha/venv/lib/python3.11/site-packages/airflow/example_dags/example_params_trigger_ui.py for tasks to queue
[2024-11-05T03:33:25.773-0500] {logging_mixin.py:190} INFO - [2024-11-05T03:33:25.772-0500] {dagbag.py:588} INFO - Filling up the DagBag from /home/vanaprastha/venv/lib/python3.11/site-packages/airflow/example_dags/example_params_trigger_ui.py
[2024-11-05T03:33:25.790-0500] {processor.py:925} INFO - DAG(s) 'example_params_trigger_ui' retrieved from /home/vanaprastha/venv/lib/python3.11/site-packages/airflow/example_dags/example_params_trigger_ui.py
[2024-11-05T03:33:25.910-0500] {logging_mixin.py:190} INFO - [2024-11-05T03:33:25.910-0500] {dag.py:3239} INFO - Sync 1 DAGs
[2024-11-05T03:33:25.917-0500] {logging_mixin.py:190} INFO - [2024-11-05T03:33:25.916-0500] {dag.py:4180} INFO - Setting next_dagrun for example_params_trigger_ui to None, run_after=None
[2024-11-05T03:33:25.951-0500] {processor.py:208} INFO - Processing /home/vanaprastha/venv/lib/python3.11/site-packages/airflow/example_dags/example_params_trigger_ui.py took 0.208 seconds
