[2024-11-05T03:31:37.289-0500] {processor.py:186} INFO - Started process (PID=15926) to work on /home/vanaprastha/venv/lib/python3.11/site-packages/airflow/example_dags/example_branch_datetime_operator.py
[2024-11-05T03:31:37.289-0500] {processor.py:914} INFO - Processing file /home/vanaprastha/venv/lib/python3.11/site-packages/airflow/example_dags/example_branch_datetime_operator.py for tasks to queue
[2024-11-05T03:31:37.290-0500] {logging_mixin.py:190} INFO - [2024-11-05T03:31:37.290-0500] {dagbag.py:588} INFO - Filling up the DagBag from /home/vanaprastha/venv/lib/python3.11/site-packages/airflow/example_dags/example_branch_datetime_operator.py
[2024-11-05T03:31:37.297-0500] {processor.py:925} INFO - DAG(s) 'example_branch_datetime_operator_3', 'example_branch_datetime_operator', 'example_branch_datetime_operator_2' retrieved from /home/vanaprastha/venv/lib/python3.11/site-packages/airflow/example_dags/example_branch_datetime_operator.py
[2024-11-05T03:31:37.379-0500] {logging_mixin.py:190} INFO - [2024-11-05T03:31:37.379-0500] {override.py:1911} INFO - Created Permission View: can delete on DAG:example_branch_datetime_operator_3
[2024-11-05T03:31:37.394-0500] {logging_mixin.py:190} INFO - [2024-11-05T03:31:37.393-0500] {override.py:1911} INFO - Created Permission View: can edit on DAG:example_branch_datetime_operator_3
[2024-11-05T03:31:37.405-0500] {logging_mixin.py:190} INFO - [2024-11-05T03:31:37.404-0500] {override.py:1911} INFO - Created Permission View: can read on DAG:example_branch_datetime_operator_3
[2024-11-05T03:31:37.423-0500] {logging_mixin.py:190} INFO - [2024-11-05T03:31:37.423-0500] {override.py:1911} INFO - Created Permission View: can create on DAG Run:example_branch_datetime_operator_3
[2024-11-05T03:31:37.435-0500] {logging_mixin.py:190} INFO - [2024-11-05T03:31:37.435-0500] {override.py:1911} INFO - Created Permission View: can delete on DAG Run:example_branch_datetime_operator_3
[2024-11-05T03:31:37.447-0500] {logging_mixin.py:190} INFO - [2024-11-05T03:31:37.447-0500] {override.py:1911} INFO - Created Permission View: menu access on DAG Run:example_branch_datetime_operator_3
[2024-11-05T03:31:37.459-0500] {logging_mixin.py:190} INFO - [2024-11-05T03:31:37.459-0500] {override.py:1911} INFO - Created Permission View: can read on DAG Run:example_branch_datetime_operator_3
[2024-11-05T03:31:37.483-0500] {logging_mixin.py:190} INFO - [2024-11-05T03:31:37.482-0500] {override.py:1911} INFO - Created Permission View: can delete on DAG:example_branch_datetime_operator
[2024-11-05T03:31:37.492-0500] {logging_mixin.py:190} INFO - [2024-11-05T03:31:37.492-0500] {override.py:1911} INFO - Created Permission View: can edit on DAG:example_branch_datetime_operator
[2024-11-05T03:31:37.502-0500] {logging_mixin.py:190} INFO - [2024-11-05T03:31:37.501-0500] {override.py:1911} INFO - Created Permission View: can read on DAG:example_branch_datetime_operator
[2024-11-05T03:31:37.518-0500] {logging_mixin.py:190} INFO - [2024-11-05T03:31:37.518-0500] {override.py:1911} INFO - Created Permission View: can create on DAG Run:example_branch_datetime_operator
[2024-11-05T03:31:37.528-0500] {logging_mixin.py:190} INFO - [2024-11-05T03:31:37.528-0500] {override.py:1911} INFO - Created Permission View: can delete on DAG Run:example_branch_datetime_operator
[2024-11-05T03:31:37.539-0500] {logging_mixin.py:190} INFO - [2024-11-05T03:31:37.539-0500] {override.py:1911} INFO - Created Permission View: menu access on DAG Run:example_branch_datetime_operator
[2024-11-05T03:31:37.553-0500] {logging_mixin.py:190} INFO - [2024-11-05T03:31:37.553-0500] {override.py:1911} INFO - Created Permission View: can read on DAG Run:example_branch_datetime_operator
[2024-11-05T03:31:37.580-0500] {logging_mixin.py:190} INFO - [2024-11-05T03:31:37.579-0500] {override.py:1911} INFO - Created Permission View: can delete on DAG:example_branch_datetime_operator_2
[2024-11-05T03:31:37.593-0500] {logging_mixin.py:190} INFO - [2024-11-05T03:31:37.592-0500] {override.py:1911} INFO - Created Permission View: can edit on DAG:example_branch_datetime_operator_2
[2024-11-05T03:31:37.603-0500] {logging_mixin.py:190} INFO - [2024-11-05T03:31:37.603-0500] {override.py:1911} INFO - Created Permission View: can read on DAG:example_branch_datetime_operator_2
[2024-11-05T03:31:37.620-0500] {logging_mixin.py:190} INFO - [2024-11-05T03:31:37.620-0500] {override.py:1911} INFO - Created Permission View: can create on DAG Run:example_branch_datetime_operator_2
[2024-11-05T03:31:37.630-0500] {logging_mixin.py:190} INFO - [2024-11-05T03:31:37.630-0500] {override.py:1911} INFO - Created Permission View: can delete on DAG Run:example_branch_datetime_operator_2
[2024-11-05T03:31:37.640-0500] {logging_mixin.py:190} INFO - [2024-11-05T03:31:37.640-0500] {override.py:1911} INFO - Created Permission View: menu access on DAG Run:example_branch_datetime_operator_2
[2024-11-05T03:31:37.651-0500] {logging_mixin.py:190} INFO - [2024-11-05T03:31:37.651-0500] {override.py:1911} INFO - Created Permission View: can read on DAG Run:example_branch_datetime_operator_2
[2024-11-05T03:31:37.652-0500] {logging_mixin.py:190} INFO - [2024-11-05T03:31:37.652-0500] {dag.py:3239} INFO - Sync 3 DAGs
[2024-11-05T03:31:37.734-0500] {logging_mixin.py:190} INFO - [2024-11-05T03:31:37.734-0500] {dag.py:3262} INFO - Creating ORM DAG for example_branch_datetime_operator_2
[2024-11-05T03:31:37.734-0500] {logging_mixin.py:190} INFO - [2024-11-05T03:31:37.734-0500] {dag.py:3262} INFO - Creating ORM DAG for example_branch_datetime_operator_3
[2024-11-05T03:31:37.735-0500] {logging_mixin.py:190} INFO - [2024-11-05T03:31:37.735-0500] {dag.py:3262} INFO - Creating ORM DAG for example_branch_datetime_operator
[2024-11-05T03:31:37.740-0500] {logging_mixin.py:190} INFO - [2024-11-05T03:31:37.739-0500] {dag.py:4180} INFO - Setting next_dagrun for example_branch_datetime_operator to 2024-11-04 00:00:00+00:00, run_after=2024-11-05 00:00:00+00:00
[2024-11-05T03:31:37.741-0500] {logging_mixin.py:190} INFO - [2024-11-05T03:31:37.740-0500] {dag.py:4180} INFO - Setting next_dagrun for example_branch_datetime_operator_2 to 2024-11-04 00:00:00+00:00, run_after=2024-11-05 00:00:00+00:00
[2024-11-05T03:31:37.741-0500] {logging_mixin.py:190} INFO - [2024-11-05T03:31:37.741-0500] {dag.py:4180} INFO - Setting next_dagrun for example_branch_datetime_operator_3 to 2024-11-04 00:00:00+00:00, run_after=2024-11-05 00:00:00+00:00
[2024-11-05T03:31:37.758-0500] {processor.py:208} INFO - Processing /home/vanaprastha/venv/lib/python3.11/site-packages/airflow/example_dags/example_branch_datetime_operator.py took 0.473 seconds
[2024-11-05T03:32:40.660-0500] {processor.py:186} INFO - Started process (PID=16072) to work on /home/vanaprastha/venv/lib/python3.11/site-packages/airflow/example_dags/example_branch_datetime_operator.py
[2024-11-05T03:32:40.679-0500] {processor.py:914} INFO - Processing file /home/vanaprastha/venv/lib/python3.11/site-packages/airflow/example_dags/example_branch_datetime_operator.py for tasks to queue
[2024-11-05T03:32:40.682-0500] {logging_mixin.py:190} INFO - [2024-11-05T03:32:40.682-0500] {dagbag.py:588} INFO - Filling up the DagBag from /home/vanaprastha/venv/lib/python3.11/site-packages/airflow/example_dags/example_branch_datetime_operator.py
[2024-11-05T03:32:40.696-0500] {processor.py:925} INFO - DAG(s) 'example_branch_datetime_operator_3', 'example_branch_datetime_operator_2', 'example_branch_datetime_operator' retrieved from /home/vanaprastha/venv/lib/python3.11/site-packages/airflow/example_dags/example_branch_datetime_operator.py
[2024-11-05T03:32:40.708-0500] {logging_mixin.py:190} INFO - [2024-11-05T03:32:40.708-0500] {dag.py:3239} INFO - Sync 3 DAGs
[2024-11-05T03:32:40.720-0500] {logging_mixin.py:190} INFO - [2024-11-05T03:32:40.720-0500] {dag.py:4180} INFO - Setting next_dagrun for example_branch_datetime_operator to 2024-11-04 00:00:00+00:00, run_after=2024-11-05 00:00:00+00:00
[2024-11-05T03:32:40.723-0500] {logging_mixin.py:190} INFO - [2024-11-05T03:32:40.723-0500] {dag.py:4180} INFO - Setting next_dagrun for example_branch_datetime_operator_2 to 2024-11-04 00:00:00+00:00, run_after=2024-11-05 00:00:00+00:00
[2024-11-05T03:32:40.724-0500] {logging_mixin.py:190} INFO - [2024-11-05T03:32:40.724-0500] {dag.py:4180} INFO - Setting next_dagrun for example_branch_datetime_operator_3 to 2024-11-04 00:00:00+00:00, run_after=2024-11-05 00:00:00+00:00
[2024-11-05T03:32:40.740-0500] {processor.py:208} INFO - Processing /home/vanaprastha/venv/lib/python3.11/site-packages/airflow/example_dags/example_branch_datetime_operator.py took 0.087 seconds
[2024-11-05T03:33:37.274-0500] {processor.py:186} INFO - Started process (PID=16252) to work on /home/vanaprastha/venv/lib/python3.11/site-packages/airflow/example_dags/example_branch_datetime_operator.py
[2024-11-05T03:33:37.293-0500] {processor.py:914} INFO - Processing file /home/vanaprastha/venv/lib/python3.11/site-packages/airflow/example_dags/example_branch_datetime_operator.py for tasks to queue
[2024-11-05T03:33:37.295-0500] {logging_mixin.py:190} INFO - [2024-11-05T03:33:37.295-0500] {dagbag.py:588} INFO - Filling up the DagBag from /home/vanaprastha/venv/lib/python3.11/site-packages/airflow/example_dags/example_branch_datetime_operator.py
[2024-11-05T03:33:37.304-0500] {processor.py:925} INFO - DAG(s) 'example_branch_datetime_operator_3', 'example_branch_datetime_operator_2', 'example_branch_datetime_operator' retrieved from /home/vanaprastha/venv/lib/python3.11/site-packages/airflow/example_dags/example_branch_datetime_operator.py
[2024-11-05T03:33:37.397-0500] {logging_mixin.py:190} INFO - [2024-11-05T03:33:37.397-0500] {dag.py:3239} INFO - Sync 3 DAGs
[2024-11-05T03:33:37.409-0500] {logging_mixin.py:190} INFO - [2024-11-05T03:33:37.409-0500] {dag.py:4180} INFO - Setting next_dagrun for example_branch_datetime_operator to 2024-11-04 00:00:00+00:00, run_after=2024-11-05 00:00:00+00:00
[2024-11-05T03:33:37.412-0500] {logging_mixin.py:190} INFO - [2024-11-05T03:33:37.412-0500] {dag.py:4180} INFO - Setting next_dagrun for example_branch_datetime_operator_2 to 2024-11-04 00:00:00+00:00, run_after=2024-11-05 00:00:00+00:00
[2024-11-05T03:33:37.413-0500] {logging_mixin.py:190} INFO - [2024-11-05T03:33:37.413-0500] {dag.py:4180} INFO - Setting next_dagrun for example_branch_datetime_operator_3 to 2024-11-04 00:00:00+00:00, run_after=2024-11-05 00:00:00+00:00
[2024-11-05T03:33:37.446-0500] {processor.py:208} INFO - Processing /home/vanaprastha/venv/lib/python3.11/site-packages/airflow/example_dags/example_branch_datetime_operator.py took 0.176 seconds
