[2024-11-05T03:31:47.251-0500] {processor.py:186} INFO - Started process (PID=15964) to work on /home/vanaprastha/venv/lib/python3.11/site-packages/airflow/example_dags/example_dynamic_task_mapping_with_no_taskflow_operators.py
[2024-11-05T03:31:47.252-0500] {processor.py:914} INFO - Processing file /home/vanaprastha/venv/lib/python3.11/site-packages/airflow/example_dags/example_dynamic_task_mapping_with_no_taskflow_operators.py for tasks to queue
[2024-11-05T03:31:47.253-0500] {logging_mixin.py:190} INFO - [2024-11-05T03:31:47.253-0500] {dagbag.py:588} INFO - Filling up the DagBag from /home/vanaprastha/venv/lib/python3.11/site-packages/airflow/example_dags/example_dynamic_task_mapping_with_no_taskflow_operators.py
[2024-11-05T03:31:47.259-0500] {processor.py:925} INFO - DAG(s) 'example_dynamic_task_mapping_with_no_taskflow_operators' retrieved from /home/vanaprastha/venv/lib/python3.11/site-packages/airflow/example_dags/example_dynamic_task_mapping_with_no_taskflow_operators.py
[2024-11-05T03:31:47.352-0500] {logging_mixin.py:190} INFO - [2024-11-05T03:31:47.351-0500] {override.py:1911} INFO - Created Permission View: can delete on DAG:example_dynamic_task_mapping_with_no_taskflow_operators
[2024-11-05T03:31:47.365-0500] {logging_mixin.py:190} INFO - [2024-11-05T03:31:47.364-0500] {override.py:1911} INFO - Created Permission View: can edit on DAG:example_dynamic_task_mapping_with_no_taskflow_operators
[2024-11-05T03:31:47.377-0500] {logging_mixin.py:190} INFO - [2024-11-05T03:31:47.377-0500] {override.py:1911} INFO - Created Permission View: can read on DAG:example_dynamic_task_mapping_with_no_taskflow_operators
[2024-11-05T03:31:47.402-0500] {logging_mixin.py:190} INFO - [2024-11-05T03:31:47.401-0500] {override.py:1911} INFO - Created Permission View: can create on DAG Run:example_dynamic_task_mapping_with_no_taskflow_operators
[2024-11-05T03:31:47.414-0500] {logging_mixin.py:190} INFO - [2024-11-05T03:31:47.413-0500] {override.py:1911} INFO - Created Permission View: can delete on DAG Run:example_dynamic_task_mapping_with_no_taskflow_operators
[2024-11-05T03:31:47.425-0500] {logging_mixin.py:190} INFO - [2024-11-05T03:31:47.425-0500] {override.py:1911} INFO - Created Permission View: menu access on DAG Run:example_dynamic_task_mapping_with_no_taskflow_operators
[2024-11-05T03:31:47.437-0500] {logging_mixin.py:190} INFO - [2024-11-05T03:31:47.437-0500] {override.py:1911} INFO - Created Permission View: can read on DAG Run:example_dynamic_task_mapping_with_no_taskflow_operators
[2024-11-05T03:31:47.438-0500] {logging_mixin.py:190} INFO - [2024-11-05T03:31:47.437-0500] {dag.py:3239} INFO - Sync 1 DAGs
[2024-11-05T03:31:47.520-0500] {logging_mixin.py:190} INFO - [2024-11-05T03:31:47.519-0500] {dag.py:3262} INFO - Creating ORM DAG for example_dynamic_task_mapping_with_no_taskflow_operators
[2024-11-05T03:31:47.520-0500] {logging_mixin.py:190} INFO - [2024-11-05T03:31:47.520-0500] {dag.py:4180} INFO - Setting next_dagrun for example_dynamic_task_mapping_with_no_taskflow_operators to None, run_after=None
[2024-11-05T03:31:47.536-0500] {processor.py:208} INFO - Processing /home/vanaprastha/venv/lib/python3.11/site-packages/airflow/example_dags/example_dynamic_task_mapping_with_no_taskflow_operators.py took 0.289 seconds
[2024-11-05T03:32:47.969-0500] {processor.py:186} INFO - Started process (PID=16084) to work on /home/vanaprastha/venv/lib/python3.11/site-packages/airflow/example_dags/example_dynamic_task_mapping_with_no_taskflow_operators.py
[2024-11-05T03:32:47.987-0500] {processor.py:914} INFO - Processing file /home/vanaprastha/venv/lib/python3.11/site-packages/airflow/example_dags/example_dynamic_task_mapping_with_no_taskflow_operators.py for tasks to queue
[2024-11-05T03:32:47.990-0500] {logging_mixin.py:190} INFO - [2024-11-05T03:32:47.990-0500] {dagbag.py:588} INFO - Filling up the DagBag from /home/vanaprastha/venv/lib/python3.11/site-packages/airflow/example_dags/example_dynamic_task_mapping_with_no_taskflow_operators.py
[2024-11-05T03:32:48.000-0500] {processor.py:925} INFO - DAG(s) 'example_dynamic_task_mapping_with_no_taskflow_operators' retrieved from /home/vanaprastha/venv/lib/python3.11/site-packages/airflow/example_dags/example_dynamic_task_mapping_with_no_taskflow_operators.py
[2024-11-05T03:32:48.010-0500] {logging_mixin.py:190} INFO - [2024-11-05T03:32:48.010-0500] {dag.py:3239} INFO - Sync 1 DAGs
[2024-11-05T03:32:48.017-0500] {logging_mixin.py:190} INFO - [2024-11-05T03:32:48.016-0500] {dag.py:4180} INFO - Setting next_dagrun for example_dynamic_task_mapping_with_no_taskflow_operators to None, run_after=None
[2024-11-05T03:32:48.032-0500] {processor.py:208} INFO - Processing /home/vanaprastha/venv/lib/python3.11/site-packages/airflow/example_dags/example_dynamic_task_mapping_with_no_taskflow_operators.py took 0.068 seconds
[2024-11-05T03:34:05.073-0500] {processor.py:186} INFO - Started process (PID=16366) to work on /home/vanaprastha/venv/lib/python3.11/site-packages/airflow/example_dags/example_dynamic_task_mapping_with_no_taskflow_operators.py
[2024-11-05T03:34:05.092-0500] {processor.py:914} INFO - Processing file /home/vanaprastha/venv/lib/python3.11/site-packages/airflow/example_dags/example_dynamic_task_mapping_with_no_taskflow_operators.py for tasks to queue
[2024-11-05T03:34:05.094-0500] {logging_mixin.py:190} INFO - [2024-11-05T03:34:05.094-0500] {dagbag.py:588} INFO - Filling up the DagBag from /home/vanaprastha/venv/lib/python3.11/site-packages/airflow/example_dags/example_dynamic_task_mapping_with_no_taskflow_operators.py
[2024-11-05T03:34:05.101-0500] {processor.py:925} INFO - DAG(s) 'example_dynamic_task_mapping_with_no_taskflow_operators' retrieved from /home/vanaprastha/venv/lib/python3.11/site-packages/airflow/example_dags/example_dynamic_task_mapping_with_no_taskflow_operators.py
[2024-11-05T03:34:05.114-0500] {logging_mixin.py:190} INFO - [2024-11-05T03:34:05.113-0500] {dag.py:3239} INFO - Sync 1 DAGs
[2024-11-05T03:34:05.124-0500] {logging_mixin.py:190} INFO - [2024-11-05T03:34:05.124-0500] {dag.py:4180} INFO - Setting next_dagrun for example_dynamic_task_mapping_with_no_taskflow_operators to None, run_after=None
[2024-11-05T03:34:05.144-0500] {processor.py:208} INFO - Processing /home/vanaprastha/venv/lib/python3.11/site-packages/airflow/example_dags/example_dynamic_task_mapping_with_no_taskflow_operators.py took 0.076 seconds
