[2024-11-05T03:31:48.884-0500] {processor.py:186} INFO - Started process (PID=15967) to work on /home/vanaprastha/venv/lib/python3.11/site-packages/airflow/example_dags/example_latest_only.py
[2024-11-05T03:31:48.884-0500] {processor.py:914} INFO - Processing file /home/vanaprastha/venv/lib/python3.11/site-packages/airflow/example_dags/example_latest_only.py for tasks to queue
[2024-11-05T03:31:48.885-0500] {logging_mixin.py:190} INFO - [2024-11-05T03:31:48.885-0500] {dagbag.py:588} INFO - Filling up the DagBag from /home/vanaprastha/venv/lib/python3.11/site-packages/airflow/example_dags/example_latest_only.py
[2024-11-05T03:31:48.889-0500] {processor.py:925} INFO - DAG(s) 'latest_only' retrieved from /home/vanaprastha/venv/lib/python3.11/site-packages/airflow/example_dags/example_latest_only.py
[2024-11-05T03:31:48.973-0500] {logging_mixin.py:190} INFO - [2024-11-05T03:31:48.972-0500] {override.py:1911} INFO - Created Permission View: can delete on DAG:latest_only
[2024-11-05T03:31:48.987-0500] {logging_mixin.py:190} INFO - [2024-11-05T03:31:48.987-0500] {override.py:1911} INFO - Created Permission View: can edit on DAG:latest_only
[2024-11-05T03:31:48.998-0500] {logging_mixin.py:190} INFO - [2024-11-05T03:31:48.997-0500] {override.py:1911} INFO - Created Permission View: can read on DAG:latest_only
[2024-11-05T03:31:49.018-0500] {logging_mixin.py:190} INFO - [2024-11-05T03:31:49.017-0500] {override.py:1911} INFO - Created Permission View: can create on DAG Run:latest_only
[2024-11-05T03:31:49.030-0500] {logging_mixin.py:190} INFO - [2024-11-05T03:31:49.030-0500] {override.py:1911} INFO - Created Permission View: can delete on DAG Run:latest_only
[2024-11-05T03:31:49.042-0500] {logging_mixin.py:190} INFO - [2024-11-05T03:31:49.042-0500] {override.py:1911} INFO - Created Permission View: menu access on DAG Run:latest_only
[2024-11-05T03:31:49.054-0500] {logging_mixin.py:190} INFO - [2024-11-05T03:31:49.054-0500] {override.py:1911} INFO - Created Permission View: can read on DAG Run:latest_only
[2024-11-05T03:31:49.055-0500] {logging_mixin.py:190} INFO - [2024-11-05T03:31:49.055-0500] {dag.py:3239} INFO - Sync 1 DAGs
[2024-11-05T03:31:49.142-0500] {logging_mixin.py:190} INFO - [2024-11-05T03:31:49.142-0500] {dag.py:3262} INFO - Creating ORM DAG for latest_only
[2024-11-05T03:31:49.146-0500] {logging_mixin.py:190} INFO - [2024-11-05T03:31:49.146-0500] {dag.py:4180} INFO - Setting next_dagrun for latest_only to 2024-11-05 04:00:00+00:00, run_after=2024-11-05 08:00:00+00:00
[2024-11-05T03:31:49.163-0500] {processor.py:208} INFO - Processing /home/vanaprastha/venv/lib/python3.11/site-packages/airflow/example_dags/example_latest_only.py took 0.283 seconds
[2024-11-05T03:32:49.425-0500] {processor.py:186} INFO - Started process (PID=16087) to work on /home/vanaprastha/venv/lib/python3.11/site-packages/airflow/example_dags/example_latest_only.py
[2024-11-05T03:32:49.445-0500] {processor.py:914} INFO - Processing file /home/vanaprastha/venv/lib/python3.11/site-packages/airflow/example_dags/example_latest_only.py for tasks to queue
[2024-11-05T03:32:49.448-0500] {logging_mixin.py:190} INFO - [2024-11-05T03:32:49.447-0500] {dagbag.py:588} INFO - Filling up the DagBag from /home/vanaprastha/venv/lib/python3.11/site-packages/airflow/example_dags/example_latest_only.py
[2024-11-05T03:32:49.457-0500] {processor.py:925} INFO - DAG(s) 'latest_only' retrieved from /home/vanaprastha/venv/lib/python3.11/site-packages/airflow/example_dags/example_latest_only.py
[2024-11-05T03:32:49.467-0500] {logging_mixin.py:190} INFO - [2024-11-05T03:32:49.467-0500] {dag.py:3239} INFO - Sync 1 DAGs
[2024-11-05T03:32:49.478-0500] {logging_mixin.py:190} INFO - [2024-11-05T03:32:49.478-0500] {dag.py:4180} INFO - Setting next_dagrun for latest_only to 2024-11-05 04:00:00+00:00, run_after=2024-11-05 08:00:00+00:00
[2024-11-05T03:32:49.588-0500] {processor.py:208} INFO - Processing /home/vanaprastha/venv/lib/python3.11/site-packages/airflow/example_dags/example_latest_only.py took 0.169 seconds
[2024-11-05T03:34:07.348-0500] {processor.py:186} INFO - Started process (PID=16373) to work on /home/vanaprastha/venv/lib/python3.11/site-packages/airflow/example_dags/example_latest_only.py
[2024-11-05T03:34:07.367-0500] {processor.py:914} INFO - Processing file /home/vanaprastha/venv/lib/python3.11/site-packages/airflow/example_dags/example_latest_only.py for tasks to queue
[2024-11-05T03:34:07.370-0500] {logging_mixin.py:190} INFO - [2024-11-05T03:34:07.369-0500] {dagbag.py:588} INFO - Filling up the DagBag from /home/vanaprastha/venv/lib/python3.11/site-packages/airflow/example_dags/example_latest_only.py
[2024-11-05T03:34:07.379-0500] {processor.py:925} INFO - DAG(s) 'latest_only' retrieved from /home/vanaprastha/venv/lib/python3.11/site-packages/airflow/example_dags/example_latest_only.py
[2024-11-05T03:34:07.389-0500] {logging_mixin.py:190} INFO - [2024-11-05T03:34:07.389-0500] {dag.py:3239} INFO - Sync 1 DAGs
[2024-11-05T03:34:07.400-0500] {logging_mixin.py:190} INFO - [2024-11-05T03:34:07.400-0500] {dag.py:4180} INFO - Setting next_dagrun for latest_only to 2024-11-05 04:00:00+00:00, run_after=2024-11-05 08:00:00+00:00
[2024-11-05T03:34:07.421-0500] {processor.py:208} INFO - Processing /home/vanaprastha/venv/lib/python3.11/site-packages/airflow/example_dags/example_latest_only.py took 0.078 seconds
