[2024-11-05T03:31:28.956-0500] {processor.py:186} INFO - Started process (PID=15913) to work on /home/vanaprastha/venv/lib/python3.11/site-packages/airflow/example_dags/example_outlet_event_extra.py
[2024-11-05T03:31:28.956-0500] {processor.py:914} INFO - Processing file /home/vanaprastha/venv/lib/python3.11/site-packages/airflow/example_dags/example_outlet_event_extra.py for tasks to queue
[2024-11-05T03:31:28.958-0500] {logging_mixin.py:190} INFO - [2024-11-05T03:31:28.958-0500] {dagbag.py:588} INFO - Filling up the DagBag from /home/vanaprastha/venv/lib/python3.11/site-packages/airflow/example_dags/example_outlet_event_extra.py
[2024-11-05T03:31:28.967-0500] {processor.py:925} INFO - DAG(s) 'dataset_with_extra_by_yield', 'dataset_with_extra_from_classic_operator', 'dataset_with_extra_by_context' retrieved from /home/vanaprastha/venv/lib/python3.11/site-packages/airflow/example_dags/example_outlet_event_extra.py
[2024-11-05T03:31:29.052-0500] {logging_mixin.py:190} INFO - [2024-11-05T03:31:29.051-0500] {override.py:1911} INFO - Created Permission View: can delete on DAG:dataset_with_extra_by_yield
[2024-11-05T03:31:29.068-0500] {logging_mixin.py:190} INFO - [2024-11-05T03:31:29.068-0500] {override.py:1911} INFO - Created Permission View: can edit on DAG:dataset_with_extra_by_yield
[2024-11-05T03:31:29.079-0500] {logging_mixin.py:190} INFO - [2024-11-05T03:31:29.079-0500] {override.py:1911} INFO - Created Permission View: can read on DAG:dataset_with_extra_by_yield
[2024-11-05T03:31:29.099-0500] {logging_mixin.py:190} INFO - [2024-11-05T03:31:29.099-0500] {override.py:1911} INFO - Created Permission View: can create on DAG Run:dataset_with_extra_by_yield
[2024-11-05T03:31:29.112-0500] {logging_mixin.py:190} INFO - [2024-11-05T03:31:29.111-0500] {override.py:1911} INFO - Created Permission View: can delete on DAG Run:dataset_with_extra_by_yield
[2024-11-05T03:31:29.124-0500] {logging_mixin.py:190} INFO - [2024-11-05T03:31:29.124-0500] {override.py:1911} INFO - Created Permission View: menu access on DAG Run:dataset_with_extra_by_yield
[2024-11-05T03:31:29.136-0500] {logging_mixin.py:190} INFO - [2024-11-05T03:31:29.135-0500] {override.py:1911} INFO - Created Permission View: can read on DAG Run:dataset_with_extra_by_yield
[2024-11-05T03:31:29.161-0500] {logging_mixin.py:190} INFO - [2024-11-05T03:31:29.160-0500] {override.py:1911} INFO - Created Permission View: can delete on DAG:dataset_with_extra_from_classic_operator
[2024-11-05T03:31:29.173-0500] {logging_mixin.py:190} INFO - [2024-11-05T03:31:29.172-0500] {override.py:1911} INFO - Created Permission View: can edit on DAG:dataset_with_extra_from_classic_operator
[2024-11-05T03:31:29.184-0500] {logging_mixin.py:190} INFO - [2024-11-05T03:31:29.184-0500] {override.py:1911} INFO - Created Permission View: can read on DAG:dataset_with_extra_from_classic_operator
[2024-11-05T03:31:29.206-0500] {logging_mixin.py:190} INFO - [2024-11-05T03:31:29.205-0500] {override.py:1911} INFO - Created Permission View: can create on DAG Run:dataset_with_extra_from_classic_operator
[2024-11-05T03:31:29.218-0500] {logging_mixin.py:190} INFO - [2024-11-05T03:31:29.218-0500] {override.py:1911} INFO - Created Permission View: can delete on DAG Run:dataset_with_extra_from_classic_operator
[2024-11-05T03:31:29.235-0500] {logging_mixin.py:190} INFO - [2024-11-05T03:31:29.235-0500] {override.py:1911} INFO - Created Permission View: menu access on DAG Run:dataset_with_extra_from_classic_operator
[2024-11-05T03:31:29.245-0500] {logging_mixin.py:190} INFO - [2024-11-05T03:31:29.244-0500] {override.py:1911} INFO - Created Permission View: can read on DAG Run:dataset_with_extra_from_classic_operator
[2024-11-05T03:31:29.267-0500] {logging_mixin.py:190} INFO - [2024-11-05T03:31:29.266-0500] {override.py:1911} INFO - Created Permission View: can delete on DAG:dataset_with_extra_by_context
[2024-11-05T03:31:29.277-0500] {logging_mixin.py:190} INFO - [2024-11-05T03:31:29.277-0500] {override.py:1911} INFO - Created Permission View: can edit on DAG:dataset_with_extra_by_context
[2024-11-05T03:31:29.291-0500] {logging_mixin.py:190} INFO - [2024-11-05T03:31:29.290-0500] {override.py:1911} INFO - Created Permission View: can read on DAG:dataset_with_extra_by_context
[2024-11-05T03:31:29.311-0500] {logging_mixin.py:190} INFO - [2024-11-05T03:31:29.311-0500] {override.py:1911} INFO - Created Permission View: can create on DAG Run:dataset_with_extra_by_context
[2024-11-05T03:31:29.326-0500] {logging_mixin.py:190} INFO - [2024-11-05T03:31:29.325-0500] {override.py:1911} INFO - Created Permission View: can delete on DAG Run:dataset_with_extra_by_context
[2024-11-05T03:31:29.337-0500] {logging_mixin.py:190} INFO - [2024-11-05T03:31:29.337-0500] {override.py:1911} INFO - Created Permission View: menu access on DAG Run:dataset_with_extra_by_context
[2024-11-05T03:31:29.346-0500] {logging_mixin.py:190} INFO - [2024-11-05T03:31:29.346-0500] {override.py:1911} INFO - Created Permission View: can read on DAG Run:dataset_with_extra_by_context
[2024-11-05T03:31:29.346-0500] {logging_mixin.py:190} INFO - [2024-11-05T03:31:29.346-0500] {dag.py:3239} INFO - Sync 3 DAGs
[2024-11-05T03:31:29.435-0500] {logging_mixin.py:190} INFO - [2024-11-05T03:31:29.435-0500] {dag.py:3262} INFO - Creating ORM DAG for dataset_with_extra_from_classic_operator
[2024-11-05T03:31:29.436-0500] {logging_mixin.py:190} INFO - [2024-11-05T03:31:29.436-0500] {dag.py:3262} INFO - Creating ORM DAG for dataset_with_extra_by_yield
[2024-11-05T03:31:29.436-0500] {logging_mixin.py:190} INFO - [2024-11-05T03:31:29.436-0500] {dag.py:3262} INFO - Creating ORM DAG for dataset_with_extra_by_context
[2024-11-05T03:31:29.441-0500] {logging_mixin.py:190} INFO - [2024-11-05T03:31:29.441-0500] {dag.py:4180} INFO - Setting next_dagrun for dataset_with_extra_by_context to 2024-11-04 00:00:00+00:00, run_after=2024-11-05 00:00:00+00:00
[2024-11-05T03:31:29.442-0500] {logging_mixin.py:190} INFO - [2024-11-05T03:31:29.442-0500] {dag.py:4180} INFO - Setting next_dagrun for dataset_with_extra_by_yield to 2024-11-04 00:00:00+00:00, run_after=2024-11-05 00:00:00+00:00
[2024-11-05T03:31:29.443-0500] {logging_mixin.py:190} INFO - [2024-11-05T03:31:29.443-0500] {dag.py:4180} INFO - Setting next_dagrun for dataset_with_extra_from_classic_operator to 2024-11-04 00:00:00+00:00, run_after=2024-11-05 00:00:00+00:00
[2024-11-05T03:31:29.483-0500] {processor.py:208} INFO - Processing /home/vanaprastha/venv/lib/python3.11/site-packages/airflow/example_dags/example_outlet_event_extra.py took 0.531 seconds
[2024-11-05T03:32:35.119-0500] {processor.py:186} INFO - Started process (PID=16060) to work on /home/vanaprastha/venv/lib/python3.11/site-packages/airflow/example_dags/example_outlet_event_extra.py
[2024-11-05T03:32:35.138-0500] {processor.py:914} INFO - Processing file /home/vanaprastha/venv/lib/python3.11/site-packages/airflow/example_dags/example_outlet_event_extra.py for tasks to queue
[2024-11-05T03:32:35.142-0500] {logging_mixin.py:190} INFO - [2024-11-05T03:32:35.141-0500] {dagbag.py:588} INFO - Filling up the DagBag from /home/vanaprastha/venv/lib/python3.11/site-packages/airflow/example_dags/example_outlet_event_extra.py
[2024-11-05T03:32:35.156-0500] {processor.py:925} INFO - DAG(s) 'dataset_with_extra_from_classic_operator', 'dataset_with_extra_by_yield', 'dataset_with_extra_by_context' retrieved from /home/vanaprastha/venv/lib/python3.11/site-packages/airflow/example_dags/example_outlet_event_extra.py
[2024-11-05T03:32:35.167-0500] {logging_mixin.py:190} INFO - [2024-11-05T03:32:35.167-0500] {dag.py:3239} INFO - Sync 3 DAGs
[2024-11-05T03:32:35.179-0500] {logging_mixin.py:190} INFO - [2024-11-05T03:32:35.179-0500] {dag.py:4180} INFO - Setting next_dagrun for dataset_with_extra_by_context to 2024-11-04 00:00:00+00:00, run_after=2024-11-05 00:00:00+00:00
[2024-11-05T03:32:35.181-0500] {logging_mixin.py:190} INFO - [2024-11-05T03:32:35.181-0500] {dag.py:4180} INFO - Setting next_dagrun for dataset_with_extra_by_yield to 2024-11-04 00:00:00+00:00, run_after=2024-11-05 00:00:00+00:00
[2024-11-05T03:32:35.182-0500] {logging_mixin.py:190} INFO - [2024-11-05T03:32:35.182-0500] {dag.py:4180} INFO - Setting next_dagrun for dataset_with_extra_from_classic_operator to 2024-11-04 00:00:00+00:00, run_after=2024-11-05 00:00:00+00:00
[2024-11-05T03:32:35.201-0500] {processor.py:208} INFO - Processing /home/vanaprastha/venv/lib/python3.11/site-packages/airflow/example_dags/example_outlet_event_extra.py took 0.087 seconds
[2024-11-05T03:33:30.074-0500] {processor.py:186} INFO - Started process (PID=16244) to work on /home/vanaprastha/venv/lib/python3.11/site-packages/airflow/example_dags/example_outlet_event_extra.py
[2024-11-05T03:33:30.093-0500] {processor.py:914} INFO - Processing file /home/vanaprastha/venv/lib/python3.11/site-packages/airflow/example_dags/example_outlet_event_extra.py for tasks to queue
[2024-11-05T03:33:30.096-0500] {logging_mixin.py:190} INFO - [2024-11-05T03:33:30.095-0500] {dagbag.py:588} INFO - Filling up the DagBag from /home/vanaprastha/venv/lib/python3.11/site-packages/airflow/example_dags/example_outlet_event_extra.py
[2024-11-05T03:33:30.111-0500] {processor.py:925} INFO - DAG(s) 'dataset_with_extra_by_context', 'dataset_with_extra_from_classic_operator', 'dataset_with_extra_by_yield' retrieved from /home/vanaprastha/venv/lib/python3.11/site-packages/airflow/example_dags/example_outlet_event_extra.py
[2024-11-05T03:33:30.122-0500] {logging_mixin.py:190} INFO - [2024-11-05T03:33:30.122-0500] {dag.py:3239} INFO - Sync 3 DAGs
[2024-11-05T03:33:30.198-0500] {logging_mixin.py:190} INFO - [2024-11-05T03:33:30.198-0500] {dag.py:4180} INFO - Setting next_dagrun for dataset_with_extra_by_context to 2024-11-04 00:00:00+00:00, run_after=2024-11-05 00:00:00+00:00
[2024-11-05T03:33:30.201-0500] {logging_mixin.py:190} INFO - [2024-11-05T03:33:30.201-0500] {dag.py:4180} INFO - Setting next_dagrun for dataset_with_extra_by_yield to 2024-11-04 00:00:00+00:00, run_after=2024-11-05 00:00:00+00:00
[2024-11-05T03:33:30.202-0500] {logging_mixin.py:190} INFO - [2024-11-05T03:33:30.202-0500] {dag.py:4180} INFO - Setting next_dagrun for dataset_with_extra_from_classic_operator to 2024-11-04 00:00:00+00:00, run_after=2024-11-05 00:00:00+00:00
[2024-11-05T03:33:30.239-0500] {processor.py:208} INFO - Processing /home/vanaprastha/venv/lib/python3.11/site-packages/airflow/example_dags/example_outlet_event_extra.py took 0.173 seconds
