[2024-11-05T03:31:25.108-0500] {processor.py:186} INFO - Started process (PID=15896) to work on /home/vanaprastha/venv/lib/python3.11/site-packages/airflow/example_dags/example_inlet_event_extra.py
[2024-11-05T03:31:25.109-0500] {processor.py:914} INFO - Processing file /home/vanaprastha/venv/lib/python3.11/site-packages/airflow/example_dags/example_inlet_event_extra.py for tasks to queue
[2024-11-05T03:31:25.112-0500] {logging_mixin.py:190} INFO - [2024-11-05T03:31:25.111-0500] {dagbag.py:588} INFO - Filling up the DagBag from /home/vanaprastha/venv/lib/python3.11/site-packages/airflow/example_dags/example_inlet_event_extra.py
[2024-11-05T03:31:25.121-0500] {processor.py:925} INFO - DAG(s) 'read_dataset_event', 'read_dataset_event_from_classic' retrieved from /home/vanaprastha/venv/lib/python3.11/site-packages/airflow/example_dags/example_inlet_event_extra.py
[2024-11-05T03:31:25.200-0500] {logging_mixin.py:190} INFO - [2024-11-05T03:31:25.200-0500] {override.py:1911} INFO - Created Permission View: can delete on DAG:read_dataset_event
[2024-11-05T03:31:25.215-0500] {logging_mixin.py:190} INFO - [2024-11-05T03:31:25.215-0500] {override.py:1911} INFO - Created Permission View: can edit on DAG:read_dataset_event
[2024-11-05T03:31:25.226-0500] {logging_mixin.py:190} INFO - [2024-11-05T03:31:25.226-0500] {override.py:1911} INFO - Created Permission View: can read on DAG:read_dataset_event
[2024-11-05T03:31:25.247-0500] {logging_mixin.py:190} INFO - [2024-11-05T03:31:25.246-0500] {override.py:1911} INFO - Created Permission View: can create on DAG Run:read_dataset_event
[2024-11-05T03:31:25.260-0500] {logging_mixin.py:190} INFO - [2024-11-05T03:31:25.259-0500] {override.py:1911} INFO - Created Permission View: can delete on DAG Run:read_dataset_event
[2024-11-05T03:31:25.271-0500] {logging_mixin.py:190} INFO - [2024-11-05T03:31:25.271-0500] {override.py:1911} INFO - Created Permission View: menu access on DAG Run:read_dataset_event
[2024-11-05T03:31:25.283-0500] {logging_mixin.py:190} INFO - [2024-11-05T03:31:25.282-0500] {override.py:1911} INFO - Created Permission View: can read on DAG Run:read_dataset_event
[2024-11-05T03:31:25.310-0500] {logging_mixin.py:190} INFO - [2024-11-05T03:31:25.309-0500] {override.py:1911} INFO - Created Permission View: can delete on DAG:read_dataset_event_from_classic
[2024-11-05T03:31:25.319-0500] {logging_mixin.py:190} INFO - [2024-11-05T03:31:25.319-0500] {override.py:1911} INFO - Created Permission View: can edit on DAG:read_dataset_event_from_classic
[2024-11-05T03:31:25.328-0500] {logging_mixin.py:190} INFO - [2024-11-05T03:31:25.328-0500] {override.py:1911} INFO - Created Permission View: can read on DAG:read_dataset_event_from_classic
[2024-11-05T03:31:25.345-0500] {logging_mixin.py:190} INFO - [2024-11-05T03:31:25.345-0500] {override.py:1911} INFO - Created Permission View: can create on DAG Run:read_dataset_event_from_classic
[2024-11-05T03:31:25.356-0500] {logging_mixin.py:190} INFO - [2024-11-05T03:31:25.356-0500] {override.py:1911} INFO - Created Permission View: can delete on DAG Run:read_dataset_event_from_classic
[2024-11-05T03:31:25.366-0500] {logging_mixin.py:190} INFO - [2024-11-05T03:31:25.366-0500] {override.py:1911} INFO - Created Permission View: menu access on DAG Run:read_dataset_event_from_classic
[2024-11-05T03:31:25.377-0500] {logging_mixin.py:190} INFO - [2024-11-05T03:31:25.377-0500] {override.py:1911} INFO - Created Permission View: can read on DAG Run:read_dataset_event_from_classic
[2024-11-05T03:31:25.378-0500] {logging_mixin.py:190} INFO - [2024-11-05T03:31:25.378-0500] {dag.py:3239} INFO - Sync 2 DAGs
[2024-11-05T03:31:25.387-0500] {logging_mixin.py:190} INFO - [2024-11-05T03:31:25.387-0500] {dag.py:3262} INFO - Creating ORM DAG for read_dataset_event
[2024-11-05T03:31:25.387-0500] {logging_mixin.py:190} INFO - [2024-11-05T03:31:25.387-0500] {dag.py:3262} INFO - Creating ORM DAG for read_dataset_event_from_classic
[2024-11-05T03:31:25.463-0500] {logging_mixin.py:190} INFO - [2024-11-05T03:31:25.462-0500] {dag.py:4180} INFO - Setting next_dagrun for read_dataset_event to 2024-11-04 00:00:00+00:00, run_after=2024-11-05 00:00:00+00:00
[2024-11-05T03:31:25.464-0500] {logging_mixin.py:190} INFO - [2024-11-05T03:31:25.464-0500] {dag.py:4180} INFO - Setting next_dagrun for read_dataset_event_from_classic to 2024-11-04 00:00:00+00:00, run_after=2024-11-05 00:00:00+00:00
[2024-11-05T03:31:25.480-0500] {processor.py:208} INFO - Processing /home/vanaprastha/venv/lib/python3.11/site-packages/airflow/example_dags/example_inlet_event_extra.py took 0.378 seconds
[2024-11-05T03:32:31.484-0500] {processor.py:186} INFO - Started process (PID=16057) to work on /home/vanaprastha/venv/lib/python3.11/site-packages/airflow/example_dags/example_inlet_event_extra.py
[2024-11-05T03:32:31.504-0500] {processor.py:914} INFO - Processing file /home/vanaprastha/venv/lib/python3.11/site-packages/airflow/example_dags/example_inlet_event_extra.py for tasks to queue
[2024-11-05T03:32:31.507-0500] {logging_mixin.py:190} INFO - [2024-11-05T03:32:31.507-0500] {dagbag.py:588} INFO - Filling up the DagBag from /home/vanaprastha/venv/lib/python3.11/site-packages/airflow/example_dags/example_inlet_event_extra.py
[2024-11-05T03:32:31.525-0500] {processor.py:925} INFO - DAG(s) 'read_dataset_event_from_classic', 'read_dataset_event' retrieved from /home/vanaprastha/venv/lib/python3.11/site-packages/airflow/example_dags/example_inlet_event_extra.py
[2024-11-05T03:32:31.540-0500] {logging_mixin.py:190} INFO - [2024-11-05T03:32:31.540-0500] {dag.py:3239} INFO - Sync 2 DAGs
[2024-11-05T03:32:31.552-0500] {logging_mixin.py:190} INFO - [2024-11-05T03:32:31.551-0500] {dag.py:4180} INFO - Setting next_dagrun for read_dataset_event to 2024-11-04 00:00:00+00:00, run_after=2024-11-05 00:00:00+00:00
[2024-11-05T03:32:31.554-0500] {logging_mixin.py:190} INFO - [2024-11-05T03:32:31.554-0500] {dag.py:4180} INFO - Setting next_dagrun for read_dataset_event_from_classic to 2024-11-04 00:00:00+00:00, run_after=2024-11-05 00:00:00+00:00
[2024-11-05T03:32:31.568-0500] {processor.py:208} INFO - Processing /home/vanaprastha/venv/lib/python3.11/site-packages/airflow/example_dags/example_inlet_event_extra.py took 0.094 seconds
[2024-11-05T03:33:27.090-0500] {processor.py:186} INFO - Started process (PID=16201) to work on /home/vanaprastha/venv/lib/python3.11/site-packages/airflow/example_dags/example_inlet_event_extra.py
[2024-11-05T03:33:27.109-0500] {processor.py:914} INFO - Processing file /home/vanaprastha/venv/lib/python3.11/site-packages/airflow/example_dags/example_inlet_event_extra.py for tasks to queue
[2024-11-05T03:33:27.110-0500] {logging_mixin.py:190} INFO - [2024-11-05T03:33:27.110-0500] {dagbag.py:588} INFO - Filling up the DagBag from /home/vanaprastha/venv/lib/python3.11/site-packages/airflow/example_dags/example_inlet_event_extra.py
[2024-11-05T03:33:27.118-0500] {processor.py:925} INFO - DAG(s) 'read_dataset_event_from_classic', 'read_dataset_event' retrieved from /home/vanaprastha/venv/lib/python3.11/site-packages/airflow/example_dags/example_inlet_event_extra.py
[2024-11-05T03:33:27.133-0500] {logging_mixin.py:190} INFO - [2024-11-05T03:33:27.132-0500] {dag.py:3239} INFO - Sync 2 DAGs
[2024-11-05T03:33:27.300-0500] {logging_mixin.py:190} INFO - [2024-11-05T03:33:27.300-0500] {dag.py:4180} INFO - Setting next_dagrun for read_dataset_event to 2024-11-04 00:00:00+00:00, run_after=2024-11-05 00:00:00+00:00
[2024-11-05T03:33:27.306-0500] {logging_mixin.py:190} INFO - [2024-11-05T03:33:27.306-0500] {dag.py:4180} INFO - Setting next_dagrun for read_dataset_event_from_classic to 2024-11-04 00:00:00+00:00, run_after=2024-11-05 00:00:00+00:00
[2024-11-05T03:33:27.324-0500] {processor.py:208} INFO - Processing /home/vanaprastha/venv/lib/python3.11/site-packages/airflow/example_dags/example_inlet_event_extra.py took 0.242 seconds
