[2024-11-05T03:30:50.466-0500] {processor.py:186} INFO - Started process (PID=15783) to work on /home/vanaprastha/venv/lib/python3.11/site-packages/airflow/example_dags/example_xcom.py
[2024-11-05T03:30:50.467-0500] {processor.py:914} INFO - Processing file /home/vanaprastha/venv/lib/python3.11/site-packages/airflow/example_dags/example_xcom.py for tasks to queue
[2024-11-05T03:30:50.469-0500] {logging_mixin.py:190} INFO - [2024-11-05T03:30:50.469-0500] {dagbag.py:588} INFO - Filling up the DagBag from /home/vanaprastha/venv/lib/python3.11/site-packages/airflow/example_dags/example_xcom.py
[2024-11-05T03:30:50.477-0500] {processor.py:925} INFO - DAG(s) 'example_xcom' retrieved from /home/vanaprastha/venv/lib/python3.11/site-packages/airflow/example_dags/example_xcom.py
[2024-11-05T03:30:50.562-0500] {logging_mixin.py:190} INFO - [2024-11-05T03:30:50.562-0500] {override.py:1911} INFO - Created Permission View: can delete on DAG:example_xcom
[2024-11-05T03:30:50.578-0500] {logging_mixin.py:190} INFO - [2024-11-05T03:30:50.577-0500] {override.py:1911} INFO - Created Permission View: can edit on DAG:example_xcom
[2024-11-05T03:30:50.589-0500] {logging_mixin.py:190} INFO - [2024-11-05T03:30:50.589-0500] {override.py:1911} INFO - Created Permission View: can read on DAG:example_xcom
[2024-11-05T03:30:50.610-0500] {logging_mixin.py:190} INFO - [2024-11-05T03:30:50.609-0500] {override.py:1911} INFO - Created Permission View: can create on DAG Run:example_xcom
[2024-11-05T03:30:50.623-0500] {logging_mixin.py:190} INFO - [2024-11-05T03:30:50.623-0500] {override.py:1911} INFO - Created Permission View: can delete on DAG Run:example_xcom
[2024-11-05T03:30:50.636-0500] {logging_mixin.py:190} INFO - [2024-11-05T03:30:50.636-0500] {override.py:1911} INFO - Created Permission View: menu access on DAG Run:example_xcom
[2024-11-05T03:30:50.648-0500] {logging_mixin.py:190} INFO - [2024-11-05T03:30:50.647-0500] {override.py:1911} INFO - Created Permission View: can read on DAG Run:example_xcom
[2024-11-05T03:30:50.648-0500] {logging_mixin.py:190} INFO - [2024-11-05T03:30:50.648-0500] {dag.py:3239} INFO - Sync 1 DAGs
[2024-11-05T03:30:50.658-0500] {logging_mixin.py:190} INFO - [2024-11-05T03:30:50.658-0500] {dag.py:3262} INFO - Creating ORM DAG for example_xcom
[2024-11-05T03:30:50.662-0500] {logging_mixin.py:190} INFO - [2024-11-05T03:30:50.662-0500] {dag.py:4180} INFO - Setting next_dagrun for example_xcom to 2021-01-01 00:00:00+00:00, run_after=2021-01-01 00:00:00+00:00
[2024-11-05T03:30:50.678-0500] {processor.py:208} INFO - Processing /home/vanaprastha/venv/lib/python3.11/site-packages/airflow/example_dags/example_xcom.py took 0.218 seconds
[2024-11-05T03:31:57.666-0500] {processor.py:186} INFO - Started process (PID=16010) to work on /home/vanaprastha/venv/lib/python3.11/site-packages/airflow/example_dags/example_xcom.py
[2024-11-05T03:31:57.685-0500] {processor.py:914} INFO - Processing file /home/vanaprastha/venv/lib/python3.11/site-packages/airflow/example_dags/example_xcom.py for tasks to queue
[2024-11-05T03:31:57.688-0500] {logging_mixin.py:190} INFO - [2024-11-05T03:31:57.687-0500] {dagbag.py:588} INFO - Filling up the DagBag from /home/vanaprastha/venv/lib/python3.11/site-packages/airflow/example_dags/example_xcom.py
[2024-11-05T03:31:57.699-0500] {processor.py:925} INFO - DAG(s) 'example_xcom' retrieved from /home/vanaprastha/venv/lib/python3.11/site-packages/airflow/example_dags/example_xcom.py
[2024-11-05T03:31:57.709-0500] {logging_mixin.py:190} INFO - [2024-11-05T03:31:57.709-0500] {dag.py:3239} INFO - Sync 1 DAGs
[2024-11-05T03:31:57.720-0500] {logging_mixin.py:190} INFO - [2024-11-05T03:31:57.720-0500] {dag.py:4180} INFO - Setting next_dagrun for example_xcom to 2021-01-01 00:00:00+00:00, run_after=2021-01-01 00:00:00+00:00
[2024-11-05T03:31:57.737-0500] {processor.py:208} INFO - Processing /home/vanaprastha/venv/lib/python3.11/site-packages/airflow/example_dags/example_xcom.py took 0.078 seconds
[2024-11-05T03:32:30.324-0500] {processor.py:186} INFO - Started process (PID=16056) to work on /home/vanaprastha/venv/lib/python3.11/site-packages/airflow/example_dags/example_xcom.py
[2024-11-05T03:32:30.325-0500] {processor.py:914} INFO - Processing file /home/vanaprastha/venv/lib/python3.11/site-packages/airflow/example_dags/example_xcom.py for tasks to queue
[2024-11-05T03:32:30.326-0500] {logging_mixin.py:190} INFO - [2024-11-05T03:32:30.326-0500] {dagbag.py:588} INFO - Filling up the DagBag from /home/vanaprastha/venv/lib/python3.11/site-packages/airflow/example_dags/example_xcom.py
[2024-11-05T03:32:30.332-0500] {processor.py:925} INFO - DAG(s) 'example_xcom' retrieved from /home/vanaprastha/venv/lib/python3.11/site-packages/airflow/example_dags/example_xcom.py
[2024-11-05T03:32:30.342-0500] {logging_mixin.py:190} INFO - [2024-11-05T03:32:30.342-0500] {dag.py:3239} INFO - Sync 1 DAGs
[2024-11-05T03:32:30.352-0500] {logging_mixin.py:190} INFO - [2024-11-05T03:32:30.352-0500] {dag.py:4180} INFO - Setting next_dagrun for example_xcom to 2021-01-01 00:00:00+00:00, run_after=2021-01-01 00:00:00+00:00
[2024-11-05T03:32:30.368-0500] {processor.py:208} INFO - Processing /home/vanaprastha/venv/lib/python3.11/site-packages/airflow/example_dags/example_xcom.py took 0.048 seconds
[2024-11-05T03:33:19.967-0500] {processor.py:186} INFO - Started process (PID=16151) to work on /home/vanaprastha/venv/lib/python3.11/site-packages/airflow/example_dags/example_xcom.py
[2024-11-05T03:33:19.986-0500] {processor.py:914} INFO - Processing file /home/vanaprastha/venv/lib/python3.11/site-packages/airflow/example_dags/example_xcom.py for tasks to queue
[2024-11-05T03:33:19.989-0500] {logging_mixin.py:190} INFO - [2024-11-05T03:33:19.988-0500] {dagbag.py:588} INFO - Filling up the DagBag from /home/vanaprastha/venv/lib/python3.11/site-packages/airflow/example_dags/example_xcom.py
[2024-11-05T03:33:20.000-0500] {processor.py:925} INFO - DAG(s) 'example_xcom' retrieved from /home/vanaprastha/venv/lib/python3.11/site-packages/airflow/example_dags/example_xcom.py
[2024-11-05T03:33:20.010-0500] {logging_mixin.py:190} INFO - [2024-11-05T03:33:20.010-0500] {dag.py:3239} INFO - Sync 1 DAGs
[2024-11-05T03:33:20.087-0500] {logging_mixin.py:190} INFO - [2024-11-05T03:33:20.087-0500] {dag.py:4180} INFO - Setting next_dagrun for example_xcom to 2021-01-01 00:00:00+00:00, run_after=2021-01-01 00:00:00+00:00
[2024-11-05T03:33:20.124-0500] {processor.py:208} INFO - Processing /home/vanaprastha/venv/lib/python3.11/site-packages/airflow/example_dags/example_xcom.py took 0.165 seconds
[2024-11-05T03:34:14.212-0500] {processor.py:186} INFO - Started process (PID=16385) to work on /home/vanaprastha/venv/lib/python3.11/site-packages/airflow/example_dags/example_xcom.py
[2024-11-05T03:34:14.215-0500] {processor.py:914} INFO - Processing file /home/vanaprastha/venv/lib/python3.11/site-packages/airflow/example_dags/example_xcom.py for tasks to queue
[2024-11-05T03:34:14.217-0500] {logging_mixin.py:190} INFO - [2024-11-05T03:34:14.216-0500] {dagbag.py:588} INFO - Filling up the DagBag from /home/vanaprastha/venv/lib/python3.11/site-packages/airflow/example_dags/example_xcom.py
[2024-11-05T03:34:14.223-0500] {processor.py:925} INFO - DAG(s) 'example_xcom' retrieved from /home/vanaprastha/venv/lib/python3.11/site-packages/airflow/example_dags/example_xcom.py
[2024-11-05T03:34:14.232-0500] {logging_mixin.py:190} INFO - [2024-11-05T03:34:14.232-0500] {dag.py:3239} INFO - Sync 1 DAGs
[2024-11-05T03:34:14.243-0500] {logging_mixin.py:190} INFO - [2024-11-05T03:34:14.243-0500] {dag.py:4180} INFO - Setting next_dagrun for example_xcom to 2021-01-01 00:00:00+00:00, run_after=2021-01-01 00:00:00+00:00
[2024-11-05T03:34:14.258-0500] {processor.py:208} INFO - Processing /home/vanaprastha/venv/lib/python3.11/site-packages/airflow/example_dags/example_xcom.py took 0.049 seconds
[2024-11-05T03:34:30.273-0500] {processor.py:186} INFO - Started process (PID=16404) to work on /home/vanaprastha/venv/lib/python3.11/site-packages/airflow/example_dags/example_xcom.py
[2024-11-05T03:34:30.273-0500] {processor.py:914} INFO - Processing file /home/vanaprastha/venv/lib/python3.11/site-packages/airflow/example_dags/example_xcom.py for tasks to queue
[2024-11-05T03:34:30.275-0500] {logging_mixin.py:190} INFO - [2024-11-05T03:34:30.274-0500] {dagbag.py:588} INFO - Filling up the DagBag from /home/vanaprastha/venv/lib/python3.11/site-packages/airflow/example_dags/example_xcom.py
[2024-11-05T03:34:30.280-0500] {processor.py:925} INFO - DAG(s) 'example_xcom' retrieved from /home/vanaprastha/venv/lib/python3.11/site-packages/airflow/example_dags/example_xcom.py
[2024-11-05T03:34:30.292-0500] {logging_mixin.py:190} INFO - [2024-11-05T03:34:30.292-0500] {dag.py:3239} INFO - Sync 1 DAGs
[2024-11-05T03:34:30.302-0500] {logging_mixin.py:190} INFO - [2024-11-05T03:34:30.302-0500] {dag.py:4180} INFO - Setting next_dagrun for example_xcom to 2021-01-01 00:00:00+00:00, run_after=2021-01-01 00:00:00+00:00
[2024-11-05T03:34:30.317-0500] {processor.py:208} INFO - Processing /home/vanaprastha/venv/lib/python3.11/site-packages/airflow/example_dags/example_xcom.py took 0.049 seconds
