[2024-11-05T03:30:52.651-0500] {processor.py:186} INFO - Started process (PID=15805) to work on /home/vanaprastha/venv/lib/python3.11/site-packages/airflow/example_dags/example_task_group.py
[2024-11-05T03:30:52.651-0500] {processor.py:914} INFO - Processing file /home/vanaprastha/venv/lib/python3.11/site-packages/airflow/example_dags/example_task_group.py for tasks to queue
[2024-11-05T03:30:52.653-0500] {logging_mixin.py:190} INFO - [2024-11-05T03:30:52.653-0500] {dagbag.py:588} INFO - Filling up the DagBag from /home/vanaprastha/venv/lib/python3.11/site-packages/airflow/example_dags/example_task_group.py
[2024-11-05T03:30:52.658-0500] {processor.py:925} INFO - DAG(s) 'example_task_group' retrieved from /home/vanaprastha/venv/lib/python3.11/site-packages/airflow/example_dags/example_task_group.py
[2024-11-05T03:30:52.734-0500] {logging_mixin.py:190} INFO - [2024-11-05T03:30:52.733-0500] {override.py:1911} INFO - Created Permission View: can delete on DAG:example_task_group
[2024-11-05T03:30:52.745-0500] {logging_mixin.py:190} INFO - [2024-11-05T03:30:52.745-0500] {override.py:1911} INFO - Created Permission View: can edit on DAG:example_task_group
[2024-11-05T03:30:52.755-0500] {logging_mixin.py:190} INFO - [2024-11-05T03:30:52.754-0500] {override.py:1911} INFO - Created Permission View: can read on DAG:example_task_group
[2024-11-05T03:30:52.771-0500] {logging_mixin.py:190} INFO - [2024-11-05T03:30:52.771-0500] {override.py:1911} INFO - Created Permission View: can create on DAG Run:example_task_group
[2024-11-05T03:30:52.782-0500] {logging_mixin.py:190} INFO - [2024-11-05T03:30:52.781-0500] {override.py:1911} INFO - Created Permission View: can delete on DAG Run:example_task_group
[2024-11-05T03:30:52.792-0500] {logging_mixin.py:190} INFO - [2024-11-05T03:30:52.792-0500] {override.py:1911} INFO - Created Permission View: menu access on DAG Run:example_task_group
[2024-11-05T03:30:52.803-0500] {logging_mixin.py:190} INFO - [2024-11-05T03:30:52.803-0500] {override.py:1911} INFO - Created Permission View: can read on DAG Run:example_task_group
[2024-11-05T03:30:52.804-0500] {logging_mixin.py:190} INFO - [2024-11-05T03:30:52.803-0500] {dag.py:3239} INFO - Sync 1 DAGs
[2024-11-05T03:30:52.813-0500] {logging_mixin.py:190} INFO - [2024-11-05T03:30:52.812-0500] {dag.py:3262} INFO - Creating ORM DAG for example_task_group
[2024-11-05T03:30:52.813-0500] {logging_mixin.py:190} INFO - [2024-11-05T03:30:52.813-0500] {dag.py:4180} INFO - Setting next_dagrun for example_task_group to None, run_after=None
[2024-11-05T03:30:52.830-0500] {processor.py:208} INFO - Processing /home/vanaprastha/venv/lib/python3.11/site-packages/airflow/example_dags/example_task_group.py took 0.183 seconds
[2024-11-05T03:31:59.389-0500] {processor.py:186} INFO - Started process (PID=16013) to work on /home/vanaprastha/venv/lib/python3.11/site-packages/airflow/example_dags/example_task_group.py
[2024-11-05T03:31:59.408-0500] {processor.py:914} INFO - Processing file /home/vanaprastha/venv/lib/python3.11/site-packages/airflow/example_dags/example_task_group.py for tasks to queue
[2024-11-05T03:31:59.411-0500] {logging_mixin.py:190} INFO - [2024-11-05T03:31:59.411-0500] {dagbag.py:588} INFO - Filling up the DagBag from /home/vanaprastha/venv/lib/python3.11/site-packages/airflow/example_dags/example_task_group.py
[2024-11-05T03:31:59.420-0500] {processor.py:925} INFO - DAG(s) 'example_task_group' retrieved from /home/vanaprastha/venv/lib/python3.11/site-packages/airflow/example_dags/example_task_group.py
[2024-11-05T03:31:59.430-0500] {logging_mixin.py:190} INFO - [2024-11-05T03:31:59.430-0500] {dag.py:3239} INFO - Sync 1 DAGs
[2024-11-05T03:31:59.438-0500] {logging_mixin.py:190} INFO - [2024-11-05T03:31:59.438-0500] {dag.py:4180} INFO - Setting next_dagrun for example_task_group to None, run_after=None
[2024-11-05T03:31:59.455-0500] {processor.py:208} INFO - Processing /home/vanaprastha/venv/lib/python3.11/site-packages/airflow/example_dags/example_task_group.py took 0.070 seconds
[2024-11-05T03:32:54.504-0500] {processor.py:186} INFO - Started process (PID=16102) to work on /home/vanaprastha/venv/lib/python3.11/site-packages/airflow/example_dags/example_task_group.py
[2024-11-05T03:32:54.523-0500] {processor.py:914} INFO - Processing file /home/vanaprastha/venv/lib/python3.11/site-packages/airflow/example_dags/example_task_group.py for tasks to queue
[2024-11-05T03:32:54.526-0500] {logging_mixin.py:190} INFO - [2024-11-05T03:32:54.525-0500] {dagbag.py:588} INFO - Filling up the DagBag from /home/vanaprastha/venv/lib/python3.11/site-packages/airflow/example_dags/example_task_group.py
[2024-11-05T03:32:54.537-0500] {processor.py:925} INFO - DAG(s) 'example_task_group' retrieved from /home/vanaprastha/venv/lib/python3.11/site-packages/airflow/example_dags/example_task_group.py
[2024-11-05T03:32:54.547-0500] {logging_mixin.py:190} INFO - [2024-11-05T03:32:54.547-0500] {dag.py:3239} INFO - Sync 1 DAGs
[2024-11-05T03:32:54.554-0500] {logging_mixin.py:190} INFO - [2024-11-05T03:32:54.553-0500] {dag.py:4180} INFO - Setting next_dagrun for example_task_group to None, run_after=None
[2024-11-05T03:32:54.638-0500] {processor.py:208} INFO - Processing /home/vanaprastha/venv/lib/python3.11/site-packages/airflow/example_dags/example_task_group.py took 0.138 seconds
[2024-11-05T03:33:45.615-0500] {processor.py:186} INFO - Started process (PID=16265) to work on /home/vanaprastha/venv/lib/python3.11/site-packages/airflow/example_dags/example_task_group.py
[2024-11-05T03:33:45.634-0500] {processor.py:914} INFO - Processing file /home/vanaprastha/venv/lib/python3.11/site-packages/airflow/example_dags/example_task_group.py for tasks to queue
[2024-11-05T03:33:45.637-0500] {logging_mixin.py:190} INFO - [2024-11-05T03:33:45.637-0500] {dagbag.py:588} INFO - Filling up the DagBag from /home/vanaprastha/venv/lib/python3.11/site-packages/airflow/example_dags/example_task_group.py
[2024-11-05T03:33:45.647-0500] {processor.py:925} INFO - DAG(s) 'example_task_group' retrieved from /home/vanaprastha/venv/lib/python3.11/site-packages/airflow/example_dags/example_task_group.py
[2024-11-05T03:33:45.658-0500] {logging_mixin.py:190} INFO - [2024-11-05T03:33:45.658-0500] {dag.py:3239} INFO - Sync 1 DAGs
[2024-11-05T03:33:45.664-0500] {logging_mixin.py:190} INFO - [2024-11-05T03:33:45.664-0500] {dag.py:4180} INFO - Setting next_dagrun for example_task_group to None, run_after=None
[2024-11-05T03:33:45.680-0500] {processor.py:208} INFO - Processing /home/vanaprastha/venv/lib/python3.11/site-packages/airflow/example_dags/example_task_group.py took 0.069 seconds
[2024-11-05T03:34:31.793-0500] {processor.py:186} INFO - Started process (PID=16422) to work on /home/vanaprastha/venv/lib/python3.11/site-packages/airflow/example_dags/example_task_group.py
[2024-11-05T03:34:31.812-0500] {processor.py:914} INFO - Processing file /home/vanaprastha/venv/lib/python3.11/site-packages/airflow/example_dags/example_task_group.py for tasks to queue
[2024-11-05T03:34:31.815-0500] {logging_mixin.py:190} INFO - [2024-11-05T03:34:31.814-0500] {dagbag.py:588} INFO - Filling up the DagBag from /home/vanaprastha/venv/lib/python3.11/site-packages/airflow/example_dags/example_task_group.py
[2024-11-05T03:34:31.825-0500] {processor.py:925} INFO - DAG(s) 'example_task_group' retrieved from /home/vanaprastha/venv/lib/python3.11/site-packages/airflow/example_dags/example_task_group.py
[2024-11-05T03:34:31.839-0500] {logging_mixin.py:190} INFO - [2024-11-05T03:34:31.839-0500] {dag.py:3239} INFO - Sync 1 DAGs
[2024-11-05T03:34:31.845-0500] {logging_mixin.py:190} INFO - [2024-11-05T03:34:31.845-0500] {dag.py:4180} INFO - Setting next_dagrun for example_task_group to None, run_after=None
[2024-11-05T03:34:31.865-0500] {processor.py:208} INFO - Processing /home/vanaprastha/venv/lib/python3.11/site-packages/airflow/example_dags/example_task_group.py took 0.075 seconds
