[2024-11-05T03:31:41.192-0500] {processor.py:186} INFO - Started process (PID=15957) to work on /home/vanaprastha/venv/lib/python3.11/site-packages/airflow/example_dags/example_datasets.py
[2024-11-05T03:31:41.193-0500] {processor.py:914} INFO - Processing file /home/vanaprastha/venv/lib/python3.11/site-packages/airflow/example_dags/example_datasets.py for tasks to queue
[2024-11-05T03:31:41.195-0500] {logging_mixin.py:190} INFO - [2024-11-05T03:31:41.195-0500] {dagbag.py:588} INFO - Filling up the DagBag from /home/vanaprastha/venv/lib/python3.11/site-packages/airflow/example_dags/example_datasets.py
[2024-11-05T03:31:41.206-0500] {processor.py:925} INFO - DAG(s) 'dataset_consumes_1', 'consume_1_and_2_with_dataset_expressions', 'conditional_dataset_and_time_based_timetable', 'dataset_produces_1', 'dataset_produces_2', 'consume_1_or_both_2_and_3_with_dataset_expressions', 'dataset_consumes_1_never_scheduled', 'dataset_consumes_1_and_2', 'dataset_consumes_unknown_never_scheduled', 'consume_1_or_2_with_dataset_expressions' retrieved from /home/vanaprastha/venv/lib/python3.11/site-packages/airflow/example_dags/example_datasets.py
[2024-11-05T03:31:41.288-0500] {logging_mixin.py:190} INFO - [2024-11-05T03:31:41.287-0500] {override.py:1911} INFO - Created Permission View: can delete on DAG:dataset_consumes_1
[2024-11-05T03:31:41.304-0500] {logging_mixin.py:190} INFO - [2024-11-05T03:31:41.304-0500] {override.py:1911} INFO - Created Permission View: can edit on DAG:dataset_consumes_1
[2024-11-05T03:31:41.319-0500] {logging_mixin.py:190} INFO - [2024-11-05T03:31:41.319-0500] {override.py:1911} INFO - Created Permission View: can read on DAG:dataset_consumes_1
[2024-11-05T03:31:41.342-0500] {logging_mixin.py:190} INFO - [2024-11-05T03:31:41.341-0500] {override.py:1911} INFO - Created Permission View: can create on DAG Run:dataset_consumes_1
[2024-11-05T03:31:41.355-0500] {logging_mixin.py:190} INFO - [2024-11-05T03:31:41.354-0500] {override.py:1911} INFO - Created Permission View: can delete on DAG Run:dataset_consumes_1
[2024-11-05T03:31:41.367-0500] {logging_mixin.py:190} INFO - [2024-11-05T03:31:41.367-0500] {override.py:1911} INFO - Created Permission View: menu access on DAG Run:dataset_consumes_1
[2024-11-05T03:31:41.378-0500] {logging_mixin.py:190} INFO - [2024-11-05T03:31:41.378-0500] {override.py:1911} INFO - Created Permission View: can read on DAG Run:dataset_consumes_1
[2024-11-05T03:31:41.404-0500] {logging_mixin.py:190} INFO - [2024-11-05T03:31:41.403-0500] {override.py:1911} INFO - Created Permission View: can delete on DAG:consume_1_and_2_with_dataset_expressions
[2024-11-05T03:31:41.416-0500] {logging_mixin.py:190} INFO - [2024-11-05T03:31:41.415-0500] {override.py:1911} INFO - Created Permission View: can edit on DAG:consume_1_and_2_with_dataset_expressions
[2024-11-05T03:31:41.427-0500] {logging_mixin.py:190} INFO - [2024-11-05T03:31:41.427-0500] {override.py:1911} INFO - Created Permission View: can read on DAG:consume_1_and_2_with_dataset_expressions
[2024-11-05T03:31:41.447-0500] {logging_mixin.py:190} INFO - [2024-11-05T03:31:41.446-0500] {override.py:1911} INFO - Created Permission View: can create on DAG Run:consume_1_and_2_with_dataset_expressions
[2024-11-05T03:31:41.459-0500] {logging_mixin.py:190} INFO - [2024-11-05T03:31:41.459-0500] {override.py:1911} INFO - Created Permission View: can delete on DAG Run:consume_1_and_2_with_dataset_expressions
[2024-11-05T03:31:41.471-0500] {logging_mixin.py:190} INFO - [2024-11-05T03:31:41.471-0500] {override.py:1911} INFO - Created Permission View: menu access on DAG Run:consume_1_and_2_with_dataset_expressions
[2024-11-05T03:31:41.483-0500] {logging_mixin.py:190} INFO - [2024-11-05T03:31:41.483-0500] {override.py:1911} INFO - Created Permission View: can read on DAG Run:consume_1_and_2_with_dataset_expressions
[2024-11-05T03:31:41.508-0500] {logging_mixin.py:190} INFO - [2024-11-05T03:31:41.508-0500] {override.py:1911} INFO - Created Permission View: can delete on DAG:conditional_dataset_and_time_based_timetable
[2024-11-05T03:31:41.521-0500] {logging_mixin.py:190} INFO - [2024-11-05T03:31:41.520-0500] {override.py:1911} INFO - Created Permission View: can edit on DAG:conditional_dataset_and_time_based_timetable
[2024-11-05T03:31:41.605-0500] {logging_mixin.py:190} INFO - [2024-11-05T03:31:41.605-0500] {override.py:1911} INFO - Created Permission View: can read on DAG:conditional_dataset_and_time_based_timetable
[2024-11-05T03:31:41.621-0500] {logging_mixin.py:190} INFO - [2024-11-05T03:31:41.621-0500] {override.py:1911} INFO - Created Permission View: can create on DAG Run:conditional_dataset_and_time_based_timetable
[2024-11-05T03:31:41.631-0500] {logging_mixin.py:190} INFO - [2024-11-05T03:31:41.631-0500] {override.py:1911} INFO - Created Permission View: can delete on DAG Run:conditional_dataset_and_time_based_timetable
[2024-11-05T03:31:41.641-0500] {logging_mixin.py:190} INFO - [2024-11-05T03:31:41.641-0500] {override.py:1911} INFO - Created Permission View: menu access on DAG Run:conditional_dataset_and_time_based_timetable
[2024-11-05T03:31:41.651-0500] {logging_mixin.py:190} INFO - [2024-11-05T03:31:41.651-0500] {override.py:1911} INFO - Created Permission View: can read on DAG Run:conditional_dataset_and_time_based_timetable
[2024-11-05T03:31:41.674-0500] {logging_mixin.py:190} INFO - [2024-11-05T03:31:41.674-0500] {override.py:1911} INFO - Created Permission View: can delete on DAG:dataset_produces_1
[2024-11-05T03:31:41.686-0500] {logging_mixin.py:190} INFO - [2024-11-05T03:31:41.685-0500] {override.py:1911} INFO - Created Permission View: can edit on DAG:dataset_produces_1
[2024-11-05T03:31:41.697-0500] {logging_mixin.py:190} INFO - [2024-11-05T03:31:41.697-0500] {override.py:1911} INFO - Created Permission View: can read on DAG:dataset_produces_1
[2024-11-05T03:31:41.717-0500] {logging_mixin.py:190} INFO - [2024-11-05T03:31:41.716-0500] {override.py:1911} INFO - Created Permission View: can create on DAG Run:dataset_produces_1
[2024-11-05T03:31:41.729-0500] {logging_mixin.py:190} INFO - [2024-11-05T03:31:41.728-0500] {override.py:1911} INFO - Created Permission View: can delete on DAG Run:dataset_produces_1
[2024-11-05T03:31:41.740-0500] {logging_mixin.py:190} INFO - [2024-11-05T03:31:41.740-0500] {override.py:1911} INFO - Created Permission View: menu access on DAG Run:dataset_produces_1
[2024-11-05T03:31:41.752-0500] {logging_mixin.py:190} INFO - [2024-11-05T03:31:41.752-0500] {override.py:1911} INFO - Created Permission View: can read on DAG Run:dataset_produces_1
[2024-11-05T03:31:41.775-0500] {logging_mixin.py:190} INFO - [2024-11-05T03:31:41.775-0500] {override.py:1911} INFO - Created Permission View: can delete on DAG:dataset_produces_2
[2024-11-05T03:31:41.786-0500] {logging_mixin.py:190} INFO - [2024-11-05T03:31:41.786-0500] {override.py:1911} INFO - Created Permission View: can edit on DAG:dataset_produces_2
[2024-11-05T03:31:41.798-0500] {logging_mixin.py:190} INFO - [2024-11-05T03:31:41.798-0500] {override.py:1911} INFO - Created Permission View: can read on DAG:dataset_produces_2
[2024-11-05T03:31:41.817-0500] {logging_mixin.py:190} INFO - [2024-11-05T03:31:41.817-0500] {override.py:1911} INFO - Created Permission View: can create on DAG Run:dataset_produces_2
[2024-11-05T03:31:41.829-0500] {logging_mixin.py:190} INFO - [2024-11-05T03:31:41.829-0500] {override.py:1911} INFO - Created Permission View: can delete on DAG Run:dataset_produces_2
[2024-11-05T03:31:41.841-0500] {logging_mixin.py:190} INFO - [2024-11-05T03:31:41.841-0500] {override.py:1911} INFO - Created Permission View: menu access on DAG Run:dataset_produces_2
[2024-11-05T03:31:41.853-0500] {logging_mixin.py:190} INFO - [2024-11-05T03:31:41.852-0500] {override.py:1911} INFO - Created Permission View: can read on DAG Run:dataset_produces_2
[2024-11-05T03:31:41.879-0500] {logging_mixin.py:190} INFO - [2024-11-05T03:31:41.879-0500] {override.py:1911} INFO - Created Permission View: can delete on DAG:consume_1_or_both_2_and_3_with_dataset_expressions
[2024-11-05T03:31:41.893-0500] {logging_mixin.py:190} INFO - [2024-11-05T03:31:41.892-0500] {override.py:1911} INFO - Created Permission View: can edit on DAG:consume_1_or_both_2_and_3_with_dataset_expressions
[2024-11-05T03:31:41.905-0500] {logging_mixin.py:190} INFO - [2024-11-05T03:31:41.904-0500] {override.py:1911} INFO - Created Permission View: can read on DAG:consume_1_or_both_2_and_3_with_dataset_expressions
[2024-11-05T03:31:41.925-0500] {logging_mixin.py:190} INFO - [2024-11-05T03:31:41.925-0500] {override.py:1911} INFO - Created Permission View: can create on DAG Run:consume_1_or_both_2_and_3_with_dataset_expressions
[2024-11-05T03:31:41.938-0500] {logging_mixin.py:190} INFO - [2024-11-05T03:31:41.938-0500] {override.py:1911} INFO - Created Permission View: can delete on DAG Run:consume_1_or_both_2_and_3_with_dataset_expressions
[2024-11-05T03:31:41.948-0500] {logging_mixin.py:190} INFO - [2024-11-05T03:31:41.948-0500] {override.py:1911} INFO - Created Permission View: menu access on DAG Run:consume_1_or_both_2_and_3_with_dataset_expressions
[2024-11-05T03:31:41.959-0500] {logging_mixin.py:190} INFO - [2024-11-05T03:31:41.959-0500] {override.py:1911} INFO - Created Permission View: can read on DAG Run:consume_1_or_both_2_and_3_with_dataset_expressions
[2024-11-05T03:31:41.983-0500] {logging_mixin.py:190} INFO - [2024-11-05T03:31:41.983-0500] {override.py:1911} INFO - Created Permission View: can delete on DAG:dataset_consumes_1_never_scheduled
[2024-11-05T03:31:41.996-0500] {logging_mixin.py:190} INFO - [2024-11-05T03:31:41.996-0500] {override.py:1911} INFO - Created Permission View: can edit on DAG:dataset_consumes_1_never_scheduled
[2024-11-05T03:31:42.011-0500] {logging_mixin.py:190} INFO - [2024-11-05T03:31:42.010-0500] {override.py:1911} INFO - Created Permission View: can read on DAG:dataset_consumes_1_never_scheduled
[2024-11-05T03:31:42.032-0500] {logging_mixin.py:190} INFO - [2024-11-05T03:31:42.031-0500] {override.py:1911} INFO - Created Permission View: can create on DAG Run:dataset_consumes_1_never_scheduled
[2024-11-05T03:31:42.046-0500] {logging_mixin.py:190} INFO - [2024-11-05T03:31:42.046-0500] {override.py:1911} INFO - Created Permission View: can delete on DAG Run:dataset_consumes_1_never_scheduled
[2024-11-05T03:31:42.059-0500] {logging_mixin.py:190} INFO - [2024-11-05T03:31:42.058-0500] {override.py:1911} INFO - Created Permission View: menu access on DAG Run:dataset_consumes_1_never_scheduled
[2024-11-05T03:31:42.070-0500] {logging_mixin.py:190} INFO - [2024-11-05T03:31:42.070-0500] {override.py:1911} INFO - Created Permission View: can read on DAG Run:dataset_consumes_1_never_scheduled
[2024-11-05T03:31:42.092-0500] {logging_mixin.py:190} INFO - [2024-11-05T03:31:42.092-0500] {override.py:1911} INFO - Created Permission View: can delete on DAG:dataset_consumes_1_and_2
[2024-11-05T03:31:42.104-0500] {logging_mixin.py:190} INFO - [2024-11-05T03:31:42.104-0500] {override.py:1911} INFO - Created Permission View: can edit on DAG:dataset_consumes_1_and_2
[2024-11-05T03:31:42.117-0500] {logging_mixin.py:190} INFO - [2024-11-05T03:31:42.117-0500] {override.py:1911} INFO - Created Permission View: can read on DAG:dataset_consumes_1_and_2
[2024-11-05T03:31:42.137-0500] {logging_mixin.py:190} INFO - [2024-11-05T03:31:42.136-0500] {override.py:1911} INFO - Created Permission View: can create on DAG Run:dataset_consumes_1_and_2
[2024-11-05T03:31:42.148-0500] {logging_mixin.py:190} INFO - [2024-11-05T03:31:42.147-0500] {override.py:1911} INFO - Created Permission View: can delete on DAG Run:dataset_consumes_1_and_2
[2024-11-05T03:31:42.160-0500] {logging_mixin.py:190} INFO - [2024-11-05T03:31:42.159-0500] {override.py:1911} INFO - Created Permission View: menu access on DAG Run:dataset_consumes_1_and_2
[2024-11-05T03:31:42.172-0500] {logging_mixin.py:190} INFO - [2024-11-05T03:31:42.172-0500] {override.py:1911} INFO - Created Permission View: can read on DAG Run:dataset_consumes_1_and_2
[2024-11-05T03:31:42.195-0500] {logging_mixin.py:190} INFO - [2024-11-05T03:31:42.195-0500] {override.py:1911} INFO - Created Permission View: can delete on DAG:dataset_consumes_unknown_never_scheduled
[2024-11-05T03:31:42.209-0500] {logging_mixin.py:190} INFO - [2024-11-05T03:31:42.209-0500] {override.py:1911} INFO - Created Permission View: can edit on DAG:dataset_consumes_unknown_never_scheduled
[2024-11-05T03:31:42.223-0500] {logging_mixin.py:190} INFO - [2024-11-05T03:31:42.222-0500] {override.py:1911} INFO - Created Permission View: can read on DAG:dataset_consumes_unknown_never_scheduled
[2024-11-05T03:31:42.243-0500] {logging_mixin.py:190} INFO - [2024-11-05T03:31:42.242-0500] {override.py:1911} INFO - Created Permission View: can create on DAG Run:dataset_consumes_unknown_never_scheduled
[2024-11-05T03:31:42.255-0500] {logging_mixin.py:190} INFO - [2024-11-05T03:31:42.254-0500] {override.py:1911} INFO - Created Permission View: can delete on DAG Run:dataset_consumes_unknown_never_scheduled
[2024-11-05T03:31:42.265-0500] {logging_mixin.py:190} INFO - [2024-11-05T03:31:42.264-0500] {override.py:1911} INFO - Created Permission View: menu access on DAG Run:dataset_consumes_unknown_never_scheduled
[2024-11-05T03:31:42.276-0500] {logging_mixin.py:190} INFO - [2024-11-05T03:31:42.275-0500] {override.py:1911} INFO - Created Permission View: can read on DAG Run:dataset_consumes_unknown_never_scheduled
[2024-11-05T03:31:42.297-0500] {logging_mixin.py:190} INFO - [2024-11-05T03:31:42.297-0500] {override.py:1911} INFO - Created Permission View: can delete on DAG:consume_1_or_2_with_dataset_expressions
[2024-11-05T03:31:42.309-0500] {logging_mixin.py:190} INFO - [2024-11-05T03:31:42.308-0500] {override.py:1911} INFO - Created Permission View: can edit on DAG:consume_1_or_2_with_dataset_expressions
[2024-11-05T03:31:42.320-0500] {logging_mixin.py:190} INFO - [2024-11-05T03:31:42.319-0500] {override.py:1911} INFO - Created Permission View: can read on DAG:consume_1_or_2_with_dataset_expressions
[2024-11-05T03:31:42.339-0500] {logging_mixin.py:190} INFO - [2024-11-05T03:31:42.339-0500] {override.py:1911} INFO - Created Permission View: can create on DAG Run:consume_1_or_2_with_dataset_expressions
[2024-11-05T03:31:42.352-0500] {logging_mixin.py:190} INFO - [2024-11-05T03:31:42.351-0500] {override.py:1911} INFO - Created Permission View: can delete on DAG Run:consume_1_or_2_with_dataset_expressions
[2024-11-05T03:31:42.364-0500] {logging_mixin.py:190} INFO - [2024-11-05T03:31:42.363-0500] {override.py:1911} INFO - Created Permission View: menu access on DAG Run:consume_1_or_2_with_dataset_expressions
[2024-11-05T03:31:42.376-0500] {logging_mixin.py:190} INFO - [2024-11-05T03:31:42.375-0500] {override.py:1911} INFO - Created Permission View: can read on DAG Run:consume_1_or_2_with_dataset_expressions
[2024-11-05T03:31:42.376-0500] {logging_mixin.py:190} INFO - [2024-11-05T03:31:42.376-0500] {dag.py:3239} INFO - Sync 10 DAGs
[2024-11-05T03:31:42.386-0500] {logging_mixin.py:190} INFO - [2024-11-05T03:31:42.386-0500] {dag.py:3262} INFO - Creating ORM DAG for dataset_consumes_unknown_never_scheduled
[2024-11-05T03:31:42.386-0500] {logging_mixin.py:190} INFO - [2024-11-05T03:31:42.386-0500] {dag.py:3262} INFO - Creating ORM DAG for consume_1_or_2_with_dataset_expressions
[2024-11-05T03:31:42.387-0500] {logging_mixin.py:190} INFO - [2024-11-05T03:31:42.387-0500] {dag.py:3262} INFO - Creating ORM DAG for consume_1_or_both_2_and_3_with_dataset_expressions
[2024-11-05T03:31:42.387-0500] {logging_mixin.py:190} INFO - [2024-11-05T03:31:42.387-0500] {dag.py:3262} INFO - Creating ORM DAG for consume_1_and_2_with_dataset_expressions
[2024-11-05T03:31:42.387-0500] {logging_mixin.py:190} INFO - [2024-11-05T03:31:42.387-0500] {dag.py:3262} INFO - Creating ORM DAG for dataset_produces_1
[2024-11-05T03:31:42.387-0500] {logging_mixin.py:190} INFO - [2024-11-05T03:31:42.387-0500] {dag.py:3262} INFO - Creating ORM DAG for dataset_consumes_1_never_scheduled
[2024-11-05T03:31:42.388-0500] {logging_mixin.py:190} INFO - [2024-11-05T03:31:42.388-0500] {dag.py:3262} INFO - Creating ORM DAG for dataset_consumes_1
[2024-11-05T03:31:42.388-0500] {logging_mixin.py:190} INFO - [2024-11-05T03:31:42.388-0500] {dag.py:3262} INFO - Creating ORM DAG for dataset_produces_2
[2024-11-05T03:31:42.388-0500] {logging_mixin.py:190} INFO - [2024-11-05T03:31:42.388-0500] {dag.py:3262} INFO - Creating ORM DAG for dataset_consumes_1_and_2
[2024-11-05T03:31:42.388-0500] {logging_mixin.py:190} INFO - [2024-11-05T03:31:42.388-0500] {dag.py:3262} INFO - Creating ORM DAG for conditional_dataset_and_time_based_timetable
[2024-11-05T03:31:42.394-0500] {logging_mixin.py:190} INFO - [2024-11-05T03:31:42.393-0500] {dag.py:4180} INFO - Setting next_dagrun for conditional_dataset_and_time_based_timetable to 2024-10-30 01:00:00+00:00, run_after=2024-10-30 01:00:00+00:00
[2024-11-05T03:31:42.394-0500] {logging_mixin.py:190} INFO - [2024-11-05T03:31:42.394-0500] {dag.py:4180} INFO - Setting next_dagrun for consume_1_and_2_with_dataset_expressions to None, run_after=None
[2024-11-05T03:31:42.394-0500] {logging_mixin.py:190} INFO - [2024-11-05T03:31:42.394-0500] {dag.py:4180} INFO - Setting next_dagrun for consume_1_or_2_with_dataset_expressions to None, run_after=None
[2024-11-05T03:31:42.394-0500] {logging_mixin.py:190} INFO - [2024-11-05T03:31:42.394-0500] {dag.py:4180} INFO - Setting next_dagrun for consume_1_or_both_2_and_3_with_dataset_expressions to None, run_after=None
[2024-11-05T03:31:42.394-0500] {logging_mixin.py:190} INFO - [2024-11-05T03:31:42.394-0500] {dag.py:4180} INFO - Setting next_dagrun for dataset_consumes_1 to None, run_after=None
[2024-11-05T03:31:42.395-0500] {logging_mixin.py:190} INFO - [2024-11-05T03:31:42.394-0500] {dag.py:4180} INFO - Setting next_dagrun for dataset_consumes_1_and_2 to None, run_after=None
[2024-11-05T03:31:42.395-0500] {logging_mixin.py:190} INFO - [2024-11-05T03:31:42.395-0500] {dag.py:4180} INFO - Setting next_dagrun for dataset_consumes_1_never_scheduled to None, run_after=None
[2024-11-05T03:31:42.395-0500] {logging_mixin.py:190} INFO - [2024-11-05T03:31:42.395-0500] {dag.py:4180} INFO - Setting next_dagrun for dataset_consumes_unknown_never_scheduled to None, run_after=None
[2024-11-05T03:31:42.396-0500] {logging_mixin.py:190} INFO - [2024-11-05T03:31:42.396-0500] {dag.py:4180} INFO - Setting next_dagrun for dataset_produces_1 to 2024-11-04 00:00:00+00:00, run_after=2024-11-05 00:00:00+00:00
[2024-11-05T03:31:42.396-0500] {logging_mixin.py:190} INFO - [2024-11-05T03:31:42.396-0500] {dag.py:4180} INFO - Setting next_dagrun for dataset_produces_2 to None, run_after=None
[2024-11-05T03:31:42.420-0500] {processor.py:208} INFO - Processing /home/vanaprastha/venv/lib/python3.11/site-packages/airflow/example_dags/example_datasets.py took 1.233 seconds
[2024-11-05T03:32:45.419-0500] {processor.py:186} INFO - Started process (PID=16078) to work on /home/vanaprastha/venv/lib/python3.11/site-packages/airflow/example_dags/example_datasets.py
[2024-11-05T03:32:45.438-0500] {processor.py:914} INFO - Processing file /home/vanaprastha/venv/lib/python3.11/site-packages/airflow/example_dags/example_datasets.py for tasks to queue
[2024-11-05T03:32:45.440-0500] {logging_mixin.py:190} INFO - [2024-11-05T03:32:45.440-0500] {dagbag.py:588} INFO - Filling up the DagBag from /home/vanaprastha/venv/lib/python3.11/site-packages/airflow/example_dags/example_datasets.py
[2024-11-05T03:32:45.454-0500] {processor.py:925} INFO - DAG(s) 'dataset_consumes_1_and_2', 'consume_1_and_2_with_dataset_expressions', 'dataset_consumes_unknown_never_scheduled', 'dataset_consumes_1_never_scheduled', 'dataset_produces_1', 'dataset_consumes_1', 'consume_1_or_2_with_dataset_expressions', 'consume_1_or_both_2_and_3_with_dataset_expressions', 'conditional_dataset_and_time_based_timetable', 'dataset_produces_2' retrieved from /home/vanaprastha/venv/lib/python3.11/site-packages/airflow/example_dags/example_datasets.py
[2024-11-05T03:32:45.472-0500] {logging_mixin.py:190} INFO - [2024-11-05T03:32:45.472-0500] {dag.py:3239} INFO - Sync 10 DAGs
[2024-11-05T03:32:45.485-0500] {logging_mixin.py:190} INFO - [2024-11-05T03:32:45.484-0500] {dag.py:4180} INFO - Setting next_dagrun for conditional_dataset_and_time_based_timetable to 2024-10-30 01:00:00+00:00, run_after=2024-10-30 01:00:00+00:00
[2024-11-05T03:32:45.487-0500] {logging_mixin.py:190} INFO - [2024-11-05T03:32:45.487-0500] {dag.py:4180} INFO - Setting next_dagrun for consume_1_and_2_with_dataset_expressions to None, run_after=None
[2024-11-05T03:32:45.488-0500] {logging_mixin.py:190} INFO - [2024-11-05T03:32:45.487-0500] {dag.py:4180} INFO - Setting next_dagrun for consume_1_or_2_with_dataset_expressions to None, run_after=None
[2024-11-05T03:32:45.488-0500] {logging_mixin.py:190} INFO - [2024-11-05T03:32:45.488-0500] {dag.py:4180} INFO - Setting next_dagrun for consume_1_or_both_2_and_3_with_dataset_expressions to None, run_after=None
[2024-11-05T03:32:45.488-0500] {logging_mixin.py:190} INFO - [2024-11-05T03:32:45.488-0500] {dag.py:4180} INFO - Setting next_dagrun for dataset_consumes_1 to None, run_after=None
[2024-11-05T03:32:45.489-0500] {logging_mixin.py:190} INFO - [2024-11-05T03:32:45.489-0500] {dag.py:4180} INFO - Setting next_dagrun for dataset_consumes_1_and_2 to None, run_after=None
[2024-11-05T03:32:45.489-0500] {logging_mixin.py:190} INFO - [2024-11-05T03:32:45.489-0500] {dag.py:4180} INFO - Setting next_dagrun for dataset_consumes_1_never_scheduled to None, run_after=None
[2024-11-05T03:32:45.490-0500] {logging_mixin.py:190} INFO - [2024-11-05T03:32:45.490-0500] {dag.py:4180} INFO - Setting next_dagrun for dataset_consumes_unknown_never_scheduled to None, run_after=None
[2024-11-05T03:32:45.491-0500] {logging_mixin.py:190} INFO - [2024-11-05T03:32:45.491-0500] {dag.py:4180} INFO - Setting next_dagrun for dataset_produces_1 to 2024-11-04 00:00:00+00:00, run_after=2024-11-05 00:00:00+00:00
[2024-11-05T03:32:45.562-0500] {logging_mixin.py:190} INFO - [2024-11-05T03:32:45.561-0500] {dag.py:4180} INFO - Setting next_dagrun for dataset_produces_2 to None, run_after=None
[2024-11-05T03:32:45.603-0500] {processor.py:208} INFO - Processing /home/vanaprastha/venv/lib/python3.11/site-packages/airflow/example_dags/example_datasets.py took 0.188 seconds
[2024-11-05T03:33:41.556-0500] {processor.py:186} INFO - Started process (PID=16261) to work on /home/vanaprastha/venv/lib/python3.11/site-packages/airflow/example_dags/example_datasets.py
[2024-11-05T03:33:41.575-0500] {processor.py:914} INFO - Processing file /home/vanaprastha/venv/lib/python3.11/site-packages/airflow/example_dags/example_datasets.py for tasks to queue
[2024-11-05T03:33:41.578-0500] {logging_mixin.py:190} INFO - [2024-11-05T03:33:41.578-0500] {dagbag.py:588} INFO - Filling up the DagBag from /home/vanaprastha/venv/lib/python3.11/site-packages/airflow/example_dags/example_datasets.py
[2024-11-05T03:33:41.662-0500] {processor.py:925} INFO - DAG(s) 'dataset_consumes_1', 'consume_1_or_2_with_dataset_expressions', 'consume_1_or_both_2_and_3_with_dataset_expressions', 'dataset_consumes_1_and_2', 'conditional_dataset_and_time_based_timetable', 'dataset_produces_2', 'dataset_produces_1', 'dataset_consumes_1_never_scheduled', 'consume_1_and_2_with_dataset_expressions', 'dataset_consumes_unknown_never_scheduled' retrieved from /home/vanaprastha/venv/lib/python3.11/site-packages/airflow/example_dags/example_datasets.py
[2024-11-05T03:33:41.678-0500] {logging_mixin.py:190} INFO - [2024-11-05T03:33:41.678-0500] {dag.py:3239} INFO - Sync 10 DAGs
[2024-11-05T03:33:41.689-0500] {logging_mixin.py:190} INFO - [2024-11-05T03:33:41.688-0500] {dag.py:4180} INFO - Setting next_dagrun for conditional_dataset_and_time_based_timetable to 2024-10-30 01:00:00+00:00, run_after=2024-10-30 01:00:00+00:00
[2024-11-05T03:33:41.690-0500] {logging_mixin.py:190} INFO - [2024-11-05T03:33:41.690-0500] {dag.py:4180} INFO - Setting next_dagrun for consume_1_and_2_with_dataset_expressions to None, run_after=None
[2024-11-05T03:33:41.691-0500] {logging_mixin.py:190} INFO - [2024-11-05T03:33:41.691-0500] {dag.py:4180} INFO - Setting next_dagrun for consume_1_or_2_with_dataset_expressions to None, run_after=None
[2024-11-05T03:33:41.691-0500] {logging_mixin.py:190} INFO - [2024-11-05T03:33:41.691-0500] {dag.py:4180} INFO - Setting next_dagrun for consume_1_or_both_2_and_3_with_dataset_expressions to None, run_after=None
[2024-11-05T03:33:41.692-0500] {logging_mixin.py:190} INFO - [2024-11-05T03:33:41.691-0500] {dag.py:4180} INFO - Setting next_dagrun for dataset_consumes_1 to None, run_after=None
[2024-11-05T03:33:41.692-0500] {logging_mixin.py:190} INFO - [2024-11-05T03:33:41.692-0500] {dag.py:4180} INFO - Setting next_dagrun for dataset_consumes_1_and_2 to None, run_after=None
[2024-11-05T03:33:41.692-0500] {logging_mixin.py:190} INFO - [2024-11-05T03:33:41.692-0500] {dag.py:4180} INFO - Setting next_dagrun for dataset_consumes_1_never_scheduled to None, run_after=None
[2024-11-05T03:33:41.693-0500] {logging_mixin.py:190} INFO - [2024-11-05T03:33:41.693-0500] {dag.py:4180} INFO - Setting next_dagrun for dataset_consumes_unknown_never_scheduled to None, run_after=None
[2024-11-05T03:33:41.694-0500] {logging_mixin.py:190} INFO - [2024-11-05T03:33:41.694-0500] {dag.py:4180} INFO - Setting next_dagrun for dataset_produces_1 to 2024-11-04 00:00:00+00:00, run_after=2024-11-05 00:00:00+00:00
[2024-11-05T03:33:41.694-0500] {logging_mixin.py:190} INFO - [2024-11-05T03:33:41.694-0500] {dag.py:4180} INFO - Setting next_dagrun for dataset_produces_2 to None, run_after=None
[2024-11-05T03:33:41.736-0500] {processor.py:208} INFO - Processing /home/vanaprastha/venv/lib/python3.11/site-packages/airflow/example_dags/example_datasets.py took 0.184 seconds
