[2024-11-05T03:31:32.951-0500] {processor.py:186} INFO - Started process (PID=15921) to work on /home/vanaprastha/venv/lib/python3.11/site-packages/airflow/example_dags/example_bash_decorator.py
[2024-11-05T03:31:32.951-0500] {processor.py:914} INFO - Processing file /home/vanaprastha/venv/lib/python3.11/site-packages/airflow/example_dags/example_bash_decorator.py for tasks to queue
[2024-11-05T03:31:32.952-0500] {logging_mixin.py:190} INFO - [2024-11-05T03:31:32.952-0500] {dagbag.py:588} INFO - Filling up the DagBag from /home/vanaprastha/venv/lib/python3.11/site-packages/airflow/example_dags/example_bash_decorator.py
[2024-11-05T03:31:32.961-0500] {processor.py:925} INFO - DAG(s) 'example_bash_decorator' retrieved from /home/vanaprastha/venv/lib/python3.11/site-packages/airflow/example_dags/example_bash_decorator.py
[2024-11-05T03:31:33.028-0500] {logging_mixin.py:190} INFO - [2024-11-05T03:31:33.028-0500] {override.py:1911} INFO - Created Permission View: can delete on DAG:example_bash_decorator
[2024-11-05T03:31:33.041-0500] {logging_mixin.py:190} INFO - [2024-11-05T03:31:33.040-0500] {override.py:1911} INFO - Created Permission View: can edit on DAG:example_bash_decorator
[2024-11-05T03:31:33.051-0500] {logging_mixin.py:190} INFO - [2024-11-05T03:31:33.051-0500] {override.py:1911} INFO - Created Permission View: can read on DAG:example_bash_decorator
[2024-11-05T03:31:33.069-0500] {logging_mixin.py:190} INFO - [2024-11-05T03:31:33.069-0500] {override.py:1911} INFO - Created Permission View: can create on DAG Run:example_bash_decorator
[2024-11-05T03:31:33.082-0500] {logging_mixin.py:190} INFO - [2024-11-05T03:31:33.081-0500] {override.py:1911} INFO - Created Permission View: can delete on DAG Run:example_bash_decorator
[2024-11-05T03:31:33.093-0500] {logging_mixin.py:190} INFO - [2024-11-05T03:31:33.093-0500] {override.py:1911} INFO - Created Permission View: menu access on DAG Run:example_bash_decorator
[2024-11-05T03:31:33.105-0500] {logging_mixin.py:190} INFO - [2024-11-05T03:31:33.105-0500] {override.py:1911} INFO - Created Permission View: can read on DAG Run:example_bash_decorator
[2024-11-05T03:31:33.106-0500] {logging_mixin.py:190} INFO - [2024-11-05T03:31:33.106-0500] {dag.py:3239} INFO - Sync 1 DAGs
[2024-11-05T03:31:33.183-0500] {logging_mixin.py:190} INFO - [2024-11-05T03:31:33.183-0500] {dag.py:3262} INFO - Creating ORM DAG for example_bash_decorator
[2024-11-05T03:31:33.184-0500] {logging_mixin.py:190} INFO - [2024-11-05T03:31:33.183-0500] {dag.py:4180} INFO - Setting next_dagrun for example_bash_decorator to None, run_after=None
[2024-11-05T03:31:33.199-0500] {processor.py:208} INFO - Processing /home/vanaprastha/venv/lib/python3.11/site-packages/airflow/example_dags/example_bash_decorator.py took 0.252 seconds
[2024-11-05T03:32:38.945-0500] {processor.py:186} INFO - Started process (PID=16068) to work on /home/vanaprastha/venv/lib/python3.11/site-packages/airflow/example_dags/example_bash_decorator.py
[2024-11-05T03:32:38.965-0500] {processor.py:914} INFO - Processing file /home/vanaprastha/venv/lib/python3.11/site-packages/airflow/example_dags/example_bash_decorator.py for tasks to queue
[2024-11-05T03:32:38.967-0500] {logging_mixin.py:190} INFO - [2024-11-05T03:32:38.967-0500] {dagbag.py:588} INFO - Filling up the DagBag from /home/vanaprastha/venv/lib/python3.11/site-packages/airflow/example_dags/example_bash_decorator.py
[2024-11-05T03:32:38.982-0500] {processor.py:925} INFO - DAG(s) 'example_bash_decorator' retrieved from /home/vanaprastha/venv/lib/python3.11/site-packages/airflow/example_dags/example_bash_decorator.py
[2024-11-05T03:32:38.993-0500] {logging_mixin.py:190} INFO - [2024-11-05T03:32:38.993-0500] {dag.py:3239} INFO - Sync 1 DAGs
[2024-11-05T03:32:38.999-0500] {logging_mixin.py:190} INFO - [2024-11-05T03:32:38.999-0500] {dag.py:4180} INFO - Setting next_dagrun for example_bash_decorator to None, run_after=None
[2024-11-05T03:32:39.016-0500] {processor.py:208} INFO - Processing /home/vanaprastha/venv/lib/python3.11/site-packages/airflow/example_dags/example_bash_decorator.py took 0.078 seconds
[2024-11-05T03:33:33.557-0500] {processor.py:186} INFO - Started process (PID=16248) to work on /home/vanaprastha/venv/lib/python3.11/site-packages/airflow/example_dags/example_bash_decorator.py
[2024-11-05T03:33:33.576-0500] {processor.py:914} INFO - Processing file /home/vanaprastha/venv/lib/python3.11/site-packages/airflow/example_dags/example_bash_decorator.py for tasks to queue
[2024-11-05T03:33:33.577-0500] {logging_mixin.py:190} INFO - [2024-11-05T03:33:33.577-0500] {dagbag.py:588} INFO - Filling up the DagBag from /home/vanaprastha/venv/lib/python3.11/site-packages/airflow/example_dags/example_bash_decorator.py
[2024-11-05T03:33:33.666-0500] {processor.py:925} INFO - DAG(s) 'example_bash_decorator' retrieved from /home/vanaprastha/venv/lib/python3.11/site-packages/airflow/example_dags/example_bash_decorator.py
[2024-11-05T03:33:33.677-0500] {logging_mixin.py:190} INFO - [2024-11-05T03:33:33.676-0500] {dag.py:3239} INFO - Sync 1 DAGs
[2024-11-05T03:33:33.683-0500] {logging_mixin.py:190} INFO - [2024-11-05T03:33:33.682-0500] {dag.py:4180} INFO - Setting next_dagrun for example_bash_decorator to None, run_after=None
[2024-11-05T03:33:33.719-0500] {processor.py:208} INFO - Processing /home/vanaprastha/venv/lib/python3.11/site-packages/airflow/example_dags/example_bash_decorator.py took 0.167 seconds
