[2024-11-05T03:31:37.960-0500] {processor.py:186} INFO - Started process (PID=15927) to work on /home/vanaprastha/venv/lib/python3.11/site-packages/airflow/example_dags/example_dag_decorator.py
[2024-11-05T03:31:37.961-0500] {processor.py:914} INFO - Processing file /home/vanaprastha/venv/lib/python3.11/site-packages/airflow/example_dags/example_dag_decorator.py for tasks to queue
[2024-11-05T03:31:37.964-0500] {logging_mixin.py:190} INFO - [2024-11-05T03:31:37.963-0500] {dagbag.py:588} INFO - Filling up the DagBag from /home/vanaprastha/venv/lib/python3.11/site-packages/airflow/example_dags/example_dag_decorator.py
[2024-11-05T03:31:37.972-0500] {processor.py:925} INFO - DAG(s) 'example_dag_decorator' retrieved from /home/vanaprastha/venv/lib/python3.11/site-packages/airflow/example_dags/example_dag_decorator.py
[2024-11-05T03:31:38.062-0500] {logging_mixin.py:190} INFO - [2024-11-05T03:31:38.061-0500] {override.py:1911} INFO - Created Permission View: can delete on DAG:example_dag_decorator
[2024-11-05T03:31:38.080-0500] {logging_mixin.py:190} INFO - [2024-11-05T03:31:38.079-0500] {override.py:1911} INFO - Created Permission View: can edit on DAG:example_dag_decorator
[2024-11-05T03:31:38.093-0500] {logging_mixin.py:190} INFO - [2024-11-05T03:31:38.092-0500] {override.py:1911} INFO - Created Permission View: can read on DAG:example_dag_decorator
[2024-11-05T03:31:38.114-0500] {logging_mixin.py:190} INFO - [2024-11-05T03:31:38.113-0500] {override.py:1911} INFO - Created Permission View: can create on DAG Run:example_dag_decorator
[2024-11-05T03:31:38.126-0500] {logging_mixin.py:190} INFO - [2024-11-05T03:31:38.126-0500] {override.py:1911} INFO - Created Permission View: can delete on DAG Run:example_dag_decorator
[2024-11-05T03:31:38.137-0500] {logging_mixin.py:190} INFO - [2024-11-05T03:31:38.137-0500] {override.py:1911} INFO - Created Permission View: menu access on DAG Run:example_dag_decorator
[2024-11-05T03:31:38.148-0500] {logging_mixin.py:190} INFO - [2024-11-05T03:31:38.148-0500] {override.py:1911} INFO - Created Permission View: can read on DAG Run:example_dag_decorator
[2024-11-05T03:31:38.149-0500] {logging_mixin.py:190} INFO - [2024-11-05T03:31:38.149-0500] {dag.py:3239} INFO - Sync 1 DAGs
[2024-11-05T03:31:38.225-0500] {logging_mixin.py:190} INFO - [2024-11-05T03:31:38.225-0500] {dag.py:3262} INFO - Creating ORM DAG for example_dag_decorator
[2024-11-05T03:31:38.225-0500] {logging_mixin.py:190} INFO - [2024-11-05T03:31:38.225-0500] {dag.py:4180} INFO - Setting next_dagrun for example_dag_decorator to None, run_after=None
[2024-11-05T03:31:38.241-0500] {processor.py:208} INFO - Processing /home/vanaprastha/venv/lib/python3.11/site-packages/airflow/example_dags/example_dag_decorator.py took 0.288 seconds
[2024-11-05T03:32:41.803-0500] {processor.py:186} INFO - Started process (PID=16073) to work on /home/vanaprastha/venv/lib/python3.11/site-packages/airflow/example_dags/example_dag_decorator.py
[2024-11-05T03:32:41.822-0500] {processor.py:914} INFO - Processing file /home/vanaprastha/venv/lib/python3.11/site-packages/airflow/example_dags/example_dag_decorator.py for tasks to queue
[2024-11-05T03:32:41.825-0500] {logging_mixin.py:190} INFO - [2024-11-05T03:32:41.824-0500] {dagbag.py:588} INFO - Filling up the DagBag from /home/vanaprastha/venv/lib/python3.11/site-packages/airflow/example_dags/example_dag_decorator.py
[2024-11-05T03:32:41.838-0500] {processor.py:925} INFO - DAG(s) 'example_dag_decorator' retrieved from /home/vanaprastha/venv/lib/python3.11/site-packages/airflow/example_dags/example_dag_decorator.py
[2024-11-05T03:32:41.959-0500] {logging_mixin.py:190} INFO - [2024-11-05T03:32:41.959-0500] {dag.py:3239} INFO - Sync 1 DAGs
[2024-11-05T03:32:41.964-0500] {logging_mixin.py:190} INFO - [2024-11-05T03:32:41.964-0500] {dag.py:4180} INFO - Setting next_dagrun for example_dag_decorator to None, run_after=None
[2024-11-05T03:32:42.000-0500] {processor.py:208} INFO - Processing /home/vanaprastha/venv/lib/python3.11/site-packages/airflow/example_dags/example_dag_decorator.py took 0.202 seconds
[2024-11-05T03:33:38.005-0500] {processor.py:186} INFO - Started process (PID=16256) to work on /home/vanaprastha/venv/lib/python3.11/site-packages/airflow/example_dags/example_dag_decorator.py
[2024-11-05T03:33:38.024-0500] {processor.py:914} INFO - Processing file /home/vanaprastha/venv/lib/python3.11/site-packages/airflow/example_dags/example_dag_decorator.py for tasks to queue
[2024-11-05T03:33:38.025-0500] {logging_mixin.py:190} INFO - [2024-11-05T03:33:38.025-0500] {dagbag.py:588} INFO - Filling up the DagBag from /home/vanaprastha/venv/lib/python3.11/site-packages/airflow/example_dags/example_dag_decorator.py
[2024-11-05T03:33:38.031-0500] {processor.py:925} INFO - DAG(s) 'example_dag_decorator' retrieved from /home/vanaprastha/venv/lib/python3.11/site-packages/airflow/example_dags/example_dag_decorator.py
[2024-11-05T03:33:38.150-0500] {logging_mixin.py:190} INFO - [2024-11-05T03:33:38.150-0500] {dag.py:3239} INFO - Sync 1 DAGs
[2024-11-05T03:33:38.155-0500] {logging_mixin.py:190} INFO - [2024-11-05T03:33:38.155-0500] {dag.py:4180} INFO - Setting next_dagrun for example_dag_decorator to None, run_after=None
[2024-11-05T03:33:38.190-0500] {processor.py:208} INFO - Processing /home/vanaprastha/venv/lib/python3.11/site-packages/airflow/example_dags/example_dag_decorator.py took 0.188 seconds
