[2024-11-05T03:31:12.123-0500] {processor.py:186} INFO - Started process (PID=15862) to work on /home/vanaprastha/venv/lib/python3.11/site-packages/airflow/example_dags/tutorial_taskflow_api_virtualenv.py
[2024-11-05T03:31:12.123-0500] {processor.py:914} INFO - Processing file /home/vanaprastha/venv/lib/python3.11/site-packages/airflow/example_dags/tutorial_taskflow_api_virtualenv.py for tasks to queue
[2024-11-05T03:31:12.124-0500] {logging_mixin.py:190} INFO - [2024-11-05T03:31:12.124-0500] {dagbag.py:588} INFO - Filling up the DagBag from /home/vanaprastha/venv/lib/python3.11/site-packages/airflow/example_dags/tutorial_taskflow_api_virtualenv.py
[2024-11-05T03:31:12.126-0500] {logging_mixin.py:190} INFO - [2024-11-05T03:31:12.126-0500] {tutorial_taskflow_api_virtualenv.py:29} WARNING - The tutorial_taskflow_api_virtualenv example DAG requires virtualenv, please install it.
[2024-11-05T03:31:12.126-0500] {processor.py:927} WARNING - No viable dags retrieved from /home/vanaprastha/venv/lib/python3.11/site-packages/airflow/example_dags/tutorial_taskflow_api_virtualenv.py
[2024-11-05T03:31:12.134-0500] {processor.py:208} INFO - Processing /home/vanaprastha/venv/lib/python3.11/site-packages/airflow/example_dags/tutorial_taskflow_api_virtualenv.py took 0.014 seconds
[2024-11-05T03:32:16.007-0500] {processor.py:186} INFO - Started process (PID=16038) to work on /home/vanaprastha/venv/lib/python3.11/site-packages/airflow/example_dags/tutorial_taskflow_api_virtualenv.py
[2024-11-05T03:32:16.026-0500] {processor.py:914} INFO - Processing file /home/vanaprastha/venv/lib/python3.11/site-packages/airflow/example_dags/tutorial_taskflow_api_virtualenv.py for tasks to queue
[2024-11-05T03:32:16.029-0500] {logging_mixin.py:190} INFO - [2024-11-05T03:32:16.028-0500] {dagbag.py:588} INFO - Filling up the DagBag from /home/vanaprastha/venv/lib/python3.11/site-packages/airflow/example_dags/tutorial_taskflow_api_virtualenv.py
[2024-11-05T03:32:16.032-0500] {logging_mixin.py:190} INFO - [2024-11-05T03:32:16.032-0500] {tutorial_taskflow_api_virtualenv.py:29} WARNING - The tutorial_taskflow_api_virtualenv example DAG requires virtualenv, please install it.
[2024-11-05T03:32:16.033-0500] {processor.py:927} WARNING - No viable dags retrieved from /home/vanaprastha/venv/lib/python3.11/site-packages/airflow/example_dags/tutorial_taskflow_api_virtualenv.py
[2024-11-05T03:32:16.043-0500] {processor.py:208} INFO - Processing /home/vanaprastha/venv/lib/python3.11/site-packages/airflow/example_dags/tutorial_taskflow_api_virtualenv.py took 0.039 seconds
[2024-11-05T03:33:09.812-0500] {processor.py:186} INFO - Started process (PID=16138) to work on /home/vanaprastha/venv/lib/python3.11/site-packages/airflow/example_dags/tutorial_taskflow_api_virtualenv.py
[2024-11-05T03:33:09.832-0500] {processor.py:914} INFO - Processing file /home/vanaprastha/venv/lib/python3.11/site-packages/airflow/example_dags/tutorial_taskflow_api_virtualenv.py for tasks to queue
[2024-11-05T03:33:09.834-0500] {logging_mixin.py:190} INFO - [2024-11-05T03:33:09.834-0500] {dagbag.py:588} INFO - Filling up the DagBag from /home/vanaprastha/venv/lib/python3.11/site-packages/airflow/example_dags/tutorial_taskflow_api_virtualenv.py
[2024-11-05T03:33:09.837-0500] {logging_mixin.py:190} INFO - [2024-11-05T03:33:09.837-0500] {tutorial_taskflow_api_virtualenv.py:29} WARNING - The tutorial_taskflow_api_virtualenv example DAG requires virtualenv, please install it.
[2024-11-05T03:33:09.838-0500] {processor.py:927} WARNING - No viable dags retrieved from /home/vanaprastha/venv/lib/python3.11/site-packages/airflow/example_dags/tutorial_taskflow_api_virtualenv.py
[2024-11-05T03:33:09.848-0500] {processor.py:208} INFO - Processing /home/vanaprastha/venv/lib/python3.11/site-packages/airflow/example_dags/tutorial_taskflow_api_virtualenv.py took 0.042 seconds
[2024-11-05T03:33:59.903-0500] {processor.py:186} INFO - Started process (PID=16359) to work on /home/vanaprastha/venv/lib/python3.11/site-packages/airflow/example_dags/tutorial_taskflow_api_virtualenv.py
[2024-11-05T03:33:59.922-0500] {processor.py:914} INFO - Processing file /home/vanaprastha/venv/lib/python3.11/site-packages/airflow/example_dags/tutorial_taskflow_api_virtualenv.py for tasks to queue
[2024-11-05T03:33:59.924-0500] {logging_mixin.py:190} INFO - [2024-11-05T03:33:59.923-0500] {dagbag.py:588} INFO - Filling up the DagBag from /home/vanaprastha/venv/lib/python3.11/site-packages/airflow/example_dags/tutorial_taskflow_api_virtualenv.py
[2024-11-05T03:33:59.926-0500] {logging_mixin.py:190} INFO - [2024-11-05T03:33:59.926-0500] {tutorial_taskflow_api_virtualenv.py:29} WARNING - The tutorial_taskflow_api_virtualenv example DAG requires virtualenv, please install it.
[2024-11-05T03:33:59.926-0500] {processor.py:927} WARNING - No viable dags retrieved from /home/vanaprastha/venv/lib/python3.11/site-packages/airflow/example_dags/tutorial_taskflow_api_virtualenv.py
[2024-11-05T03:33:59.936-0500] {processor.py:208} INFO - Processing /home/vanaprastha/venv/lib/python3.11/site-packages/airflow/example_dags/tutorial_taskflow_api_virtualenv.py took 0.037 seconds
