[2024-11-27T12:21:33.295-0500] {local_task_job_runner.py:123} INFO - ::group::Pre task execution logs
[2024-11-27T12:21:33.303-0500] {taskinstance.py:2613} INFO - Dependencies all met for dep_context=non-requeueable deps ti=<TaskInstance: sensor_file.wait_file scheduled__2024-11-27T17:19:00+00:00 [queued]>
[2024-11-27T12:21:33.308-0500] {taskinstance.py:2613} INFO - Dependencies all met for dep_context=requeueable deps ti=<TaskInstance: sensor_file.wait_file scheduled__2024-11-27T17:19:00+00:00 [queued]>
[2024-11-27T12:21:33.308-0500] {taskinstance.py:2866} INFO - Starting attempt 1 of 1
[2024-11-27T12:21:33.322-0500] {taskinstance.py:2889} INFO - Executing <Task(FileSensor): wait_file> on 2024-11-27 17:19:00+00:00
[2024-11-27T12:21:33.330-0500] {logging_mixin.py:190} WARNING - /home/vanaprastha/anaconda3/lib/python3.12/site-packages/airflow/task/task_runner/standard_task_runner.py:70 DeprecationWarning: This process (pid=33111) is multi-threaded, use of fork() may lead to deadlocks in the child.
[2024-11-27T12:21:33.330-0500] {standard_task_runner.py:72} INFO - Started process 33141 to run task
[2024-11-27T12:21:33.331-0500] {standard_task_runner.py:104} INFO - Running: ['airflow', 'tasks', 'run', 'sensor_file', 'wait_file', 'scheduled__2024-11-27T17:19:00+00:00', '--job-id', '65', '--raw', '--subdir', 'DAGS_FOLDER/PART 3/Sensor/sensor_file.py', '--cfg-path', '/tmp/tmp2taqz_0f']
[2024-11-27T12:21:33.332-0500] {standard_task_runner.py:105} INFO - Job 65: Subtask wait_file
[2024-11-27T12:21:33.378-0500] {task_command.py:467} INFO - Running <TaskInstance: sensor_file.wait_file scheduled__2024-11-27T17:19:00+00:00 [running]> on host VanaPrastha
[2024-11-27T12:21:33.440-0500] {taskinstance.py:3132} INFO - Exporting env vars: AIRFLOW_CTX_DAG_OWNER='airflow' AIRFLOW_CTX_DAG_ID='sensor_file' AIRFLOW_CTX_TASK_ID='wait_file' AIRFLOW_CTX_EXECUTION_DATE='2024-11-27T17:19:00+00:00' AIRFLOW_CTX_TRY_NUMBER='1' AIRFLOW_CTX_DAG_RUN_ID='scheduled__2024-11-27T17:19:00+00:00'
[2024-11-27T12:21:33.441-0500] {logging_mixin.py:190} INFO - Task instance is in running state
[2024-11-27T12:21:33.441-0500] {logging_mixin.py:190} INFO -  Previous state of the Task instance: queued
[2024-11-27T12:21:33.441-0500] {logging_mixin.py:190} INFO - Current task name:wait_file state:running start_date:2024-11-27 17:21:33.303916+00:00
[2024-11-27T12:21:33.441-0500] {logging_mixin.py:190} INFO - Dag name:sensor_file and current dag run status:running
[2024-11-27T12:21:33.441-0500] {taskinstance.py:731} INFO - ::endgroup::
[2024-11-27T12:21:33.441-0500] {baseoperator.py:416} WARNING - FileSensor.execute cannot be called outside TaskInstance!
[2024-11-27T12:21:33.447-0500] {base.py:84} INFO - Retrieving connection 'fs_default'
[2024-11-27T12:21:33.447-0500] {filesystem.py:109} INFO - Poking for file /watch/text.txt
[2024-11-27T12:21:38.448-0500] {filesystem.py:109} INFO - Poking for file /watch/text.txt
[2024-11-27T12:21:43.449-0500] {filesystem.py:109} INFO - Poking for file /watch/text.txt
[2024-11-27T12:21:48.449-0500] {filesystem.py:109} INFO - Poking for file /watch/text.txt
[2024-11-27T12:21:53.450-0500] {filesystem.py:109} INFO - Poking for file /watch/text.txt
[2024-11-27T12:21:58.450-0500] {filesystem.py:109} INFO - Poking for file /watch/text.txt
[2024-11-27T12:22:03.470-0500] {filesystem.py:109} INFO - Poking for file /watch/text.txt
[2024-11-27T12:22:08.471-0500] {filesystem.py:109} INFO - Poking for file /watch/text.txt
[2024-11-27T12:22:13.472-0500] {filesystem.py:109} INFO - Poking for file /watch/text.txt
[2024-11-27T12:22:18.472-0500] {filesystem.py:109} INFO - Poking for file /watch/text.txt
[2024-11-27T12:22:23.473-0500] {filesystem.py:109} INFO - Poking for file /watch/text.txt
[2024-11-27T12:22:28.474-0500] {filesystem.py:109} INFO - Poking for file /watch/text.txt
[2024-11-27T12:22:33.474-0500] {filesystem.py:109} INFO - Poking for file /watch/text.txt
[2024-11-27T12:22:38.475-0500] {filesystem.py:109} INFO - Poking for file /watch/text.txt
[2024-11-27T12:22:43.476-0500] {filesystem.py:109} INFO - Poking for file /watch/text.txt
[2024-11-27T12:22:48.476-0500] {filesystem.py:109} INFO - Poking for file /watch/text.txt
[2024-11-27T12:22:53.477-0500] {filesystem.py:109} INFO - Poking for file /watch/text.txt
[2024-11-27T12:22:58.478-0500] {filesystem.py:109} INFO - Poking for file /watch/text.txt
[2024-11-27T12:23:03.479-0500] {filesystem.py:109} INFO - Poking for file /watch/text.txt
[2024-11-27T12:23:08.480-0500] {filesystem.py:109} INFO - Poking for file /watch/text.txt
[2024-11-27T12:23:13.480-0500] {filesystem.py:109} INFO - Poking for file /watch/text.txt
[2024-11-27T12:23:18.481-0500] {filesystem.py:109} INFO - Poking for file /watch/text.txt
[2024-11-27T12:23:23.481-0500] {filesystem.py:109} INFO - Poking for file /watch/text.txt
[2024-11-27T12:23:28.482-0500] {filesystem.py:109} INFO - Poking for file /watch/text.txt
[2024-11-27T12:23:33.483-0500] {filesystem.py:109} INFO - Poking for file /watch/text.txt
[2024-11-27T12:23:38.484-0500] {filesystem.py:109} INFO - Poking for file /watch/text.txt
[2024-11-27T12:23:43.484-0500] {filesystem.py:109} INFO - Poking for file /watch/text.txt
[2024-11-27T12:23:48.485-0500] {filesystem.py:109} INFO - Poking for file /watch/text.txt
[2024-11-27T12:23:53.486-0500] {filesystem.py:109} INFO - Poking for file /watch/text.txt
[2024-11-27T12:23:58.486-0500] {filesystem.py:109} INFO - Poking for file /watch/text.txt
[2024-11-27T12:24:03.487-0500] {filesystem.py:109} INFO - Poking for file /watch/text.txt
[2024-11-27T12:24:08.488-0500] {filesystem.py:109} INFO - Poking for file /watch/text.txt
[2024-11-27T12:24:13.489-0500] {filesystem.py:109} INFO - Poking for file /watch/text.txt
[2024-11-27T12:24:18.509-0500] {filesystem.py:109} INFO - Poking for file /watch/text.txt
[2024-11-27T12:24:23.509-0500] {filesystem.py:109} INFO - Poking for file /watch/text.txt
[2024-11-27T12:24:28.510-0500] {filesystem.py:109} INFO - Poking for file /watch/text.txt
[2024-11-27T12:24:33.511-0500] {filesystem.py:109} INFO - Poking for file /watch/text.txt
[2024-11-27T12:24:38.511-0500] {filesystem.py:109} INFO - Poking for file /watch/text.txt
[2024-11-27T12:24:43.512-0500] {filesystem.py:109} INFO - Poking for file /watch/text.txt
[2024-11-27T12:24:48.512-0500] {filesystem.py:109} INFO - Poking for file /watch/text.txt
[2024-11-27T12:24:53.513-0500] {filesystem.py:109} INFO - Poking for file /watch/text.txt
[2024-11-27T12:24:58.514-0500] {filesystem.py:109} INFO - Poking for file /watch/text.txt
[2024-11-27T12:25:03.514-0500] {filesystem.py:109} INFO - Poking for file /watch/text.txt
[2024-11-27T12:25:08.515-0500] {filesystem.py:109} INFO - Poking for file /watch/text.txt
[2024-11-27T12:25:13.516-0500] {filesystem.py:109} INFO - Poking for file /watch/text.txt
[2024-11-27T12:25:18.517-0500] {filesystem.py:109} INFO - Poking for file /watch/text.txt
[2024-11-27T12:25:23.517-0500] {filesystem.py:109} INFO - Poking for file /watch/text.txt
[2024-11-27T12:25:28.518-0500] {filesystem.py:109} INFO - Poking for file /watch/text.txt
[2024-11-27T12:25:33.519-0500] {filesystem.py:109} INFO - Poking for file /watch/text.txt
[2024-11-27T12:25:38.520-0500] {filesystem.py:109} INFO - Poking for file /watch/text.txt
[2024-11-27T12:25:43.520-0500] {filesystem.py:109} INFO - Poking for file /watch/text.txt
[2024-11-27T12:25:48.521-0500] {filesystem.py:109} INFO - Poking for file /watch/text.txt
[2024-11-27T12:25:53.522-0500] {filesystem.py:109} INFO - Poking for file /watch/text.txt
[2024-11-27T12:25:58.523-0500] {filesystem.py:109} INFO - Poking for file /watch/text.txt
[2024-11-27T12:26:03.523-0500] {filesystem.py:109} INFO - Poking for file /watch/text.txt
[2024-11-27T12:26:06.232-0500] {local_task_job_runner.py:245} INFO - ::endgroup::
[2024-11-27T12:26:06.269-0500] {process_utils.py:132} INFO - Sending 15 to group 33141. PIDs of all processes in the group: [33141]
[2024-11-27T12:26:06.269-0500] {process_utils.py:87} INFO - Sending the signal 15 to group 33141
[2024-11-27T12:26:06.270-0500] {taskinstance.py:3093} ERROR - Received SIGTERM. Terminating subprocesses.
[2024-11-27T12:26:06.275-0500] {taskinstance.py:3311} ERROR - Task failed with exception
Traceback (most recent call last):
  File "/home/vanaprastha/anaconda3/lib/python3.12/site-packages/airflow/models/taskinstance.py", line 767, in _execute_task
    result = _execute_callable(context=context, **execute_callable_kwargs)
             ^^^^^^^^^^^^^^^^^^^^^^^^^^^^^^^^^^^^^^^^^^^^^^^^^^^^^^^^^^^^^
  File "/home/vanaprastha/anaconda3/lib/python3.12/site-packages/airflow/models/taskinstance.py", line 733, in _execute_callable
    return ExecutionCallableRunner(
           ^^^^^^^^^^^^^^^^^^^^^^^^
  File "/home/vanaprastha/anaconda3/lib/python3.12/site-packages/airflow/utils/operator_helpers.py", line 252, in run
    return self.func(*args, **kwargs)
           ^^^^^^^^^^^^^^^^^^^^^^^^^^
  File "/home/vanaprastha/anaconda3/lib/python3.12/site-packages/airflow/models/baseoperator.py", line 417, in wrapper
    return func(self, *args, **kwargs)
           ^^^^^^^^^^^^^^^^^^^^^^^^^^^
  File "/home/vanaprastha/anaconda3/lib/python3.12/site-packages/airflow/sensors/filesystem.py", line 123, in execute
    super().execute(context=context)
  File "/home/vanaprastha/anaconda3/lib/python3.12/site-packages/airflow/models/baseoperator.py", line 417, in wrapper
    return func(self, *args, **kwargs)
           ^^^^^^^^^^^^^^^^^^^^^^^^^^^
  File "/home/vanaprastha/anaconda3/lib/python3.12/site-packages/airflow/sensors/base.py", line 334, in execute
    time.sleep(self._get_next_poke_interval(started_at, run_duration, poke_count))
  File "/home/vanaprastha/anaconda3/lib/python3.12/site-packages/airflow/models/taskinstance.py", line 3095, in signal_handler
    raise AirflowTaskTerminated("Task received SIGTERM signal")
airflow.exceptions.AirflowTaskTerminated: Task received SIGTERM signal
[2024-11-27T12:26:06.284-0500] {logging_mixin.py:190} INFO - Task instance in failure state
[2024-11-27T12:26:06.285-0500] {logging_mixin.py:190} INFO - Task start:2024-11-27 17:21:33.303916+00:00 end:2024-11-27 17:26:06.283778+00:00 duration:272.979862
[2024-11-27T12:26:06.285-0500] {logging_mixin.py:190} INFO - Task:<Task(FileSensor): wait_file> dag:<DAG: sensor_file> dagrun:<DagRun sensor_file @ 2024-11-27 17:19:00+00:00: scheduled__2024-11-27T17:19:00+00:00, state:running, queued_at: 2024-11-27 17:21:29.287476+00:00. externally triggered: False>
[2024-11-27T12:26:06.285-0500] {logging_mixin.py:190} INFO - Failure caused by Task received SIGTERM signal
[2024-11-27T12:26:06.285-0500] {taskinstance.py:1225} INFO - Marking task as FAILED. dag_id=sensor_file, task_id=wait_file, run_id=scheduled__2024-11-27T17:19:00+00:00, execution_date=20241127T171900, start_date=20241127T172133, end_date=20241127T172606
[2024-11-27T12:26:06.303-0500] {taskinstance.py:340} INFO - ::group::Post task execution logs
[2024-11-27T12:26:06.322-0500] {process_utils.py:80} INFO - Process psutil.Process(pid=33141, status='terminated', exitcode=2, started='12:21:32') (33141) terminated with exit code 2
[2024-11-27T12:26:10.310-0500] {local_task_job_runner.py:123} INFO - ::group::Pre task execution logs
[2024-11-27T12:26:10.319-0500] {taskinstance.py:2603} INFO - Dependencies not met for <TaskInstance: sensor_file.wait_file scheduled__2024-11-27T17:19:00+00:00 [failed]>, dependency 'Task Instance State' FAILED: Task is in the 'failed' state.
[2024-11-27T12:26:10.320-0500] {local_task_job_runner.py:166} INFO - Task is not able to be run
