[2024-11-27T10:57:54.264-0500] {local_task_job_runner.py:123} INFO - ::group::Pre task execution logs
[2024-11-27T10:57:54.270-0500] {taskinstance.py:2613} INFO - Dependencies all met for dep_context=non-requeueable deps ti=<TaskInstance: operator_python.python scheduled__2024-11-26T00:00:00+00:00 [queued]>
[2024-11-27T10:57:54.273-0500] {taskinstance.py:2613} INFO - Dependencies all met for dep_context=requeueable deps ti=<TaskInstance: operator_python.python scheduled__2024-11-26T00:00:00+00:00 [queued]>
[2024-11-27T10:57:54.273-0500] {taskinstance.py:2866} INFO - Starting attempt 1 of 1
[2024-11-27T10:57:54.285-0500] {taskinstance.py:2889} INFO - Executing <Task(PythonOperator): python> on 2024-11-26 00:00:00+00:00
[2024-11-27T10:57:54.291-0500] {logging_mixin.py:190} WARNING - /home/vanaprastha/anaconda3/lib/python3.12/site-packages/airflow/task/task_runner/standard_task_runner.py:70 DeprecationWarning: This process (pid=19966) is multi-threaded, use of fork() may lead to deadlocks in the child.
[2024-11-27T10:57:54.291-0500] {standard_task_runner.py:104} INFO - Running: ['airflow', 'tasks', 'run', 'operator_python', 'python', 'scheduled__2024-11-26T00:00:00+00:00', '--job-id', '29', '--raw', '--subdir', 'DAGS_FOLDER/part2_operator/operator_python.py', '--cfg-path', '/tmp/tmpo0mdy35p']
[2024-11-27T10:57:54.291-0500] {standard_task_runner.py:72} INFO - Started process 19974 to run task
[2024-11-27T10:57:54.291-0500] {standard_task_runner.py:105} INFO - Job 29: Subtask python
[2024-11-27T10:57:54.320-0500] {task_command.py:467} INFO - Running <TaskInstance: operator_python.python scheduled__2024-11-26T00:00:00+00:00 [running]> on host VanaPrastha
[2024-11-27T10:57:54.361-0500] {taskinstance.py:3132} INFO - Exporting env vars: AIRFLOW_CTX_DAG_OWNER='airflow' AIRFLOW_CTX_DAG_ID='operator_python' AIRFLOW_CTX_TASK_ID='python' AIRFLOW_CTX_EXECUTION_DATE='2024-11-26T00:00:00+00:00' AIRFLOW_CTX_TRY_NUMBER='1' AIRFLOW_CTX_DAG_RUN_ID='scheduled__2024-11-26T00:00:00+00:00'
[2024-11-27T10:57:54.362-0500] {logging_mixin.py:190} INFO - Task instance is in running state
[2024-11-27T10:57:54.362-0500] {logging_mixin.py:190} INFO -  Previous state of the Task instance: queued
[2024-11-27T10:57:54.362-0500] {logging_mixin.py:190} INFO - Current task name:python state:running start_date:2024-11-27 15:57:54.270625+00:00
[2024-11-27T10:57:54.362-0500] {logging_mixin.py:190} INFO - Dag name:operator_python and current dag run status:running
[2024-11-27T10:57:54.362-0500] {taskinstance.py:731} INFO - ::endgroup::
[2024-11-27T10:57:54.362-0500] {logging_mixin.py:190} INFO - ini adalah operator python
[2024-11-27T10:57:54.363-0500] {logging_mixin.py:190} INFO - ini adalah param1
[2024-11-27T10:57:54.363-0500] {logging_mixin.py:190} INFO - ini adalah param2
[2024-11-27T10:57:54.363-0500] {python.py:240} INFO - Done. Returned value was: None
[2024-11-27T10:57:54.365-0500] {taskinstance.py:340} INFO - ::group::Post task execution logs
[2024-11-27T10:57:54.365-0500] {taskinstance.py:352} INFO - Marking task as SUCCESS. dag_id=operator_python, task_id=python, run_id=scheduled__2024-11-26T00:00:00+00:00, execution_date=20241126T000000, start_date=20241127T155754, end_date=20241127T155754
[2024-11-27T10:57:54.374-0500] {logging_mixin.py:190} INFO - Task instance in success state
[2024-11-27T10:57:54.375-0500] {logging_mixin.py:190} INFO -  Previous state of the Task instance: running
[2024-11-27T10:57:54.375-0500] {logging_mixin.py:190} INFO - Dag name:operator_python queued_at:2024-11-27 15:57:52.282912+00:00
[2024-11-27T10:57:54.375-0500] {logging_mixin.py:190} INFO - Task hostname:VanaPrastha operator:PythonOperator
[2024-11-27T10:57:54.384-0500] {local_task_job_runner.py:266} INFO - Task exited with return code 0
[2024-11-27T10:57:54.390-0500] {taskinstance.py:3895} INFO - 0 downstream tasks scheduled from follow-on schedule check
[2024-11-27T10:57:54.391-0500] {local_task_job_runner.py:245} INFO - ::endgroup::
