[2024-11-27T10:57:56.645-0500] {local_task_job_runner.py:123} INFO - ::group::Pre task execution logs
[2024-11-27T10:57:56.650-0500] {taskinstance.py:2613} INFO - Dependencies all met for dep_context=non-requeueable deps ti=<TaskInstance: operator_python.python manual__2024-11-27T15:57:51.803843+00:00 [queued]>
[2024-11-27T10:57:56.652-0500] {taskinstance.py:2613} INFO - Dependencies all met for dep_context=requeueable deps ti=<TaskInstance: operator_python.python manual__2024-11-27T15:57:51.803843+00:00 [queued]>
[2024-11-27T10:57:56.653-0500] {taskinstance.py:2866} INFO - Starting attempt 1 of 1
[2024-11-27T10:57:56.664-0500] {taskinstance.py:2889} INFO - Executing <Task(PythonOperator): python> on 2024-11-27 15:57:51.803843+00:00
[2024-11-27T10:57:56.670-0500] {logging_mixin.py:190} WARNING - /home/vanaprastha/anaconda3/lib/python3.12/site-packages/airflow/task/task_runner/standard_task_runner.py:70 DeprecationWarning: This process (pid=19976) is multi-threaded, use of fork() may lead to deadlocks in the child.
[2024-11-27T10:57:56.670-0500] {standard_task_runner.py:104} INFO - Running: ['airflow', 'tasks', 'run', 'operator_python', 'python', 'manual__2024-11-27T15:57:51.803843+00:00', '--job-id', '30', '--raw', '--subdir', 'DAGS_FOLDER/part2_operator/operator_python.py', '--cfg-path', '/tmp/tmpu4mbyvfj']
[2024-11-27T10:57:56.670-0500] {standard_task_runner.py:72} INFO - Started process 19983 to run task
[2024-11-27T10:57:56.671-0500] {standard_task_runner.py:105} INFO - Job 30: Subtask python
[2024-11-27T10:57:56.694-0500] {task_command.py:467} INFO - Running <TaskInstance: operator_python.python manual__2024-11-27T15:57:51.803843+00:00 [running]> on host VanaPrastha
[2024-11-27T10:57:56.754-0500] {taskinstance.py:3132} INFO - Exporting env vars: AIRFLOW_CTX_DAG_OWNER='airflow' AIRFLOW_CTX_DAG_ID='operator_python' AIRFLOW_CTX_TASK_ID='python' AIRFLOW_CTX_EXECUTION_DATE='2024-11-27T15:57:51.803843+00:00' AIRFLOW_CTX_TRY_NUMBER='1' AIRFLOW_CTX_DAG_RUN_ID='manual__2024-11-27T15:57:51.803843+00:00'
[2024-11-27T10:57:56.754-0500] {logging_mixin.py:190} INFO - Task instance is in running state
[2024-11-27T10:57:56.755-0500] {logging_mixin.py:190} INFO -  Previous state of the Task instance: queued
[2024-11-27T10:57:56.755-0500] {logging_mixin.py:190} INFO - Current task name:python state:running start_date:2024-11-27 15:57:56.650380+00:00
[2024-11-27T10:57:56.755-0500] {logging_mixin.py:190} INFO - Dag name:operator_python and current dag run status:running
[2024-11-27T10:57:56.755-0500] {taskinstance.py:731} INFO - ::endgroup::
[2024-11-27T10:57:56.755-0500] {logging_mixin.py:190} INFO - ini adalah operator python
[2024-11-27T10:57:56.755-0500] {logging_mixin.py:190} INFO - ini adalah param1
[2024-11-27T10:57:56.756-0500] {logging_mixin.py:190} INFO - ini adalah param2
[2024-11-27T10:57:56.756-0500] {python.py:240} INFO - Done. Returned value was: None
[2024-11-27T10:57:56.760-0500] {taskinstance.py:340} INFO - ::group::Post task execution logs
[2024-11-27T10:57:56.760-0500] {taskinstance.py:352} INFO - Marking task as SUCCESS. dag_id=operator_python, task_id=python, run_id=manual__2024-11-27T15:57:51.803843+00:00, execution_date=20241127T155751, start_date=20241127T155756, end_date=20241127T155756
[2024-11-27T10:57:56.770-0500] {logging_mixin.py:190} INFO - Task instance in success state
[2024-11-27T10:57:56.770-0500] {logging_mixin.py:190} INFO -  Previous state of the Task instance: running
[2024-11-27T10:57:56.770-0500] {logging_mixin.py:190} INFO - Dag name:operator_python queued_at:2024-11-27 15:57:51.823088+00:00
[2024-11-27T10:57:56.771-0500] {logging_mixin.py:190} INFO - Task hostname:VanaPrastha operator:PythonOperator
[2024-11-27T10:57:56.803-0500] {local_task_job_runner.py:266} INFO - Task exited with return code 0
[2024-11-27T10:57:56.816-0500] {taskinstance.py:3895} INFO - 0 downstream tasks scheduled from follow-on schedule check
[2024-11-27T10:57:56.816-0500] {local_task_job_runner.py:245} INFO - ::endgroup::
