[2024-11-27T12:26:17.491-0500] {local_task_job_runner.py:123} INFO - ::group::Pre task execution logs
[2024-11-27T12:26:17.500-0500] {taskinstance.py:2613} INFO - Dependencies all met for dep_context=non-requeueable deps ti=<TaskInstance: sensor_file.wait_file scheduled__2024-11-27T17:20:00+00:00 [queued]>
[2024-11-27T12:26:17.505-0500] {taskinstance.py:2613} INFO - Dependencies all met for dep_context=requeueable deps ti=<TaskInstance: sensor_file.wait_file scheduled__2024-11-27T17:20:00+00:00 [queued]>
[2024-11-27T12:26:17.505-0500] {taskinstance.py:2866} INFO - Starting attempt 1 of 1
[2024-11-27T12:26:17.521-0500] {taskinstance.py:2889} INFO - Executing <Task(FileSensor): wait_file> on 2024-11-27 17:20:00+00:00
[2024-11-27T12:26:17.529-0500] {logging_mixin.py:190} WARNING - /home/vanaprastha/anaconda3/lib/python3.12/site-packages/airflow/task/task_runner/standard_task_runner.py:70 DeprecationWarning: This process (pid=33532) is multi-threaded, use of fork() may lead to deadlocks in the child.
[2024-11-27T12:26:17.529-0500] {standard_task_runner.py:104} INFO - Running: ['airflow', 'tasks', 'run', 'sensor_file', 'wait_file', 'scheduled__2024-11-27T17:20:00+00:00', '--job-id', '68', '--raw', '--subdir', 'DAGS_FOLDER/PART 3/Sensor/sensor_file.py', '--cfg-path', '/tmp/tmp_rvzqhf0']
[2024-11-27T12:26:17.530-0500] {standard_task_runner.py:105} INFO - Job 68: Subtask wait_file
[2024-11-27T12:26:17.530-0500] {standard_task_runner.py:72} INFO - Started process 33540 to run task
[2024-11-27T12:26:17.558-0500] {task_command.py:467} INFO - Running <TaskInstance: sensor_file.wait_file scheduled__2024-11-27T17:20:00+00:00 [running]> on host VanaPrastha
[2024-11-27T12:26:17.600-0500] {taskinstance.py:3132} INFO - Exporting env vars: AIRFLOW_CTX_DAG_OWNER='airflow' AIRFLOW_CTX_DAG_ID='sensor_file' AIRFLOW_CTX_TASK_ID='wait_file' AIRFLOW_CTX_EXECUTION_DATE='2024-11-27T17:20:00+00:00' AIRFLOW_CTX_TRY_NUMBER='1' AIRFLOW_CTX_DAG_RUN_ID='scheduled__2024-11-27T17:20:00+00:00'
[2024-11-27T12:26:17.600-0500] {logging_mixin.py:190} INFO - Task instance is in running state
[2024-11-27T12:26:17.601-0500] {logging_mixin.py:190} INFO -  Previous state of the Task instance: queued
[2024-11-27T12:26:17.601-0500] {logging_mixin.py:190} INFO - Current task name:wait_file state:running start_date:2024-11-27 17:26:17.501038+00:00
[2024-11-27T12:26:17.601-0500] {logging_mixin.py:190} INFO - Dag name:sensor_file and current dag run status:running
[2024-11-27T12:26:17.601-0500] {taskinstance.py:731} INFO - ::endgroup::
[2024-11-27T12:26:17.601-0500] {baseoperator.py:416} WARNING - FileSensor.execute cannot be called outside TaskInstance!
[2024-11-27T12:26:17.605-0500] {base.py:84} INFO - Retrieving connection 'fs_default'
[2024-11-27T12:26:17.605-0500] {filesystem.py:109} INFO - Poking for file /watch/text.txt
[2024-11-27T12:26:22.605-0500] {filesystem.py:109} INFO - Poking for file /watch/text.txt
[2024-11-27T12:26:27.606-0500] {filesystem.py:109} INFO - Poking for file /watch/text.txt
[2024-11-27T12:26:32.607-0500] {filesystem.py:109} INFO - Poking for file /watch/text.txt
[2024-11-27T12:26:37.608-0500] {filesystem.py:109} INFO - Poking for file /watch/text.txt
[2024-11-27T12:26:42.608-0500] {filesystem.py:109} INFO - Poking for file /watch/text.txt
[2024-11-27T12:26:47.609-0500] {filesystem.py:109} INFO - Poking for file /watch/text.txt
[2024-11-27T12:26:52.610-0500] {filesystem.py:109} INFO - Poking for file /watch/text.txt
[2024-11-27T12:26:57.611-0500] {filesystem.py:109} INFO - Poking for file /watch/text.txt
[2024-11-27T12:27:02.611-0500] {filesystem.py:109} INFO - Poking for file /watch/text.txt
[2024-11-27T12:27:07.612-0500] {filesystem.py:109} INFO - Poking for file /watch/text.txt
[2024-11-27T12:27:12.613-0500] {filesystem.py:109} INFO - Poking for file /watch/text.txt
[2024-11-27T12:27:17.614-0500] {filesystem.py:109} INFO - Poking for file /watch/text.txt
[2024-11-27T12:27:22.614-0500] {filesystem.py:109} INFO - Poking for file /watch/text.txt
[2024-11-27T12:27:27.615-0500] {filesystem.py:109} INFO - Poking for file /watch/text.txt
[2024-11-27T12:27:32.616-0500] {filesystem.py:109} INFO - Poking for file /watch/text.txt
[2024-11-27T12:27:37.617-0500] {filesystem.py:109} INFO - Poking for file /watch/text.txt
[2024-11-27T12:27:42.617-0500] {filesystem.py:109} INFO - Poking for file /watch/text.txt
[2024-11-27T12:27:47.618-0500] {filesystem.py:109} INFO - Poking for file /watch/text.txt
[2024-11-27T12:27:52.619-0500] {filesystem.py:109} INFO - Poking for file /watch/text.txt
[2024-11-27T12:27:57.620-0500] {filesystem.py:109} INFO - Poking for file /watch/text.txt
[2024-11-27T12:28:02.621-0500] {filesystem.py:109} INFO - Poking for file /watch/text.txt
[2024-11-27T12:28:07.630-0500] {filesystem.py:109} INFO - Poking for file /watch/text.txt
[2024-11-27T12:28:12.630-0500] {filesystem.py:109} INFO - Poking for file /watch/text.txt
[2024-11-27T12:28:17.631-0500] {filesystem.py:109} INFO - Poking for file /watch/text.txt
[2024-11-27T12:28:22.632-0500] {filesystem.py:109} INFO - Poking for file /watch/text.txt
[2024-11-27T12:28:27.633-0500] {filesystem.py:109} INFO - Poking for file /watch/text.txt
[2024-11-27T12:28:32.633-0500] {filesystem.py:109} INFO - Poking for file /watch/text.txt
[2024-11-27T12:28:37.652-0500] {filesystem.py:109} INFO - Poking for file /watch/text.txt
[2024-11-27T12:28:42.671-0500] {filesystem.py:109} INFO - Poking for file /watch/text.txt
[2024-11-27T12:28:47.672-0500] {filesystem.py:109} INFO - Poking for file /watch/text.txt
[2024-11-27T12:28:52.673-0500] {filesystem.py:109} INFO - Poking for file /watch/text.txt
[2024-11-27T12:28:57.673-0500] {filesystem.py:109} INFO - Poking for file /watch/text.txt
[2024-11-27T12:29:02.674-0500] {filesystem.py:109} INFO - Poking for file /watch/text.txt
[2024-11-27T12:29:07.675-0500] {filesystem.py:109} INFO - Poking for file /watch/text.txt
[2024-11-27T12:29:12.675-0500] {filesystem.py:109} INFO - Poking for file /watch/text.txt
[2024-11-27T12:29:17.675-0500] {filesystem.py:109} INFO - Poking for file /watch/text.txt
[2024-11-27T12:29:22.676-0500] {filesystem.py:109} INFO - Poking for file /watch/text.txt
[2024-11-27T12:29:27.677-0500] {filesystem.py:109} INFO - Poking for file /watch/text.txt
[2024-11-27T12:29:32.678-0500] {filesystem.py:109} INFO - Poking for file /watch/text.txt
[2024-11-27T12:29:37.678-0500] {filesystem.py:109} INFO - Poking for file /watch/text.txt
[2024-11-27T12:29:42.679-0500] {filesystem.py:109} INFO - Poking for file /watch/text.txt
[2024-11-27T12:29:47.680-0500] {filesystem.py:109} INFO - Poking for file /watch/text.txt
[2024-11-27T12:29:52.680-0500] {filesystem.py:109} INFO - Poking for file /watch/text.txt
[2024-11-27T12:29:57.681-0500] {filesystem.py:109} INFO - Poking for file /watch/text.txt
[2024-11-27T12:30:02.682-0500] {filesystem.py:109} INFO - Poking for file /watch/text.txt
[2024-11-27T12:30:07.683-0500] {filesystem.py:109} INFO - Poking for file /watch/text.txt
[2024-11-27T12:30:12.683-0500] {filesystem.py:109} INFO - Poking for file /watch/text.txt
[2024-11-27T12:30:17.684-0500] {filesystem.py:109} INFO - Poking for file /watch/text.txt
[2024-11-27T12:30:22.684-0500] {filesystem.py:109} INFO - Poking for file /watch/text.txt
[2024-11-27T12:30:27.685-0500] {filesystem.py:109} INFO - Poking for file /watch/text.txt
[2024-11-27T12:30:32.686-0500] {filesystem.py:109} INFO - Poking for file /watch/text.txt
[2024-11-27T12:30:37.687-0500] {filesystem.py:109} INFO - Poking for file /watch/text.txt
[2024-11-27T12:30:42.687-0500] {filesystem.py:109} INFO - Poking for file /watch/text.txt
[2024-11-27T12:30:47.688-0500] {filesystem.py:109} INFO - Poking for file /watch/text.txt
[2024-11-27T12:30:52.689-0500] {filesystem.py:109} INFO - Poking for file /watch/text.txt
[2024-11-27T12:30:57.689-0500] {filesystem.py:109} INFO - Poking for file /watch/text.txt
[2024-11-27T12:31:02.690-0500] {filesystem.py:109} INFO - Poking for file /watch/text.txt
[2024-11-27T12:31:07.691-0500] {filesystem.py:109} INFO - Poking for file /watch/text.txt
[2024-11-27T12:31:12.691-0500] {filesystem.py:109} INFO - Poking for file /watch/text.txt
[2024-11-27T12:31:17.692-0500] {filesystem.py:109} INFO - Poking for file /watch/text.txt
[2024-11-27T12:31:22.692-0500] {filesystem.py:109} INFO - Poking for file /watch/text.txt
[2024-11-27T12:31:27.693-0500] {filesystem.py:109} INFO - Poking for file /watch/text.txt
[2024-11-27T12:31:32.694-0500] {filesystem.py:109} INFO - Poking for file /watch/text.txt
[2024-11-27T12:31:37.694-0500] {filesystem.py:109} INFO - Poking for file /watch/text.txt
[2024-11-27T12:31:42.695-0500] {filesystem.py:109} INFO - Poking for file /watch/text.txt
[2024-11-27T12:31:47.696-0500] {filesystem.py:109} INFO - Poking for file /watch/text.txt
[2024-11-27T12:31:52.697-0500] {filesystem.py:109} INFO - Poking for file /watch/text.txt
[2024-11-27T12:31:57.698-0500] {filesystem.py:109} INFO - Poking for file /watch/text.txt
[2024-11-27T12:32:02.698-0500] {filesystem.py:109} INFO - Poking for file /watch/text.txt
[2024-11-27T12:32:07.699-0500] {filesystem.py:109} INFO - Poking for file /watch/text.txt
[2024-11-27T12:32:12.700-0500] {filesystem.py:109} INFO - Poking for file /watch/text.txt
[2024-11-27T12:32:17.701-0500] {filesystem.py:109} INFO - Poking for file /watch/text.txt
[2024-11-27T12:32:22.702-0500] {filesystem.py:109} INFO - Poking for file /watch/text.txt
[2024-11-27T12:32:27.702-0500] {filesystem.py:109} INFO - Poking for file /watch/text.txt
[2024-11-27T12:32:32.703-0500] {filesystem.py:109} INFO - Poking for file /watch/text.txt
[2024-11-27T12:32:37.703-0500] {filesystem.py:109} INFO - Poking for file /watch/text.txt
[2024-11-27T12:32:42.704-0500] {filesystem.py:109} INFO - Poking for file /watch/text.txt
[2024-11-27T12:32:47.704-0500] {filesystem.py:109} INFO - Poking for file /watch/text.txt
[2024-11-27T12:32:52.705-0500] {filesystem.py:109} INFO - Poking for file /watch/text.txt
[2024-11-27T12:32:57.705-0500] {filesystem.py:109} INFO - Poking for file /watch/text.txt
[2024-11-27T12:33:02.706-0500] {filesystem.py:109} INFO - Poking for file /watch/text.txt
[2024-11-27T12:33:07.707-0500] {filesystem.py:109} INFO - Poking for file /watch/text.txt
[2024-11-27T12:33:12.708-0500] {filesystem.py:109} INFO - Poking for file /watch/text.txt
[2024-11-27T12:33:17.708-0500] {filesystem.py:109} INFO - Poking for file /watch/text.txt
[2024-11-27T12:33:22.709-0500] {filesystem.py:109} INFO - Poking for file /watch/text.txt
[2024-11-27T12:33:27.709-0500] {filesystem.py:109} INFO - Poking for file /watch/text.txt
[2024-11-27T12:33:32.710-0500] {filesystem.py:109} INFO - Poking for file /watch/text.txt
[2024-11-27T12:33:37.720-0500] {filesystem.py:109} INFO - Poking for file /watch/text.txt
[2024-11-27T12:33:42.720-0500] {filesystem.py:109} INFO - Poking for file /watch/text.txt
[2024-11-27T12:33:47.721-0500] {filesystem.py:109} INFO - Poking for file /watch/text.txt
[2024-11-27T12:33:52.721-0500] {filesystem.py:109} INFO - Poking for file /watch/text.txt
[2024-11-27T12:33:57.722-0500] {filesystem.py:109} INFO - Poking for file /watch/text.txt
[2024-11-27T12:34:02.722-0500] {filesystem.py:109} INFO - Poking for file /watch/text.txt
[2024-11-27T12:34:07.722-0500] {filesystem.py:109} INFO - Poking for file /watch/text.txt
[2024-11-27T12:34:12.723-0500] {filesystem.py:109} INFO - Poking for file /watch/text.txt
[2024-11-27T12:34:17.724-0500] {filesystem.py:109} INFO - Poking for file /watch/text.txt
[2024-11-27T12:34:22.743-0500] {filesystem.py:109} INFO - Poking for file /watch/text.txt
[2024-11-27T12:34:27.762-0500] {filesystem.py:109} INFO - Poking for file /watch/text.txt
[2024-11-27T12:34:32.763-0500] {filesystem.py:109} INFO - Poking for file /watch/text.txt
[2024-11-27T12:34:37.764-0500] {filesystem.py:109} INFO - Poking for file /watch/text.txt
[2024-11-27T12:34:42.764-0500] {filesystem.py:109} INFO - Poking for file /watch/text.txt
[2024-11-27T12:34:47.765-0500] {filesystem.py:109} INFO - Poking for file /watch/text.txt
[2024-11-27T12:34:52.766-0500] {filesystem.py:109} INFO - Poking for file /watch/text.txt
[2024-11-27T12:34:57.766-0500] {filesystem.py:109} INFO - Poking for file /watch/text.txt
[2024-11-27T12:35:02.769-0500] {filesystem.py:109} INFO - Poking for file /watch/text.txt
[2024-11-27T12:35:07.783-0500] {filesystem.py:109} INFO - Poking for file /watch/text.txt
[2024-11-27T12:35:12.783-0500] {filesystem.py:109} INFO - Poking for file /watch/text.txt
[2024-11-27T12:35:17.785-0500] {filesystem.py:109} INFO - Poking for file /watch/text.txt
[2024-11-27T12:35:22.787-0500] {filesystem.py:109} INFO - Poking for file /watch/text.txt
[2024-11-27T12:35:27.790-0500] {filesystem.py:109} INFO - Poking for file /watch/text.txt
[2024-11-27T12:35:32.790-0500] {filesystem.py:109} INFO - Poking for file /watch/text.txt
[2024-11-27T12:35:37.791-0500] {filesystem.py:109} INFO - Poking for file /watch/text.txt
[2024-11-27T12:35:42.793-0500] {filesystem.py:109} INFO - Poking for file /watch/text.txt
[2024-11-27T12:35:47.794-0500] {filesystem.py:109} INFO - Poking for file /watch/text.txt
[2024-11-27T12:35:52.794-0500] {filesystem.py:109} INFO - Poking for file /watch/text.txt
[2024-11-27T12:35:57.795-0500] {filesystem.py:109} INFO - Poking for file /watch/text.txt
[2024-11-27T12:36:02.795-0500] {filesystem.py:109} INFO - Poking for file /watch/text.txt
[2024-11-27T12:36:07.798-0500] {filesystem.py:109} INFO - Poking for file /watch/text.txt
[2024-11-27T12:36:12.800-0500] {filesystem.py:109} INFO - Poking for file /watch/text.txt
[2024-11-27T12:36:17.806-0500] {filesystem.py:109} INFO - Poking for file /watch/text.txt
[2024-11-27T12:36:22.829-0500] {filesystem.py:109} INFO - Poking for file /watch/text.txt
[2024-11-27T12:36:27.830-0500] {filesystem.py:109} INFO - Poking for file /watch/text.txt
[2024-11-27T12:36:32.830-0500] {filesystem.py:109} INFO - Poking for file /watch/text.txt
[2024-11-27T12:36:37.831-0500] {filesystem.py:109} INFO - Poking for file /watch/text.txt
[2024-11-27T12:36:42.832-0500] {filesystem.py:109} INFO - Poking for file /watch/text.txt
[2024-11-27T12:36:47.833-0500] {filesystem.py:109} INFO - Poking for file /watch/text.txt
[2024-11-27T12:36:52.834-0500] {filesystem.py:109} INFO - Poking for file /watch/text.txt
[2024-11-27T12:36:57.853-0500] {filesystem.py:109} INFO - Poking for file /watch/text.txt
[2024-11-27T12:37:02.853-0500] {filesystem.py:109} INFO - Poking for file /watch/text.txt
[2024-11-27T12:37:07.854-0500] {filesystem.py:109} INFO - Poking for file /watch/text.txt
[2024-11-27T12:37:12.855-0500] {filesystem.py:109} INFO - Poking for file /watch/text.txt
[2024-11-27T12:37:17.856-0500] {filesystem.py:109} INFO - Poking for file /watch/text.txt
[2024-11-27T12:37:22.856-0500] {filesystem.py:109} INFO - Poking for file /watch/text.txt
[2024-11-27T12:37:27.857-0500] {filesystem.py:109} INFO - Poking for file /watch/text.txt
[2024-11-27T12:37:32.858-0500] {filesystem.py:109} INFO - Poking for file /watch/text.txt
[2024-11-27T12:37:37.859-0500] {filesystem.py:109} INFO - Poking for file /watch/text.txt
[2024-11-27T12:37:42.859-0500] {filesystem.py:109} INFO - Poking for file /watch/text.txt
[2024-11-27T12:37:47.860-0500] {filesystem.py:109} INFO - Poking for file /watch/text.txt
[2024-11-27T12:37:52.861-0500] {filesystem.py:109} INFO - Poking for file /watch/text.txt
[2024-11-27T12:37:57.862-0500] {filesystem.py:109} INFO - Poking for file /watch/text.txt
[2024-11-27T12:38:02.862-0500] {filesystem.py:109} INFO - Poking for file /watch/text.txt
[2024-11-27T12:38:07.863-0500] {filesystem.py:109} INFO - Poking for file /watch/text.txt
[2024-11-27T12:38:12.864-0500] {filesystem.py:109} INFO - Poking for file /watch/text.txt
[2024-11-27T12:38:17.864-0500] {filesystem.py:109} INFO - Poking for file /watch/text.txt
[2024-11-27T12:38:22.865-0500] {filesystem.py:109} INFO - Poking for file /watch/text.txt
[2024-11-27T12:38:27.866-0500] {filesystem.py:109} INFO - Poking for file /watch/text.txt
[2024-11-27T12:38:32.867-0500] {filesystem.py:109} INFO - Poking for file /watch/text.txt
[2024-11-27T12:38:37.868-0500] {filesystem.py:109} INFO - Poking for file /watch/text.txt
[2024-11-27T12:38:42.880-0500] {filesystem.py:109} INFO - Poking for file /watch/text.txt
[2024-11-27T12:38:47.932-0500] {filesystem.py:109} INFO - Poking for file /watch/text.txt
[2024-11-27T12:38:52.945-0500] {filesystem.py:109} INFO - Poking for file /watch/text.txt
[2024-11-27T12:38:57.946-0500] {filesystem.py:109} INFO - Poking for file /watch/text.txt
[2024-11-27T12:39:02.946-0500] {filesystem.py:109} INFO - Poking for file /watch/text.txt
[2024-11-27T12:39:07.947-0500] {filesystem.py:109} INFO - Poking for file /watch/text.txt
[2024-11-27T12:39:12.947-0500] {filesystem.py:109} INFO - Poking for file /watch/text.txt
[2024-11-27T12:39:17.948-0500] {filesystem.py:109} INFO - Poking for file /watch/text.txt
[2024-11-27T12:39:22.949-0500] {filesystem.py:109} INFO - Poking for file /watch/text.txt
[2024-11-27T12:39:27.950-0500] {filesystem.py:109} INFO - Poking for file /watch/text.txt
[2024-11-27T12:39:32.950-0500] {filesystem.py:109} INFO - Poking for file /watch/text.txt
[2024-11-27T12:39:37.951-0500] {filesystem.py:109} INFO - Poking for file /watch/text.txt
[2024-11-27T12:39:42.952-0500] {filesystem.py:109} INFO - Poking for file /watch/text.txt
[2024-11-27T12:39:47.953-0500] {filesystem.py:109} INFO - Poking for file /watch/text.txt
[2024-11-27T12:39:52.954-0500] {filesystem.py:109} INFO - Poking for file /watch/text.txt
[2024-11-27T12:39:57.955-0500] {filesystem.py:109} INFO - Poking for file /watch/text.txt
[2024-11-27T12:40:02.956-0500] {filesystem.py:109} INFO - Poking for file /watch/text.txt
[2024-11-27T12:40:07.956-0500] {filesystem.py:109} INFO - Poking for file /watch/text.txt
[2024-11-27T12:40:12.957-0500] {filesystem.py:109} INFO - Poking for file /watch/text.txt
[2024-11-27T12:40:17.958-0500] {filesystem.py:109} INFO - Poking for file /watch/text.txt
[2024-11-27T12:40:22.959-0500] {filesystem.py:109} INFO - Poking for file /watch/text.txt
[2024-11-27T12:40:27.959-0500] {filesystem.py:109} INFO - Poking for file /watch/text.txt
[2024-11-27T12:40:32.960-0500] {filesystem.py:109} INFO - Poking for file /watch/text.txt
[2024-11-27T12:40:37.961-0500] {filesystem.py:109} INFO - Poking for file /watch/text.txt
[2024-11-27T12:40:42.962-0500] {filesystem.py:109} INFO - Poking for file /watch/text.txt
[2024-11-27T12:40:47.962-0500] {filesystem.py:109} INFO - Poking for file /watch/text.txt
[2024-11-27T12:40:52.963-0500] {filesystem.py:109} INFO - Poking for file /watch/text.txt
[2024-11-27T12:40:57.964-0500] {filesystem.py:109} INFO - Poking for file /watch/text.txt
[2024-11-27T12:41:02.964-0500] {filesystem.py:109} INFO - Poking for file /watch/text.txt
[2024-11-27T12:41:07.965-0500] {filesystem.py:109} INFO - Poking for file /watch/text.txt
[2024-11-27T12:41:12.966-0500] {filesystem.py:109} INFO - Poking for file /watch/text.txt
[2024-11-27T12:41:17.967-0500] {filesystem.py:109} INFO - Poking for file /watch/text.txt
[2024-11-27T12:41:22.967-0500] {filesystem.py:109} INFO - Poking for file /watch/text.txt
[2024-11-27T12:41:27.969-0500] {filesystem.py:109} INFO - Poking for file /watch/text.txt
[2024-11-27T12:41:32.970-0500] {filesystem.py:109} INFO - Poking for file /watch/text.txt
[2024-11-27T12:41:37.970-0500] {filesystem.py:109} INFO - Poking for file /watch/text.txt
[2024-11-27T12:41:42.971-0500] {filesystem.py:109} INFO - Poking for file /watch/text.txt
[2024-11-27T12:41:47.972-0500] {filesystem.py:109} INFO - Poking for file /watch/text.txt
[2024-11-27T12:41:52.972-0500] {filesystem.py:109} INFO - Poking for file /watch/text.txt
[2024-11-27T12:41:57.973-0500] {filesystem.py:109} INFO - Poking for file /watch/text.txt
[2024-11-27T12:42:02.974-0500] {filesystem.py:109} INFO - Poking for file /watch/text.txt
[2024-11-27T12:42:07.974-0500] {filesystem.py:109} INFO - Poking for file /watch/text.txt
[2024-11-27T12:42:12.975-0500] {filesystem.py:109} INFO - Poking for file /watch/text.txt
[2024-11-27T12:42:17.976-0500] {filesystem.py:109} INFO - Poking for file /watch/text.txt
[2024-11-27T12:42:22.976-0500] {filesystem.py:109} INFO - Poking for file /watch/text.txt
[2024-11-27T12:42:27.977-0500] {filesystem.py:109} INFO - Poking for file /watch/text.txt
[2024-11-27T12:42:32.978-0500] {filesystem.py:109} INFO - Poking for file /watch/text.txt
[2024-11-27T12:42:37.978-0500] {filesystem.py:109} INFO - Poking for file /watch/text.txt
[2024-11-27T12:42:42.979-0500] {filesystem.py:109} INFO - Poking for file /watch/text.txt
[2024-11-27T12:42:47.998-0500] {filesystem.py:109} INFO - Poking for file /watch/text.txt
[2024-11-27T12:42:52.998-0500] {filesystem.py:109} INFO - Poking for file /watch/text.txt
[2024-11-27T12:42:57.999-0500] {filesystem.py:109} INFO - Poking for file /watch/text.txt
[2024-11-27T12:43:02.999-0500] {filesystem.py:109} INFO - Poking for file /watch/text.txt
[2024-11-27T12:43:08.000-0500] {filesystem.py:109} INFO - Poking for file /watch/text.txt
[2024-11-27T12:43:13.001-0500] {filesystem.py:109} INFO - Poking for file /watch/text.txt
[2024-11-27T12:43:18.001-0500] {filesystem.py:109} INFO - Poking for file /watch/text.txt
[2024-11-27T12:43:23.002-0500] {filesystem.py:109} INFO - Poking for file /watch/text.txt
[2024-11-27T12:43:28.003-0500] {filesystem.py:109} INFO - Poking for file /watch/text.txt
[2024-11-27T12:43:33.003-0500] {filesystem.py:109} INFO - Poking for file /watch/text.txt
[2024-11-27T12:43:38.004-0500] {filesystem.py:109} INFO - Poking for file /watch/text.txt
[2024-11-27T12:43:43.005-0500] {filesystem.py:109} INFO - Poking for file /watch/text.txt
[2024-11-27T12:43:48.006-0500] {filesystem.py:109} INFO - Poking for file /watch/text.txt
[2024-11-27T12:43:53.006-0500] {filesystem.py:109} INFO - Poking for file /watch/text.txt
[2024-11-27T12:43:58.007-0500] {filesystem.py:109} INFO - Poking for file /watch/text.txt
[2024-11-27T12:44:03.008-0500] {filesystem.py:109} INFO - Poking for file /watch/text.txt
[2024-11-27T12:44:08.009-0500] {filesystem.py:109} INFO - Poking for file /watch/text.txt
[2024-11-27T12:44:13.009-0500] {filesystem.py:109} INFO - Poking for file /watch/text.txt
[2024-11-27T12:44:18.010-0500] {filesystem.py:109} INFO - Poking for file /watch/text.txt
[2024-11-27T12:44:23.011-0500] {filesystem.py:109} INFO - Poking for file /watch/text.txt
[2024-11-27T12:44:28.012-0500] {filesystem.py:109} INFO - Poking for file /watch/text.txt
[2024-11-27T12:44:33.012-0500] {filesystem.py:109} INFO - Poking for file /watch/text.txt
[2024-11-27T12:44:38.013-0500] {filesystem.py:109} INFO - Poking for file /watch/text.txt
[2024-11-27T12:44:43.014-0500] {filesystem.py:109} INFO - Poking for file /watch/text.txt
[2024-11-27T12:44:48.014-0500] {filesystem.py:109} INFO - Poking for file /watch/text.txt
[2024-11-27T12:44:53.033-0500] {filesystem.py:109} INFO - Poking for file /watch/text.txt
[2024-11-27T12:44:58.034-0500] {filesystem.py:109} INFO - Poking for file /watch/text.txt
[2024-11-27T12:45:03.034-0500] {filesystem.py:109} INFO - Poking for file /watch/text.txt
[2024-11-27T12:45:08.035-0500] {filesystem.py:109} INFO - Poking for file /watch/text.txt
[2024-11-27T12:45:13.036-0500] {filesystem.py:109} INFO - Poking for file /watch/text.txt
[2024-11-27T12:45:18.036-0500] {filesystem.py:109} INFO - Poking for file /watch/text.txt
[2024-11-27T12:45:23.037-0500] {filesystem.py:109} INFO - Poking for file /watch/text.txt
[2024-11-27T12:45:28.038-0500] {filesystem.py:109} INFO - Poking for file /watch/text.txt
[2024-11-27T12:45:33.039-0500] {filesystem.py:109} INFO - Poking for file /watch/text.txt
[2024-11-27T12:45:38.042-0500] {filesystem.py:109} INFO - Poking for file /watch/text.txt
[2024-11-27T12:45:43.061-0500] {filesystem.py:109} INFO - Poking for file /watch/text.txt
[2024-11-27T12:45:48.062-0500] {filesystem.py:109} INFO - Poking for file /watch/text.txt
[2024-11-27T12:45:53.081-0500] {filesystem.py:109} INFO - Poking for file /watch/text.txt
[2024-11-27T12:45:58.082-0500] {filesystem.py:109} INFO - Poking for file /watch/text.txt
[2024-11-27T12:46:03.083-0500] {filesystem.py:109} INFO - Poking for file /watch/text.txt
[2024-11-27T12:46:08.084-0500] {filesystem.py:109} INFO - Poking for file /watch/text.txt
[2024-11-27T12:46:13.085-0500] {filesystem.py:109} INFO - Poking for file /watch/text.txt
[2024-11-27T12:46:18.085-0500] {filesystem.py:109} INFO - Poking for file /watch/text.txt
[2024-11-27T12:46:23.086-0500] {filesystem.py:109} INFO - Poking for file /watch/text.txt
[2024-11-27T12:46:28.105-0500] {filesystem.py:109} INFO - Poking for file /watch/text.txt
[2024-11-27T12:46:33.106-0500] {filesystem.py:109} INFO - Poking for file /watch/text.txt
[2024-11-27T12:46:38.106-0500] {filesystem.py:109} INFO - Poking for file /watch/text.txt
[2024-11-27T12:46:43.107-0500] {filesystem.py:109} INFO - Poking for file /watch/text.txt
[2024-11-27T12:46:48.108-0500] {filesystem.py:109} INFO - Poking for file /watch/text.txt
[2024-11-27T12:46:53.109-0500] {filesystem.py:109} INFO - Poking for file /watch/text.txt
[2024-11-27T12:46:58.110-0500] {filesystem.py:109} INFO - Poking for file /watch/text.txt
[2024-11-27T12:47:03.110-0500] {filesystem.py:109} INFO - Poking for file /watch/text.txt
[2024-11-27T12:47:08.111-0500] {filesystem.py:109} INFO - Poking for file /watch/text.txt
[2024-11-27T12:47:13.123-0500] {filesystem.py:109} INFO - Poking for file /watch/text.txt
[2024-11-27T12:47:18.168-0500] {filesystem.py:109} INFO - Poking for file /watch/text.txt
[2024-11-27T12:47:23.198-0500] {filesystem.py:109} INFO - Poking for file /watch/text.txt
[2024-11-27T12:47:28.216-0500] {filesystem.py:109} INFO - Poking for file /watch/text.txt
[2024-11-27T12:47:33.221-0500] {filesystem.py:109} INFO - Poking for file /watch/text.txt
[2024-11-27T12:47:38.222-0500] {filesystem.py:109} INFO - Poking for file /watch/text.txt
[2024-11-27T12:47:43.223-0500] {filesystem.py:109} INFO - Poking for file /watch/text.txt
[2024-11-27T12:47:48.223-0500] {filesystem.py:109} INFO - Poking for file /watch/text.txt
[2024-11-27T12:47:53.224-0500] {filesystem.py:109} INFO - Poking for file /watch/text.txt
[2024-11-27T12:47:58.225-0500] {filesystem.py:109} INFO - Poking for file /watch/text.txt
[2024-11-27T12:48:03.225-0500] {filesystem.py:109} INFO - Poking for file /watch/text.txt
[2024-11-27T12:48:08.226-0500] {filesystem.py:109} INFO - Poking for file /watch/text.txt
[2024-11-27T12:48:13.227-0500] {filesystem.py:109} INFO - Poking for file /watch/text.txt
[2024-11-27T12:48:18.227-0500] {filesystem.py:109} INFO - Poking for file /watch/text.txt
[2024-11-27T12:48:23.228-0500] {filesystem.py:109} INFO - Poking for file /watch/text.txt
[2024-11-27T12:48:28.229-0500] {filesystem.py:109} INFO - Poking for file /watch/text.txt
[2024-11-27T12:48:33.229-0500] {filesystem.py:109} INFO - Poking for file /watch/text.txt
[2024-11-27T12:48:38.230-0500] {filesystem.py:109} INFO - Poking for file /watch/text.txt
[2024-11-27T12:48:43.231-0500] {filesystem.py:109} INFO - Poking for file /watch/text.txt
[2024-11-27T12:48:48.231-0500] {filesystem.py:109} INFO - Poking for file /watch/text.txt
[2024-11-27T12:48:53.232-0500] {filesystem.py:109} INFO - Poking for file /watch/text.txt
[2024-11-27T12:48:58.233-0500] {filesystem.py:109} INFO - Poking for file /watch/text.txt
[2024-11-27T12:49:03.234-0500] {filesystem.py:109} INFO - Poking for file /watch/text.txt
[2024-11-27T12:49:08.234-0500] {filesystem.py:109} INFO - Poking for file /watch/text.txt
[2024-11-27T12:49:13.235-0500] {filesystem.py:109} INFO - Poking for file /watch/text.txt
[2024-11-27T12:49:18.236-0500] {filesystem.py:109} INFO - Poking for file /watch/text.txt
[2024-11-27T12:49:23.236-0500] {filesystem.py:109} INFO - Poking for file /watch/text.txt
[2024-11-27T12:49:28.237-0500] {filesystem.py:109} INFO - Poking for file /watch/text.txt
[2024-11-27T12:49:33.238-0500] {filesystem.py:109} INFO - Poking for file /watch/text.txt
[2024-11-27T12:49:38.239-0500] {filesystem.py:109} INFO - Poking for file /watch/text.txt
[2024-11-27T12:49:43.239-0500] {filesystem.py:109} INFO - Poking for file /watch/text.txt
[2024-11-27T12:49:48.240-0500] {filesystem.py:109} INFO - Poking for file /watch/text.txt
[2024-11-27T12:49:53.241-0500] {filesystem.py:109} INFO - Poking for file /watch/text.txt
[2024-11-27T12:49:58.242-0500] {filesystem.py:109} INFO - Poking for file /watch/text.txt
[2024-11-27T12:50:03.242-0500] {filesystem.py:109} INFO - Poking for file /watch/text.txt
[2024-11-27T12:50:08.243-0500] {filesystem.py:109} INFO - Poking for file /watch/text.txt
[2024-11-27T12:50:13.244-0500] {filesystem.py:109} INFO - Poking for file /watch/text.txt
[2024-11-27T12:50:18.245-0500] {filesystem.py:109} INFO - Poking for file /watch/text.txt
[2024-11-27T12:50:23.246-0500] {filesystem.py:109} INFO - Poking for file /watch/text.txt
[2024-11-27T12:50:28.247-0500] {filesystem.py:109} INFO - Poking for file /watch/text.txt
[2024-11-27T12:50:33.247-0500] {filesystem.py:109} INFO - Poking for file /watch/text.txt
[2024-11-27T12:50:38.248-0500] {filesystem.py:109} INFO - Poking for file /watch/text.txt
[2024-11-27T12:50:43.249-0500] {filesystem.py:109} INFO - Poking for file /watch/text.txt
[2024-11-27T12:50:48.249-0500] {filesystem.py:109} INFO - Poking for file /watch/text.txt
[2024-11-27T12:50:53.250-0500] {filesystem.py:109} INFO - Poking for file /watch/text.txt
[2024-11-27T12:50:58.251-0500] {filesystem.py:109} INFO - Poking for file /watch/text.txt
[2024-11-27T12:51:03.251-0500] {filesystem.py:109} INFO - Poking for file /watch/text.txt
[2024-11-27T12:51:08.252-0500] {filesystem.py:109} INFO - Poking for file /watch/text.txt
[2024-11-27T12:51:13.253-0500] {filesystem.py:109} INFO - Poking for file /watch/text.txt
[2024-11-27T12:51:18.254-0500] {filesystem.py:109} INFO - Poking for file /watch/text.txt
[2024-11-27T12:51:23.255-0500] {filesystem.py:109} INFO - Poking for file /watch/text.txt
[2024-11-27T12:51:28.256-0500] {filesystem.py:109} INFO - Poking for file /watch/text.txt
[2024-11-27T12:51:33.257-0500] {filesystem.py:109} INFO - Poking for file /watch/text.txt
[2024-11-27T12:51:38.257-0500] {filesystem.py:109} INFO - Poking for file /watch/text.txt
[2024-11-27T12:51:43.258-0500] {filesystem.py:109} INFO - Poking for file /watch/text.txt
[2024-11-27T12:51:48.259-0500] {filesystem.py:109} INFO - Poking for file /watch/text.txt
[2024-11-27T12:51:53.260-0500] {filesystem.py:109} INFO - Poking for file /watch/text.txt
[2024-11-27T12:51:58.261-0500] {filesystem.py:109} INFO - Poking for file /watch/text.txt
[2024-11-27T12:52:03.261-0500] {filesystem.py:109} INFO - Poking for file /watch/text.txt
[2024-11-27T12:52:08.262-0500] {filesystem.py:109} INFO - Poking for file /watch/text.txt
[2024-11-27T12:52:13.263-0500] {filesystem.py:109} INFO - Poking for file /watch/text.txt
[2024-11-27T12:52:18.263-0500] {filesystem.py:109} INFO - Poking for file /watch/text.txt
[2024-11-27T12:52:23.264-0500] {filesystem.py:109} INFO - Poking for file /watch/text.txt
[2024-11-27T12:52:28.264-0500] {filesystem.py:109} INFO - Poking for file /watch/text.txt
[2024-11-27T12:52:33.265-0500] {filesystem.py:109} INFO - Poking for file /watch/text.txt
[2024-11-27T12:52:38.265-0500] {filesystem.py:109} INFO - Poking for file /watch/text.txt
[2024-11-27T12:52:43.266-0500] {filesystem.py:109} INFO - Poking for file /watch/text.txt
[2024-11-27T12:52:48.267-0500] {filesystem.py:109} INFO - Poking for file /watch/text.txt
[2024-11-27T12:52:53.267-0500] {filesystem.py:109} INFO - Poking for file /watch/text.txt
[2024-11-27T12:52:58.268-0500] {filesystem.py:109} INFO - Poking for file /watch/text.txt
[2024-11-27T12:53:03.268-0500] {filesystem.py:109} INFO - Poking for file /watch/text.txt
[2024-11-27T12:53:08.269-0500] {filesystem.py:109} INFO - Poking for file /watch/text.txt
[2024-11-27T12:53:13.270-0500] {filesystem.py:109} INFO - Poking for file /watch/text.txt
[2024-11-27T12:53:18.271-0500] {filesystem.py:109} INFO - Poking for file /watch/text.txt
[2024-11-27T12:53:23.272-0500] {filesystem.py:109} INFO - Poking for file /watch/text.txt
[2024-11-27T12:53:28.273-0500] {filesystem.py:109} INFO - Poking for file /watch/text.txt
[2024-11-27T12:53:33.273-0500] {filesystem.py:109} INFO - Poking for file /watch/text.txt
[2024-11-27T12:53:38.274-0500] {filesystem.py:109} INFO - Poking for file /watch/text.txt
[2024-11-27T12:53:43.275-0500] {filesystem.py:109} INFO - Poking for file /watch/text.txt
[2024-11-27T12:53:48.276-0500] {filesystem.py:109} INFO - Poking for file /watch/text.txt
[2024-11-27T12:53:53.277-0500] {filesystem.py:109} INFO - Poking for file /watch/text.txt
[2024-11-27T12:53:58.295-0500] {filesystem.py:109} INFO - Poking for file /watch/text.txt
[2024-11-27T12:54:03.296-0500] {filesystem.py:109} INFO - Poking for file /watch/text.txt
[2024-11-27T12:54:08.297-0500] {filesystem.py:109} INFO - Poking for file /watch/text.txt
[2024-11-27T12:54:13.297-0500] {filesystem.py:109} INFO - Poking for file /watch/text.txt
[2024-11-27T12:54:18.298-0500] {filesystem.py:109} INFO - Poking for file /watch/text.txt
[2024-11-27T12:54:23.299-0500] {filesystem.py:109} INFO - Poking for file /watch/text.txt
[2024-11-27T12:54:28.300-0500] {filesystem.py:109} INFO - Poking for file /watch/text.txt
[2024-11-27T12:54:33.300-0500] {filesystem.py:109} INFO - Poking for file /watch/text.txt
[2024-11-27T12:54:38.301-0500] {filesystem.py:109} INFO - Poking for file /watch/text.txt
[2024-11-27T12:54:43.302-0500] {filesystem.py:109} INFO - Poking for file /watch/text.txt
[2024-11-27T12:54:48.303-0500] {filesystem.py:109} INFO - Poking for file /watch/text.txt
[2024-11-27T12:54:53.304-0500] {filesystem.py:109} INFO - Poking for file /watch/text.txt
[2024-11-27T12:54:58.304-0500] {filesystem.py:109} INFO - Poking for file /watch/text.txt
[2024-11-27T12:55:03.305-0500] {filesystem.py:109} INFO - Poking for file /watch/text.txt
[2024-11-27T12:55:08.305-0500] {filesystem.py:109} INFO - Poking for file /watch/text.txt
[2024-11-27T12:55:13.306-0500] {filesystem.py:109} INFO - Poking for file /watch/text.txt
[2024-11-27T12:55:18.307-0500] {filesystem.py:109} INFO - Poking for file /watch/text.txt
[2024-11-27T12:55:23.308-0500] {filesystem.py:109} INFO - Poking for file /watch/text.txt
[2024-11-27T12:55:28.309-0500] {filesystem.py:109} INFO - Poking for file /watch/text.txt
[2024-11-27T12:55:33.309-0500] {filesystem.py:109} INFO - Poking for file /watch/text.txt
[2024-11-27T12:55:38.310-0500] {filesystem.py:109} INFO - Poking for file /watch/text.txt
[2024-11-27T12:55:43.311-0500] {filesystem.py:109} INFO - Poking for file /watch/text.txt
[2024-11-27T12:55:48.312-0500] {filesystem.py:109} INFO - Poking for file /watch/text.txt
[2024-11-27T12:55:53.313-0500] {filesystem.py:109} INFO - Poking for file /watch/text.txt
[2024-11-27T12:55:58.313-0500] {filesystem.py:109} INFO - Poking for file /watch/text.txt
[2024-11-27T12:56:03.314-0500] {filesystem.py:109} INFO - Poking for file /watch/text.txt
[2024-11-27T12:56:08.315-0500] {filesystem.py:109} INFO - Poking for file /watch/text.txt
[2024-11-27T12:56:13.316-0500] {filesystem.py:109} INFO - Poking for file /watch/text.txt
[2024-11-27T12:56:18.316-0500] {filesystem.py:109} INFO - Poking for file /watch/text.txt
[2024-11-27T12:56:23.317-0500] {filesystem.py:109} INFO - Poking for file /watch/text.txt
[2024-11-27T12:56:28.318-0500] {filesystem.py:109} INFO - Poking for file /watch/text.txt
[2024-11-27T12:56:33.319-0500] {filesystem.py:109} INFO - Poking for file /watch/text.txt
[2024-11-27T12:56:38.320-0500] {filesystem.py:109} INFO - Poking for file /watch/text.txt
[2024-11-27T12:56:43.320-0500] {filesystem.py:109} INFO - Poking for file /watch/text.txt
[2024-11-27T12:56:48.321-0500] {filesystem.py:109} INFO - Poking for file /watch/text.txt
[2024-11-27T12:56:53.322-0500] {filesystem.py:109} INFO - Poking for file /watch/text.txt
[2024-11-27T12:56:58.323-0500] {filesystem.py:109} INFO - Poking for file /watch/text.txt
[2024-11-27T12:57:03.324-0500] {filesystem.py:109} INFO - Poking for file /watch/text.txt
[2024-11-27T12:57:08.324-0500] {filesystem.py:109} INFO - Poking for file /watch/text.txt
[2024-11-27T12:57:13.325-0500] {filesystem.py:109} INFO - Poking for file /watch/text.txt
[2024-11-27T12:57:18.326-0500] {filesystem.py:109} INFO - Poking for file /watch/text.txt
[2024-11-27T12:57:23.327-0500] {filesystem.py:109} INFO - Poking for file /watch/text.txt
[2024-11-27T12:57:28.328-0500] {filesystem.py:109} INFO - Poking for file /watch/text.txt
[2024-11-27T12:57:33.328-0500] {filesystem.py:109} INFO - Poking for file /watch/text.txt
[2024-11-27T12:57:38.329-0500] {filesystem.py:109} INFO - Poking for file /watch/text.txt
[2024-11-27T12:57:43.330-0500] {filesystem.py:109} INFO - Poking for file /watch/text.txt
[2024-11-27T12:57:48.331-0500] {filesystem.py:109} INFO - Poking for file /watch/text.txt
[2024-11-27T12:57:53.332-0500] {filesystem.py:109} INFO - Poking for file /watch/text.txt
[2024-11-27T12:57:58.333-0500] {filesystem.py:109} INFO - Poking for file /watch/text.txt
[2024-11-27T12:58:03.333-0500] {filesystem.py:109} INFO - Poking for file /watch/text.txt
[2024-11-27T12:58:08.334-0500] {filesystem.py:109} INFO - Poking for file /watch/text.txt
[2024-11-27T12:58:13.335-0500] {filesystem.py:109} INFO - Poking for file /watch/text.txt
[2024-11-27T12:58:18.336-0500] {filesystem.py:109} INFO - Poking for file /watch/text.txt
[2024-11-27T12:58:23.337-0500] {filesystem.py:109} INFO - Poking for file /watch/text.txt
[2024-11-27T12:58:28.337-0500] {filesystem.py:109} INFO - Poking for file /watch/text.txt
[2024-11-27T12:58:33.338-0500] {filesystem.py:109} INFO - Poking for file /watch/text.txt
[2024-11-27T12:58:38.339-0500] {filesystem.py:109} INFO - Poking for file /watch/text.txt
[2024-11-27T12:58:43.339-0500] {filesystem.py:109} INFO - Poking for file /watch/text.txt
[2024-11-27T12:58:48.340-0500] {filesystem.py:109} INFO - Poking for file /watch/text.txt
[2024-11-27T12:58:53.341-0500] {filesystem.py:109} INFO - Poking for file /watch/text.txt
[2024-11-27T12:58:58.342-0500] {filesystem.py:109} INFO - Poking for file /watch/text.txt
[2024-11-27T12:59:03.342-0500] {filesystem.py:109} INFO - Poking for file /watch/text.txt
[2024-11-27T12:59:08.343-0500] {filesystem.py:109} INFO - Poking for file /watch/text.txt
[2024-11-27T12:59:13.344-0500] {filesystem.py:109} INFO - Poking for file /watch/text.txt
[2024-11-27T12:59:18.345-0500] {filesystem.py:109} INFO - Poking for file /watch/text.txt
[2024-11-27T12:59:23.346-0500] {filesystem.py:109} INFO - Poking for file /watch/text.txt
[2024-11-27T12:59:28.346-0500] {filesystem.py:109} INFO - Poking for file /watch/text.txt
[2024-11-27T12:59:33.347-0500] {filesystem.py:109} INFO - Poking for file /watch/text.txt
[2024-11-27T12:59:38.348-0500] {filesystem.py:109} INFO - Poking for file /watch/text.txt
[2024-11-27T12:59:43.349-0500] {filesystem.py:109} INFO - Poking for file /watch/text.txt
[2024-11-27T12:59:48.350-0500] {filesystem.py:109} INFO - Poking for file /watch/text.txt
[2024-11-27T12:59:53.350-0500] {filesystem.py:109} INFO - Poking for file /watch/text.txt
[2024-11-27T12:59:58.351-0500] {filesystem.py:109} INFO - Poking for file /watch/text.txt
[2024-11-27T13:00:03.352-0500] {filesystem.py:109} INFO - Poking for file /watch/text.txt
[2024-11-27T13:00:08.353-0500] {filesystem.py:109} INFO - Poking for file /watch/text.txt
[2024-11-27T13:00:13.353-0500] {filesystem.py:109} INFO - Poking for file /watch/text.txt
[2024-11-27T13:00:18.354-0500] {filesystem.py:109} INFO - Poking for file /watch/text.txt
[2024-11-27T13:00:23.355-0500] {filesystem.py:109} INFO - Poking for file /watch/text.txt
[2024-11-27T13:00:28.356-0500] {filesystem.py:109} INFO - Poking for file /watch/text.txt
[2024-11-27T13:00:33.357-0500] {filesystem.py:109} INFO - Poking for file /watch/text.txt
[2024-11-27T13:00:38.357-0500] {filesystem.py:109} INFO - Poking for file /watch/text.txt
[2024-11-27T13:00:43.358-0500] {filesystem.py:109} INFO - Poking for file /watch/text.txt
[2024-11-27T13:00:48.359-0500] {filesystem.py:109} INFO - Poking for file /watch/text.txt
[2024-11-27T13:00:53.360-0500] {filesystem.py:109} INFO - Poking for file /watch/text.txt
[2024-11-27T13:00:58.360-0500] {filesystem.py:109} INFO - Poking for file /watch/text.txt
[2024-11-27T13:01:03.361-0500] {filesystem.py:109} INFO - Poking for file /watch/text.txt
[2024-11-27T13:01:08.362-0500] {filesystem.py:109} INFO - Poking for file /watch/text.txt
[2024-11-27T13:01:13.363-0500] {filesystem.py:109} INFO - Poking for file /watch/text.txt
[2024-11-27T13:01:18.364-0500] {filesystem.py:109} INFO - Poking for file /watch/text.txt
[2024-11-27T13:01:23.364-0500] {filesystem.py:109} INFO - Poking for file /watch/text.txt
[2024-11-27T13:01:28.365-0500] {filesystem.py:109} INFO - Poking for file /watch/text.txt
[2024-11-27T13:01:33.366-0500] {filesystem.py:109} INFO - Poking for file /watch/text.txt
[2024-11-27T13:01:38.367-0500] {filesystem.py:109} INFO - Poking for file /watch/text.txt
[2024-11-27T13:01:43.368-0500] {filesystem.py:109} INFO - Poking for file /watch/text.txt
[2024-11-27T13:01:48.369-0500] {filesystem.py:109} INFO - Poking for file /watch/text.txt
[2024-11-27T13:01:53.370-0500] {filesystem.py:109} INFO - Poking for file /watch/text.txt
[2024-11-27T13:01:58.370-0500] {filesystem.py:109} INFO - Poking for file /watch/text.txt
[2024-11-27T13:02:03.371-0500] {filesystem.py:109} INFO - Poking for file /watch/text.txt
[2024-11-27T13:02:08.372-0500] {filesystem.py:109} INFO - Poking for file /watch/text.txt
[2024-11-27T13:02:13.373-0500] {filesystem.py:109} INFO - Poking for file /watch/text.txt
[2024-11-27T13:02:18.374-0500] {filesystem.py:109} INFO - Poking for file /watch/text.txt
[2024-11-27T13:02:23.374-0500] {filesystem.py:109} INFO - Poking for file /watch/text.txt
[2024-11-27T13:02:28.375-0500] {filesystem.py:109} INFO - Poking for file /watch/text.txt
[2024-11-27T13:02:33.376-0500] {filesystem.py:109} INFO - Poking for file /watch/text.txt
[2024-11-27T13:02:38.377-0500] {filesystem.py:109} INFO - Poking for file /watch/text.txt
[2024-11-27T13:02:43.378-0500] {filesystem.py:109} INFO - Poking for file /watch/text.txt
[2024-11-27T13:02:48.379-0500] {filesystem.py:109} INFO - Poking for file /watch/text.txt
[2024-11-27T13:02:53.379-0500] {filesystem.py:109} INFO - Poking for file /watch/text.txt
[2024-11-27T13:02:58.380-0500] {filesystem.py:109} INFO - Poking for file /watch/text.txt
[2024-11-27T13:03:03.381-0500] {filesystem.py:109} INFO - Poking for file /watch/text.txt
[2024-11-27T13:03:08.382-0500] {filesystem.py:109} INFO - Poking for file /watch/text.txt
[2024-11-27T13:03:13.382-0500] {filesystem.py:109} INFO - Poking for file /watch/text.txt
[2024-11-27T13:03:18.383-0500] {filesystem.py:109} INFO - Poking for file /watch/text.txt
[2024-11-27T13:03:23.384-0500] {filesystem.py:109} INFO - Poking for file /watch/text.txt
[2024-11-27T13:03:28.385-0500] {filesystem.py:109} INFO - Poking for file /watch/text.txt
[2024-11-27T13:03:33.386-0500] {filesystem.py:109} INFO - Poking for file /watch/text.txt
[2024-11-27T13:03:38.387-0500] {filesystem.py:109} INFO - Poking for file /watch/text.txt
[2024-11-27T13:03:43.387-0500] {filesystem.py:109} INFO - Poking for file /watch/text.txt
[2024-11-27T13:03:48.388-0500] {filesystem.py:109} INFO - Poking for file /watch/text.txt
[2024-11-27T13:03:53.389-0500] {filesystem.py:109} INFO - Poking for file /watch/text.txt
[2024-11-27T13:03:58.390-0500] {filesystem.py:109} INFO - Poking for file /watch/text.txt
[2024-11-27T13:04:03.390-0500] {filesystem.py:109} INFO - Poking for file /watch/text.txt
[2024-11-27T13:04:08.391-0500] {filesystem.py:109} INFO - Poking for file /watch/text.txt
[2024-11-27T13:04:13.392-0500] {filesystem.py:109} INFO - Poking for file /watch/text.txt
[2024-11-27T13:04:18.393-0500] {filesystem.py:109} INFO - Poking for file /watch/text.txt
[2024-11-27T13:04:23.394-0500] {filesystem.py:109} INFO - Poking for file /watch/text.txt
[2024-11-27T13:04:28.394-0500] {filesystem.py:109} INFO - Poking for file /watch/text.txt
[2024-11-27T13:04:33.395-0500] {filesystem.py:109} INFO - Poking for file /watch/text.txt
[2024-11-27T13:04:38.395-0500] {filesystem.py:109} INFO - Poking for file /watch/text.txt
[2024-11-27T13:04:43.396-0500] {filesystem.py:109} INFO - Poking for file /watch/text.txt
[2024-11-27T13:04:48.397-0500] {filesystem.py:109} INFO - Poking for file /watch/text.txt
[2024-11-27T13:04:53.398-0500] {filesystem.py:109} INFO - Poking for file /watch/text.txt
[2024-11-27T13:04:58.399-0500] {filesystem.py:109} INFO - Poking for file /watch/text.txt
[2024-11-27T13:05:03.400-0500] {filesystem.py:109} INFO - Poking for file /watch/text.txt
[2024-11-27T13:05:08.400-0500] {filesystem.py:109} INFO - Poking for file /watch/text.txt
[2024-11-27T13:05:13.401-0500] {filesystem.py:109} INFO - Poking for file /watch/text.txt
[2024-11-27T13:05:18.402-0500] {filesystem.py:109} INFO - Poking for file /watch/text.txt
[2024-11-27T13:05:23.403-0500] {filesystem.py:109} INFO - Poking for file /watch/text.txt
[2024-11-27T13:05:28.404-0500] {filesystem.py:109} INFO - Poking for file /watch/text.txt
[2024-11-27T13:05:33.404-0500] {filesystem.py:109} INFO - Poking for file /watch/text.txt
[2024-11-27T13:05:38.405-0500] {filesystem.py:109} INFO - Poking for file /watch/text.txt
[2024-11-27T13:05:43.406-0500] {filesystem.py:109} INFO - Poking for file /watch/text.txt
[2024-11-27T13:05:48.407-0500] {filesystem.py:109} INFO - Poking for file /watch/text.txt
[2024-11-27T13:05:53.407-0500] {filesystem.py:109} INFO - Poking for file /watch/text.txt
[2024-11-27T13:05:58.408-0500] {filesystem.py:109} INFO - Poking for file /watch/text.txt
[2024-11-27T13:06:03.409-0500] {filesystem.py:109} INFO - Poking for file /watch/text.txt
[2024-11-27T13:06:08.410-0500] {filesystem.py:109} INFO - Poking for file /watch/text.txt
[2024-11-27T13:06:13.411-0500] {filesystem.py:109} INFO - Poking for file /watch/text.txt
[2024-11-27T13:06:18.412-0500] {filesystem.py:109} INFO - Poking for file /watch/text.txt
[2024-11-27T13:06:23.413-0500] {filesystem.py:109} INFO - Poking for file /watch/text.txt
[2024-11-27T13:06:28.413-0500] {filesystem.py:109} INFO - Poking for file /watch/text.txt
[2024-11-27T13:06:33.414-0500] {filesystem.py:109} INFO - Poking for file /watch/text.txt
[2024-11-27T13:06:38.415-0500] {filesystem.py:109} INFO - Poking for file /watch/text.txt
[2024-11-27T13:06:43.415-0500] {filesystem.py:109} INFO - Poking for file /watch/text.txt
[2024-11-27T13:06:48.416-0500] {filesystem.py:109} INFO - Poking for file /watch/text.txt
[2024-11-27T13:06:53.417-0500] {filesystem.py:109} INFO - Poking for file /watch/text.txt
[2024-11-27T13:06:58.418-0500] {filesystem.py:109} INFO - Poking for file /watch/text.txt
[2024-11-27T13:07:03.419-0500] {filesystem.py:109} INFO - Poking for file /watch/text.txt
[2024-11-27T13:07:08.419-0500] {filesystem.py:109} INFO - Poking for file /watch/text.txt
[2024-11-27T13:07:13.420-0500] {filesystem.py:109} INFO - Poking for file /watch/text.txt
[2024-11-27T13:07:18.421-0500] {filesystem.py:109} INFO - Poking for file /watch/text.txt
[2024-11-27T13:07:23.422-0500] {filesystem.py:109} INFO - Poking for file /watch/text.txt
[2024-11-27T13:07:28.423-0500] {filesystem.py:109} INFO - Poking for file /watch/text.txt
[2024-11-27T13:07:33.424-0500] {filesystem.py:109} INFO - Poking for file /watch/text.txt
[2024-11-27T13:07:38.425-0500] {filesystem.py:109} INFO - Poking for file /watch/text.txt
[2024-11-27T13:07:43.425-0500] {filesystem.py:109} INFO - Poking for file /watch/text.txt
[2024-11-27T13:07:48.426-0500] {filesystem.py:109} INFO - Poking for file /watch/text.txt
[2024-11-27T13:07:53.427-0500] {filesystem.py:109} INFO - Poking for file /watch/text.txt
[2024-11-27T13:07:58.427-0500] {filesystem.py:109} INFO - Poking for file /watch/text.txt
[2024-11-27T13:08:03.428-0500] {filesystem.py:109} INFO - Poking for file /watch/text.txt
[2024-11-27T13:08:08.429-0500] {filesystem.py:109} INFO - Poking for file /watch/text.txt
[2024-11-27T13:08:13.430-0500] {filesystem.py:109} INFO - Poking for file /watch/text.txt
[2024-11-27T13:08:18.430-0500] {filesystem.py:109} INFO - Poking for file /watch/text.txt
[2024-11-27T13:08:23.431-0500] {filesystem.py:109} INFO - Poking for file /watch/text.txt
[2024-11-27T13:08:28.431-0500] {filesystem.py:109} INFO - Poking for file /watch/text.txt
[2024-11-27T13:08:33.432-0500] {filesystem.py:109} INFO - Poking for file /watch/text.txt
[2024-11-27T13:08:38.433-0500] {filesystem.py:109} INFO - Poking for file /watch/text.txt
[2024-11-27T13:08:43.434-0500] {filesystem.py:109} INFO - Poking for file /watch/text.txt
[2024-11-27T13:08:48.435-0500] {filesystem.py:109} INFO - Poking for file /watch/text.txt
[2024-11-27T13:08:53.436-0500] {filesystem.py:109} INFO - Poking for file /watch/text.txt
[2024-11-27T13:08:58.437-0500] {filesystem.py:109} INFO - Poking for file /watch/text.txt
[2024-11-27T13:09:03.438-0500] {filesystem.py:109} INFO - Poking for file /watch/text.txt
[2024-11-27T13:09:08.438-0500] {filesystem.py:109} INFO - Poking for file /watch/text.txt
[2024-11-27T13:09:13.439-0500] {filesystem.py:109} INFO - Poking for file /watch/text.txt
[2024-11-27T13:09:18.440-0500] {filesystem.py:109} INFO - Poking for file /watch/text.txt
[2024-11-27T13:09:23.441-0500] {filesystem.py:109} INFO - Poking for file /watch/text.txt
[2024-11-27T13:09:28.441-0500] {filesystem.py:109} INFO - Poking for file /watch/text.txt
[2024-11-27T13:09:33.442-0500] {filesystem.py:109} INFO - Poking for file /watch/text.txt
[2024-11-27T13:09:38.443-0500] {filesystem.py:109} INFO - Poking for file /watch/text.txt
[2024-11-27T13:09:43.444-0500] {filesystem.py:109} INFO - Poking for file /watch/text.txt
[2024-11-27T13:09:48.444-0500] {filesystem.py:109} INFO - Poking for file /watch/text.txt
[2024-11-27T13:09:53.445-0500] {filesystem.py:109} INFO - Poking for file /watch/text.txt
[2024-11-27T13:09:58.446-0500] {filesystem.py:109} INFO - Poking for file /watch/text.txt
[2024-11-27T13:10:03.446-0500] {filesystem.py:109} INFO - Poking for file /watch/text.txt
[2024-11-27T13:10:08.447-0500] {filesystem.py:109} INFO - Poking for file /watch/text.txt
[2024-11-27T13:10:13.448-0500] {filesystem.py:109} INFO - Poking for file /watch/text.txt
[2024-11-27T13:10:18.449-0500] {filesystem.py:109} INFO - Poking for file /watch/text.txt
[2024-11-27T13:10:23.450-0500] {filesystem.py:109} INFO - Poking for file /watch/text.txt
[2024-11-27T13:10:28.451-0500] {filesystem.py:109} INFO - Poking for file /watch/text.txt
[2024-11-27T13:10:33.451-0500] {filesystem.py:109} INFO - Poking for file /watch/text.txt
[2024-11-27T13:10:38.452-0500] {filesystem.py:109} INFO - Poking for file /watch/text.txt
[2024-11-27T13:10:43.453-0500] {filesystem.py:109} INFO - Poking for file /watch/text.txt
[2024-11-27T13:10:48.453-0500] {filesystem.py:109} INFO - Poking for file /watch/text.txt
[2024-11-27T13:10:53.454-0500] {filesystem.py:109} INFO - Poking for file /watch/text.txt
[2024-11-27T13:10:58.454-0500] {filesystem.py:109} INFO - Poking for file /watch/text.txt
[2024-11-27T13:11:03.455-0500] {filesystem.py:109} INFO - Poking for file /watch/text.txt
[2024-11-27T13:11:08.455-0500] {filesystem.py:109} INFO - Poking for file /watch/text.txt
[2024-11-27T13:11:13.456-0500] {filesystem.py:109} INFO - Poking for file /watch/text.txt
[2024-11-27T13:11:18.457-0500] {filesystem.py:109} INFO - Poking for file /watch/text.txt
[2024-11-27T13:11:23.457-0500] {filesystem.py:109} INFO - Poking for file /watch/text.txt
[2024-11-27T13:11:28.458-0500] {filesystem.py:109} INFO - Poking for file /watch/text.txt
[2024-11-27T13:11:33.459-0500] {filesystem.py:109} INFO - Poking for file /watch/text.txt
[2024-11-27T13:11:38.459-0500] {filesystem.py:109} INFO - Poking for file /watch/text.txt
[2024-11-27T13:11:43.460-0500] {filesystem.py:109} INFO - Poking for file /watch/text.txt
[2024-11-27T13:11:48.461-0500] {filesystem.py:109} INFO - Poking for file /watch/text.txt
[2024-11-27T13:11:53.461-0500] {filesystem.py:109} INFO - Poking for file /watch/text.txt
[2024-11-27T13:11:58.462-0500] {filesystem.py:109} INFO - Poking for file /watch/text.txt
[2024-11-27T13:12:03.463-0500] {filesystem.py:109} INFO - Poking for file /watch/text.txt
[2024-11-27T13:12:08.463-0500] {filesystem.py:109} INFO - Poking for file /watch/text.txt
[2024-11-27T13:12:13.464-0500] {filesystem.py:109} INFO - Poking for file /watch/text.txt
[2024-11-27T13:12:18.465-0500] {filesystem.py:109} INFO - Poking for file /watch/text.txt
[2024-11-27T13:12:23.466-0500] {filesystem.py:109} INFO - Poking for file /watch/text.txt
[2024-11-27T13:12:28.467-0500] {filesystem.py:109} INFO - Poking for file /watch/text.txt
[2024-11-27T13:12:33.467-0500] {filesystem.py:109} INFO - Poking for file /watch/text.txt
[2024-11-27T13:12:38.468-0500] {filesystem.py:109} INFO - Poking for file /watch/text.txt
