[2024-11-27T12:34:11.610-0500] {local_task_job_runner.py:123} INFO - ::group::Pre task execution logs
[2024-11-27T12:34:11.616-0500] {taskinstance.py:2613} INFO - Dependencies all met for dep_context=non-requeueable deps ti=<TaskInstance: sensor_file.wait_file scheduled__2024-11-27T17:21:00+00:00 [queued]>
[2024-11-27T12:34:11.619-0500] {taskinstance.py:2613} INFO - Dependencies all met for dep_context=requeueable deps ti=<TaskInstance: sensor_file.wait_file scheduled__2024-11-27T17:21:00+00:00 [queued]>
[2024-11-27T12:34:11.619-0500] {taskinstance.py:2866} INFO - Starting attempt 3 of 1
[2024-11-27T12:34:11.631-0500] {taskinstance.py:2889} INFO - Executing <Task(FileSensor): wait_file> on 2024-11-27 17:21:00+00:00
[2024-11-27T12:34:11.638-0500] {logging_mixin.py:190} WARNING - /home/vanaprastha/anaconda3/lib/python3.12/site-packages/airflow/task/task_runner/standard_task_runner.py:70 DeprecationWarning: This process (pid=34062) is multi-threaded, use of fork() may lead to deadlocks in the child.
[2024-11-27T12:34:11.638-0500] {standard_task_runner.py:104} INFO - Running: ['airflow', 'tasks', 'run', 'sensor_file', 'wait_file', 'scheduled__2024-11-27T17:21:00+00:00', '--job-id', '81', '--raw', '--subdir', 'DAGS_FOLDER/PART 3/Sensor/sensor_file.py', '--cfg-path', '/tmp/tmpulhx1bk6']
[2024-11-27T12:34:11.639-0500] {standard_task_runner.py:72} INFO - Started process 34095 to run task
[2024-11-27T12:34:11.639-0500] {standard_task_runner.py:105} INFO - Job 81: Subtask wait_file
[2024-11-27T12:34:11.665-0500] {task_command.py:467} INFO - Running <TaskInstance: sensor_file.wait_file scheduled__2024-11-27T17:21:00+00:00 [running]> on host VanaPrastha
[2024-11-27T12:34:11.712-0500] {taskinstance.py:3132} INFO - Exporting env vars: AIRFLOW_CTX_DAG_OWNER='airflow' AIRFLOW_CTX_DAG_ID='sensor_file' AIRFLOW_CTX_TASK_ID='wait_file' AIRFLOW_CTX_EXECUTION_DATE='2024-11-27T17:21:00+00:00' AIRFLOW_CTX_TRY_NUMBER='3' AIRFLOW_CTX_DAG_RUN_ID='scheduled__2024-11-27T17:21:00+00:00'
[2024-11-27T12:34:11.713-0500] {logging_mixin.py:190} INFO - Task instance is in running state
[2024-11-27T12:34:11.713-0500] {logging_mixin.py:190} INFO -  Previous state of the Task instance: queued
[2024-11-27T12:34:11.713-0500] {logging_mixin.py:190} INFO - Current task name:wait_file state:running start_date:2024-11-27 17:34:11.616312+00:00
[2024-11-27T12:34:11.713-0500] {logging_mixin.py:190} INFO - Dag name:sensor_file and current dag run status:running
[2024-11-27T12:34:11.713-0500] {taskinstance.py:731} INFO - ::endgroup::
[2024-11-27T12:34:11.713-0500] {baseoperator.py:416} WARNING - FileSensor.execute cannot be called outside TaskInstance!
[2024-11-27T12:34:11.716-0500] {base.py:84} INFO - Retrieving connection 'fs_default'
[2024-11-27T12:34:11.717-0500] {filesystem.py:109} INFO - Poking for file /watch/text.txt
[2024-11-27T12:34:16.717-0500] {filesystem.py:109} INFO - Poking for file /watch/text.txt
[2024-11-27T12:34:21.719-0500] {filesystem.py:109} INFO - Poking for file /watch/text.txt
[2024-11-27T12:34:26.720-0500] {filesystem.py:109} INFO - Poking for file /watch/text.txt
[2024-11-27T12:34:31.721-0500] {filesystem.py:109} INFO - Poking for file /watch/text.txt
[2024-11-27T12:34:36.722-0500] {filesystem.py:109} INFO - Poking for file /watch/text.txt
[2024-11-27T12:34:41.722-0500] {filesystem.py:109} INFO - Poking for file /watch/text.txt
[2024-11-27T12:34:46.723-0500] {filesystem.py:109} INFO - Poking for file /watch/text.txt
[2024-11-27T12:34:51.724-0500] {filesystem.py:109} INFO - Poking for file /watch/text.txt
[2024-11-27T12:34:56.725-0500] {filesystem.py:109} INFO - Poking for file /watch/text.txt
[2024-11-27T12:35:01.727-0500] {filesystem.py:109} INFO - Poking for file /watch/text.txt
[2024-11-27T12:35:06.770-0500] {filesystem.py:109} INFO - Poking for file /watch/text.txt
[2024-11-27T12:35:11.790-0500] {filesystem.py:109} INFO - Poking for file /watch/text.txt
[2024-11-27T12:35:16.817-0500] {filesystem.py:109} INFO - Poking for file /watch/text.txt
[2024-11-27T12:35:21.829-0500] {filesystem.py:109} INFO - Poking for file /watch/text.txt
[2024-11-27T12:35:26.843-0500] {filesystem.py:109} INFO - Poking for file /watch/text.txt
[2024-11-27T12:35:31.844-0500] {filesystem.py:109} INFO - Poking for file /watch/text.txt
[2024-11-27T12:35:36.845-0500] {filesystem.py:109} INFO - Poking for file /watch/text.txt
[2024-11-27T12:35:41.854-0500] {filesystem.py:109} INFO - Poking for file /watch/text.txt
[2024-11-27T12:35:46.855-0500] {filesystem.py:109} INFO - Poking for file /watch/text.txt
[2024-11-27T12:35:51.856-0500] {filesystem.py:109} INFO - Poking for file /watch/text.txt
[2024-11-27T12:35:56.856-0500] {filesystem.py:109} INFO - Poking for file /watch/text.txt
[2024-11-27T12:36:01.857-0500] {filesystem.py:109} INFO - Poking for file /watch/text.txt
[2024-11-27T12:36:06.877-0500] {filesystem.py:109} INFO - Poking for file /watch/text.txt
[2024-11-27T12:36:11.889-0500] {filesystem.py:109} INFO - Poking for file /watch/text.txt
[2024-11-27T12:36:16.902-0500] {filesystem.py:109} INFO - Poking for file /watch/text.txt
[2024-11-27T12:36:21.922-0500] {filesystem.py:109} INFO - Poking for file /watch/text.txt
[2024-11-27T12:36:26.947-0500] {filesystem.py:109} INFO - Poking for file /watch/text.txt
[2024-11-27T12:36:31.948-0500] {filesystem.py:109} INFO - Poking for file /watch/text.txt
[2024-11-27T12:36:36.949-0500] {filesystem.py:109} INFO - Poking for file /watch/text.txt
[2024-11-27T12:36:41.950-0500] {filesystem.py:109} INFO - Poking for file /watch/text.txt
[2024-11-27T12:36:46.950-0500] {filesystem.py:109} INFO - Poking for file /watch/text.txt
[2024-11-27T12:36:51.951-0500] {filesystem.py:109} INFO - Poking for file /watch/text.txt
[2024-11-27T12:36:56.952-0500] {filesystem.py:109} INFO - Poking for file /watch/text.txt
[2024-11-27T12:37:01.953-0500] {filesystem.py:109} INFO - Poking for file /watch/text.txt
[2024-11-27T12:37:06.954-0500] {filesystem.py:109} INFO - Poking for file /watch/text.txt
[2024-11-27T12:37:11.955-0500] {filesystem.py:109} INFO - Poking for file /watch/text.txt
[2024-11-27T12:37:16.955-0500] {filesystem.py:109} INFO - Poking for file /watch/text.txt
[2024-11-27T12:37:21.956-0500] {filesystem.py:109} INFO - Poking for file /watch/text.txt
[2024-11-27T12:37:26.956-0500] {filesystem.py:109} INFO - Poking for file /watch/text.txt
[2024-11-27T12:37:31.957-0500] {filesystem.py:109} INFO - Poking for file /watch/text.txt
[2024-11-27T12:37:36.958-0500] {filesystem.py:109} INFO - Poking for file /watch/text.txt
[2024-11-27T12:37:41.959-0500] {filesystem.py:109} INFO - Poking for file /watch/text.txt
[2024-11-27T12:37:46.978-0500] {filesystem.py:109} INFO - Poking for file /watch/text.txt
[2024-11-27T12:37:51.978-0500] {filesystem.py:109} INFO - Poking for file /watch/text.txt
[2024-11-27T12:37:56.979-0500] {filesystem.py:109} INFO - Poking for file /watch/text.txt
[2024-11-27T12:38:01.980-0500] {filesystem.py:109} INFO - Poking for file /watch/text.txt
[2024-11-27T12:38:06.981-0500] {filesystem.py:109} INFO - Poking for file /watch/text.txt
[2024-11-27T12:38:11.982-0500] {filesystem.py:109} INFO - Poking for file /watch/text.txt
[2024-11-27T12:38:16.983-0500] {filesystem.py:109} INFO - Poking for file /watch/text.txt
[2024-11-27T12:38:21.983-0500] {filesystem.py:109} INFO - Poking for file /watch/text.txt
[2024-11-27T12:38:26.984-0500] {filesystem.py:109} INFO - Poking for file /watch/text.txt
[2024-11-27T12:38:31.985-0500] {filesystem.py:109} INFO - Poking for file /watch/text.txt
[2024-11-27T12:38:36.986-0500] {filesystem.py:109} INFO - Poking for file /watch/text.txt
[2024-11-27T12:38:42.000-0500] {filesystem.py:109} INFO - Poking for file /watch/text.txt
[2024-11-27T12:38:47.029-0500] {filesystem.py:109} INFO - Poking for file /watch/text.txt
[2024-11-27T12:38:52.039-0500] {filesystem.py:109} INFO - Poking for file /watch/text.txt
[2024-11-27T12:38:57.039-0500] {filesystem.py:109} INFO - Poking for file /watch/text.txt
[2024-11-27T12:39:02.040-0500] {filesystem.py:109} INFO - Poking for file /watch/text.txt
[2024-11-27T12:39:07.040-0500] {filesystem.py:109} INFO - Poking for file /watch/text.txt
[2024-11-27T12:39:12.041-0500] {filesystem.py:109} INFO - Poking for file /watch/text.txt
[2024-11-27T12:39:17.060-0500] {filesystem.py:109} INFO - Poking for file /watch/text.txt
[2024-11-27T12:39:22.061-0500] {filesystem.py:109} INFO - Poking for file /watch/text.txt
[2024-11-27T12:39:27.061-0500] {filesystem.py:109} INFO - Poking for file /watch/text.txt
[2024-11-27T12:39:32.062-0500] {filesystem.py:109} INFO - Poking for file /watch/text.txt
[2024-11-27T12:39:37.063-0500] {filesystem.py:109} INFO - Poking for file /watch/text.txt
[2024-11-27T12:39:42.064-0500] {filesystem.py:109} INFO - Poking for file /watch/text.txt
[2024-11-27T12:39:47.064-0500] {filesystem.py:109} INFO - Poking for file /watch/text.txt
[2024-11-27T12:39:52.065-0500] {filesystem.py:109} INFO - Poking for file /watch/text.txt
[2024-11-27T12:39:57.066-0500] {filesystem.py:109} INFO - Poking for file /watch/text.txt
[2024-11-27T12:40:02.067-0500] {filesystem.py:109} INFO - Poking for file /watch/text.txt
[2024-11-27T12:40:07.068-0500] {filesystem.py:109} INFO - Poking for file /watch/text.txt
[2024-11-27T12:40:12.068-0500] {filesystem.py:109} INFO - Poking for file /watch/text.txt
[2024-11-27T12:40:17.069-0500] {filesystem.py:109} INFO - Poking for file /watch/text.txt
[2024-11-27T12:40:22.070-0500] {filesystem.py:109} INFO - Poking for file /watch/text.txt
[2024-11-27T12:40:27.071-0500] {filesystem.py:109} INFO - Poking for file /watch/text.txt
[2024-11-27T12:40:32.072-0500] {filesystem.py:109} INFO - Poking for file /watch/text.txt
[2024-11-27T12:40:37.073-0500] {filesystem.py:109} INFO - Poking for file /watch/text.txt
[2024-11-27T12:40:42.073-0500] {filesystem.py:109} INFO - Poking for file /watch/text.txt
[2024-11-27T12:40:47.074-0500] {filesystem.py:109} INFO - Poking for file /watch/text.txt
[2024-11-27T12:40:52.075-0500] {filesystem.py:109} INFO - Poking for file /watch/text.txt
[2024-11-27T12:40:57.075-0500] {filesystem.py:109} INFO - Poking for file /watch/text.txt
[2024-11-27T12:41:02.076-0500] {filesystem.py:109} INFO - Poking for file /watch/text.txt
[2024-11-27T12:41:07.077-0500] {filesystem.py:109} INFO - Poking for file /watch/text.txt
[2024-11-27T12:41:12.078-0500] {filesystem.py:109} INFO - Poking for file /watch/text.txt
[2024-11-27T12:41:17.078-0500] {filesystem.py:109} INFO - Poking for file /watch/text.txt
[2024-11-27T12:41:22.079-0500] {filesystem.py:109} INFO - Poking for file /watch/text.txt
[2024-11-27T12:41:27.080-0500] {filesystem.py:109} INFO - Poking for file /watch/text.txt
[2024-11-27T12:41:32.081-0500] {filesystem.py:109} INFO - Poking for file /watch/text.txt
[2024-11-27T12:41:37.082-0500] {filesystem.py:109} INFO - Poking for file /watch/text.txt
[2024-11-27T12:41:42.082-0500] {filesystem.py:109} INFO - Poking for file /watch/text.txt
[2024-11-27T12:41:47.083-0500] {filesystem.py:109} INFO - Poking for file /watch/text.txt
[2024-11-27T12:41:52.083-0500] {filesystem.py:109} INFO - Poking for file /watch/text.txt
[2024-11-27T12:41:57.084-0500] {filesystem.py:109} INFO - Poking for file /watch/text.txt
[2024-11-27T12:42:02.085-0500] {filesystem.py:109} INFO - Poking for file /watch/text.txt
[2024-11-27T12:42:07.086-0500] {filesystem.py:109} INFO - Poking for file /watch/text.txt
[2024-11-27T12:42:12.087-0500] {filesystem.py:109} INFO - Poking for file /watch/text.txt
[2024-11-27T12:42:17.087-0500] {filesystem.py:109} INFO - Poking for file /watch/text.txt
[2024-11-27T12:42:22.088-0500] {filesystem.py:109} INFO - Poking for file /watch/text.txt
[2024-11-27T12:42:27.089-0500] {filesystem.py:109} INFO - Poking for file /watch/text.txt
[2024-11-27T12:42:32.089-0500] {filesystem.py:109} INFO - Poking for file /watch/text.txt
[2024-11-27T12:42:37.090-0500] {filesystem.py:109} INFO - Poking for file /watch/text.txt
[2024-11-27T12:42:42.091-0500] {filesystem.py:109} INFO - Poking for file /watch/text.txt
[2024-11-27T12:42:47.091-0500] {filesystem.py:109} INFO - Poking for file /watch/text.txt
[2024-11-27T12:42:52.092-0500] {filesystem.py:109} INFO - Poking for file /watch/text.txt
[2024-11-27T12:42:57.093-0500] {filesystem.py:109} INFO - Poking for file /watch/text.txt
[2024-11-27T12:43:02.093-0500] {filesystem.py:109} INFO - Poking for file /watch/text.txt
[2024-11-27T12:43:07.094-0500] {filesystem.py:109} INFO - Poking for file /watch/text.txt
[2024-11-27T12:43:12.095-0500] {filesystem.py:109} INFO - Poking for file /watch/text.txt
[2024-11-27T12:43:17.095-0500] {filesystem.py:109} INFO - Poking for file /watch/text.txt
[2024-11-27T12:43:22.096-0500] {filesystem.py:109} INFO - Poking for file /watch/text.txt
[2024-11-27T12:43:27.097-0500] {filesystem.py:109} INFO - Poking for file /watch/text.txt
[2024-11-27T12:43:32.098-0500] {filesystem.py:109} INFO - Poking for file /watch/text.txt
[2024-11-27T12:43:37.099-0500] {filesystem.py:109} INFO - Poking for file /watch/text.txt
[2024-11-27T12:43:42.100-0500] {filesystem.py:109} INFO - Poking for file /watch/text.txt
[2024-11-27T12:43:47.100-0500] {filesystem.py:109} INFO - Poking for file /watch/text.txt
[2024-11-27T12:43:52.101-0500] {filesystem.py:109} INFO - Poking for file /watch/text.txt
[2024-11-27T12:43:57.101-0500] {filesystem.py:109} INFO - Poking for file /watch/text.txt
[2024-11-27T12:44:02.102-0500] {filesystem.py:109} INFO - Poking for file /watch/text.txt
[2024-11-27T12:44:07.103-0500] {filesystem.py:109} INFO - Poking for file /watch/text.txt
[2024-11-27T12:44:12.104-0500] {filesystem.py:109} INFO - Poking for file /watch/text.txt
[2024-11-27T12:44:17.104-0500] {filesystem.py:109} INFO - Poking for file /watch/text.txt
[2024-11-27T12:44:22.105-0500] {filesystem.py:109} INFO - Poking for file /watch/text.txt
[2024-11-27T12:44:27.106-0500] {filesystem.py:109} INFO - Poking for file /watch/text.txt
[2024-11-27T12:44:32.106-0500] {filesystem.py:109} INFO - Poking for file /watch/text.txt
[2024-11-27T12:44:37.107-0500] {filesystem.py:109} INFO - Poking for file /watch/text.txt
[2024-11-27T12:44:42.108-0500] {filesystem.py:109} INFO - Poking for file /watch/text.txt
[2024-11-27T12:44:47.108-0500] {filesystem.py:109} INFO - Poking for file /watch/text.txt
[2024-11-27T12:44:52.110-0500] {filesystem.py:109} INFO - Poking for file /watch/text.txt
[2024-11-27T12:44:57.111-0500] {filesystem.py:109} INFO - Poking for file /watch/text.txt
[2024-11-27T12:45:02.112-0500] {filesystem.py:109} INFO - Poking for file /watch/text.txt
[2024-11-27T12:45:07.112-0500] {filesystem.py:109} INFO - Poking for file /watch/text.txt
[2024-11-27T12:45:12.113-0500] {filesystem.py:109} INFO - Poking for file /watch/text.txt
[2024-11-27T12:45:17.113-0500] {filesystem.py:109} INFO - Poking for file /watch/text.txt
[2024-11-27T12:45:22.114-0500] {filesystem.py:109} INFO - Poking for file /watch/text.txt
[2024-11-27T12:45:27.114-0500] {filesystem.py:109} INFO - Poking for file /watch/text.txt
[2024-11-27T12:45:32.115-0500] {filesystem.py:109} INFO - Poking for file /watch/text.txt
[2024-11-27T12:45:37.120-0500] {filesystem.py:109} INFO - Poking for file /watch/text.txt
[2024-11-27T12:45:42.146-0500] {filesystem.py:109} INFO - Poking for file /watch/text.txt
[2024-11-27T12:45:47.152-0500] {filesystem.py:109} INFO - Poking for file /watch/text.txt
[2024-11-27T12:45:52.171-0500] {filesystem.py:109} INFO - Poking for file /watch/text.txt
[2024-11-27T12:45:57.171-0500] {filesystem.py:109} INFO - Poking for file /watch/text.txt
[2024-11-27T12:46:02.172-0500] {filesystem.py:109} INFO - Poking for file /watch/text.txt
[2024-11-27T12:46:07.192-0500] {filesystem.py:109} INFO - Poking for file /watch/text.txt
[2024-11-27T12:46:12.192-0500] {filesystem.py:109} INFO - Poking for file /watch/text.txt
[2024-11-27T12:46:17.193-0500] {filesystem.py:109} INFO - Poking for file /watch/text.txt
[2024-11-27T12:46:22.194-0500] {filesystem.py:109} INFO - Poking for file /watch/text.txt
[2024-11-27T12:46:27.194-0500] {filesystem.py:109} INFO - Poking for file /watch/text.txt
[2024-11-27T12:46:32.195-0500] {filesystem.py:109} INFO - Poking for file /watch/text.txt
[2024-11-27T12:46:37.197-0500] {filesystem.py:109} INFO - Poking for file /watch/text.txt
[2024-11-27T12:46:42.198-0500] {filesystem.py:109} INFO - Poking for file /watch/text.txt
[2024-11-27T12:46:47.198-0500] {filesystem.py:109} INFO - Poking for file /watch/text.txt
[2024-11-27T12:46:52.199-0500] {filesystem.py:109} INFO - Poking for file /watch/text.txt
[2024-11-27T12:46:57.200-0500] {filesystem.py:109} INFO - Poking for file /watch/text.txt
[2024-11-27T12:47:02.201-0500] {filesystem.py:109} INFO - Poking for file /watch/text.txt
[2024-11-27T12:47:07.202-0500] {filesystem.py:109} INFO - Poking for file /watch/text.txt
[2024-11-27T12:47:12.205-0500] {filesystem.py:109} INFO - Poking for file /watch/text.txt
[2024-11-27T12:47:17.225-0500] {filesystem.py:109} INFO - Poking for file /watch/text.txt
[2024-11-27T12:47:22.256-0500] {filesystem.py:109} INFO - Poking for file /watch/text.txt
[2024-11-27T12:47:27.283-0500] {filesystem.py:109} INFO - Poking for file /watch/text.txt
[2024-11-27T12:47:32.359-0500] {filesystem.py:109} INFO - Poking for file /watch/text.txt
[2024-11-27T12:47:37.360-0500] {filesystem.py:109} INFO - Poking for file /watch/text.txt
[2024-11-27T12:47:42.361-0500] {filesystem.py:109} INFO - Poking for file /watch/text.txt
[2024-11-27T12:47:47.361-0500] {filesystem.py:109} INFO - Poking for file /watch/text.txt
[2024-11-27T12:47:52.362-0500] {filesystem.py:109} INFO - Poking for file /watch/text.txt
[2024-11-27T12:47:57.363-0500] {filesystem.py:109} INFO - Poking for file /watch/text.txt
[2024-11-27T12:48:02.364-0500] {filesystem.py:109} INFO - Poking for file /watch/text.txt
[2024-11-27T12:48:07.364-0500] {filesystem.py:109} INFO - Poking for file /watch/text.txt
[2024-11-27T12:48:12.365-0500] {filesystem.py:109} INFO - Poking for file /watch/text.txt
[2024-11-27T12:48:17.366-0500] {filesystem.py:109} INFO - Poking for file /watch/text.txt
[2024-11-27T12:48:22.367-0500] {filesystem.py:109} INFO - Poking for file /watch/text.txt
[2024-11-27T12:48:27.368-0500] {filesystem.py:109} INFO - Poking for file /watch/text.txt
[2024-11-27T12:48:32.368-0500] {filesystem.py:109} INFO - Poking for file /watch/text.txt
[2024-11-27T12:48:37.369-0500] {filesystem.py:109} INFO - Poking for file /watch/text.txt
[2024-11-27T12:48:42.369-0500] {filesystem.py:109} INFO - Poking for file /watch/text.txt
[2024-11-27T12:48:47.370-0500] {filesystem.py:109} INFO - Poking for file /watch/text.txt
[2024-11-27T12:48:52.371-0500] {filesystem.py:109} INFO - Poking for file /watch/text.txt
[2024-11-27T12:48:57.371-0500] {filesystem.py:109} INFO - Poking for file /watch/text.txt
[2024-11-27T12:49:02.372-0500] {filesystem.py:109} INFO - Poking for file /watch/text.txt
[2024-11-27T12:49:07.373-0500] {filesystem.py:109} INFO - Poking for file /watch/text.txt
[2024-11-27T12:49:12.373-0500] {filesystem.py:109} INFO - Poking for file /watch/text.txt
[2024-11-27T12:49:17.374-0500] {filesystem.py:109} INFO - Poking for file /watch/text.txt
[2024-11-27T12:49:22.375-0500] {filesystem.py:109} INFO - Poking for file /watch/text.txt
[2024-11-27T12:49:27.376-0500] {filesystem.py:109} INFO - Poking for file /watch/text.txt
[2024-11-27T12:49:32.376-0500] {filesystem.py:109} INFO - Poking for file /watch/text.txt
[2024-11-27T12:49:37.377-0500] {filesystem.py:109} INFO - Poking for file /watch/text.txt
[2024-11-27T12:49:42.378-0500] {filesystem.py:109} INFO - Poking for file /watch/text.txt
[2024-11-27T12:49:47.378-0500] {filesystem.py:109} INFO - Poking for file /watch/text.txt
[2024-11-27T12:49:52.379-0500] {filesystem.py:109} INFO - Poking for file /watch/text.txt
[2024-11-27T12:49:57.380-0500] {filesystem.py:109} INFO - Poking for file /watch/text.txt
[2024-11-27T12:50:02.380-0500] {filesystem.py:109} INFO - Poking for file /watch/text.txt
[2024-11-27T12:50:07.381-0500] {filesystem.py:109} INFO - Poking for file /watch/text.txt
[2024-11-27T12:50:12.382-0500] {filesystem.py:109} INFO - Poking for file /watch/text.txt
[2024-11-27T12:50:17.382-0500] {filesystem.py:109} INFO - Poking for file /watch/text.txt
[2024-11-27T12:50:22.383-0500] {filesystem.py:109} INFO - Poking for file /watch/text.txt
[2024-11-27T12:50:27.384-0500] {filesystem.py:109} INFO - Poking for file /watch/text.txt
[2024-11-27T12:50:32.385-0500] {filesystem.py:109} INFO - Poking for file /watch/text.txt
[2024-11-27T12:50:37.385-0500] {filesystem.py:109} INFO - Poking for file /watch/text.txt
[2024-11-27T12:50:42.386-0500] {filesystem.py:109} INFO - Poking for file /watch/text.txt
[2024-11-27T12:50:47.387-0500] {filesystem.py:109} INFO - Poking for file /watch/text.txt
[2024-11-27T12:50:52.387-0500] {filesystem.py:109} INFO - Poking for file /watch/text.txt
[2024-11-27T12:50:57.388-0500] {filesystem.py:109} INFO - Poking for file /watch/text.txt
[2024-11-27T12:51:02.389-0500] {filesystem.py:109} INFO - Poking for file /watch/text.txt
[2024-11-27T12:51:07.389-0500] {filesystem.py:109} INFO - Poking for file /watch/text.txt
[2024-11-27T12:51:12.390-0500] {filesystem.py:109} INFO - Poking for file /watch/text.txt
[2024-11-27T12:51:17.391-0500] {filesystem.py:109} INFO - Poking for file /watch/text.txt
[2024-11-27T12:51:22.410-0500] {filesystem.py:109} INFO - Poking for file /watch/text.txt
[2024-11-27T12:51:27.411-0500] {filesystem.py:109} INFO - Poking for file /watch/text.txt
[2024-11-27T12:51:32.411-0500] {filesystem.py:109} INFO - Poking for file /watch/text.txt
[2024-11-27T12:51:37.412-0500] {filesystem.py:109} INFO - Poking for file /watch/text.txt
[2024-11-27T12:51:42.413-0500] {filesystem.py:109} INFO - Poking for file /watch/text.txt
[2024-11-27T12:51:47.413-0500] {filesystem.py:109} INFO - Poking for file /watch/text.txt
[2024-11-27T12:51:52.414-0500] {filesystem.py:109} INFO - Poking for file /watch/text.txt
[2024-11-27T12:51:57.415-0500] {filesystem.py:109} INFO - Poking for file /watch/text.txt
[2024-11-27T12:52:02.416-0500] {filesystem.py:109} INFO - Poking for file /watch/text.txt
[2024-11-27T12:52:07.416-0500] {filesystem.py:109} INFO - Poking for file /watch/text.txt
[2024-11-27T12:52:12.418-0500] {filesystem.py:109} INFO - Poking for file /watch/text.txt
[2024-11-27T12:52:17.436-0500] {filesystem.py:109} INFO - Poking for file /watch/text.txt
[2024-11-27T12:52:22.437-0500] {filesystem.py:109} INFO - Poking for file /watch/text.txt
[2024-11-27T12:52:27.438-0500] {filesystem.py:109} INFO - Poking for file /watch/text.txt
[2024-11-27T12:52:32.438-0500] {filesystem.py:109} INFO - Poking for file /watch/text.txt
[2024-11-27T12:52:37.439-0500] {filesystem.py:109} INFO - Poking for file /watch/text.txt
[2024-11-27T12:52:42.440-0500] {filesystem.py:109} INFO - Poking for file /watch/text.txt
[2024-11-27T12:52:47.442-0500] {filesystem.py:109} INFO - Poking for file /watch/text.txt
[2024-11-27T12:52:52.443-0500] {filesystem.py:109} INFO - Poking for file /watch/text.txt
[2024-11-27T12:52:57.443-0500] {filesystem.py:109} INFO - Poking for file /watch/text.txt
[2024-11-27T12:53:02.444-0500] {filesystem.py:109} INFO - Poking for file /watch/text.txt
[2024-11-27T12:53:07.445-0500] {filesystem.py:109} INFO - Poking for file /watch/text.txt
[2024-11-27T12:53:12.464-0500] {filesystem.py:109} INFO - Poking for file /watch/text.txt
[2024-11-27T12:53:17.465-0500] {filesystem.py:109} INFO - Poking for file /watch/text.txt
[2024-11-27T12:53:22.465-0500] {filesystem.py:109} INFO - Poking for file /watch/text.txt
[2024-11-27T12:53:27.466-0500] {filesystem.py:109} INFO - Poking for file /watch/text.txt
[2024-11-27T12:53:32.466-0500] {filesystem.py:109} INFO - Poking for file /watch/text.txt
[2024-11-27T12:53:37.467-0500] {filesystem.py:109} INFO - Poking for file /watch/text.txt
[2024-11-27T12:53:42.468-0500] {filesystem.py:109} INFO - Poking for file /watch/text.txt
[2024-11-27T12:53:47.469-0500] {filesystem.py:109} INFO - Poking for file /watch/text.txt
[2024-11-27T12:53:52.469-0500] {filesystem.py:109} INFO - Poking for file /watch/text.txt
[2024-11-27T12:53:57.470-0500] {filesystem.py:109} INFO - Poking for file /watch/text.txt
[2024-11-27T12:54:02.471-0500] {filesystem.py:109} INFO - Poking for file /watch/text.txt
[2024-11-27T12:54:07.471-0500] {filesystem.py:109} INFO - Poking for file /watch/text.txt
[2024-11-27T12:54:12.472-0500] {filesystem.py:109} INFO - Poking for file /watch/text.txt
[2024-11-27T12:54:17.473-0500] {filesystem.py:109} INFO - Poking for file /watch/text.txt
[2024-11-27T12:54:22.474-0500] {filesystem.py:109} INFO - Poking for file /watch/text.txt
[2024-11-27T12:54:27.475-0500] {filesystem.py:109} INFO - Poking for file /watch/text.txt
[2024-11-27T12:54:32.476-0500] {filesystem.py:109} INFO - Poking for file /watch/text.txt
[2024-11-27T12:54:37.476-0500] {filesystem.py:109} INFO - Poking for file /watch/text.txt
[2024-11-27T12:54:42.477-0500] {filesystem.py:109} INFO - Poking for file /watch/text.txt
[2024-11-27T12:54:47.478-0500] {filesystem.py:109} INFO - Poking for file /watch/text.txt
[2024-11-27T12:54:52.479-0500] {filesystem.py:109} INFO - Poking for file /watch/text.txt
[2024-11-27T12:54:57.480-0500] {filesystem.py:109} INFO - Poking for file /watch/text.txt
[2024-11-27T12:55:02.480-0500] {filesystem.py:109} INFO - Poking for file /watch/text.txt
[2024-11-27T12:55:07.481-0500] {filesystem.py:109} INFO - Poking for file /watch/text.txt
[2024-11-27T12:55:12.482-0500] {filesystem.py:109} INFO - Poking for file /watch/text.txt
[2024-11-27T12:55:17.483-0500] {filesystem.py:109} INFO - Poking for file /watch/text.txt
[2024-11-27T12:55:22.484-0500] {filesystem.py:109} INFO - Poking for file /watch/text.txt
[2024-11-27T12:55:27.485-0500] {filesystem.py:109} INFO - Poking for file /watch/text.txt
[2024-11-27T12:55:32.485-0500] {filesystem.py:109} INFO - Poking for file /watch/text.txt
[2024-11-27T12:55:37.486-0500] {filesystem.py:109} INFO - Poking for file /watch/text.txt
[2024-11-27T12:55:42.487-0500] {filesystem.py:109} INFO - Poking for file /watch/text.txt
[2024-11-27T12:55:47.488-0500] {filesystem.py:109} INFO - Poking for file /watch/text.txt
[2024-11-27T12:55:47.874-0500] {job.py:229} INFO - Heartbeat recovered after 14.18 seconds
[2024-11-27T12:55:52.489-0500] {filesystem.py:109} INFO - Poking for file /watch/text.txt
[2024-11-27T12:55:52.928-0500] {job.py:229} INFO - Heartbeat recovered after 14.17 seconds
[2024-11-27T12:55:57.489-0500] {filesystem.py:109} INFO - Poking for file /watch/text.txt
[2024-11-27T12:56:02.490-0500] {filesystem.py:109} INFO - Poking for file /watch/text.txt
[2024-11-27T12:56:07.491-0500] {filesystem.py:109} INFO - Poking for file /watch/text.txt
[2024-11-27T12:56:12.492-0500] {filesystem.py:109} INFO - Poking for file /watch/text.txt
[2024-11-27T12:56:17.493-0500] {filesystem.py:109} INFO - Poking for file /watch/text.txt
[2024-11-27T12:56:22.493-0500] {filesystem.py:109} INFO - Poking for file /watch/text.txt
[2024-11-27T12:56:27.494-0500] {filesystem.py:109} INFO - Poking for file /watch/text.txt
[2024-11-27T12:56:32.495-0500] {filesystem.py:109} INFO - Poking for file /watch/text.txt
[2024-11-27T12:56:37.496-0500] {filesystem.py:109} INFO - Poking for file /watch/text.txt
[2024-11-27T12:56:42.496-0500] {filesystem.py:109} INFO - Poking for file /watch/text.txt
[2024-11-27T12:56:47.497-0500] {filesystem.py:109} INFO - Poking for file /watch/text.txt
[2024-11-27T12:56:52.498-0500] {filesystem.py:109} INFO - Poking for file /watch/text.txt
[2024-11-27T12:56:57.499-0500] {filesystem.py:109} INFO - Poking for file /watch/text.txt
[2024-11-27T12:57:02.500-0500] {filesystem.py:109} INFO - Poking for file /watch/text.txt
[2024-11-27T12:57:07.501-0500] {filesystem.py:109} INFO - Poking for file /watch/text.txt
[2024-11-27T12:57:12.502-0500] {filesystem.py:109} INFO - Poking for file /watch/text.txt
[2024-11-27T12:57:17.502-0500] {filesystem.py:109} INFO - Poking for file /watch/text.txt
[2024-11-27T12:57:22.503-0500] {filesystem.py:109} INFO - Poking for file /watch/text.txt
[2024-11-27T12:57:27.504-0500] {filesystem.py:109} INFO - Poking for file /watch/text.txt
[2024-11-27T12:57:32.505-0500] {filesystem.py:109} INFO - Poking for file /watch/text.txt
[2024-11-27T12:57:37.506-0500] {filesystem.py:109} INFO - Poking for file /watch/text.txt
[2024-11-27T12:57:42.507-0500] {filesystem.py:109} INFO - Poking for file /watch/text.txt
[2024-11-27T12:57:47.507-0500] {filesystem.py:109} INFO - Poking for file /watch/text.txt
[2024-11-27T12:57:52.508-0500] {filesystem.py:109} INFO - Poking for file /watch/text.txt
[2024-11-27T12:57:57.509-0500] {filesystem.py:109} INFO - Poking for file /watch/text.txt
[2024-11-27T12:58:02.510-0500] {filesystem.py:109} INFO - Poking for file /watch/text.txt
[2024-11-27T12:58:07.511-0500] {filesystem.py:109} INFO - Poking for file /watch/text.txt
[2024-11-27T12:58:12.512-0500] {filesystem.py:109} INFO - Poking for file /watch/text.txt
[2024-11-27T12:58:17.512-0500] {filesystem.py:109} INFO - Poking for file /watch/text.txt
[2024-11-27T12:58:22.513-0500] {filesystem.py:109} INFO - Poking for file /watch/text.txt
[2024-11-27T12:58:27.514-0500] {filesystem.py:109} INFO - Poking for file /watch/text.txt
[2024-11-27T12:58:32.515-0500] {filesystem.py:109} INFO - Poking for file /watch/text.txt
[2024-11-27T12:58:37.516-0500] {filesystem.py:109} INFO - Poking for file /watch/text.txt
[2024-11-27T12:58:42.517-0500] {filesystem.py:109} INFO - Poking for file /watch/text.txt
[2024-11-27T12:58:47.517-0500] {filesystem.py:109} INFO - Poking for file /watch/text.txt
[2024-11-27T12:58:52.518-0500] {filesystem.py:109} INFO - Poking for file /watch/text.txt
[2024-11-27T12:58:57.519-0500] {filesystem.py:109} INFO - Poking for file /watch/text.txt
[2024-11-27T12:59:02.519-0500] {filesystem.py:109} INFO - Poking for file /watch/text.txt
[2024-11-27T12:59:07.520-0500] {filesystem.py:109} INFO - Poking for file /watch/text.txt
[2024-11-27T12:59:12.521-0500] {filesystem.py:109} INFO - Poking for file /watch/text.txt
[2024-11-27T12:59:17.522-0500] {filesystem.py:109} INFO - Poking for file /watch/text.txt
[2024-11-27T12:59:22.523-0500] {filesystem.py:109} INFO - Poking for file /watch/text.txt
[2024-11-27T12:59:27.523-0500] {filesystem.py:109} INFO - Poking for file /watch/text.txt
[2024-11-27T12:59:32.524-0500] {filesystem.py:109} INFO - Poking for file /watch/text.txt
[2024-11-27T12:59:37.525-0500] {filesystem.py:109} INFO - Poking for file /watch/text.txt
[2024-11-27T12:59:42.526-0500] {filesystem.py:109} INFO - Poking for file /watch/text.txt
[2024-11-27T12:59:47.527-0500] {filesystem.py:109} INFO - Poking for file /watch/text.txt
[2024-11-27T12:59:52.527-0500] {filesystem.py:109} INFO - Poking for file /watch/text.txt
[2024-11-27T12:59:57.528-0500] {filesystem.py:109} INFO - Poking for file /watch/text.txt
[2024-11-27T13:00:02.529-0500] {filesystem.py:109} INFO - Poking for file /watch/text.txt
[2024-11-27T13:00:07.530-0500] {filesystem.py:109} INFO - Poking for file /watch/text.txt
[2024-11-27T13:00:12.531-0500] {filesystem.py:109} INFO - Poking for file /watch/text.txt
[2024-11-27T13:00:17.531-0500] {filesystem.py:109} INFO - Poking for file /watch/text.txt
[2024-11-27T13:00:22.532-0500] {filesystem.py:109} INFO - Poking for file /watch/text.txt
[2024-11-27T13:00:27.533-0500] {filesystem.py:109} INFO - Poking for file /watch/text.txt
[2024-11-27T13:00:32.534-0500] {filesystem.py:109} INFO - Poking for file /watch/text.txt
[2024-11-27T13:00:37.535-0500] {filesystem.py:109} INFO - Poking for file /watch/text.txt
[2024-11-27T13:00:42.536-0500] {filesystem.py:109} INFO - Poking for file /watch/text.txt
[2024-11-27T13:00:47.537-0500] {filesystem.py:109} INFO - Poking for file /watch/text.txt
[2024-11-27T13:00:52.537-0500] {filesystem.py:109} INFO - Poking for file /watch/text.txt
[2024-11-27T13:00:57.538-0500] {filesystem.py:109} INFO - Poking for file /watch/text.txt
[2024-11-27T13:01:02.539-0500] {filesystem.py:109} INFO - Poking for file /watch/text.txt
[2024-11-27T13:01:07.540-0500] {filesystem.py:109} INFO - Poking for file /watch/text.txt
[2024-11-27T13:01:12.541-0500] {filesystem.py:109} INFO - Poking for file /watch/text.txt
[2024-11-27T13:01:17.542-0500] {filesystem.py:109} INFO - Poking for file /watch/text.txt
[2024-11-27T13:01:22.542-0500] {filesystem.py:109} INFO - Poking for file /watch/text.txt
[2024-11-27T13:01:27.543-0500] {filesystem.py:109} INFO - Poking for file /watch/text.txt
[2024-11-27T13:01:32.544-0500] {filesystem.py:109} INFO - Poking for file /watch/text.txt
[2024-11-27T13:01:37.545-0500] {filesystem.py:109} INFO - Poking for file /watch/text.txt
[2024-11-27T13:01:42.546-0500] {filesystem.py:109} INFO - Poking for file /watch/text.txt
[2024-11-27T13:01:47.547-0500] {filesystem.py:109} INFO - Poking for file /watch/text.txt
[2024-11-27T13:01:52.547-0500] {filesystem.py:109} INFO - Poking for file /watch/text.txt
[2024-11-27T13:01:57.548-0500] {filesystem.py:109} INFO - Poking for file /watch/text.txt
[2024-11-27T13:02:02.549-0500] {filesystem.py:109} INFO - Poking for file /watch/text.txt
[2024-11-27T13:02:07.550-0500] {filesystem.py:109} INFO - Poking for file /watch/text.txt
[2024-11-27T13:02:12.550-0500] {filesystem.py:109} INFO - Poking for file /watch/text.txt
[2024-11-27T13:02:17.551-0500] {filesystem.py:109} INFO - Poking for file /watch/text.txt
[2024-11-27T13:02:22.552-0500] {filesystem.py:109} INFO - Poking for file /watch/text.txt
[2024-11-27T13:02:27.553-0500] {filesystem.py:109} INFO - Poking for file /watch/text.txt
[2024-11-27T13:02:32.553-0500] {filesystem.py:109} INFO - Poking for file /watch/text.txt
[2024-11-27T13:02:37.554-0500] {filesystem.py:109} INFO - Poking for file /watch/text.txt
[2024-11-27T13:02:42.555-0500] {filesystem.py:109} INFO - Poking for file /watch/text.txt
[2024-11-27T13:02:47.556-0500] {filesystem.py:109} INFO - Poking for file /watch/text.txt
[2024-11-27T13:02:52.557-0500] {filesystem.py:109} INFO - Poking for file /watch/text.txt
[2024-11-27T13:02:57.557-0500] {filesystem.py:109} INFO - Poking for file /watch/text.txt
[2024-11-27T13:03:02.558-0500] {filesystem.py:109} INFO - Poking for file /watch/text.txt
[2024-11-27T13:03:07.559-0500] {filesystem.py:109} INFO - Poking for file /watch/text.txt
[2024-11-27T13:03:12.560-0500] {filesystem.py:109} INFO - Poking for file /watch/text.txt
[2024-11-27T13:03:17.561-0500] {filesystem.py:109} INFO - Poking for file /watch/text.txt
[2024-11-27T13:03:22.562-0500] {filesystem.py:109} INFO - Poking for file /watch/text.txt
[2024-11-27T13:03:27.562-0500] {filesystem.py:109} INFO - Poking for file /watch/text.txt
[2024-11-27T13:03:32.563-0500] {filesystem.py:109} INFO - Poking for file /watch/text.txt
[2024-11-27T13:03:37.564-0500] {filesystem.py:109} INFO - Poking for file /watch/text.txt
[2024-11-27T13:03:42.565-0500] {filesystem.py:109} INFO - Poking for file /watch/text.txt
[2024-11-27T13:03:47.565-0500] {filesystem.py:109} INFO - Poking for file /watch/text.txt
[2024-11-27T13:03:52.566-0500] {filesystem.py:109} INFO - Poking for file /watch/text.txt
[2024-11-27T13:03:57.567-0500] {filesystem.py:109} INFO - Poking for file /watch/text.txt
[2024-11-27T13:04:02.568-0500] {filesystem.py:109} INFO - Poking for file /watch/text.txt
[2024-11-27T13:04:07.568-0500] {filesystem.py:109} INFO - Poking for file /watch/text.txt
[2024-11-27T13:04:12.569-0500] {filesystem.py:109} INFO - Poking for file /watch/text.txt
[2024-11-27T13:04:17.570-0500] {filesystem.py:109} INFO - Poking for file /watch/text.txt
[2024-11-27T13:04:22.571-0500] {filesystem.py:109} INFO - Poking for file /watch/text.txt
[2024-11-27T13:04:27.571-0500] {filesystem.py:109} INFO - Poking for file /watch/text.txt
[2024-11-27T13:04:32.572-0500] {filesystem.py:109} INFO - Poking for file /watch/text.txt
[2024-11-27T13:04:37.573-0500] {filesystem.py:109} INFO - Poking for file /watch/text.txt
[2024-11-27T13:04:42.574-0500] {filesystem.py:109} INFO - Poking for file /watch/text.txt
[2024-11-27T13:04:47.575-0500] {filesystem.py:109} INFO - Poking for file /watch/text.txt
[2024-11-27T13:04:52.575-0500] {filesystem.py:109} INFO - Poking for file /watch/text.txt
[2024-11-27T13:04:57.576-0500] {filesystem.py:109} INFO - Poking for file /watch/text.txt
[2024-11-27T13:05:02.577-0500] {filesystem.py:109} INFO - Poking for file /watch/text.txt
[2024-11-27T13:05:07.578-0500] {filesystem.py:109} INFO - Poking for file /watch/text.txt
[2024-11-27T13:05:12.579-0500] {filesystem.py:109} INFO - Poking for file /watch/text.txt
[2024-11-27T13:05:17.580-0500] {filesystem.py:109} INFO - Poking for file /watch/text.txt
[2024-11-27T13:05:22.580-0500] {filesystem.py:109} INFO - Poking for file /watch/text.txt
[2024-11-27T13:05:27.581-0500] {filesystem.py:109} INFO - Poking for file /watch/text.txt
[2024-11-27T13:05:32.582-0500] {filesystem.py:109} INFO - Poking for file /watch/text.txt
[2024-11-27T13:05:37.583-0500] {filesystem.py:109} INFO - Poking for file /watch/text.txt
[2024-11-27T13:05:42.584-0500] {filesystem.py:109} INFO - Poking for file /watch/text.txt
[2024-11-27T13:05:47.584-0500] {filesystem.py:109} INFO - Poking for file /watch/text.txt
[2024-11-27T13:05:52.585-0500] {filesystem.py:109} INFO - Poking for file /watch/text.txt
[2024-11-27T13:05:57.586-0500] {filesystem.py:109} INFO - Poking for file /watch/text.txt
[2024-11-27T13:06:02.587-0500] {filesystem.py:109} INFO - Poking for file /watch/text.txt
[2024-11-27T13:06:07.587-0500] {filesystem.py:109} INFO - Poking for file /watch/text.txt
[2024-11-27T13:06:12.588-0500] {filesystem.py:109} INFO - Poking for file /watch/text.txt
[2024-11-27T13:06:17.589-0500] {filesystem.py:109} INFO - Poking for file /watch/text.txt
[2024-11-27T13:06:22.590-0500] {filesystem.py:109} INFO - Poking for file /watch/text.txt
[2024-11-27T13:06:27.591-0500] {filesystem.py:109} INFO - Poking for file /watch/text.txt
[2024-11-27T13:06:32.592-0500] {filesystem.py:109} INFO - Poking for file /watch/text.txt
[2024-11-27T13:06:37.592-0500] {filesystem.py:109} INFO - Poking for file /watch/text.txt
[2024-11-27T13:06:42.593-0500] {filesystem.py:109} INFO - Poking for file /watch/text.txt
[2024-11-27T13:06:47.594-0500] {filesystem.py:109} INFO - Poking for file /watch/text.txt
[2024-11-27T13:06:52.595-0500] {filesystem.py:109} INFO - Poking for file /watch/text.txt
[2024-11-27T13:06:57.596-0500] {filesystem.py:109} INFO - Poking for file /watch/text.txt
[2024-11-27T13:07:02.597-0500] {filesystem.py:109} INFO - Poking for file /watch/text.txt
[2024-11-27T13:07:07.597-0500] {filesystem.py:109} INFO - Poking for file /watch/text.txt
[2024-11-27T13:07:12.598-0500] {filesystem.py:109} INFO - Poking for file /watch/text.txt
[2024-11-27T13:07:17.599-0500] {filesystem.py:109} INFO - Poking for file /watch/text.txt
[2024-11-27T13:07:22.600-0500] {filesystem.py:109} INFO - Poking for file /watch/text.txt
[2024-11-27T13:07:27.600-0500] {filesystem.py:109} INFO - Poking for file /watch/text.txt
[2024-11-27T13:07:32.601-0500] {filesystem.py:109} INFO - Poking for file /watch/text.txt
[2024-11-27T13:07:37.602-0500] {filesystem.py:109} INFO - Poking for file /watch/text.txt
[2024-11-27T13:07:42.603-0500] {filesystem.py:109} INFO - Poking for file /watch/text.txt
[2024-11-27T13:07:47.604-0500] {filesystem.py:109} INFO - Poking for file /watch/text.txt
[2024-11-27T13:07:52.605-0500] {filesystem.py:109} INFO - Poking for file /watch/text.txt
[2024-11-27T13:07:57.605-0500] {filesystem.py:109} INFO - Poking for file /watch/text.txt
[2024-11-27T13:08:02.606-0500] {filesystem.py:109} INFO - Poking for file /watch/text.txt
[2024-11-27T13:08:07.607-0500] {filesystem.py:109} INFO - Poking for file /watch/text.txt
[2024-11-27T13:08:12.608-0500] {filesystem.py:109} INFO - Poking for file /watch/text.txt
[2024-11-27T13:08:17.608-0500] {filesystem.py:109} INFO - Poking for file /watch/text.txt
[2024-11-27T13:08:22.609-0500] {filesystem.py:109} INFO - Poking for file /watch/text.txt
[2024-11-27T13:08:27.609-0500] {filesystem.py:109} INFO - Poking for file /watch/text.txt
[2024-11-27T13:08:32.610-0500] {filesystem.py:109} INFO - Poking for file /watch/text.txt
[2024-11-27T13:08:37.611-0500] {filesystem.py:109} INFO - Poking for file /watch/text.txt
[2024-11-27T13:08:42.612-0500] {filesystem.py:109} INFO - Poking for file /watch/text.txt
[2024-11-27T13:08:47.613-0500] {filesystem.py:109} INFO - Poking for file /watch/text.txt
[2024-11-27T13:08:52.613-0500] {filesystem.py:109} INFO - Poking for file /watch/text.txt
[2024-11-27T13:08:57.614-0500] {filesystem.py:109} INFO - Poking for file /watch/text.txt
[2024-11-27T13:09:02.615-0500] {filesystem.py:109} INFO - Poking for file /watch/text.txt
[2024-11-27T13:09:07.615-0500] {filesystem.py:109} INFO - Poking for file /watch/text.txt
[2024-11-27T13:09:12.616-0500] {filesystem.py:109} INFO - Poking for file /watch/text.txt
[2024-11-27T13:09:17.616-0500] {filesystem.py:109} INFO - Poking for file /watch/text.txt
[2024-11-27T13:09:22.617-0500] {filesystem.py:109} INFO - Poking for file /watch/text.txt
[2024-11-27T13:09:27.618-0500] {filesystem.py:109} INFO - Poking for file /watch/text.txt
[2024-11-27T13:09:32.619-0500] {filesystem.py:109} INFO - Poking for file /watch/text.txt
[2024-11-27T13:09:37.619-0500] {filesystem.py:109} INFO - Poking for file /watch/text.txt
[2024-11-27T13:09:42.620-0500] {filesystem.py:109} INFO - Poking for file /watch/text.txt
[2024-11-27T13:09:47.621-0500] {filesystem.py:109} INFO - Poking for file /watch/text.txt
[2024-11-27T13:09:52.622-0500] {filesystem.py:109} INFO - Poking for file /watch/text.txt
[2024-11-27T13:09:57.623-0500] {filesystem.py:109} INFO - Poking for file /watch/text.txt
[2024-11-27T13:10:02.624-0500] {filesystem.py:109} INFO - Poking for file /watch/text.txt
[2024-11-27T13:10:07.624-0500] {filesystem.py:109} INFO - Poking for file /watch/text.txt
[2024-11-27T13:10:12.625-0500] {filesystem.py:109} INFO - Poking for file /watch/text.txt
[2024-11-27T13:10:17.626-0500] {filesystem.py:109} INFO - Poking for file /watch/text.txt
[2024-11-27T13:10:22.627-0500] {filesystem.py:109} INFO - Poking for file /watch/text.txt
[2024-11-27T13:10:27.628-0500] {filesystem.py:109} INFO - Poking for file /watch/text.txt
[2024-11-27T13:10:32.629-0500] {filesystem.py:109} INFO - Poking for file /watch/text.txt
[2024-11-27T13:10:37.630-0500] {filesystem.py:109} INFO - Poking for file /watch/text.txt
[2024-11-27T13:10:42.630-0500] {filesystem.py:109} INFO - Poking for file /watch/text.txt
[2024-11-27T13:10:47.631-0500] {filesystem.py:109} INFO - Poking for file /watch/text.txt
[2024-11-27T13:10:52.632-0500] {filesystem.py:109} INFO - Poking for file /watch/text.txt
[2024-11-27T13:10:57.632-0500] {filesystem.py:109} INFO - Poking for file /watch/text.txt
[2024-11-27T13:11:02.633-0500] {filesystem.py:109} INFO - Poking for file /watch/text.txt
[2024-11-27T13:11:07.634-0500] {filesystem.py:109} INFO - Poking for file /watch/text.txt
[2024-11-27T13:11:12.634-0500] {filesystem.py:109} INFO - Poking for file /watch/text.txt
[2024-11-27T13:11:17.635-0500] {filesystem.py:109} INFO - Poking for file /watch/text.txt
[2024-11-27T13:11:22.636-0500] {filesystem.py:109} INFO - Poking for file /watch/text.txt
[2024-11-27T13:11:27.637-0500] {filesystem.py:109} INFO - Poking for file /watch/text.txt
[2024-11-27T13:11:32.637-0500] {filesystem.py:109} INFO - Poking for file /watch/text.txt
[2024-11-27T13:11:37.638-0500] {filesystem.py:109} INFO - Poking for file /watch/text.txt
[2024-11-27T13:11:42.639-0500] {filesystem.py:109} INFO - Poking for file /watch/text.txt
[2024-11-27T13:11:47.639-0500] {filesystem.py:109} INFO - Poking for file /watch/text.txt
[2024-11-27T13:11:52.640-0500] {filesystem.py:109} INFO - Poking for file /watch/text.txt
[2024-11-27T13:11:57.641-0500] {filesystem.py:109} INFO - Poking for file /watch/text.txt
[2024-11-27T13:12:02.641-0500] {filesystem.py:109} INFO - Poking for file /watch/text.txt
[2024-11-27T13:12:07.642-0500] {filesystem.py:109} INFO - Poking for file /watch/text.txt
[2024-11-27T13:12:12.643-0500] {filesystem.py:109} INFO - Poking for file /watch/text.txt
[2024-11-27T13:12:17.643-0500] {filesystem.py:109} INFO - Poking for file /watch/text.txt
[2024-11-27T13:12:22.644-0500] {filesystem.py:109} INFO - Poking for file /watch/text.txt
[2024-11-27T13:12:27.645-0500] {filesystem.py:109} INFO - Poking for file /watch/text.txt
[2024-11-27T13:12:32.646-0500] {filesystem.py:109} INFO - Poking for file /watch/text.txt
[2024-11-27T13:12:37.646-0500] {filesystem.py:109} INFO - Poking for file /watch/text.txt
