[2024-11-27T11:47:57.879-0500] {processor.py:186} INFO - Started process (PID=27765) to work on /home/vanaprastha/airflow/dags/PART 2/operator_python.py
[2024-11-27T11:47:57.880-0500] {processor.py:914} INFO - Processing file /home/vanaprastha/airflow/dags/PART 2/operator_python.py for tasks to queue
[2024-11-27T11:47:57.881-0500] {logging_mixin.py:190} INFO - [2024-11-27T11:47:57.881-0500] {dagbag.py:588} INFO - Filling up the DagBag from /home/vanaprastha/airflow/dags/PART 2/operator_python.py
[2024-11-27T11:47:57.887-0500] {processor.py:925} INFO - DAG(s) 'operator_python' retrieved from /home/vanaprastha/airflow/dags/PART 2/operator_python.py
[2024-11-27T11:47:57.976-0500] {logging_mixin.py:190} INFO - [2024-11-27T11:47:57.976-0500] {dag.py:3239} INFO - Sync 1 DAGs
[2024-11-27T11:47:57.997-0500] {logging_mixin.py:190} INFO - [2024-11-27T11:47:57.996-0500] {dag.py:4180} INFO - Setting next_dagrun for operator_python to 2024-11-27 00:00:00+00:00, run_after=2024-11-28 00:00:00+00:00
[2024-11-27T11:47:58.176-0500] {processor.py:208} INFO - Processing /home/vanaprastha/airflow/dags/PART 2/operator_python.py took 0.302 seconds
[2024-11-27T11:49:39.602-0500] {processor.py:186} INFO - Started process (PID=27933) to work on /home/vanaprastha/airflow/dags/PART 2/operator_python.py
[2024-11-27T11:49:39.606-0500] {processor.py:914} INFO - Processing file /home/vanaprastha/airflow/dags/PART 2/operator_python.py for tasks to queue
[2024-11-27T11:49:39.609-0500] {logging_mixin.py:190} INFO - [2024-11-27T11:49:39.609-0500] {dagbag.py:588} INFO - Filling up the DagBag from /home/vanaprastha/airflow/dags/PART 2/operator_python.py
[2024-11-27T11:49:39.623-0500] {processor.py:925} INFO - DAG(s) 'operator_python' retrieved from /home/vanaprastha/airflow/dags/PART 2/operator_python.py
[2024-11-27T11:49:39.638-0500] {logging_mixin.py:190} INFO - [2024-11-27T11:49:39.638-0500] {dag.py:3239} INFO - Sync 1 DAGs
[2024-11-27T11:49:39.651-0500] {logging_mixin.py:190} INFO - [2024-11-27T11:49:39.651-0500] {dag.py:4180} INFO - Setting next_dagrun for operator_python to 2024-11-27 00:00:00+00:00, run_after=2024-11-28 00:00:00+00:00
[2024-11-27T11:49:39.778-0500] {processor.py:208} INFO - Processing /home/vanaprastha/airflow/dags/PART 2/operator_python.py took 0.184 seconds
[2024-11-27T11:50:52.029-0500] {processor.py:186} INFO - Started process (PID=28014) to work on /home/vanaprastha/airflow/dags/PART 2/operator_python.py
[2024-11-27T11:50:52.048-0500] {processor.py:914} INFO - Processing file /home/vanaprastha/airflow/dags/PART 2/operator_python.py for tasks to queue
[2024-11-27T11:50:52.050-0500] {logging_mixin.py:190} INFO - [2024-11-27T11:50:52.049-0500] {dagbag.py:588} INFO - Filling up the DagBag from /home/vanaprastha/airflow/dags/PART 2/operator_python.py
[2024-11-27T11:50:52.057-0500] {processor.py:925} INFO - DAG(s) 'operator_python' retrieved from /home/vanaprastha/airflow/dags/PART 2/operator_python.py
[2024-11-27T11:50:52.066-0500] {logging_mixin.py:190} INFO - [2024-11-27T11:50:52.066-0500] {dag.py:3239} INFO - Sync 1 DAGs
[2024-11-27T11:50:52.077-0500] {logging_mixin.py:190} INFO - [2024-11-27T11:50:52.077-0500] {dag.py:4180} INFO - Setting next_dagrun for operator_python to 2024-11-27 00:00:00+00:00, run_after=2024-11-28 00:00:00+00:00
[2024-11-27T11:50:52.092-0500] {processor.py:208} INFO - Processing /home/vanaprastha/airflow/dags/PART 2/operator_python.py took 0.066 seconds
[2024-11-27T11:51:21.900-0500] {processor.py:186} INFO - Started process (PID=28064) to work on /home/vanaprastha/airflow/dags/PART 2/operator_python.py
[2024-11-27T11:51:21.901-0500] {processor.py:914} INFO - Processing file /home/vanaprastha/airflow/dags/PART 2/operator_python.py for tasks to queue
[2024-11-27T11:51:21.902-0500] {logging_mixin.py:190} INFO - [2024-11-27T11:51:21.902-0500] {dagbag.py:588} INFO - Filling up the DagBag from /home/vanaprastha/airflow/dags/PART 2/operator_python.py
[2024-11-27T11:51:21.908-0500] {processor.py:925} INFO - DAG(s) 'operator_python' retrieved from /home/vanaprastha/airflow/dags/PART 2/operator_python.py
[2024-11-27T11:51:21.918-0500] {logging_mixin.py:190} INFO - [2024-11-27T11:51:21.917-0500] {dag.py:3239} INFO - Sync 1 DAGs
[2024-11-27T11:51:21.932-0500] {logging_mixin.py:190} INFO - [2024-11-27T11:51:21.931-0500] {dag.py:4180} INFO - Setting next_dagrun for operator_python to 2024-11-27 00:00:00+00:00, run_after=2024-11-28 00:00:00+00:00
[2024-11-27T11:51:21.949-0500] {processor.py:208} INFO - Processing /home/vanaprastha/airflow/dags/PART 2/operator_python.py took 0.052 seconds
[2024-11-27T11:52:32.930-0500] {processor.py:186} INFO - Started process (PID=28212) to work on /home/vanaprastha/airflow/dags/PART 2/operator_python.py
[2024-11-27T11:52:32.949-0500] {processor.py:914} INFO - Processing file /home/vanaprastha/airflow/dags/PART 2/operator_python.py for tasks to queue
[2024-11-27T11:52:32.953-0500] {logging_mixin.py:190} INFO - [2024-11-27T11:52:32.952-0500] {dagbag.py:588} INFO - Filling up the DagBag from /home/vanaprastha/airflow/dags/PART 2/operator_python.py
[2024-11-27T11:52:32.962-0500] {processor.py:925} INFO - DAG(s) 'operator_python' retrieved from /home/vanaprastha/airflow/dags/PART 2/operator_python.py
[2024-11-27T11:52:32.971-0500] {logging_mixin.py:190} INFO - [2024-11-27T11:52:32.971-0500] {dag.py:3239} INFO - Sync 1 DAGs
[2024-11-27T11:52:32.982-0500] {logging_mixin.py:190} INFO - [2024-11-27T11:52:32.982-0500] {dag.py:4180} INFO - Setting next_dagrun for operator_python to 2024-11-27 00:00:00+00:00, run_after=2024-11-28 00:00:00+00:00
[2024-11-27T11:52:33.098-0500] {processor.py:208} INFO - Processing /home/vanaprastha/airflow/dags/PART 2/operator_python.py took 0.172 seconds
[2024-11-27T11:53:22.118-0500] {processor.py:186} INFO - Started process (PID=28324) to work on /home/vanaprastha/airflow/dags/PART 2/operator_python.py
[2024-11-27T11:53:22.137-0500] {processor.py:914} INFO - Processing file /home/vanaprastha/airflow/dags/PART 2/operator_python.py for tasks to queue
[2024-11-27T11:53:22.138-0500] {logging_mixin.py:190} INFO - [2024-11-27T11:53:22.138-0500] {dagbag.py:588} INFO - Filling up the DagBag from /home/vanaprastha/airflow/dags/PART 2/operator_python.py
[2024-11-27T11:53:22.146-0500] {processor.py:925} INFO - DAG(s) 'operator_python' retrieved from /home/vanaprastha/airflow/dags/PART 2/operator_python.py
[2024-11-27T11:53:22.157-0500] {logging_mixin.py:190} INFO - [2024-11-27T11:53:22.157-0500] {dag.py:3239} INFO - Sync 1 DAGs
[2024-11-27T11:53:22.174-0500] {logging_mixin.py:190} INFO - [2024-11-27T11:53:22.174-0500] {dag.py:4180} INFO - Setting next_dagrun for operator_python to 2024-11-27 00:00:00+00:00, run_after=2024-11-28 00:00:00+00:00
[2024-11-27T11:53:22.197-0500] {processor.py:208} INFO - Processing /home/vanaprastha/airflow/dags/PART 2/operator_python.py took 0.082 seconds
[2024-11-27T11:54:26.310-0500] {processor.py:186} INFO - Started process (PID=28394) to work on /home/vanaprastha/airflow/dags/PART 2/operator_python.py
[2024-11-27T11:54:26.330-0500] {processor.py:914} INFO - Processing file /home/vanaprastha/airflow/dags/PART 2/operator_python.py for tasks to queue
[2024-11-27T11:54:26.333-0500] {logging_mixin.py:190} INFO - [2024-11-27T11:54:26.332-0500] {dagbag.py:588} INFO - Filling up the DagBag from /home/vanaprastha/airflow/dags/PART 2/operator_python.py
[2024-11-27T11:54:26.345-0500] {processor.py:925} INFO - DAG(s) 'operator_python' retrieved from /home/vanaprastha/airflow/dags/PART 2/operator_python.py
[2024-11-27T11:54:26.354-0500] {logging_mixin.py:190} INFO - [2024-11-27T11:54:26.354-0500] {dag.py:3239} INFO - Sync 1 DAGs
[2024-11-27T11:54:26.365-0500] {logging_mixin.py:190} INFO - [2024-11-27T11:54:26.365-0500] {dag.py:4180} INFO - Setting next_dagrun for operator_python to 2024-11-27 00:00:00+00:00, run_after=2024-11-28 00:00:00+00:00
[2024-11-27T11:54:26.382-0500] {processor.py:208} INFO - Processing /home/vanaprastha/airflow/dags/PART 2/operator_python.py took 0.079 seconds
[2024-11-27T11:55:37.480-0500] {processor.py:186} INFO - Started process (PID=28996) to work on /home/vanaprastha/airflow/dags/PART 2/operator_python.py
[2024-11-27T11:55:37.481-0500] {processor.py:914} INFO - Processing file /home/vanaprastha/airflow/dags/PART 2/operator_python.py for tasks to queue
[2024-11-27T11:55:37.483-0500] {logging_mixin.py:190} INFO - [2024-11-27T11:55:37.483-0500] {dagbag.py:588} INFO - Filling up the DagBag from /home/vanaprastha/airflow/dags/PART 2/operator_python.py
[2024-11-27T11:55:37.493-0500] {processor.py:925} INFO - DAG(s) 'operator_python' retrieved from /home/vanaprastha/airflow/dags/PART 2/operator_python.py
[2024-11-27T11:55:37.507-0500] {logging_mixin.py:190} INFO - [2024-11-27T11:55:37.507-0500] {dag.py:3239} INFO - Sync 1 DAGs
[2024-11-27T11:55:37.529-0500] {logging_mixin.py:190} INFO - [2024-11-27T11:55:37.529-0500] {dag.py:4180} INFO - Setting next_dagrun for operator_python to 2024-11-27 00:00:00+00:00, run_after=2024-11-28 00:00:00+00:00
[2024-11-27T11:55:37.721-0500] {processor.py:208} INFO - Processing /home/vanaprastha/airflow/dags/PART 2/operator_python.py took 0.252 seconds
[2024-11-27T11:56:22.581-0500] {processor.py:186} INFO - Started process (PID=29081) to work on /home/vanaprastha/airflow/dags/PART 2/operator_python.py
[2024-11-27T11:56:22.600-0500] {processor.py:914} INFO - Processing file /home/vanaprastha/airflow/dags/PART 2/operator_python.py for tasks to queue
[2024-11-27T11:56:22.604-0500] {logging_mixin.py:190} INFO - [2024-11-27T11:56:22.604-0500] {dagbag.py:588} INFO - Filling up the DagBag from /home/vanaprastha/airflow/dags/PART 2/operator_python.py
[2024-11-27T11:56:22.616-0500] {processor.py:925} INFO - DAG(s) 'operator_python' retrieved from /home/vanaprastha/airflow/dags/PART 2/operator_python.py
[2024-11-27T11:56:22.628-0500] {logging_mixin.py:190} INFO - [2024-11-27T11:56:22.628-0500] {dag.py:3239} INFO - Sync 1 DAGs
[2024-11-27T11:56:22.769-0500] {logging_mixin.py:190} INFO - [2024-11-27T11:56:22.769-0500] {dag.py:4180} INFO - Setting next_dagrun for operator_python to 2024-11-27 00:00:00+00:00, run_after=2024-11-28 00:00:00+00:00
[2024-11-27T11:56:22.787-0500] {processor.py:208} INFO - Processing /home/vanaprastha/airflow/dags/PART 2/operator_python.py took 0.209 seconds
[2024-11-27T11:57:09.718-0500] {processor.py:186} INFO - Started process (PID=29162) to work on /home/vanaprastha/airflow/dags/PART 2/operator_python.py
[2024-11-27T11:57:09.736-0500] {processor.py:914} INFO - Processing file /home/vanaprastha/airflow/dags/PART 2/operator_python.py for tasks to queue
[2024-11-27T11:57:09.740-0500] {logging_mixin.py:190} INFO - [2024-11-27T11:57:09.740-0500] {dagbag.py:588} INFO - Filling up the DagBag from /home/vanaprastha/airflow/dags/PART 2/operator_python.py
[2024-11-27T11:57:09.747-0500] {processor.py:925} INFO - DAG(s) 'operator_python' retrieved from /home/vanaprastha/airflow/dags/PART 2/operator_python.py
[2024-11-27T11:57:09.755-0500] {logging_mixin.py:190} INFO - [2024-11-27T11:57:09.755-0500] {dag.py:3239} INFO - Sync 1 DAGs
[2024-11-27T11:57:09.766-0500] {logging_mixin.py:190} INFO - [2024-11-27T11:57:09.766-0500] {dag.py:4180} INFO - Setting next_dagrun for operator_python to 2024-11-27 00:00:00+00:00, run_after=2024-11-28 00:00:00+00:00
[2024-11-27T11:57:09.783-0500] {processor.py:208} INFO - Processing /home/vanaprastha/airflow/dags/PART 2/operator_python.py took 0.069 seconds
[2024-11-27T11:57:52.663-0500] {processor.py:186} INFO - Started process (PID=29236) to work on /home/vanaprastha/airflow/dags/PART 2/operator_python.py
[2024-11-27T11:57:52.682-0500] {processor.py:914} INFO - Processing file /home/vanaprastha/airflow/dags/PART 2/operator_python.py for tasks to queue
[2024-11-27T11:57:52.685-0500] {logging_mixin.py:190} INFO - [2024-11-27T11:57:52.685-0500] {dagbag.py:588} INFO - Filling up the DagBag from /home/vanaprastha/airflow/dags/PART 2/operator_python.py
[2024-11-27T11:57:52.697-0500] {processor.py:925} INFO - DAG(s) 'operator_python' retrieved from /home/vanaprastha/airflow/dags/PART 2/operator_python.py
[2024-11-27T11:57:52.710-0500] {logging_mixin.py:190} INFO - [2024-11-27T11:57:52.710-0500] {dag.py:3239} INFO - Sync 1 DAGs
[2024-11-27T11:57:52.821-0500] {logging_mixin.py:190} INFO - [2024-11-27T11:57:52.821-0500] {dag.py:4180} INFO - Setting next_dagrun for operator_python to 2024-11-27 00:00:00+00:00, run_after=2024-11-28 00:00:00+00:00
[2024-11-27T11:57:52.858-0500] {processor.py:208} INFO - Processing /home/vanaprastha/airflow/dags/PART 2/operator_python.py took 0.199 seconds
[2024-11-27T11:58:35.380-0500] {processor.py:186} INFO - Started process (PID=29284) to work on /home/vanaprastha/airflow/dags/PART 2/operator_python.py
[2024-11-27T11:58:35.399-0500] {processor.py:914} INFO - Processing file /home/vanaprastha/airflow/dags/PART 2/operator_python.py for tasks to queue
[2024-11-27T11:58:35.400-0500] {logging_mixin.py:190} INFO - [2024-11-27T11:58:35.400-0500] {dagbag.py:588} INFO - Filling up the DagBag from /home/vanaprastha/airflow/dags/PART 2/operator_python.py
[2024-11-27T11:58:35.406-0500] {processor.py:925} INFO - DAG(s) 'operator_python' retrieved from /home/vanaprastha/airflow/dags/PART 2/operator_python.py
[2024-11-27T11:58:35.413-0500] {logging_mixin.py:190} INFO - [2024-11-27T11:58:35.413-0500] {dag.py:3239} INFO - Sync 1 DAGs
[2024-11-27T11:58:35.425-0500] {logging_mixin.py:190} INFO - [2024-11-27T11:58:35.425-0500] {dag.py:4180} INFO - Setting next_dagrun for operator_python to 2024-11-27 00:00:00+00:00, run_after=2024-11-28 00:00:00+00:00
[2024-11-27T11:58:35.440-0500] {processor.py:208} INFO - Processing /home/vanaprastha/airflow/dags/PART 2/operator_python.py took 0.064 seconds
[2024-11-27T11:59:18.598-0500] {processor.py:186} INFO - Started process (PID=29334) to work on /home/vanaprastha/airflow/dags/PART 2/operator_python.py
[2024-11-27T11:59:18.617-0500] {processor.py:914} INFO - Processing file /home/vanaprastha/airflow/dags/PART 2/operator_python.py for tasks to queue
[2024-11-27T11:59:18.621-0500] {logging_mixin.py:190} INFO - [2024-11-27T11:59:18.621-0500] {dagbag.py:588} INFO - Filling up the DagBag from /home/vanaprastha/airflow/dags/PART 2/operator_python.py
[2024-11-27T11:59:18.634-0500] {processor.py:925} INFO - DAG(s) 'operator_python' retrieved from /home/vanaprastha/airflow/dags/PART 2/operator_python.py
[2024-11-27T11:59:18.646-0500] {logging_mixin.py:190} INFO - [2024-11-27T11:59:18.645-0500] {dag.py:3239} INFO - Sync 1 DAGs
[2024-11-27T11:59:18.658-0500] {logging_mixin.py:190} INFO - [2024-11-27T11:59:18.657-0500] {dag.py:4180} INFO - Setting next_dagrun for operator_python to 2024-11-27 00:00:00+00:00, run_after=2024-11-28 00:00:00+00:00
[2024-11-27T11:59:18.673-0500] {processor.py:208} INFO - Processing /home/vanaprastha/airflow/dags/PART 2/operator_python.py took 0.083 seconds
[2024-11-27T12:00:06.566-0500] {processor.py:186} INFO - Started process (PID=29391) to work on /home/vanaprastha/airflow/dags/PART 2/operator_python.py
[2024-11-27T12:00:06.586-0500] {processor.py:914} INFO - Processing file /home/vanaprastha/airflow/dags/PART 2/operator_python.py for tasks to queue
[2024-11-27T12:00:06.588-0500] {logging_mixin.py:190} INFO - [2024-11-27T12:00:06.587-0500] {dagbag.py:588} INFO - Filling up the DagBag from /home/vanaprastha/airflow/dags/PART 2/operator_python.py
[2024-11-27T12:00:06.598-0500] {processor.py:925} INFO - DAG(s) 'operator_python' retrieved from /home/vanaprastha/airflow/dags/PART 2/operator_python.py
[2024-11-27T12:00:06.608-0500] {logging_mixin.py:190} INFO - [2024-11-27T12:00:06.608-0500] {dag.py:3239} INFO - Sync 1 DAGs
[2024-11-27T12:00:06.620-0500] {logging_mixin.py:190} INFO - [2024-11-27T12:00:06.620-0500] {dag.py:4180} INFO - Setting next_dagrun for operator_python to 2024-11-27 00:00:00+00:00, run_after=2024-11-28 00:00:00+00:00
[2024-11-27T12:00:06.636-0500] {processor.py:208} INFO - Processing /home/vanaprastha/airflow/dags/PART 2/operator_python.py took 0.074 seconds
[2024-11-27T12:00:53.166-0500] {processor.py:186} INFO - Started process (PID=29526) to work on /home/vanaprastha/airflow/dags/PART 2/operator_python.py
[2024-11-27T12:00:53.185-0500] {processor.py:914} INFO - Processing file /home/vanaprastha/airflow/dags/PART 2/operator_python.py for tasks to queue
[2024-11-27T12:00:53.188-0500] {logging_mixin.py:190} INFO - [2024-11-27T12:00:53.187-0500] {dagbag.py:588} INFO - Filling up the DagBag from /home/vanaprastha/airflow/dags/PART 2/operator_python.py
[2024-11-27T12:00:53.199-0500] {processor.py:925} INFO - DAG(s) 'operator_python' retrieved from /home/vanaprastha/airflow/dags/PART 2/operator_python.py
[2024-11-27T12:00:53.208-0500] {logging_mixin.py:190} INFO - [2024-11-27T12:00:53.208-0500] {dag.py:3239} INFO - Sync 1 DAGs
[2024-11-27T12:00:53.219-0500] {logging_mixin.py:190} INFO - [2024-11-27T12:00:53.219-0500] {dag.py:4180} INFO - Setting next_dagrun for operator_python to 2024-11-27 00:00:00+00:00, run_after=2024-11-28 00:00:00+00:00
[2024-11-27T12:00:53.236-0500] {processor.py:208} INFO - Processing /home/vanaprastha/airflow/dags/PART 2/operator_python.py took 0.076 seconds
[2024-11-27T12:02:08.319-0500] {processor.py:186} INFO - Started process (PID=29642) to work on /home/vanaprastha/airflow/dags/PART 2/operator_python.py
[2024-11-27T12:02:08.338-0500] {processor.py:914} INFO - Processing file /home/vanaprastha/airflow/dags/PART 2/operator_python.py for tasks to queue
[2024-11-27T12:02:08.341-0500] {logging_mixin.py:190} INFO - [2024-11-27T12:02:08.341-0500] {dagbag.py:588} INFO - Filling up the DagBag from /home/vanaprastha/airflow/dags/PART 2/operator_python.py
[2024-11-27T12:02:08.348-0500] {processor.py:925} INFO - DAG(s) 'operator_python' retrieved from /home/vanaprastha/airflow/dags/PART 2/operator_python.py
[2024-11-27T12:02:08.356-0500] {logging_mixin.py:190} INFO - [2024-11-27T12:02:08.355-0500] {dag.py:3239} INFO - Sync 1 DAGs
[2024-11-27T12:02:08.367-0500] {logging_mixin.py:190} INFO - [2024-11-27T12:02:08.367-0500] {dag.py:4180} INFO - Setting next_dagrun for operator_python to 2024-11-27 00:00:00+00:00, run_after=2024-11-28 00:00:00+00:00
[2024-11-27T12:02:08.485-0500] {processor.py:208} INFO - Processing /home/vanaprastha/airflow/dags/PART 2/operator_python.py took 0.169 seconds
[2024-11-27T12:02:58.313-0500] {processor.py:186} INFO - Started process (PID=29700) to work on /home/vanaprastha/airflow/dags/PART 2/operator_python.py
[2024-11-27T12:02:58.332-0500] {processor.py:914} INFO - Processing file /home/vanaprastha/airflow/dags/PART 2/operator_python.py for tasks to queue
[2024-11-27T12:02:58.336-0500] {logging_mixin.py:190} INFO - [2024-11-27T12:02:58.335-0500] {dagbag.py:588} INFO - Filling up the DagBag from /home/vanaprastha/airflow/dags/PART 2/operator_python.py
[2024-11-27T12:02:58.346-0500] {processor.py:925} INFO - DAG(s) 'operator_python' retrieved from /home/vanaprastha/airflow/dags/PART 2/operator_python.py
[2024-11-27T12:02:58.354-0500] {logging_mixin.py:190} INFO - [2024-11-27T12:02:58.353-0500] {dag.py:3239} INFO - Sync 1 DAGs
[2024-11-27T12:02:58.460-0500] {logging_mixin.py:190} INFO - [2024-11-27T12:02:58.460-0500] {dag.py:4180} INFO - Setting next_dagrun for operator_python to 2024-11-27 00:00:00+00:00, run_after=2024-11-28 00:00:00+00:00
[2024-11-27T12:02:58.493-0500] {processor.py:208} INFO - Processing /home/vanaprastha/airflow/dags/PART 2/operator_python.py took 0.186 seconds
[2024-11-27T12:03:24.557-0500] {processor.py:186} INFO - Started process (PID=29806) to work on /home/vanaprastha/airflow/dags/PART 2/operator_python.py
[2024-11-27T12:03:24.557-0500] {processor.py:914} INFO - Processing file /home/vanaprastha/airflow/dags/PART 2/operator_python.py for tasks to queue
[2024-11-27T12:03:24.558-0500] {logging_mixin.py:190} INFO - [2024-11-27T12:03:24.558-0500] {dagbag.py:588} INFO - Filling up the DagBag from /home/vanaprastha/airflow/dags/PART 2/operator_python.py
[2024-11-27T12:03:24.563-0500] {processor.py:925} INFO - DAG(s) 'operator_python' retrieved from /home/vanaprastha/airflow/dags/PART 2/operator_python.py
[2024-11-27T12:03:24.572-0500] {logging_mixin.py:190} INFO - [2024-11-27T12:03:24.571-0500] {dag.py:3239} INFO - Sync 1 DAGs
[2024-11-27T12:03:24.583-0500] {logging_mixin.py:190} INFO - [2024-11-27T12:03:24.583-0500] {dag.py:4180} INFO - Setting next_dagrun for operator_python to 2024-11-27 00:00:00+00:00, run_after=2024-11-28 00:00:00+00:00
[2024-11-27T12:03:24.600-0500] {processor.py:208} INFO - Processing /home/vanaprastha/airflow/dags/PART 2/operator_python.py took 0.046 seconds
[2024-11-27T12:04:42.378-0500] {processor.py:186} INFO - Started process (PID=30371) to work on /home/vanaprastha/airflow/dags/PART 2/operator_python.py
[2024-11-27T12:04:42.397-0500] {processor.py:914} INFO - Processing file /home/vanaprastha/airflow/dags/PART 2/operator_python.py for tasks to queue
[2024-11-27T12:04:42.400-0500] {logging_mixin.py:190} INFO - [2024-11-27T12:04:42.399-0500] {dagbag.py:588} INFO - Filling up the DagBag from /home/vanaprastha/airflow/dags/PART 2/operator_python.py
[2024-11-27T12:04:42.413-0500] {processor.py:925} INFO - DAG(s) 'operator_python' retrieved from /home/vanaprastha/airflow/dags/PART 2/operator_python.py
[2024-11-27T12:04:42.423-0500] {logging_mixin.py:190} INFO - [2024-11-27T12:04:42.423-0500] {dag.py:3239} INFO - Sync 1 DAGs
[2024-11-27T12:04:42.435-0500] {logging_mixin.py:190} INFO - [2024-11-27T12:04:42.435-0500] {dag.py:4180} INFO - Setting next_dagrun for operator_python to 2024-11-27 00:00:00+00:00, run_after=2024-11-28 00:00:00+00:00
[2024-11-27T12:04:42.545-0500] {processor.py:208} INFO - Processing /home/vanaprastha/airflow/dags/PART 2/operator_python.py took 0.173 seconds
[2024-11-27T12:05:33.600-0500] {processor.py:186} INFO - Started process (PID=30916) to work on /home/vanaprastha/airflow/dags/PART 2/operator_python.py
[2024-11-27T12:05:33.619-0500] {processor.py:914} INFO - Processing file /home/vanaprastha/airflow/dags/PART 2/operator_python.py for tasks to queue
[2024-11-27T12:05:33.622-0500] {logging_mixin.py:190} INFO - [2024-11-27T12:05:33.622-0500] {dagbag.py:588} INFO - Filling up the DagBag from /home/vanaprastha/airflow/dags/PART 2/operator_python.py
[2024-11-27T12:05:33.632-0500] {processor.py:925} INFO - DAG(s) 'operator_python' retrieved from /home/vanaprastha/airflow/dags/PART 2/operator_python.py
[2024-11-27T12:05:33.640-0500] {logging_mixin.py:190} INFO - [2024-11-27T12:05:33.640-0500] {dag.py:3239} INFO - Sync 1 DAGs
[2024-11-27T12:05:33.751-0500] {logging_mixin.py:190} INFO - [2024-11-27T12:05:33.751-0500] {dag.py:4180} INFO - Setting next_dagrun for operator_python to 2024-11-27 00:00:00+00:00, run_after=2024-11-28 00:00:00+00:00
[2024-11-27T12:05:33.786-0500] {processor.py:208} INFO - Processing /home/vanaprastha/airflow/dags/PART 2/operator_python.py took 0.191 seconds
[2024-11-27T12:06:23.290-0500] {processor.py:186} INFO - Started process (PID=31047) to work on /home/vanaprastha/airflow/dags/PART 2/operator_python.py
[2024-11-27T12:06:23.309-0500] {processor.py:914} INFO - Processing file /home/vanaprastha/airflow/dags/PART 2/operator_python.py for tasks to queue
[2024-11-27T12:06:23.312-0500] {logging_mixin.py:190} INFO - [2024-11-27T12:06:23.312-0500] {dagbag.py:588} INFO - Filling up the DagBag from /home/vanaprastha/airflow/dags/PART 2/operator_python.py
[2024-11-27T12:06:23.323-0500] {processor.py:925} INFO - DAG(s) 'operator_python' retrieved from /home/vanaprastha/airflow/dags/PART 2/operator_python.py
[2024-11-27T12:06:23.332-0500] {logging_mixin.py:190} INFO - [2024-11-27T12:06:23.332-0500] {dag.py:3239} INFO - Sync 1 DAGs
[2024-11-27T12:06:23.344-0500] {logging_mixin.py:190} INFO - [2024-11-27T12:06:23.344-0500] {dag.py:4180} INFO - Setting next_dagrun for operator_python to 2024-11-27 00:00:00+00:00, run_after=2024-11-28 00:00:00+00:00
[2024-11-27T12:06:23.464-0500] {processor.py:208} INFO - Processing /home/vanaprastha/airflow/dags/PART 2/operator_python.py took 0.179 seconds
[2024-11-27T12:07:13.939-0500] {processor.py:186} INFO - Started process (PID=31630) to work on /home/vanaprastha/airflow/dags/PART 2/operator_python.py
[2024-11-27T12:07:13.940-0500] {processor.py:914} INFO - Processing file /home/vanaprastha/airflow/dags/PART 2/operator_python.py for tasks to queue
[2024-11-27T12:07:13.941-0500] {logging_mixin.py:190} INFO - [2024-11-27T12:07:13.941-0500] {dagbag.py:588} INFO - Filling up the DagBag from /home/vanaprastha/airflow/dags/PART 2/operator_python.py
[2024-11-27T12:07:13.948-0500] {processor.py:925} INFO - DAG(s) 'operator_python' retrieved from /home/vanaprastha/airflow/dags/PART 2/operator_python.py
[2024-11-27T12:07:13.956-0500] {logging_mixin.py:190} INFO - [2024-11-27T12:07:13.956-0500] {dag.py:3239} INFO - Sync 1 DAGs
[2024-11-27T12:07:14.077-0500] {logging_mixin.py:190} INFO - [2024-11-27T12:07:14.077-0500] {dag.py:4180} INFO - Setting next_dagrun for operator_python to 2024-11-27 00:00:00+00:00, run_after=2024-11-28 00:00:00+00:00
[2024-11-27T12:07:14.113-0500] {processor.py:208} INFO - Processing /home/vanaprastha/airflow/dags/PART 2/operator_python.py took 0.181 seconds
[2024-11-27T12:08:06.828-0500] {processor.py:186} INFO - Started process (PID=31786) to work on /home/vanaprastha/airflow/dags/PART 2/operator_python.py
[2024-11-27T12:08:06.847-0500] {processor.py:914} INFO - Processing file /home/vanaprastha/airflow/dags/PART 2/operator_python.py for tasks to queue
[2024-11-27T12:08:06.851-0500] {logging_mixin.py:190} INFO - [2024-11-27T12:08:06.850-0500] {dagbag.py:588} INFO - Filling up the DagBag from /home/vanaprastha/airflow/dags/PART 2/operator_python.py
[2024-11-27T12:08:06.861-0500] {processor.py:925} INFO - DAG(s) 'operator_python' retrieved from /home/vanaprastha/airflow/dags/PART 2/operator_python.py
[2024-11-27T12:08:06.870-0500] {logging_mixin.py:190} INFO - [2024-11-27T12:08:06.870-0500] {dag.py:3239} INFO - Sync 1 DAGs
[2024-11-27T12:08:06.881-0500] {logging_mixin.py:190} INFO - [2024-11-27T12:08:06.881-0500] {dag.py:4180} INFO - Setting next_dagrun for operator_python to 2024-11-27 00:00:00+00:00, run_after=2024-11-28 00:00:00+00:00
[2024-11-27T12:08:06.899-0500] {processor.py:208} INFO - Processing /home/vanaprastha/airflow/dags/PART 2/operator_python.py took 0.078 seconds
[2024-11-27T12:08:56.064-0500] {processor.py:186} INFO - Started process (PID=31869) to work on /home/vanaprastha/airflow/dags/PART 2/operator_python.py
[2024-11-27T12:08:56.082-0500] {processor.py:914} INFO - Processing file /home/vanaprastha/airflow/dags/PART 2/operator_python.py for tasks to queue
[2024-11-27T12:08:56.085-0500] {logging_mixin.py:190} INFO - [2024-11-27T12:08:56.084-0500] {dagbag.py:588} INFO - Filling up the DagBag from /home/vanaprastha/airflow/dags/PART 2/operator_python.py
[2024-11-27T12:08:56.091-0500] {processor.py:925} INFO - DAG(s) 'operator_python' retrieved from /home/vanaprastha/airflow/dags/PART 2/operator_python.py
[2024-11-27T12:08:56.099-0500] {logging_mixin.py:190} INFO - [2024-11-27T12:08:56.098-0500] {dag.py:3239} INFO - Sync 1 DAGs
[2024-11-27T12:08:56.111-0500] {logging_mixin.py:190} INFO - [2024-11-27T12:08:56.110-0500] {dag.py:4180} INFO - Setting next_dagrun for operator_python to 2024-11-27 00:00:00+00:00, run_after=2024-11-28 00:00:00+00:00
[2024-11-27T12:08:56.126-0500] {processor.py:208} INFO - Processing /home/vanaprastha/airflow/dags/PART 2/operator_python.py took 0.066 seconds
[2024-11-27T12:09:43.894-0500] {processor.py:186} INFO - Started process (PID=31954) to work on /home/vanaprastha/airflow/dags/PART 2/operator_python.py
[2024-11-27T12:09:43.913-0500] {processor.py:914} INFO - Processing file /home/vanaprastha/airflow/dags/PART 2/operator_python.py for tasks to queue
[2024-11-27T12:09:43.916-0500] {logging_mixin.py:190} INFO - [2024-11-27T12:09:43.915-0500] {dagbag.py:588} INFO - Filling up the DagBag from /home/vanaprastha/airflow/dags/PART 2/operator_python.py
[2024-11-27T12:09:43.927-0500] {processor.py:925} INFO - DAG(s) 'operator_python' retrieved from /home/vanaprastha/airflow/dags/PART 2/operator_python.py
[2024-11-27T12:09:43.936-0500] {logging_mixin.py:190} INFO - [2024-11-27T12:09:43.936-0500] {dag.py:3239} INFO - Sync 1 DAGs
[2024-11-27T12:09:43.947-0500] {logging_mixin.py:190} INFO - [2024-11-27T12:09:43.947-0500] {dag.py:4180} INFO - Setting next_dagrun for operator_python to 2024-11-27 00:00:00+00:00, run_after=2024-11-28 00:00:00+00:00
[2024-11-27T12:09:43.964-0500] {processor.py:208} INFO - Processing /home/vanaprastha/airflow/dags/PART 2/operator_python.py took 0.076 seconds
[2024-11-27T12:10:28.868-0500] {processor.py:186} INFO - Started process (PID=32044) to work on /home/vanaprastha/airflow/dags/PART 2/operator_python.py
[2024-11-27T12:10:28.887-0500] {processor.py:914} INFO - Processing file /home/vanaprastha/airflow/dags/PART 2/operator_python.py for tasks to queue
[2024-11-27T12:10:28.891-0500] {logging_mixin.py:190} INFO - [2024-11-27T12:10:28.890-0500] {dagbag.py:588} INFO - Filling up the DagBag from /home/vanaprastha/airflow/dags/PART 2/operator_python.py
[2024-11-27T12:10:28.900-0500] {processor.py:925} INFO - DAG(s) 'operator_python' retrieved from /home/vanaprastha/airflow/dags/PART 2/operator_python.py
[2024-11-27T12:10:28.908-0500] {logging_mixin.py:190} INFO - [2024-11-27T12:10:28.908-0500] {dag.py:3239} INFO - Sync 1 DAGs
[2024-11-27T12:10:28.926-0500] {logging_mixin.py:190} INFO - [2024-11-27T12:10:28.926-0500] {dag.py:4180} INFO - Setting next_dagrun for operator_python to 2024-11-27 00:00:00+00:00, run_after=2024-11-28 00:00:00+00:00
[2024-11-27T12:10:28.951-0500] {processor.py:208} INFO - Processing /home/vanaprastha/airflow/dags/PART 2/operator_python.py took 0.086 seconds
[2024-11-27T12:11:12.129-0500] {processor.py:186} INFO - Started process (PID=32096) to work on /home/vanaprastha/airflow/dags/PART 2/operator_python.py
[2024-11-27T12:11:12.148-0500] {processor.py:914} INFO - Processing file /home/vanaprastha/airflow/dags/PART 2/operator_python.py for tasks to queue
[2024-11-27T12:11:12.150-0500] {logging_mixin.py:190} INFO - [2024-11-27T12:11:12.150-0500] {dagbag.py:588} INFO - Filling up the DagBag from /home/vanaprastha/airflow/dags/PART 2/operator_python.py
[2024-11-27T12:11:12.157-0500] {processor.py:925} INFO - DAG(s) 'operator_python' retrieved from /home/vanaprastha/airflow/dags/PART 2/operator_python.py
[2024-11-27T12:11:12.165-0500] {logging_mixin.py:190} INFO - [2024-11-27T12:11:12.165-0500] {dag.py:3239} INFO - Sync 1 DAGs
[2024-11-27T12:11:12.179-0500] {logging_mixin.py:190} INFO - [2024-11-27T12:11:12.179-0500] {dag.py:4180} INFO - Setting next_dagrun for operator_python to 2024-11-27 00:00:00+00:00, run_after=2024-11-28 00:00:00+00:00
[2024-11-27T12:11:12.196-0500] {processor.py:208} INFO - Processing /home/vanaprastha/airflow/dags/PART 2/operator_python.py took 0.071 seconds
[2024-11-27T12:11:59.013-0500] {processor.py:186} INFO - Started process (PID=32191) to work on /home/vanaprastha/airflow/dags/PART 2/operator_python.py
[2024-11-27T12:11:59.032-0500] {processor.py:914} INFO - Processing file /home/vanaprastha/airflow/dags/PART 2/operator_python.py for tasks to queue
[2024-11-27T12:11:59.036-0500] {logging_mixin.py:190} INFO - [2024-11-27T12:11:59.036-0500] {dagbag.py:588} INFO - Filling up the DagBag from /home/vanaprastha/airflow/dags/PART 2/operator_python.py
[2024-11-27T12:11:59.045-0500] {processor.py:925} INFO - DAG(s) 'operator_python' retrieved from /home/vanaprastha/airflow/dags/PART 2/operator_python.py
[2024-11-27T12:11:59.054-0500] {logging_mixin.py:190} INFO - [2024-11-27T12:11:59.053-0500] {dag.py:3239} INFO - Sync 1 DAGs
[2024-11-27T12:11:59.067-0500] {logging_mixin.py:190} INFO - [2024-11-27T12:11:59.066-0500] {dag.py:4180} INFO - Setting next_dagrun for operator_python to 2024-11-27 00:00:00+00:00, run_after=2024-11-28 00:00:00+00:00
[2024-11-27T12:11:59.083-0500] {processor.py:208} INFO - Processing /home/vanaprastha/airflow/dags/PART 2/operator_python.py took 0.073 seconds
[2024-11-27T12:12:42.910-0500] {processor.py:186} INFO - Started process (PID=32247) to work on /home/vanaprastha/airflow/dags/PART 2/operator_python.py
[2024-11-27T12:12:42.929-0500] {processor.py:914} INFO - Processing file /home/vanaprastha/airflow/dags/PART 2/operator_python.py for tasks to queue
[2024-11-27T12:12:42.932-0500] {logging_mixin.py:190} INFO - [2024-11-27T12:12:42.932-0500] {dagbag.py:588} INFO - Filling up the DagBag from /home/vanaprastha/airflow/dags/PART 2/operator_python.py
[2024-11-27T12:12:42.941-0500] {processor.py:925} INFO - DAG(s) 'operator_python' retrieved from /home/vanaprastha/airflow/dags/PART 2/operator_python.py
[2024-11-27T12:12:42.949-0500] {logging_mixin.py:190} INFO - [2024-11-27T12:12:42.949-0500] {dag.py:3239} INFO - Sync 1 DAGs
[2024-11-27T12:12:42.960-0500] {logging_mixin.py:190} INFO - [2024-11-27T12:12:42.960-0500] {dag.py:4180} INFO - Setting next_dagrun for operator_python to 2024-11-27 00:00:00+00:00, run_after=2024-11-28 00:00:00+00:00
[2024-11-27T12:12:42.977-0500] {processor.py:208} INFO - Processing /home/vanaprastha/airflow/dags/PART 2/operator_python.py took 0.071 seconds
[2024-11-27T12:13:27.895-0500] {processor.py:186} INFO - Started process (PID=32303) to work on /home/vanaprastha/airflow/dags/PART 2/operator_python.py
[2024-11-27T12:13:27.915-0500] {processor.py:914} INFO - Processing file /home/vanaprastha/airflow/dags/PART 2/operator_python.py for tasks to queue
[2024-11-27T12:13:27.917-0500] {logging_mixin.py:190} INFO - [2024-11-27T12:13:27.916-0500] {dagbag.py:588} INFO - Filling up the DagBag from /home/vanaprastha/airflow/dags/PART 2/operator_python.py
[2024-11-27T12:13:27.930-0500] {processor.py:925} INFO - DAG(s) 'operator_python' retrieved from /home/vanaprastha/airflow/dags/PART 2/operator_python.py
[2024-11-27T12:13:27.945-0500] {logging_mixin.py:190} INFO - [2024-11-27T12:13:27.945-0500] {dag.py:3239} INFO - Sync 1 DAGs
[2024-11-27T12:13:27.964-0500] {logging_mixin.py:190} INFO - [2024-11-27T12:13:27.963-0500] {dag.py:4180} INFO - Setting next_dagrun for operator_python to 2024-11-27 00:00:00+00:00, run_after=2024-11-28 00:00:00+00:00
[2024-11-27T12:13:27.982-0500] {processor.py:208} INFO - Processing /home/vanaprastha/airflow/dags/PART 2/operator_python.py took 0.098 seconds
[2024-11-27T12:13:58.548-0500] {processor.py:186} INFO - Started process (PID=32413) to work on /home/vanaprastha/airflow/dags/PART 2/operator_python.py
[2024-11-27T12:13:58.567-0500] {processor.py:914} INFO - Processing file /home/vanaprastha/airflow/dags/PART 2/operator_python.py for tasks to queue
[2024-11-27T12:13:58.569-0500] {logging_mixin.py:190} INFO - [2024-11-27T12:13:58.568-0500] {dagbag.py:588} INFO - Filling up the DagBag from /home/vanaprastha/airflow/dags/PART 2/operator_python.py
[2024-11-27T12:13:58.576-0500] {processor.py:925} INFO - DAG(s) 'operator_python' retrieved from /home/vanaprastha/airflow/dags/PART 2/operator_python.py
[2024-11-27T12:13:58.585-0500] {logging_mixin.py:190} INFO - [2024-11-27T12:13:58.585-0500] {dag.py:3239} INFO - Sync 1 DAGs
[2024-11-27T12:13:58.598-0500] {logging_mixin.py:190} INFO - [2024-11-27T12:13:58.598-0500] {dag.py:4180} INFO - Setting next_dagrun for operator_python to 2024-11-27 00:00:00+00:00, run_after=2024-11-28 00:00:00+00:00
[2024-11-27T12:13:58.616-0500] {processor.py:208} INFO - Processing /home/vanaprastha/airflow/dags/PART 2/operator_python.py took 0.072 seconds
[2024-11-27T12:15:29.396-0500] {processor.py:186} INFO - Started process (PID=32561) to work on /home/vanaprastha/airflow/dags/PART 2/operator_python.py
[2024-11-27T12:15:29.411-0500] {processor.py:914} INFO - Processing file /home/vanaprastha/airflow/dags/PART 2/operator_python.py for tasks to queue
[2024-11-27T12:15:29.413-0500] {logging_mixin.py:190} INFO - [2024-11-27T12:15:29.413-0500] {dagbag.py:588} INFO - Filling up the DagBag from /home/vanaprastha/airflow/dags/PART 2/operator_python.py
[2024-11-27T12:15:29.422-0500] {processor.py:925} INFO - DAG(s) 'operator_python' retrieved from /home/vanaprastha/airflow/dags/PART 2/operator_python.py
[2024-11-27T12:15:29.436-0500] {logging_mixin.py:190} INFO - [2024-11-27T12:15:29.435-0500] {dag.py:3239} INFO - Sync 1 DAGs
[2024-11-27T12:15:29.458-0500] {logging_mixin.py:190} INFO - [2024-11-27T12:15:29.457-0500] {dag.py:4180} INFO - Setting next_dagrun for operator_python to 2024-11-27 00:00:00+00:00, run_after=2024-11-28 00:00:00+00:00
[2024-11-27T12:15:29.591-0500] {processor.py:208} INFO - Processing /home/vanaprastha/airflow/dags/PART 2/operator_python.py took 0.204 seconds
[2024-11-27T12:16:31.847-0500] {processor.py:186} INFO - Started process (PID=32635) to work on /home/vanaprastha/airflow/dags/PART 2/operator_python.py
[2024-11-27T12:16:31.848-0500] {processor.py:914} INFO - Processing file /home/vanaprastha/airflow/dags/PART 2/operator_python.py for tasks to queue
[2024-11-27T12:16:31.849-0500] {logging_mixin.py:190} INFO - [2024-11-27T12:16:31.849-0500] {dagbag.py:588} INFO - Filling up the DagBag from /home/vanaprastha/airflow/dags/PART 2/operator_python.py
[2024-11-27T12:16:31.855-0500] {processor.py:925} INFO - DAG(s) 'operator_python' retrieved from /home/vanaprastha/airflow/dags/PART 2/operator_python.py
[2024-11-27T12:16:31.862-0500] {logging_mixin.py:190} INFO - [2024-11-27T12:16:31.862-0500] {dag.py:3239} INFO - Sync 1 DAGs
[2024-11-27T12:16:31.874-0500] {logging_mixin.py:190} INFO - [2024-11-27T12:16:31.873-0500] {dag.py:4180} INFO - Setting next_dagrun for operator_python to 2024-11-27 00:00:00+00:00, run_after=2024-11-28 00:00:00+00:00
[2024-11-27T12:16:31.890-0500] {processor.py:208} INFO - Processing /home/vanaprastha/airflow/dags/PART 2/operator_python.py took 0.046 seconds
[2024-11-27T12:17:30.468-0500] {processor.py:186} INFO - Started process (PID=32706) to work on /home/vanaprastha/airflow/dags/PART 2/operator_python.py
[2024-11-27T12:17:30.469-0500] {processor.py:914} INFO - Processing file /home/vanaprastha/airflow/dags/PART 2/operator_python.py for tasks to queue
[2024-11-27T12:17:30.471-0500] {logging_mixin.py:190} INFO - [2024-11-27T12:17:30.471-0500] {dagbag.py:588} INFO - Filling up the DagBag from /home/vanaprastha/airflow/dags/PART 2/operator_python.py
[2024-11-27T12:17:30.478-0500] {processor.py:925} INFO - DAG(s) 'operator_python' retrieved from /home/vanaprastha/airflow/dags/PART 2/operator_python.py
[2024-11-27T12:17:30.485-0500] {logging_mixin.py:190} INFO - [2024-11-27T12:17:30.485-0500] {dag.py:3239} INFO - Sync 1 DAGs
[2024-11-27T12:17:30.594-0500] {logging_mixin.py:190} INFO - [2024-11-27T12:17:30.594-0500] {dag.py:4180} INFO - Setting next_dagrun for operator_python to 2024-11-27 00:00:00+00:00, run_after=2024-11-28 00:00:00+00:00
[2024-11-27T12:17:30.634-0500] {processor.py:208} INFO - Processing /home/vanaprastha/airflow/dags/PART 2/operator_python.py took 0.169 seconds
[2024-11-27T12:17:56.345-0500] {processor.py:186} INFO - Started process (PID=32812) to work on /home/vanaprastha/airflow/dags/PART 2/operator_python.py
[2024-11-27T12:17:56.346-0500] {processor.py:914} INFO - Processing file /home/vanaprastha/airflow/dags/PART 2/operator_python.py for tasks to queue
[2024-11-27T12:17:56.348-0500] {logging_mixin.py:190} INFO - [2024-11-27T12:17:56.347-0500] {dagbag.py:588} INFO - Filling up the DagBag from /home/vanaprastha/airflow/dags/PART 2/operator_python.py
[2024-11-27T12:17:56.357-0500] {processor.py:925} INFO - DAG(s) 'operator_python' retrieved from /home/vanaprastha/airflow/dags/PART 2/operator_python.py
[2024-11-27T12:17:56.371-0500] {logging_mixin.py:190} INFO - [2024-11-27T12:17:56.371-0500] {dag.py:3239} INFO - Sync 1 DAGs
[2024-11-27T12:17:56.391-0500] {logging_mixin.py:190} INFO - [2024-11-27T12:17:56.390-0500] {dag.py:4180} INFO - Setting next_dagrun for operator_python to 2024-11-27 00:00:00+00:00, run_after=2024-11-28 00:00:00+00:00
[2024-11-27T12:17:56.419-0500] {processor.py:208} INFO - Processing /home/vanaprastha/airflow/dags/PART 2/operator_python.py took 0.079 seconds
[2024-11-27T12:19:36.105-0500] {processor.py:186} INFO - Started process (PID=32983) to work on /home/vanaprastha/airflow/dags/PART 2/operator_python.py
[2024-11-27T12:19:36.106-0500] {processor.py:914} INFO - Processing file /home/vanaprastha/airflow/dags/PART 2/operator_python.py for tasks to queue
[2024-11-27T12:19:36.107-0500] {logging_mixin.py:190} INFO - [2024-11-27T12:19:36.107-0500] {dagbag.py:588} INFO - Filling up the DagBag from /home/vanaprastha/airflow/dags/PART 2/operator_python.py
[2024-11-27T12:19:36.115-0500] {processor.py:925} INFO - DAG(s) 'operator_python' retrieved from /home/vanaprastha/airflow/dags/PART 2/operator_python.py
[2024-11-27T12:19:36.125-0500] {logging_mixin.py:190} INFO - [2024-11-27T12:19:36.125-0500] {dag.py:3239} INFO - Sync 1 DAGs
[2024-11-27T12:19:36.138-0500] {logging_mixin.py:190} INFO - [2024-11-27T12:19:36.138-0500] {dag.py:4180} INFO - Setting next_dagrun for operator_python to 2024-11-27 00:00:00+00:00, run_after=2024-11-28 00:00:00+00:00
[2024-11-27T12:19:36.250-0500] {processor.py:208} INFO - Processing /home/vanaprastha/airflow/dags/PART 2/operator_python.py took 0.147 seconds
[2024-11-27T12:20:44.310-0500] {processor.py:186} INFO - Started process (PID=33058) to work on /home/vanaprastha/airflow/dags/PART 2/operator_python.py
[2024-11-27T12:20:44.329-0500] {processor.py:914} INFO - Processing file /home/vanaprastha/airflow/dags/PART 2/operator_python.py for tasks to queue
[2024-11-27T12:20:44.332-0500] {logging_mixin.py:190} INFO - [2024-11-27T12:20:44.331-0500] {dagbag.py:588} INFO - Filling up the DagBag from /home/vanaprastha/airflow/dags/PART 2/operator_python.py
[2024-11-27T12:20:44.346-0500] {processor.py:925} INFO - DAG(s) 'operator_python' retrieved from /home/vanaprastha/airflow/dags/PART 2/operator_python.py
[2024-11-27T12:20:44.366-0500] {logging_mixin.py:190} INFO - [2024-11-27T12:20:44.366-0500] {dag.py:3239} INFO - Sync 1 DAGs
[2024-11-27T12:20:44.378-0500] {logging_mixin.py:190} INFO - [2024-11-27T12:20:44.378-0500] {dag.py:4180} INFO - Setting next_dagrun for operator_python to 2024-11-27 00:00:00+00:00, run_after=2024-11-28 00:00:00+00:00
[2024-11-27T12:20:44.399-0500] {processor.py:208} INFO - Processing /home/vanaprastha/airflow/dags/PART 2/operator_python.py took 0.097 seconds
