[2024-11-27T12:29:46.323-0500] {local_task_job_runner.py:123} INFO - ::group::Pre task execution logs
[2024-11-27T12:29:46.328-0500] {taskinstance.py:2613} INFO - Dependencies all met for dep_context=non-requeueable deps ti=<TaskInstance: sensor_dag.wait_current_dag scheduled__2024-11-27T17:19:00+00:00 [queued]>
[2024-11-27T12:29:46.331-0500] {taskinstance.py:2613} INFO - Dependencies all met for dep_context=requeueable deps ti=<TaskInstance: sensor_dag.wait_current_dag scheduled__2024-11-27T17:19:00+00:00 [queued]>
[2024-11-27T12:29:46.331-0500] {taskinstance.py:2866} INFO - Starting attempt 2 of 1
[2024-11-27T12:29:46.343-0500] {taskinstance.py:2889} INFO - Executing <Task(ExternalTaskSensor): wait_current_dag> on 2024-11-27 17:19:00+00:00
[2024-11-27T12:29:46.348-0500] {logging_mixin.py:190} WARNING - /home/vanaprastha/anaconda3/lib/python3.12/site-packages/airflow/task/task_runner/standard_task_runner.py:70 DeprecationWarning: This process (pid=33783) is multi-threaded, use of fork() may lead to deadlocks in the child.
[2024-11-27T12:29:46.349-0500] {standard_task_runner.py:72} INFO - Started process 33790 to run task
[2024-11-27T12:29:46.349-0500] {standard_task_runner.py:104} INFO - Running: ['airflow', 'tasks', 'run', 'sensor_dag', 'wait_current_dag', 'scheduled__2024-11-27T17:19:00+00:00', '--job-id', '74', '--raw', '--subdir', 'DAGS_FOLDER/PART 3/Sensor/sensor_dag.py', '--cfg-path', '/tmp/tmpvsug1e6u']
[2024-11-27T12:29:46.349-0500] {standard_task_runner.py:105} INFO - Job 74: Subtask wait_current_dag
[2024-11-27T12:29:46.373-0500] {task_command.py:467} INFO - Running <TaskInstance: sensor_dag.wait_current_dag scheduled__2024-11-27T17:19:00+00:00 [running]> on host VanaPrastha
[2024-11-27T12:29:46.409-0500] {taskinstance.py:3132} INFO - Exporting env vars: AIRFLOW_CTX_DAG_OWNER='airflow' AIRFLOW_CTX_DAG_ID='sensor_dag' AIRFLOW_CTX_TASK_ID='wait_current_dag' AIRFLOW_CTX_EXECUTION_DATE='2024-11-27T17:19:00+00:00' AIRFLOW_CTX_TRY_NUMBER='2' AIRFLOW_CTX_DAG_RUN_ID='scheduled__2024-11-27T17:19:00+00:00'
[2024-11-27T12:29:46.409-0500] {logging_mixin.py:190} INFO - Task instance is in running state
[2024-11-27T12:29:46.409-0500] {logging_mixin.py:190} INFO -  Previous state of the Task instance: queued
[2024-11-27T12:29:46.409-0500] {logging_mixin.py:190} INFO - Current task name:wait_current_dag state:running start_date:2024-11-27 17:29:46.328866+00:00
[2024-11-27T12:29:46.410-0500] {logging_mixin.py:190} INFO - Dag name:sensor_dag and current dag run status:running
[2024-11-27T12:29:46.410-0500] {taskinstance.py:731} INFO - ::endgroup::
[2024-11-27T12:29:46.410-0500] {baseoperator.py:416} WARNING - ExternalTaskSensor.execute cannot be called outside TaskInstance!
[2024-11-27T12:29:46.410-0500] {external_task.py:258} INFO - Poking for tasks ['end_task'] in dag sensor_sleep on 2024-11-27T17:19:00+00:00 ... 
[2024-11-27T12:29:46.411-0500] {logging_mixin.py:190} WARNING - /home/vanaprastha/anaconda3/lib/python3.12/site-packages/airflow/utils/session.py:97 DeprecationWarning: This method is deprecated and will be removed in future.
[2024-11-27T12:29:51.414-0500] {external_task.py:258} INFO - Poking for tasks ['end_task'] in dag sensor_sleep on 2024-11-27T17:19:00+00:00 ... 
[2024-11-27T12:29:56.428-0500] {external_task.py:258} INFO - Poking for tasks ['end_task'] in dag sensor_sleep on 2024-11-27T17:19:00+00:00 ... 
[2024-11-27T12:30:01.432-0500] {external_task.py:258} INFO - Poking for tasks ['end_task'] in dag sensor_sleep on 2024-11-27T17:19:00+00:00 ... 
[2024-11-27T12:30:06.435-0500] {external_task.py:258} INFO - Poking for tasks ['end_task'] in dag sensor_sleep on 2024-11-27T17:19:00+00:00 ... 
[2024-11-27T12:30:11.441-0500] {external_task.py:258} INFO - Poking for tasks ['end_task'] in dag sensor_sleep on 2024-11-27T17:19:00+00:00 ... 
[2024-11-27T12:30:16.446-0500] {external_task.py:258} INFO - Poking for tasks ['end_task'] in dag sensor_sleep on 2024-11-27T17:19:00+00:00 ... 
[2024-11-27T12:30:21.451-0500] {external_task.py:258} INFO - Poking for tasks ['end_task'] in dag sensor_sleep on 2024-11-27T17:19:00+00:00 ... 
[2024-11-27T12:30:26.456-0500] {external_task.py:258} INFO - Poking for tasks ['end_task'] in dag sensor_sleep on 2024-11-27T17:19:00+00:00 ... 
[2024-11-27T12:30:31.462-0500] {external_task.py:258} INFO - Poking for tasks ['end_task'] in dag sensor_sleep on 2024-11-27T17:19:00+00:00 ... 
[2024-11-27T12:30:36.467-0500] {external_task.py:258} INFO - Poking for tasks ['end_task'] in dag sensor_sleep on 2024-11-27T17:19:00+00:00 ... 
[2024-11-27T12:30:41.472-0500] {external_task.py:258} INFO - Poking for tasks ['end_task'] in dag sensor_sleep on 2024-11-27T17:19:00+00:00 ... 
[2024-11-27T12:30:46.478-0500] {external_task.py:258} INFO - Poking for tasks ['end_task'] in dag sensor_sleep on 2024-11-27T17:19:00+00:00 ... 
[2024-11-27T12:30:51.481-0500] {external_task.py:258} INFO - Poking for tasks ['end_task'] in dag sensor_sleep on 2024-11-27T17:19:00+00:00 ... 
[2024-11-27T12:30:56.484-0500] {external_task.py:258} INFO - Poking for tasks ['end_task'] in dag sensor_sleep on 2024-11-27T17:19:00+00:00 ... 
[2024-11-27T12:31:01.487-0500] {external_task.py:258} INFO - Poking for tasks ['end_task'] in dag sensor_sleep on 2024-11-27T17:19:00+00:00 ... 
[2024-11-27T12:31:06.490-0500] {external_task.py:258} INFO - Poking for tasks ['end_task'] in dag sensor_sleep on 2024-11-27T17:19:00+00:00 ... 
[2024-11-27T12:31:11.493-0500] {external_task.py:258} INFO - Poking for tasks ['end_task'] in dag sensor_sleep on 2024-11-27T17:19:00+00:00 ... 
[2024-11-27T12:31:16.502-0500] {external_task.py:258} INFO - Poking for tasks ['end_task'] in dag sensor_sleep on 2024-11-27T17:19:00+00:00 ... 
[2024-11-27T12:31:21.506-0500] {external_task.py:258} INFO - Poking for tasks ['end_task'] in dag sensor_sleep on 2024-11-27T17:19:00+00:00 ... 
[2024-11-27T12:31:26.512-0500] {external_task.py:258} INFO - Poking for tasks ['end_task'] in dag sensor_sleep on 2024-11-27T17:19:00+00:00 ... 
[2024-11-27T12:31:31.517-0500] {external_task.py:258} INFO - Poking for tasks ['end_task'] in dag sensor_sleep on 2024-11-27T17:19:00+00:00 ... 
[2024-11-27T12:31:36.520-0500] {external_task.py:258} INFO - Poking for tasks ['end_task'] in dag sensor_sleep on 2024-11-27T17:19:00+00:00 ... 
[2024-11-27T12:31:41.524-0500] {external_task.py:258} INFO - Poking for tasks ['end_task'] in dag sensor_sleep on 2024-11-27T17:19:00+00:00 ... 
[2024-11-27T12:31:46.529-0500] {external_task.py:258} INFO - Poking for tasks ['end_task'] in dag sensor_sleep on 2024-11-27T17:19:00+00:00 ... 
[2024-11-27T12:31:51.534-0500] {external_task.py:258} INFO - Poking for tasks ['end_task'] in dag sensor_sleep on 2024-11-27T17:19:00+00:00 ... 
[2024-11-27T12:31:56.556-0500] {external_task.py:258} INFO - Poking for tasks ['end_task'] in dag sensor_sleep on 2024-11-27T17:19:00+00:00 ... 
[2024-11-27T12:32:01.562-0500] {external_task.py:258} INFO - Poking for tasks ['end_task'] in dag sensor_sleep on 2024-11-27T17:19:00+00:00 ... 
[2024-11-27T12:32:06.568-0500] {external_task.py:258} INFO - Poking for tasks ['end_task'] in dag sensor_sleep on 2024-11-27T17:19:00+00:00 ... 
[2024-11-27T12:32:11.573-0500] {external_task.py:258} INFO - Poking for tasks ['end_task'] in dag sensor_sleep on 2024-11-27T17:19:00+00:00 ... 
[2024-11-27T12:32:16.578-0500] {external_task.py:258} INFO - Poking for tasks ['end_task'] in dag sensor_sleep on 2024-11-27T17:19:00+00:00 ... 
[2024-11-27T12:32:21.584-0500] {external_task.py:258} INFO - Poking for tasks ['end_task'] in dag sensor_sleep on 2024-11-27T17:19:00+00:00 ... 
[2024-11-27T12:32:26.589-0500] {external_task.py:258} INFO - Poking for tasks ['end_task'] in dag sensor_sleep on 2024-11-27T17:19:00+00:00 ... 
[2024-11-27T12:32:31.592-0500] {external_task.py:258} INFO - Poking for tasks ['end_task'] in dag sensor_sleep on 2024-11-27T17:19:00+00:00 ... 
[2024-11-27T12:32:36.595-0500] {external_task.py:258} INFO - Poking for tasks ['end_task'] in dag sensor_sleep on 2024-11-27T17:19:00+00:00 ... 
[2024-11-27T12:32:41.600-0500] {external_task.py:258} INFO - Poking for tasks ['end_task'] in dag sensor_sleep on 2024-11-27T17:19:00+00:00 ... 
[2024-11-27T12:32:46.606-0500] {external_task.py:258} INFO - Poking for tasks ['end_task'] in dag sensor_sleep on 2024-11-27T17:19:00+00:00 ... 
[2024-11-27T12:32:51.611-0500] {external_task.py:258} INFO - Poking for tasks ['end_task'] in dag sensor_sleep on 2024-11-27T17:19:00+00:00 ... 
[2024-11-27T12:32:56.614-0500] {external_task.py:258} INFO - Poking for tasks ['end_task'] in dag sensor_sleep on 2024-11-27T17:19:00+00:00 ... 
[2024-11-27T12:33:01.617-0500] {external_task.py:258} INFO - Poking for tasks ['end_task'] in dag sensor_sleep on 2024-11-27T17:19:00+00:00 ... 
[2024-11-27T12:33:06.620-0500] {external_task.py:258} INFO - Poking for tasks ['end_task'] in dag sensor_sleep on 2024-11-27T17:19:00+00:00 ... 
[2024-11-27T12:33:11.625-0500] {external_task.py:258} INFO - Poking for tasks ['end_task'] in dag sensor_sleep on 2024-11-27T17:19:00+00:00 ... 
[2024-11-27T12:33:16.628-0500] {external_task.py:258} INFO - Poking for tasks ['end_task'] in dag sensor_sleep on 2024-11-27T17:19:00+00:00 ... 
[2024-11-27T12:33:21.632-0500] {external_task.py:258} INFO - Poking for tasks ['end_task'] in dag sensor_sleep on 2024-11-27T17:19:00+00:00 ... 
[2024-11-27T12:33:26.636-0500] {external_task.py:258} INFO - Poking for tasks ['end_task'] in dag sensor_sleep on 2024-11-27T17:19:00+00:00 ... 
[2024-11-27T12:33:31.639-0500] {external_task.py:258} INFO - Poking for tasks ['end_task'] in dag sensor_sleep on 2024-11-27T17:19:00+00:00 ... 
[2024-11-27T12:33:36.661-0500] {external_task.py:258} INFO - Poking for tasks ['end_task'] in dag sensor_sleep on 2024-11-27T17:19:00+00:00 ... 
[2024-11-27T12:33:41.664-0500] {external_task.py:258} INFO - Poking for tasks ['end_task'] in dag sensor_sleep on 2024-11-27T17:19:00+00:00 ... 
[2024-11-27T12:33:42.790-0500] {local_task_job_runner.py:245} INFO - ::endgroup::
[2024-11-27T12:33:42.796-0500] {process_utils.py:132} INFO - Sending 15 to group 33790. PIDs of all processes in the group: [33790]
[2024-11-27T12:33:42.796-0500] {process_utils.py:87} INFO - Sending the signal 15 to group 33790
[2024-11-27T12:33:42.796-0500] {taskinstance.py:3093} ERROR - Received SIGTERM. Terminating subprocesses.
[2024-11-27T12:33:42.800-0500] {taskinstance.py:3311} ERROR - Task failed with exception
Traceback (most recent call last):
  File "/home/vanaprastha/anaconda3/lib/python3.12/site-packages/airflow/models/taskinstance.py", line 767, in _execute_task
    result = _execute_callable(context=context, **execute_callable_kwargs)
             ^^^^^^^^^^^^^^^^^^^^^^^^^^^^^^^^^^^^^^^^^^^^^^^^^^^^^^^^^^^^^
  File "/home/vanaprastha/anaconda3/lib/python3.12/site-packages/airflow/models/taskinstance.py", line 733, in _execute_callable
    return ExecutionCallableRunner(
           ^^^^^^^^^^^^^^^^^^^^^^^^
  File "/home/vanaprastha/anaconda3/lib/python3.12/site-packages/airflow/utils/operator_helpers.py", line 252, in run
    return self.func(*args, **kwargs)
           ^^^^^^^^^^^^^^^^^^^^^^^^^^
  File "/home/vanaprastha/anaconda3/lib/python3.12/site-packages/airflow/models/baseoperator.py", line 417, in wrapper
    return func(self, *args, **kwargs)
           ^^^^^^^^^^^^^^^^^^^^^^^^^^^
  File "/home/vanaprastha/anaconda3/lib/python3.12/site-packages/airflow/sensors/external_task.py", line 348, in execute
    super().execute(context)
  File "/home/vanaprastha/anaconda3/lib/python3.12/site-packages/airflow/models/baseoperator.py", line 417, in wrapper
    return func(self, *args, **kwargs)
           ^^^^^^^^^^^^^^^^^^^^^^^^^^^
  File "/home/vanaprastha/anaconda3/lib/python3.12/site-packages/airflow/sensors/base.py", line 334, in execute
    time.sleep(self._get_next_poke_interval(started_at, run_duration, poke_count))
  File "/home/vanaprastha/anaconda3/lib/python3.12/site-packages/airflow/models/taskinstance.py", line 3095, in signal_handler
    raise AirflowTaskTerminated("Task received SIGTERM signal")
airflow.exceptions.AirflowTaskTerminated: Task received SIGTERM signal
[2024-11-27T12:33:42.826-0500] {logging_mixin.py:190} INFO - Task instance in failure state
[2024-11-27T12:33:42.826-0500] {logging_mixin.py:190} INFO - Task start:2024-11-27 17:29:46.328866+00:00 end:2024-11-27 17:33:42.825437+00:00 duration:236.496571
[2024-11-27T12:33:42.827-0500] {logging_mixin.py:190} INFO - Task:<Task(ExternalTaskSensor): wait_current_dag> dag:<DAG: sensor_dag> dagrun:<DagRun sensor_dag @ 2024-11-27 17:19:00+00:00: scheduled__2024-11-27T17:19:00+00:00, state:running, queued_at: 2024-11-27 17:26:15.528566+00:00. externally triggered: False>
[2024-11-27T12:33:42.827-0500] {logging_mixin.py:190} INFO - Failure caused by Task received SIGTERM signal
[2024-11-27T12:33:42.827-0500] {taskinstance.py:1225} INFO - Marking task as FAILED. dag_id=sensor_dag, task_id=wait_current_dag, run_id=scheduled__2024-11-27T17:19:00+00:00, execution_date=20241127T171900, start_date=20241127T172946, end_date=20241127T173342
[2024-11-27T12:33:42.853-0500] {taskinstance.py:340} INFO - ::group::Post task execution logs
[2024-11-27T12:33:42.889-0500] {process_utils.py:80} INFO - Process psutil.Process(pid=33790, status='terminated', exitcode=2, started='12:29:45') (33790) terminated with exit code 2
[2024-11-27T12:33:46.696-0500] {local_task_job_runner.py:123} INFO - ::group::Pre task execution logs
[2024-11-27T12:33:46.702-0500] {taskinstance.py:2603} INFO - Dependencies not met for <TaskInstance: sensor_dag.wait_current_dag scheduled__2024-11-27T17:19:00+00:00 [failed]>, dependency 'Task Instance State' FAILED: Task is in the 'failed' state.
[2024-11-27T12:33:46.709-0500] {local_task_job_runner.py:166} INFO - Task is not able to be run
