[2024-11-27T12:28:13.797-0500] {local_task_job_runner.py:123} INFO - ::group::Pre task execution logs
[2024-11-27T12:28:13.803-0500] {taskinstance.py:2613} INFO - Dependencies all met for dep_context=non-requeueable deps ti=<TaskInstance: sensor_dag.wait_current_dag scheduled__2024-11-27T17:19:00+00:00 [queued]>
[2024-11-27T12:28:13.806-0500] {taskinstance.py:2613} INFO - Dependencies all met for dep_context=requeueable deps ti=<TaskInstance: sensor_dag.wait_current_dag scheduled__2024-11-27T17:19:00+00:00 [queued]>
[2024-11-27T12:28:13.806-0500] {taskinstance.py:2866} INFO - Starting attempt 1 of 1
[2024-11-27T12:28:13.818-0500] {taskinstance.py:2889} INFO - Executing <Task(ExternalTaskSensor): wait_current_dag> on 2024-11-27 17:19:00+00:00
[2024-11-27T12:28:13.824-0500] {logging_mixin.py:190} WARNING - /home/vanaprastha/anaconda3/lib/python3.12/site-packages/airflow/task/task_runner/standard_task_runner.py:70 DeprecationWarning: This process (pid=33679) is multi-threaded, use of fork() may lead to deadlocks in the child.
[2024-11-27T12:28:13.824-0500] {standard_task_runner.py:104} INFO - Running: ['airflow', 'tasks', 'run', 'sensor_dag', 'wait_current_dag', 'scheduled__2024-11-27T17:19:00+00:00', '--job-id', '70', '--raw', '--subdir', 'DAGS_FOLDER/PART 3/Sensor/sensor_dag.py', '--cfg-path', '/tmp/tmp173ewxz5']
[2024-11-27T12:28:13.824-0500] {standard_task_runner.py:72} INFO - Started process 33695 to run task
[2024-11-27T12:28:13.824-0500] {standard_task_runner.py:105} INFO - Job 70: Subtask wait_current_dag
[2024-11-27T12:28:13.848-0500] {task_command.py:467} INFO - Running <TaskInstance: sensor_dag.wait_current_dag scheduled__2024-11-27T17:19:00+00:00 [running]> on host VanaPrastha
[2024-11-27T12:28:13.889-0500] {taskinstance.py:3132} INFO - Exporting env vars: AIRFLOW_CTX_DAG_OWNER='airflow' AIRFLOW_CTX_DAG_ID='sensor_dag' AIRFLOW_CTX_TASK_ID='wait_current_dag' AIRFLOW_CTX_EXECUTION_DATE='2024-11-27T17:19:00+00:00' AIRFLOW_CTX_TRY_NUMBER='1' AIRFLOW_CTX_DAG_RUN_ID='scheduled__2024-11-27T17:19:00+00:00'
[2024-11-27T12:28:13.889-0500] {logging_mixin.py:190} INFO - Task instance is in running state
[2024-11-27T12:28:13.890-0500] {logging_mixin.py:190} INFO -  Previous state of the Task instance: queued
[2024-11-27T12:28:13.890-0500] {logging_mixin.py:190} INFO - Current task name:wait_current_dag state:running start_date:2024-11-27 17:28:13.803820+00:00
[2024-11-27T12:28:13.890-0500] {logging_mixin.py:190} INFO - Dag name:sensor_dag and current dag run status:running
[2024-11-27T12:28:13.890-0500] {taskinstance.py:731} INFO - ::endgroup::
[2024-11-27T12:28:13.890-0500] {baseoperator.py:416} WARNING - ExternalTaskSensor.execute cannot be called outside TaskInstance!
[2024-11-27T12:28:13.891-0500] {external_task.py:258} INFO - Poking for tasks ['end_task'] in dag sensor_sleep on 2024-11-27T17:19:00+00:00 ... 
[2024-11-27T12:28:13.892-0500] {logging_mixin.py:190} WARNING - /home/vanaprastha/anaconda3/lib/python3.12/site-packages/airflow/utils/session.py:97 DeprecationWarning: This method is deprecated and will be removed in future.
[2024-11-27T12:28:18.895-0500] {external_task.py:258} INFO - Poking for tasks ['end_task'] in dag sensor_sleep on 2024-11-27T17:19:00+00:00 ... 
[2024-11-27T12:28:23.900-0500] {external_task.py:258} INFO - Poking for tasks ['end_task'] in dag sensor_sleep on 2024-11-27T17:19:00+00:00 ... 
[2024-11-27T12:28:28.905-0500] {external_task.py:258} INFO - Poking for tasks ['end_task'] in dag sensor_sleep on 2024-11-27T17:19:00+00:00 ... 
[2024-11-27T12:28:33.911-0500] {external_task.py:258} INFO - Poking for tasks ['end_task'] in dag sensor_sleep on 2024-11-27T17:19:00+00:00 ... 
[2024-11-27T12:28:38.918-0500] {external_task.py:258} INFO - Poking for tasks ['end_task'] in dag sensor_sleep on 2024-11-27T17:19:00+00:00 ... 
[2024-11-27T12:28:43.923-0500] {external_task.py:258} INFO - Poking for tasks ['end_task'] in dag sensor_sleep on 2024-11-27T17:19:00+00:00 ... 
[2024-11-27T12:28:48.928-0500] {external_task.py:258} INFO - Poking for tasks ['end_task'] in dag sensor_sleep on 2024-11-27T17:19:00+00:00 ... 
[2024-11-27T12:28:53.935-0500] {external_task.py:258} INFO - Poking for tasks ['end_task'] in dag sensor_sleep on 2024-11-27T17:19:00+00:00 ... 
[2024-11-27T12:28:58.937-0500] {external_task.py:258} INFO - Poking for tasks ['end_task'] in dag sensor_sleep on 2024-11-27T17:19:00+00:00 ... 
[2024-11-27T12:29:03.942-0500] {external_task.py:258} INFO - Poking for tasks ['end_task'] in dag sensor_sleep on 2024-11-27T17:19:00+00:00 ... 
[2024-11-27T12:29:08.945-0500] {external_task.py:258} INFO - Poking for tasks ['end_task'] in dag sensor_sleep on 2024-11-27T17:19:00+00:00 ... 
[2024-11-27T12:29:13.949-0500] {external_task.py:258} INFO - Poking for tasks ['end_task'] in dag sensor_sleep on 2024-11-27T17:19:00+00:00 ... 
[2024-11-27T12:29:18.952-0500] {external_task.py:258} INFO - Poking for tasks ['end_task'] in dag sensor_sleep on 2024-11-27T17:19:00+00:00 ... 
[2024-11-27T12:29:23.958-0500] {external_task.py:258} INFO - Poking for tasks ['end_task'] in dag sensor_sleep on 2024-11-27T17:19:00+00:00 ... 
[2024-11-27T12:29:28.963-0500] {external_task.py:258} INFO - Poking for tasks ['end_task'] in dag sensor_sleep on 2024-11-27T17:19:00+00:00 ... 
[2024-11-27T12:29:33.968-0500] {external_task.py:258} INFO - Poking for tasks ['end_task'] in dag sensor_sleep on 2024-11-27T17:19:00+00:00 ... 
[2024-11-27T12:29:38.973-0500] {external_task.py:258} INFO - Poking for tasks ['end_task'] in dag sensor_sleep on 2024-11-27T17:19:00+00:00 ... 
[2024-11-27T12:29:43.978-0500] {external_task.py:258} INFO - Poking for tasks ['end_task'] in dag sensor_sleep on 2024-11-27T17:19:00+00:00 ... 
[2024-11-27T12:29:48.982-0500] {external_task.py:258} INFO - Poking for tasks ['end_task'] in dag sensor_sleep on 2024-11-27T17:19:00+00:00 ... 
[2024-11-27T12:29:50.072-0500] {local_task_job_runner.py:318} WARNING - Recorded pid 33790 does not match the current pid 33695
[2024-11-27T12:29:50.072-0500] {local_task_job_runner.py:218} WARNING - Heartbeat failed with Exception: PID of job runner does not match
[2024-11-27T12:29:53.987-0500] {external_task.py:258} INFO - Poking for tasks ['end_task'] in dag sensor_sleep on 2024-11-27T17:19:00+00:00 ... 
[2024-11-27T12:29:55.122-0500] {local_task_job_runner.py:318} WARNING - Recorded pid 33790 does not match the current pid 33695
[2024-11-27T12:29:55.123-0500] {local_task_job_runner.py:218} WARNING - Heartbeat failed with Exception: PID of job runner does not match
[2024-11-27T12:29:58.993-0500] {external_task.py:258} INFO - Poking for tasks ['end_task'] in dag sensor_sleep on 2024-11-27T17:19:00+00:00 ... 
[2024-11-27T12:30:00.182-0500] {local_task_job_runner.py:318} WARNING - Recorded pid 33790 does not match the current pid 33695
[2024-11-27T12:30:00.183-0500] {local_task_job_runner.py:218} WARNING - Heartbeat failed with Exception: PID of job runner does not match
[2024-11-27T12:30:03.996-0500] {external_task.py:258} INFO - Poking for tasks ['end_task'] in dag sensor_sleep on 2024-11-27T17:19:00+00:00 ... 
[2024-11-27T12:30:05.248-0500] {local_task_job_runner.py:318} WARNING - Recorded pid 33790 does not match the current pid 33695
[2024-11-27T12:30:05.249-0500] {local_task_job_runner.py:218} WARNING - Heartbeat failed with Exception: PID of job runner does not match
[2024-11-27T12:30:09.002-0500] {external_task.py:258} INFO - Poking for tasks ['end_task'] in dag sensor_sleep on 2024-11-27T17:19:00+00:00 ... 
[2024-11-27T12:30:10.314-0500] {local_task_job_runner.py:318} WARNING - Recorded pid 33790 does not match the current pid 33695
[2024-11-27T12:30:10.315-0500] {local_task_job_runner.py:218} WARNING - Heartbeat failed with Exception: PID of job runner does not match
[2024-11-27T12:30:14.008-0500] {external_task.py:258} INFO - Poking for tasks ['end_task'] in dag sensor_sleep on 2024-11-27T17:19:00+00:00 ... 
[2024-11-27T12:30:15.383-0500] {local_task_job_runner.py:318} WARNING - Recorded pid 33790 does not match the current pid 33695
[2024-11-27T12:30:15.383-0500] {local_task_job_runner.py:218} WARNING - Heartbeat failed with Exception: PID of job runner does not match
[2024-11-27T12:30:19.011-0500] {external_task.py:258} INFO - Poking for tasks ['end_task'] in dag sensor_sleep on 2024-11-27T17:19:00+00:00 ... 
[2024-11-27T12:30:20.447-0500] {local_task_job_runner.py:318} WARNING - Recorded pid 33790 does not match the current pid 33695
[2024-11-27T12:30:20.447-0500] {local_task_job_runner.py:218} WARNING - Heartbeat failed with Exception: PID of job runner does not match
[2024-11-27T12:30:24.016-0500] {external_task.py:258} INFO - Poking for tasks ['end_task'] in dag sensor_sleep on 2024-11-27T17:19:00+00:00 ... 
[2024-11-27T12:30:25.512-0500] {local_task_job_runner.py:318} WARNING - Recorded pid 33790 does not match the current pid 33695
[2024-11-27T12:30:25.513-0500] {local_task_job_runner.py:218} WARNING - Heartbeat failed with Exception: PID of job runner does not match
[2024-11-27T12:30:29.021-0500] {external_task.py:258} INFO - Poking for tasks ['end_task'] in dag sensor_sleep on 2024-11-27T17:19:00+00:00 ... 
[2024-11-27T12:30:30.576-0500] {local_task_job_runner.py:318} WARNING - Recorded pid 33790 does not match the current pid 33695
[2024-11-27T12:30:30.576-0500] {local_task_job_runner.py:218} WARNING - Heartbeat failed with Exception: PID of job runner does not match
[2024-11-27T12:30:34.026-0500] {external_task.py:258} INFO - Poking for tasks ['end_task'] in dag sensor_sleep on 2024-11-27T17:19:00+00:00 ... 
[2024-11-27T12:30:35.640-0500] {local_task_job_runner.py:318} WARNING - Recorded pid 33790 does not match the current pid 33695
[2024-11-27T12:30:35.640-0500] {local_task_job_runner.py:218} WARNING - Heartbeat failed with Exception: PID of job runner does not match
[2024-11-27T12:30:39.032-0500] {external_task.py:258} INFO - Poking for tasks ['end_task'] in dag sensor_sleep on 2024-11-27T17:19:00+00:00 ... 
[2024-11-27T12:30:40.704-0500] {local_task_job_runner.py:318} WARNING - Recorded pid 33790 does not match the current pid 33695
[2024-11-27T12:30:40.705-0500] {local_task_job_runner.py:218} WARNING - Heartbeat failed with Exception: PID of job runner does not match
[2024-11-27T12:30:44.038-0500] {external_task.py:258} INFO - Poking for tasks ['end_task'] in dag sensor_sleep on 2024-11-27T17:19:00+00:00 ... 
[2024-11-27T12:30:45.772-0500] {local_task_job_runner.py:318} WARNING - Recorded pid 33790 does not match the current pid 33695
[2024-11-27T12:30:45.773-0500] {local_task_job_runner.py:218} WARNING - Heartbeat failed with Exception: PID of job runner does not match
[2024-11-27T12:30:49.044-0500] {external_task.py:258} INFO - Poking for tasks ['end_task'] in dag sensor_sleep on 2024-11-27T17:19:00+00:00 ... 
[2024-11-27T12:30:50.817-0500] {local_task_job_runner.py:318} WARNING - Recorded pid 33790 does not match the current pid 33695
[2024-11-27T12:30:50.817-0500] {local_task_job_runner.py:218} WARNING - Heartbeat failed with Exception: PID of job runner does not match
[2024-11-27T12:30:54.049-0500] {external_task.py:258} INFO - Poking for tasks ['end_task'] in dag sensor_sleep on 2024-11-27T17:19:00+00:00 ... 
[2024-11-27T12:30:55.877-0500] {local_task_job_runner.py:318} WARNING - Recorded pid 33790 does not match the current pid 33695
[2024-11-27T12:30:55.877-0500] {local_task_job_runner.py:218} WARNING - Heartbeat failed with Exception: PID of job runner does not match
[2024-11-27T12:30:59.055-0500] {external_task.py:258} INFO - Poking for tasks ['end_task'] in dag sensor_sleep on 2024-11-27T17:19:00+00:00 ... 
[2024-11-27T12:31:00.947-0500] {local_task_job_runner.py:318} WARNING - Recorded pid 33790 does not match the current pid 33695
[2024-11-27T12:31:00.947-0500] {local_task_job_runner.py:218} WARNING - Heartbeat failed with Exception: PID of job runner does not match
[2024-11-27T12:31:04.078-0500] {external_task.py:258} INFO - Poking for tasks ['end_task'] in dag sensor_sleep on 2024-11-27T17:19:00+00:00 ... 
[2024-11-27T12:31:06.011-0500] {local_task_job_runner.py:318} WARNING - Recorded pid 33790 does not match the current pid 33695
[2024-11-27T12:31:06.011-0500] {local_task_job_runner.py:218} WARNING - Heartbeat failed with Exception: PID of job runner does not match
[2024-11-27T12:31:09.081-0500] {external_task.py:258} INFO - Poking for tasks ['end_task'] in dag sensor_sleep on 2024-11-27T17:19:00+00:00 ... 
[2024-11-27T12:31:11.074-0500] {local_task_job_runner.py:318} WARNING - Recorded pid 33790 does not match the current pid 33695
[2024-11-27T12:31:11.075-0500] {local_task_job_runner.py:218} WARNING - Heartbeat failed with Exception: PID of job runner does not match
[2024-11-27T12:31:14.084-0500] {external_task.py:258} INFO - Poking for tasks ['end_task'] in dag sensor_sleep on 2024-11-27T17:19:00+00:00 ... 
[2024-11-27T12:31:16.138-0500] {local_task_job_runner.py:318} WARNING - Recorded pid 33790 does not match the current pid 33695
[2024-11-27T12:31:16.139-0500] {local_task_job_runner.py:218} WARNING - Heartbeat failed with Exception: PID of job runner does not match
[2024-11-27T12:31:19.090-0500] {external_task.py:258} INFO - Poking for tasks ['end_task'] in dag sensor_sleep on 2024-11-27T17:19:00+00:00 ... 
[2024-11-27T12:31:21.186-0500] {local_task_job_runner.py:318} WARNING - Recorded pid 33790 does not match the current pid 33695
[2024-11-27T12:31:21.187-0500] {local_task_job_runner.py:218} WARNING - Heartbeat failed with Exception: PID of job runner does not match
[2024-11-27T12:31:24.093-0500] {external_task.py:258} INFO - Poking for tasks ['end_task'] in dag sensor_sleep on 2024-11-27T17:19:00+00:00 ... 
[2024-11-27T12:31:26.251-0500] {local_task_job_runner.py:318} WARNING - Recorded pid 33790 does not match the current pid 33695
[2024-11-27T12:31:26.252-0500] {local_task_job_runner.py:218} WARNING - Heartbeat failed with Exception: PID of job runner does not match
[2024-11-27T12:31:29.099-0500] {external_task.py:258} INFO - Poking for tasks ['end_task'] in dag sensor_sleep on 2024-11-27T17:19:00+00:00 ... 
[2024-11-27T12:31:31.310-0500] {local_task_job_runner.py:318} WARNING - Recorded pid 33790 does not match the current pid 33695
[2024-11-27T12:31:31.311-0500] {local_task_job_runner.py:218} WARNING - Heartbeat failed with Exception: PID of job runner does not match
[2024-11-27T12:31:34.102-0500] {external_task.py:258} INFO - Poking for tasks ['end_task'] in dag sensor_sleep on 2024-11-27T17:19:00+00:00 ... 
[2024-11-27T12:31:36.359-0500] {local_task_job_runner.py:318} WARNING - Recorded pid 33790 does not match the current pid 33695
[2024-11-27T12:31:36.360-0500] {local_task_job_runner.py:218} WARNING - Heartbeat failed with Exception: PID of job runner does not match
[2024-11-27T12:31:39.105-0500] {external_task.py:258} INFO - Poking for tasks ['end_task'] in dag sensor_sleep on 2024-11-27T17:19:00+00:00 ... 
[2024-11-27T12:31:41.430-0500] {local_task_job_runner.py:318} WARNING - Recorded pid 33790 does not match the current pid 33695
[2024-11-27T12:31:41.430-0500] {local_task_job_runner.py:218} WARNING - Heartbeat failed with Exception: PID of job runner does not match
[2024-11-27T12:31:44.114-0500] {external_task.py:258} INFO - Poking for tasks ['end_task'] in dag sensor_sleep on 2024-11-27T17:19:00+00:00 ... 
[2024-11-27T12:31:46.495-0500] {local_task_job_runner.py:318} WARNING - Recorded pid 33790 does not match the current pid 33695
[2024-11-27T12:31:46.496-0500] {local_task_job_runner.py:218} WARNING - Heartbeat failed with Exception: PID of job runner does not match
[2024-11-27T12:31:49.118-0500] {external_task.py:258} INFO - Poking for tasks ['end_task'] in dag sensor_sleep on 2024-11-27T17:19:00+00:00 ... 
[2024-11-27T12:31:51.556-0500] {local_task_job_runner.py:318} WARNING - Recorded pid 33790 does not match the current pid 33695
[2024-11-27T12:31:51.557-0500] {local_task_job_runner.py:218} WARNING - Heartbeat failed with Exception: PID of job runner does not match
[2024-11-27T12:31:54.125-0500] {external_task.py:258} INFO - Poking for tasks ['end_task'] in dag sensor_sleep on 2024-11-27T17:19:00+00:00 ... 
[2024-11-27T12:31:56.620-0500] {local_task_job_runner.py:318} WARNING - Recorded pid 33790 does not match the current pid 33695
[2024-11-27T12:31:56.621-0500] {local_task_job_runner.py:218} WARNING - Heartbeat failed with Exception: PID of job runner does not match
[2024-11-27T12:31:59.131-0500] {external_task.py:258} INFO - Poking for tasks ['end_task'] in dag sensor_sleep on 2024-11-27T17:19:00+00:00 ... 
[2024-11-27T12:32:01.691-0500] {local_task_job_runner.py:318} WARNING - Recorded pid 33790 does not match the current pid 33695
[2024-11-27T12:32:01.691-0500] {local_task_job_runner.py:218} WARNING - Heartbeat failed with Exception: PID of job runner does not match
[2024-11-27T12:32:04.136-0500] {external_task.py:258} INFO - Poking for tasks ['end_task'] in dag sensor_sleep on 2024-11-27T17:19:00+00:00 ... 
[2024-11-27T12:32:06.757-0500] {local_task_job_runner.py:318} WARNING - Recorded pid 33790 does not match the current pid 33695
[2024-11-27T12:32:06.757-0500] {local_task_job_runner.py:218} WARNING - Heartbeat failed with Exception: PID of job runner does not match
[2024-11-27T12:32:09.142-0500] {external_task.py:258} INFO - Poking for tasks ['end_task'] in dag sensor_sleep on 2024-11-27T17:19:00+00:00 ... 
[2024-11-27T12:32:11.798-0500] {local_task_job_runner.py:318} WARNING - Recorded pid 33790 does not match the current pid 33695
[2024-11-27T12:32:11.798-0500] {local_task_job_runner.py:218} WARNING - Heartbeat failed with Exception: PID of job runner does not match
[2024-11-27T12:32:14.146-0500] {external_task.py:258} INFO - Poking for tasks ['end_task'] in dag sensor_sleep on 2024-11-27T17:19:00+00:00 ... 
[2024-11-27T12:32:16.861-0500] {local_task_job_runner.py:318} WARNING - Recorded pid 33790 does not match the current pid 33695
[2024-11-27T12:32:16.861-0500] {local_task_job_runner.py:218} WARNING - Heartbeat failed with Exception: PID of job runner does not match
[2024-11-27T12:32:19.152-0500] {external_task.py:258} INFO - Poking for tasks ['end_task'] in dag sensor_sleep on 2024-11-27T17:19:00+00:00 ... 
[2024-11-27T12:32:21.926-0500] {local_task_job_runner.py:318} WARNING - Recorded pid 33790 does not match the current pid 33695
[2024-11-27T12:32:21.926-0500] {local_task_job_runner.py:218} WARNING - Heartbeat failed with Exception: PID of job runner does not match
[2024-11-27T12:32:24.158-0500] {external_task.py:258} INFO - Poking for tasks ['end_task'] in dag sensor_sleep on 2024-11-27T17:19:00+00:00 ... 
[2024-11-27T12:32:26.986-0500] {local_task_job_runner.py:318} WARNING - Recorded pid 33790 does not match the current pid 33695
[2024-11-27T12:32:26.986-0500] {local_task_job_runner.py:218} WARNING - Heartbeat failed with Exception: PID of job runner does not match
[2024-11-27T12:32:29.163-0500] {external_task.py:258} INFO - Poking for tasks ['end_task'] in dag sensor_sleep on 2024-11-27T17:19:00+00:00 ... 
[2024-11-27T12:32:32.026-0500] {local_task_job_runner.py:318} WARNING - Recorded pid 33790 does not match the current pid 33695
[2024-11-27T12:32:32.026-0500] {local_task_job_runner.py:218} WARNING - Heartbeat failed with Exception: PID of job runner does not match
[2024-11-27T12:32:34.166-0500] {external_task.py:258} INFO - Poking for tasks ['end_task'] in dag sensor_sleep on 2024-11-27T17:19:00+00:00 ... 
[2024-11-27T12:32:37.089-0500] {local_task_job_runner.py:318} WARNING - Recorded pid 33790 does not match the current pid 33695
[2024-11-27T12:32:37.090-0500] {local_task_job_runner.py:218} WARNING - Heartbeat failed with Exception: PID of job runner does not match
[2024-11-27T12:32:39.170-0500] {external_task.py:258} INFO - Poking for tasks ['end_task'] in dag sensor_sleep on 2024-11-27T17:19:00+00:00 ... 
[2024-11-27T12:32:42.144-0500] {local_task_job_runner.py:318} WARNING - Recorded pid 33790 does not match the current pid 33695
[2024-11-27T12:32:42.144-0500] {local_task_job_runner.py:218} WARNING - Heartbeat failed with Exception: PID of job runner does not match
[2024-11-27T12:32:44.174-0500] {external_task.py:258} INFO - Poking for tasks ['end_task'] in dag sensor_sleep on 2024-11-27T17:19:00+00:00 ... 
[2024-11-27T12:32:47.205-0500] {local_task_job_runner.py:318} WARNING - Recorded pid 33790 does not match the current pid 33695
[2024-11-27T12:32:47.206-0500] {local_task_job_runner.py:218} WARNING - Heartbeat failed with Exception: PID of job runner does not match
[2024-11-27T12:32:49.177-0500] {external_task.py:258} INFO - Poking for tasks ['end_task'] in dag sensor_sleep on 2024-11-27T17:19:00+00:00 ... 
[2024-11-27T12:32:52.264-0500] {local_task_job_runner.py:318} WARNING - Recorded pid 33790 does not match the current pid 33695
[2024-11-27T12:32:52.265-0500] {local_task_job_runner.py:218} WARNING - Heartbeat failed with Exception: PID of job runner does not match
[2024-11-27T12:32:54.183-0500] {external_task.py:258} INFO - Poking for tasks ['end_task'] in dag sensor_sleep on 2024-11-27T17:19:00+00:00 ... 
[2024-11-27T12:32:57.304-0500] {local_task_job_runner.py:318} WARNING - Recorded pid 33790 does not match the current pid 33695
[2024-11-27T12:32:57.305-0500] {local_task_job_runner.py:218} WARNING - Heartbeat failed with Exception: PID of job runner does not match
[2024-11-27T12:32:59.188-0500] {external_task.py:258} INFO - Poking for tasks ['end_task'] in dag sensor_sleep on 2024-11-27T17:19:00+00:00 ... 
[2024-11-27T12:33:02.365-0500] {local_task_job_runner.py:318} WARNING - Recorded pid 33790 does not match the current pid 33695
[2024-11-27T12:33:02.366-0500] {local_task_job_runner.py:218} WARNING - Heartbeat failed with Exception: PID of job runner does not match
[2024-11-27T12:33:04.195-0500] {external_task.py:258} INFO - Poking for tasks ['end_task'] in dag sensor_sleep on 2024-11-27T17:19:00+00:00 ... 
[2024-11-27T12:33:07.411-0500] {local_task_job_runner.py:318} WARNING - Recorded pid 33790 does not match the current pid 33695
[2024-11-27T12:33:07.411-0500] {local_task_job_runner.py:218} WARNING - Heartbeat failed with Exception: PID of job runner does not match
[2024-11-27T12:33:09.200-0500] {external_task.py:258} INFO - Poking for tasks ['end_task'] in dag sensor_sleep on 2024-11-27T17:19:00+00:00 ... 
[2024-11-27T12:33:12.471-0500] {local_task_job_runner.py:318} WARNING - Recorded pid 33790 does not match the current pid 33695
[2024-11-27T12:33:12.472-0500] {local_task_job_runner.py:218} WARNING - Heartbeat failed with Exception: PID of job runner does not match
[2024-11-27T12:33:14.206-0500] {external_task.py:258} INFO - Poking for tasks ['end_task'] in dag sensor_sleep on 2024-11-27T17:19:00+00:00 ... 
[2024-11-27T12:33:17.540-0500] {local_task_job_runner.py:318} WARNING - Recorded pid 33790 does not match the current pid 33695
[2024-11-27T12:33:17.540-0500] {local_task_job_runner.py:218} WARNING - Heartbeat failed with Exception: PID of job runner does not match
[2024-11-27T12:33:19.211-0500] {external_task.py:258} INFO - Poking for tasks ['end_task'] in dag sensor_sleep on 2024-11-27T17:19:00+00:00 ... 
[2024-11-27T12:33:22.608-0500] {local_task_job_runner.py:318} WARNING - Recorded pid 33790 does not match the current pid 33695
[2024-11-27T12:33:22.609-0500] {local_task_job_runner.py:218} WARNING - Heartbeat failed with Exception: PID of job runner does not match
[2024-11-27T12:33:24.217-0500] {external_task.py:258} INFO - Poking for tasks ['end_task'] in dag sensor_sleep on 2024-11-27T17:19:00+00:00 ... 
[2024-11-27T12:33:27.664-0500] {local_task_job_runner.py:318} WARNING - Recorded pid 33790 does not match the current pid 33695
[2024-11-27T12:33:27.664-0500] {local_task_job_runner.py:218} WARNING - Heartbeat failed with Exception: PID of job runner does not match
[2024-11-27T12:33:29.220-0500] {external_task.py:258} INFO - Poking for tasks ['end_task'] in dag sensor_sleep on 2024-11-27T17:19:00+00:00 ... 
[2024-11-27T12:33:32.731-0500] {local_task_job_runner.py:318} WARNING - Recorded pid 33790 does not match the current pid 33695
[2024-11-27T12:33:32.732-0500] {local_task_job_runner.py:218} WARNING - Heartbeat failed with Exception: PID of job runner does not match
[2024-11-27T12:33:34.228-0500] {external_task.py:258} INFO - Poking for tasks ['end_task'] in dag sensor_sleep on 2024-11-27T17:19:00+00:00 ... 
[2024-11-27T12:33:37.790-0500] {local_task_job_runner.py:318} WARNING - Recorded pid 33790 does not match the current pid 33695
[2024-11-27T12:33:37.791-0500] {local_task_job_runner.py:218} WARNING - Heartbeat failed with Exception: PID of job runner does not match
[2024-11-27T12:33:39.231-0500] {external_task.py:258} INFO - Poking for tasks ['end_task'] in dag sensor_sleep on 2024-11-27T17:19:00+00:00 ... 
[2024-11-27T12:33:42.839-0500] {local_task_job_runner.py:318} WARNING - Recorded pid 33790 does not match the current pid 33695
[2024-11-27T12:33:42.839-0500] {local_task_job_runner.py:218} WARNING - Heartbeat failed with Exception: PID of job runner does not match
[2024-11-27T12:33:44.235-0500] {external_task.py:258} INFO - Poking for tasks ['end_task'] in dag sensor_sleep on 2024-11-27T17:19:00+00:00 ... 
[2024-11-27T12:33:47.895-0500] {local_task_job_runner.py:346} WARNING - State of this instance has been externally set to failed. Terminating instance.
[2024-11-27T12:33:47.895-0500] {local_task_job_runner.py:245} INFO - ::endgroup::
[2024-11-27T12:33:47.901-0500] {process_utils.py:132} INFO - Sending 15 to group 33695. PIDs of all processes in the group: [33695]
[2024-11-27T12:33:47.901-0500] {process_utils.py:87} INFO - Sending the signal 15 to group 33695
[2024-11-27T12:33:47.901-0500] {taskinstance.py:3093} ERROR - Received SIGTERM. Terminating subprocesses.
[2024-11-27T12:33:47.915-0500] {taskinstance.py:340} INFO - ::group::Post task execution logs
[2024-11-27T12:33:47.928-0500] {process_utils.py:80} INFO - Process psutil.Process(pid=33695, status='terminated', exitcode=0, started='12:28:13') (33695) terminated with exit code 0
